<?xml version="1.0" encoding="utf-8"?>
<log version="1.0" tool="runtool">

<msg id="1" tool="runtool">
  <type>log-start</type>
  <arg>2023/03/06 19:15:48</arg>
</msg>
<msg id="2" tool="runtool">
  <type>bandwidth-measurement-starts</type>
</msg>
<msg id="3" tool="runtool">
  <type>bandwidth-measurement-done</type>
</msg>
<msg id="4" tool="runtool">
  <type>collector-starts</type>
</msg>
<msg id="5" tool="runtool">
  <type>marker-file</type>
  <arg>/home/u183985/Compu_paralela_III/CPAR_GPUs/advi_results_2/e000/trc000/trc000.advixe</arg>
</msg>
<msg id="6" tool="trc">
  <type>PROCESS_START</type>
  <arg>/home/u183985/Compu_paralela_III/CPAR_GPUs/oneAPI-samples/DirectProgramming/C++SYCL/CombinationalLogic/mandelbrot/build/src/mandelbrot</arg>
  <arg>45075</arg>
  <severity>INFO</severity>
  <timestamp>Mon Mar  6 19:15:59 2023</timestamp>
</msg>
<msg id="7" tool="trc">
  <type>PROCESS_ANALYSIS_MODE</type>
  <arg>full</arg>
  <severity>INFO</severity>
  <timestamp>Mon Mar  6 19:15:59 2023</timestamp>
</msg>
<msg id="8" tool="trc">
  <type>LOAD_MODULE</type>
  <arg>/home/u183985/Compu_paralela_III/CPAR_GPUs/oneAPI-samples/DirectProgramming/C++SYCL/CombinationalLogic/mandelbrot/build/src/mandelbrot</arg>
  <arg>0x400000</arg>
  <arg>0x52252f</arg>
  <arg>yes</arg>
  <severity>INFO</severity>
  <timestamp>Mon Mar  6 19:15:59 2023</timestamp>
</msg>
<msg id="9" tool="trc">
  <type>LOAD_MODULE</type>
  <arg>/lib64/ld-linux-x86-64.so.2</arg>
  <arg>0x7f214d391000</arg>
  <arg>0x7f214d3c018f</arg>
  <arg>no</arg>
  <severity>INFO</severity>
  <timestamp>Mon Mar  6 19:15:59 2023</timestamp>
</msg>
<msg id="10" tool="trc">
  <type>LOAD_MODULE</type>
  <arg>[vdso]</arg>
  <arg>0x7fff4bb93000</arg>
  <arg>0x7fff4bb940eb</arg>
  <arg>no</arg>
  <severity>INFO</severity>
  <timestamp>Mon Mar  6 19:15:59 2023</timestamp>
</msg>
<msg id="11" tool="trc">
  <type>LOAD_MODULE</type>
  <arg>/glob/development-tools/versions/oneapi/2023.0.1/oneapi/compiler/2023.0.0/linux/lib/libOpenCL.so.1</arg>
  <arg>0x7f2136c84000</arg>
  <arg>0x7f2136c9287b</arg>
  <arg>yes</arg>
  <severity>INFO</severity>
  <timestamp>Mon Mar  6 19:15:59 2023</timestamp>
</msg>
<msg id="12" tool="trc">
  <type>LOAD_MODULE</type>
  <arg>/glob/development-tools/versions/oneapi/2023.0.1/oneapi/compiler/2023.0.0/linux/lib/libsycl.so.6</arg>
  <arg>0x7f2136929000</arg>
  <arg>0x7f2136c0da8f</arg>
  <arg>yes</arg>
  <severity>INFO</severity>
  <timestamp>Mon Mar  6 19:15:59 2023</timestamp>
</msg>
<msg id="13" tool="trc">
  <type>LOAD_MODULE</type>
  <arg>/lib/x86_64-linux-gnu/libstdc++.so.6</arg>
  <arg>0x7f213660b000</arg>
  <arg>0x7f21367ec7ff</arg>
  <arg>no</arg>
  <severity>INFO</severity>
  <timestamp>Mon Mar  6 19:15:59 2023</timestamp>
</msg>
<msg id="14" tool="trc">
  <type>LOAD_MODULE</type>
  <arg>/lib/x86_64-linux-gnu/libm.so.6</arg>
  <arg>0x7f213648b000</arg>
  <arg>0x7f21365d910f</arg>
  <arg>no</arg>
  <severity>INFO</severity>
  <timestamp>Mon Mar  6 19:15:59 2023</timestamp>
</msg>
<msg id="15" tool="trc">
  <type>LOAD_MODULE</type>
  <arg>/lib/x86_64-linux-gnu/libgcc_s.so.1</arg>
  <arg>0x7f2136470000</arg>
  <arg>0x7f213648a447</arg>
  <arg>no</arg>
  <severity>INFO</severity>
  <timestamp>Mon Mar  6 19:15:59 2023</timestamp>
</msg>
<msg id="16" tool="trc">
  <type>LOAD_MODULE</type>
  <arg>/lib/x86_64-linux-gnu/libdl.so.2</arg>
  <arg>0x7f2136603000</arg>
  <arg>0x7f213660810f</arg>
  <arg>no</arg>
  <severity>INFO</severity>
  <timestamp>Mon Mar  6 19:15:59 2023</timestamp>
</msg>
<msg id="17" tool="trc">
  <type>LOAD_MODULE</type>
  <arg>/lib/x86_64-linux-gnu/libc.so.6</arg>
  <arg>0x7f2136245000</arg>
  <arg>0x7f213643665f</arg>
  <arg>no</arg>
  <severity>INFO</severity>
  <timestamp>Mon Mar  6 19:15:59 2023</timestamp>
</msg>
<msg id="18" tool="trc">
  <type>LOAD_MODULE</type>
  <arg>/glob/development-tools/versions/oneapi/2023.0.1/oneapi/compiler/2023.0.0/linux/compiler/lib/intel64_lin/libsvml.so</arg>
  <arg>0x7f2134c39000</arg>
  <arg>0x7f2136244d87</arg>
  <arg>yes</arg>
  <severity>INFO</severity>
  <timestamp>Mon Mar  6 19:15:59 2023</timestamp>
</msg>
<msg id="19" tool="trc">
  <type>LOAD_MODULE</type>
  <arg>/glob/development-tools/versions/oneapi/2023.0.1/oneapi/compiler/2023.0.0/linux/compiler/lib/intel64_lin/libirng.so</arg>
  <arg>0x7f21348cf000</arg>
  <arg>0x7f2134c38d17</arg>
  <arg>yes</arg>
  <severity>INFO</severity>
  <timestamp>Mon Mar  6 19:15:59 2023</timestamp>
</msg>
<msg id="20" tool="trc">
  <type>LOAD_MODULE</type>
  <arg>/glob/development-tools/versions/oneapi/2023.0.1/oneapi/compiler/2023.0.0/linux/compiler/lib/intel64_lin/libimf.so</arg>
  <arg>0x7f21344ea000</arg>
  <arg>0x7f21348ce5df</arg>
  <arg>yes</arg>
  <severity>INFO</severity>
  <timestamp>Mon Mar  6 19:15:59 2023</timestamp>
</msg>
<msg id="21" tool="trc">
  <type>LOAD_MODULE</type>
  <arg>/glob/development-tools/versions/oneapi/2023.0.1/oneapi/compiler/2023.0.0/linux/compiler/lib/intel64_lin/libintlc.so.5</arg>
  <arg>0x7f2134477000</arg>
  <arg>0x7f21344e9e37</arg>
  <arg>yes</arg>
  <severity>INFO</severity>
  <timestamp>Mon Mar  6 19:15:59 2023</timestamp>
</msg>
<msg id="22" tool="trc">
  <type>LOAD_MODULE</type>
  <arg>/lib/x86_64-linux-gnu/libpthread.so.0</arg>
  <arg>0x7f2134454000</arg>
  <arg>0x7f2134476477</arg>
  <arg>yes</arg>
  <severity>INFO</severity>
  <timestamp>Mon Mar  6 19:15:59 2023</timestamp>
</msg>
<msg id="23" tool="trc">
  <type>LOAD_MODULE</type>
  <arg>/glob/development-tools/versions/oneapi/2023.0.1/oneapi/compiler/2023.0.0/linux/lib/libpi_opencl.so</arg>
  <arg>0x7f212e31d000</arg>
  <arg>0x7f212e36730f</arg>
  <arg>yes</arg>
  <severity>INFO</severity>
  <timestamp>Mon Mar  6 19:15:59 2023</timestamp>
</msg>
<msg id="24" tool="trc">
  <type>LOAD_MODULE</type>
  <arg>/glob/development-tools/versions/oneapi/2023.0.1/oneapi/compiler/2023.0.0/linux/lib/libpi_level_zero.so</arg>
  <arg>0x7f212defc000</arg>
  <arg>0x7f212e0214cf</arg>
  <arg>yes</arg>
  <severity>INFO</severity>
  <timestamp>Mon Mar  6 19:15:59 2023</timestamp>
</msg>
<msg id="25" tool="trc">
  <type>LOAD_MODULE</type>
  <arg>/lib/x86_64-linux-gnu/libze_loader.so.1</arg>
  <arg>0x7f212dd5e000</arg>
  <arg>0x7f212dda3307</arg>
  <arg>no</arg>
  <severity>INFO</severity>
  <timestamp>Mon Mar  6 19:15:59 2023</timestamp>
</msg>
<msg id="26" tool="trc">
  <type>LOAD_MODULE</type>
  <arg>/glob/development-tools/versions/oneapi/2023.0.1/oneapi/compiler/2023.0.0/linux/lib/x64/libintelocl_emu.so</arg>
  <arg>0x7f212c7a4000</arg>
  <arg>0x7f212cdf9c19</arg>
  <arg>yes</arg>
  <severity>INFO</severity>
  <timestamp>Mon Mar  6 19:16:00 2023</timestamp>
</msg>
<msg id="27" tool="trc">
  <type>LOAD_MODULE</type>
  <arg>/glob/development-tools/versions/oneapi/2023.0.1/oneapi/compiler/2023.0.0/linux/lib/x64/libtask_executor_emu.so.2022.15.12.0</arg>
  <arg>0x7f212c655000</arg>
  <arg>0x7f212c7a3a2f</arg>
  <arg>yes</arg>
  <severity>INFO</severity>
  <timestamp>Mon Mar  6 19:16:00 2023</timestamp>
</msg>
<msg id="28" tool="trc">
  <type>LOAD_MODULE</type>
  <arg>/glob/development-tools/versions/oneapi/2023.0.1/oneapi/compiler/2023.0.0/linux/lib/x64/libcl_logger_emu.so.2022.15.12.0</arg>
  <arg>0x7f212c529000</arg>
  <arg>0x7f212c65429f</arg>
  <arg>yes</arg>
  <severity>INFO</severity>
  <timestamp>Mon Mar  6 19:16:00 2023</timestamp>
</msg>
<msg id="29" tool="trc">
  <type>LOAD_MODULE</type>
  <arg>/lib/x86_64-linux-gnu/libz.so.1</arg>
  <arg>0x7f212c444000</arg>
  <arg>0x7f212c45f0b7</arg>
  <arg>no</arg>
  <severity>INFO</severity>
  <timestamp>Mon Mar  6 19:16:00 2023</timestamp>
</msg>
<msg id="30" tool="trc">
  <type>LOAD_MODULE</type>
  <arg>/lib/x86_64-linux-gnu/librt.so.1</arg>
  <arg>0x7f212c479000</arg>
  <arg>0x7f212c482bdf</arg>
  <arg>no</arg>
  <severity>INFO</severity>
  <timestamp>Mon Mar  6 19:16:00 2023</timestamp>
</msg>
<msg id="31" tool="trc">
  <type>LOAD_MODULE</type>
  <arg>/glob/development-tools/versions/oneapi/2023.0.1/oneapi/tbb/2021.8.0/env/../lib/intel64/gcc4.8/libtbb.so.12</arg>
  <arg>0x7f212c18a000</arg>
  <arg>0x7f212c4013bf</arg>
  <arg>yes</arg>
  <severity>INFO</severity>
  <timestamp>Mon Mar  6 19:16:00 2023</timestamp>
</msg>
<msg id="32" tool="trc">
  <type>LOAD_MODULE</type>
  <arg>/glob/development-tools/versions/oneapi/2023.0.1/oneapi/tbb/2021.8.0/env/../lib/intel64/gcc4.8/libtbbmalloc.so.2</arg>
  <arg>0x7f212bf2e000</arg>
  <arg>0x7f212c18917f</arg>
  <arg>yes</arg>
  <severity>INFO</severity>
  <timestamp>Mon Mar  6 19:16:00 2023</timestamp>
</msg>
<msg id="33" tool="trc">
  <type>LOAD_MODULE</type>
  <arg>/glob/development-tools/versions/oneapi/2023.0.1/oneapi/advisor/2023.0.0/lib64/runtime/libittnotify.so</arg>
  <arg>0x7f21283dd000</arg>
  <arg>0x7f21285e965f</arg>
  <arg>no</arg>
  <severity>INFO</severity>
  <timestamp>Mon Mar  6 19:16:00 2023</timestamp>
</msg>
<msg id="34" tool="trc">
  <type>LOAD_MODULE</type>
  <arg>/glob/development-tools/versions/oneapi/2023.0.1/oneapi/compiler/2023.0.0/linux/lib/x64/libcpu_device_emu.so.2022.15.12.0</arg>
  <arg>0x7f2127e89000</arg>
  <arg>0x7f2127ffac4f</arg>
  <arg>yes</arg>
  <severity>INFO</severity>
  <timestamp>Mon Mar  6 19:16:00 2023</timestamp>
</msg>
<msg id="35" tool="trc">
  <type>LOAD_MODULE</type>
  <arg>/glob/development-tools/versions/oneapi/2023.0.1/oneapi/compiler/2023.0.0/linux/lib/oclfpga/host/linux64/lib/libalteracl.so</arg>
  <arg>0x7f2122e76000</arg>
  <arg>0x7f21273dc06f</arg>
  <arg>yes</arg>
  <severity>INFO</severity>
  <timestamp>Mon Mar  6 19:16:00 2023</timestamp>
</msg>
<msg id="36" tool="trc">
  <type>LOAD_MODULE</type>
  <arg>/glob/development-tools/versions/oneapi/2023.0.1/oneapi/compiler/2023.0.0/linux/lib/oclfpga/host/linux64/lib/libelf.so.0</arg>
  <arg>0x7f2122c60000</arg>
  <arg>0x7f2122e75b0f</arg>
  <arg>yes</arg>
  <severity>INFO</severity>
  <timestamp>Mon Mar  6 19:16:00 2023</timestamp>
</msg>
<msg id="37" tool="trc">
  <type>UNLOAD_MODULE</type>
  <arg>/glob/development-tools/versions/oneapi/2023.0.1/oneapi/compiler/2023.0.0/linux/lib/oclfpga/host/linux64/lib/libalteracl.so</arg>
  <severity>INFO</severity>
  <timestamp>Mon Mar  6 19:16:01 2023</timestamp>
</msg>
<msg id="38" tool="trc">
  <type>UNLOAD_MODULE</type>
  <arg>/glob/development-tools/versions/oneapi/2023.0.1/oneapi/compiler/2023.0.0/linux/lib/oclfpga/host/linux64/lib/libelf.so.0</arg>
  <severity>INFO</severity>
  <timestamp>Mon Mar  6 19:16:01 2023</timestamp>
</msg>
<msg id="39" tool="trc">
  <type>LOAD_MODULE</type>
  <arg>/glob/development-tools/versions/oneapi/2023.0.1/oneapi/compiler/2023.0.0/linux/lib/x64/libintelocl.so</arg>
  <arg>0x7f2126d15000</arg>
  <arg>0x7f212736ac09</arg>
  <arg>yes</arg>
  <severity>INFO</severity>
  <timestamp>Mon Mar  6 19:16:01 2023</timestamp>
</msg>
<msg id="40" tool="trc">
  <type>LOAD_MODULE</type>
  <arg>/glob/development-tools/versions/oneapi/2023.0.1/oneapi/compiler/2023.0.0/linux/lib/x64/libtask_executor.so.2022.15.12.0</arg>
  <arg>0x7f2126bc6000</arg>
  <arg>0x7f2126d14a1f</arg>
  <arg>yes</arg>
  <severity>INFO</severity>
  <timestamp>Mon Mar  6 19:16:01 2023</timestamp>
</msg>
<msg id="41" tool="trc">
  <type>LOAD_MODULE</type>
  <arg>/glob/development-tools/versions/oneapi/2023.0.1/oneapi/compiler/2023.0.0/linux/lib/x64/libcl_logger.so.2022.15.12.0</arg>
  <arg>0x7f2126a9a000</arg>
  <arg>0x7f2126bc529f</arg>
  <arg>yes</arg>
  <severity>INFO</severity>
  <timestamp>Mon Mar  6 19:16:01 2023</timestamp>
</msg>
<msg id="42" tool="trc">
  <type>LOAD_MODULE</type>
  <arg>/glob/development-tools/versions/oneapi/2023.0.1/oneapi/compiler/2023.0.0/linux/lib/x64/libcpu_device.so.2022.15.12.0</arg>
  <arg>0x7f2125305000</arg>
  <arg>0x7f2125476c3f</arg>
  <arg>yes</arg>
  <severity>INFO</severity>
  <timestamp>Mon Mar  6 19:16:01 2023</timestamp>
</msg>
<msg id="43" tool="trc">
  <type>LOAD_MODULE</type>
  <arg>/usr/lib/x86_64-linux-gnu/intel-opencl/libigdrcl.so</arg>
  <arg>0x7f2123fac000</arg>
  <arg>0x7f2124a4a337</arg>
  <arg>no</arg>
  <severity>INFO</severity>
  <timestamp>Mon Mar  6 19:16:01 2023</timestamp>
</msg>
<msg id="44" tool="trc">
  <type>LOAD_MODULE</type>
  <arg>/lib/x86_64-linux-gnu/libigdgmm.so.12</arg>
  <arg>0x7f2123f0a000</arg>
  <arg>0x7f2123f9bce7</arg>
  <arg>no</arg>
  <severity>INFO</severity>
  <timestamp>Mon Mar  6 19:16:01 2023</timestamp>
</msg>
<msg id="45" tool="trc">
  <type>LOAD_MODULE</type>
  <arg>/lib/x86_64-linux-gnu/libigdfcl.so.1</arg>
  <arg>0x7f211dd29000</arg>
  <arg>0x7f211deccd9f</arg>
  <arg>no</arg>
  <severity>INFO</severity>
  <timestamp>Mon Mar  6 19:16:02 2023</timestamp>
</msg>
<msg id="46" tool="trc">
  <type>LOAD_MODULE</type>
  <arg>/lib/x86_64-linux-gnu/libopencl-clang.so.11</arg>
  <arg>0x7f21138de000</arg>
  <arg>0x7f2117fff967</arg>
  <arg>no</arg>
  <severity>INFO</severity>
  <timestamp>Mon Mar  6 19:16:02 2023</timestamp>
</msg>
<msg id="47" tool="trc">
  <type>LOAD_MODULE</type>
  <arg>/lib/x86_64-linux-gnu/libigc.so.1</arg>
  <arg>0x7f2105f87000</arg>
  <arg>0x7f210aaf52e7</arg>
  <arg>no</arg>
  <severity>INFO</severity>
  <timestamp>Mon Mar  6 19:16:03 2023</timestamp>
</msg>
<msg id="48" tool="trc">
  <type>LOAD_MODULE</type>
  <arg>/lib/x86_64-linux-gnu/libva.so.2</arg>
  <arg>0x7f2111827000</arg>
  <arg>0x7f21118539bf</arg>
  <arg>no</arg>
  <severity>INFO</severity>
  <timestamp>Mon Mar  6 19:16:04 2023</timestamp>
</msg>
<msg id="49" tool="trc">
  <type>UNLOAD_MODULE</type>
  <arg>/lib/x86_64-linux-gnu/libva.so.2</arg>
  <severity>INFO</severity>
  <timestamp>Mon Mar  6 19:16:04 2023</timestamp>
</msg>
<msg id="50" tool="trc">
  <type>LOAD_MODULE</type>
  <arg>/lib/x86_64-linux-gnu/libze_intel_gpu.so.1</arg>
  <arg>0x7f210fafa000</arg>
  <arg>0x7f21104f8bb7</arg>
  <arg>no</arg>
  <severity>INFO</severity>
  <timestamp>Mon Mar  6 19:16:04 2023</timestamp>
</msg>
<msg id="51" tool="trc">
  <type>UNLOAD_MODULE</type>
  <arg>/home/u183985/Compu_paralela_III/CPAR_GPUs/oneAPI-samples/DirectProgramming/C++SYCL/CombinationalLogic/mandelbrot/build/src/mandelbrot</arg>
  <severity>INFO</severity>
  <timestamp>Mon Mar  6 19:16:19 2023</timestamp>
</msg>
<msg id="52" tool="trc">
  <type>UNLOAD_MODULE</type>
  <arg>/lib64/ld-linux-x86-64.so.2</arg>
  <severity>INFO</severity>
  <timestamp>Mon Mar  6 19:16:19 2023</timestamp>
</msg>
<msg id="53" tool="trc">
  <type>UNLOAD_MODULE</type>
  <arg>[vdso]</arg>
  <severity>INFO</severity>
  <timestamp>Mon Mar  6 19:16:19 2023</timestamp>
</msg>
<msg id="54" tool="trc">
  <type>UNLOAD_MODULE</type>
  <arg>/glob/development-tools/versions/oneapi/2023.0.1/oneapi/compiler/2023.0.0/linux/lib/libOpenCL.so.1</arg>
  <severity>INFO</severity>
  <timestamp>Mon Mar  6 19:16:19 2023</timestamp>
</msg>
<msg id="55" tool="trc">
  <type>UNLOAD_MODULE</type>
  <arg>/glob/development-tools/versions/oneapi/2023.0.1/oneapi/compiler/2023.0.0/linux/lib/libsycl.so.6</arg>
  <severity>INFO</severity>
  <timestamp>Mon Mar  6 19:16:19 2023</timestamp>
</msg>
<msg id="56" tool="trc">
  <type>UNLOAD_MODULE</type>
  <arg>/lib/x86_64-linux-gnu/libstdc++.so.6</arg>
  <severity>INFO</severity>
  <timestamp>Mon Mar  6 19:16:19 2023</timestamp>
</msg>
<msg id="57" tool="trc">
  <type>UNLOAD_MODULE</type>
  <arg>/lib/x86_64-linux-gnu/libm.so.6</arg>
  <severity>INFO</severity>
  <timestamp>Mon Mar  6 19:16:19 2023</timestamp>
</msg>
<msg id="58" tool="trc">
  <type>UNLOAD_MODULE</type>
  <arg>/lib/x86_64-linux-gnu/libgcc_s.so.1</arg>
  <severity>INFO</severity>
  <timestamp>Mon Mar  6 19:16:19 2023</timestamp>
</msg>
<msg id="59" tool="trc">
  <type>UNLOAD_MODULE</type>
  <arg>/lib/x86_64-linux-gnu/libdl.so.2</arg>
  <severity>INFO</severity>
  <timestamp>Mon Mar  6 19:16:19 2023</timestamp>
</msg>
<msg id="60" tool="trc">
  <type>UNLOAD_MODULE</type>
  <arg>/lib/x86_64-linux-gnu/libc.so.6</arg>
  <severity>INFO</severity>
  <timestamp>Mon Mar  6 19:16:19 2023</timestamp>
</msg>
<msg id="61" tool="trc">
  <type>UNLOAD_MODULE</type>
  <arg>/glob/development-tools/versions/oneapi/2023.0.1/oneapi/compiler/2023.0.0/linux/compiler/lib/intel64_lin/libsvml.so</arg>
  <severity>INFO</severity>
  <timestamp>Mon Mar  6 19:16:19 2023</timestamp>
</msg>
<msg id="62" tool="trc">
  <type>UNLOAD_MODULE</type>
  <arg>/glob/development-tools/versions/oneapi/2023.0.1/oneapi/compiler/2023.0.0/linux/compiler/lib/intel64_lin/libirng.so</arg>
  <severity>INFO</severity>
  <timestamp>Mon Mar  6 19:16:19 2023</timestamp>
</msg>
<msg id="63" tool="trc">
  <type>UNLOAD_MODULE</type>
  <arg>/glob/development-tools/versions/oneapi/2023.0.1/oneapi/compiler/2023.0.0/linux/compiler/lib/intel64_lin/libimf.so</arg>
  <severity>INFO</severity>
  <timestamp>Mon Mar  6 19:16:19 2023</timestamp>
</msg>
<msg id="64" tool="trc">
  <type>UNLOAD_MODULE</type>
  <arg>/glob/development-tools/versions/oneapi/2023.0.1/oneapi/compiler/2023.0.0/linux/compiler/lib/intel64_lin/libintlc.so.5</arg>
  <severity>INFO</severity>
  <timestamp>Mon Mar  6 19:16:19 2023</timestamp>
</msg>
<msg id="65" tool="trc">
  <type>UNLOAD_MODULE</type>
  <arg>/lib/x86_64-linux-gnu/libpthread.so.0</arg>
  <severity>INFO</severity>
  <timestamp>Mon Mar  6 19:16:19 2023</timestamp>
</msg>
<msg id="66" tool="trc">
  <type>UNLOAD_MODULE</type>
  <arg>/glob/development-tools/versions/oneapi/2023.0.1/oneapi/compiler/2023.0.0/linux/lib/libpi_opencl.so</arg>
  <severity>INFO</severity>
  <timestamp>Mon Mar  6 19:16:19 2023</timestamp>
</msg>
<msg id="67" tool="trc">
  <type>UNLOAD_MODULE</type>
  <arg>/glob/development-tools/versions/oneapi/2023.0.1/oneapi/compiler/2023.0.0/linux/lib/libpi_level_zero.so</arg>
  <severity>INFO</severity>
  <timestamp>Mon Mar  6 19:16:19 2023</timestamp>
</msg>
<msg id="68" tool="trc">
  <type>UNLOAD_MODULE</type>
  <arg>/lib/x86_64-linux-gnu/libze_loader.so.1</arg>
  <severity>INFO</severity>
  <timestamp>Mon Mar  6 19:16:19 2023</timestamp>
</msg>
<msg id="69" tool="trc">
  <type>UNLOAD_MODULE</type>
  <arg>/glob/development-tools/versions/oneapi/2023.0.1/oneapi/compiler/2023.0.0/linux/lib/x64/libintelocl_emu.so</arg>
  <severity>INFO</severity>
  <timestamp>Mon Mar  6 19:16:19 2023</timestamp>
</msg>
<msg id="70" tool="trc">
  <type>UNLOAD_MODULE</type>
  <arg>/glob/development-tools/versions/oneapi/2023.0.1/oneapi/compiler/2023.0.0/linux/lib/x64/libtask_executor_emu.so.2022.15.12.0</arg>
  <severity>INFO</severity>
  <timestamp>Mon Mar  6 19:16:19 2023</timestamp>
</msg>
<msg id="71" tool="trc">
  <type>UNLOAD_MODULE</type>
  <arg>/glob/development-tools/versions/oneapi/2023.0.1/oneapi/compiler/2023.0.0/linux/lib/x64/libcl_logger_emu.so.2022.15.12.0</arg>
  <severity>INFO</severity>
  <timestamp>Mon Mar  6 19:16:19 2023</timestamp>
</msg>
<msg id="72" tool="trc">
  <type>UNLOAD_MODULE</type>
  <arg>/lib/x86_64-linux-gnu/libz.so.1</arg>
  <severity>INFO</severity>
  <timestamp>Mon Mar  6 19:16:19 2023</timestamp>
</msg>
<msg id="73" tool="trc">
  <type>UNLOAD_MODULE</type>
  <arg>/lib/x86_64-linux-gnu/librt.so.1</arg>
  <severity>INFO</severity>
  <timestamp>Mon Mar  6 19:16:19 2023</timestamp>
</msg>
<msg id="74" tool="trc">
  <type>UNLOAD_MODULE</type>
  <arg>/glob/development-tools/versions/oneapi/2023.0.1/oneapi/tbb/2021.8.0/env/../lib/intel64/gcc4.8/libtbb.so.12</arg>
  <severity>INFO</severity>
  <timestamp>Mon Mar  6 19:16:19 2023</timestamp>
</msg>
<msg id="75" tool="trc">
  <type>UNLOAD_MODULE</type>
  <arg>/glob/development-tools/versions/oneapi/2023.0.1/oneapi/tbb/2021.8.0/env/../lib/intel64/gcc4.8/libtbbmalloc.so.2</arg>
  <severity>INFO</severity>
  <timestamp>Mon Mar  6 19:16:19 2023</timestamp>
</msg>
<msg id="76" tool="trc">
  <type>UNLOAD_MODULE</type>
  <arg>/glob/development-tools/versions/oneapi/2023.0.1/oneapi/advisor/2023.0.0/lib64/runtime/libittnotify.so</arg>
  <severity>INFO</severity>
  <timestamp>Mon Mar  6 19:16:19 2023</timestamp>
</msg>
<msg id="77" tool="trc">
  <type>UNLOAD_MODULE</type>
  <arg>/glob/development-tools/versions/oneapi/2023.0.1/oneapi/compiler/2023.0.0/linux/lib/x64/libcpu_device_emu.so.2022.15.12.0</arg>
  <severity>INFO</severity>
  <timestamp>Mon Mar  6 19:16:19 2023</timestamp>
</msg>
<msg id="78" tool="trc">
  <type>UNLOAD_MODULE</type>
  <arg>/glob/development-tools/versions/oneapi/2023.0.1/oneapi/compiler/2023.0.0/linux/lib/x64/libintelocl.so</arg>
  <severity>INFO</severity>
  <timestamp>Mon Mar  6 19:16:19 2023</timestamp>
</msg>
<msg id="79" tool="trc">
  <type>UNLOAD_MODULE</type>
  <arg>/glob/development-tools/versions/oneapi/2023.0.1/oneapi/compiler/2023.0.0/linux/lib/x64/libtask_executor.so.2022.15.12.0</arg>
  <severity>INFO</severity>
  <timestamp>Mon Mar  6 19:16:19 2023</timestamp>
</msg>
<msg id="80" tool="trc">
  <type>UNLOAD_MODULE</type>
  <arg>/glob/development-tools/versions/oneapi/2023.0.1/oneapi/compiler/2023.0.0/linux/lib/x64/libcl_logger.so.2022.15.12.0</arg>
  <severity>INFO</severity>
  <timestamp>Mon Mar  6 19:16:19 2023</timestamp>
</msg>
<msg id="81" tool="trc">
  <type>UNLOAD_MODULE</type>
  <arg>/glob/development-tools/versions/oneapi/2023.0.1/oneapi/compiler/2023.0.0/linux/lib/x64/libcpu_device.so.2022.15.12.0</arg>
  <severity>INFO</severity>
  <timestamp>Mon Mar  6 19:16:19 2023</timestamp>
</msg>
<msg id="82" tool="trc">
  <type>UNLOAD_MODULE</type>
  <arg>/usr/lib/x86_64-linux-gnu/intel-opencl/libigdrcl.so</arg>
  <severity>INFO</severity>
  <timestamp>Mon Mar  6 19:16:19 2023</timestamp>
</msg>
<msg id="83" tool="trc">
  <type>UNLOAD_MODULE</type>
  <arg>/lib/x86_64-linux-gnu/libigdgmm.so.12</arg>
  <severity>INFO</severity>
  <timestamp>Mon Mar  6 19:16:19 2023</timestamp>
</msg>
<msg id="84" tool="trc">
  <type>UNLOAD_MODULE</type>
  <arg>/lib/x86_64-linux-gnu/libigdfcl.so.1</arg>
  <severity>INFO</severity>
  <timestamp>Mon Mar  6 19:16:19 2023</timestamp>
</msg>
<msg id="85" tool="trc">
  <type>UNLOAD_MODULE</type>
  <arg>/lib/x86_64-linux-gnu/libopencl-clang.so.11</arg>
  <severity>INFO</severity>
  <timestamp>Mon Mar  6 19:16:19 2023</timestamp>
</msg>
<msg id="86" tool="trc">
  <type>UNLOAD_MODULE</type>
  <arg>/lib/x86_64-linux-gnu/libigc.so.1</arg>
  <severity>INFO</severity>
  <timestamp>Mon Mar  6 19:16:19 2023</timestamp>
</msg>
<msg id="87" tool="trc">
  <type>UNLOAD_MODULE</type>
  <arg>/lib/x86_64-linux-gnu/libze_intel_gpu.so.1</arg>
  <severity>INFO</severity>
  <timestamp>Mon Mar  6 19:16:19 2023</timestamp>
</msg>
<msg id="88" tool="trc">
  <type>PROCESS_FINISH</type>
  <arg>/home/u183985/Compu_paralela_III/CPAR_GPUs/oneAPI-samples/DirectProgramming/C++SYCL/CombinationalLogic/mandelbrot/build/src/mandelbrot</arg>
  <arg>45075</arg>
  <arg>0x0</arg>
  <severity>INFO</severity>
  <timestamp>Mon Mar  6 19:16:19 2023</timestamp>
</msg>
<msg id="89" tool="runtool">
  <type>app-exit-code</type>
  <arg>0</arg>
</msg>
<msg id="90" tool="runtool">
  <type>marker-file</type>
  <arg>/home/u183985/Compu_paralela_III/CPAR_GPUs/advi_results_2/e000/trc000/trc000.advixe</arg>
</msg>
<msg id="91" tool="runtool">
  <type>collector-done</type>
</msg>
<msg id="92" tool="runtool">
  <type>log-end</type>
  <arg>2023/03/06 19:16:22</arg>
</msg>

</log>

