10 [140618633167808] INFO perfrun.launcher <> - Launcher main begin
18 [140618633167808] INFO perfrun.launcher <> - MessageCatalogInit finished
18 [140618633167808] INFO perfrun.launcher <> - Launcher instance created
18 [140618633167808] INFO perfrun.launcher <> - argc = 7; cmdline = /glob/development-tools/versions/oneapi/2023.0.1/oneapi/advisor/2023.0.0/bin64/advixe-runss --ui-output-format xml --ui-output-fd 6 --option-file /home/u183985/Compu_paralela_III/CPAR_GPUs/advi_results/e000/hs000/config/runss.options 
142 [140618633167808] INFO perfrun.launcher <> - create msngr2::ICliToolContext
142 [140618633167808] INFO perfrun.launcher <> - create file finder object
142 [140618633167808] INFO perfrun.launcher <> - create a result directory: pattern = /home/u183985/Compu_paralela_III/CPAR_GPUs/advi_results/e000/hs000 pid = 4294967295
148 [140618633167808] INFO perfrun.sdk <> - checked that the directory /home/u183985/Compu_paralela_III/CPAR_GPUs/advi_results/e000/hs000 is a local directory
149 [140618633167808] INFO perfrun.sdk <> - the directory /home/u183985/Compu_paralela_III/CPAR_GPUs/advi_results/e000/hs000 is located on a share or its FS ID is unknown 26985
149 [140618633167808] INFO perfrun.sdk <> - checked that the directory /home/u183985/tmp/advixe-tmp-u183985 is a local directory
149 [140618633167808] INFO perfrun.sdk <> - the directory /home/u183985/tmp/advixe-tmp-u183985 is located on a share or its FS ID is unknown 26985
180 [140618633167808] INFO perfrun.launcher <> - create data directory = /home/u183985/Compu_paralela_III/CPAR_GPUs/advi_results/e000/hs000/data.0
186 [140618633167808] INFO perfrun.launcher <> - Creating the master collection flag
193 [140618633167808] INFO perfrun.launcher <> - Done creating the master collection flag
213 [140618619819776] INFO perfrun.launcher <> - plugin [remoteplug] was disabled because it doesn't support the given collection type.
213 [140618619819776] INFO perfrun.sdk <> - Allocating TMU :/home/u183985/Compu_paralela_III/CPAR_GPUs/advi_results/e000/hs000/data.0/systemcollector-225192-s019-n021.sc
218 [140618619819776] INFO perfrun.launcher <> - plugin [] was disabled because it doesn't support the given collection type.
218 [140618619819776] INFO perfrun.launcher <> - plugin [gpu] was disabled because it doesn't support the given collection type.
218 [140618619819776] INFO perfrun.launcher <> - plugin [] was disabled because it doesn't support the given collection type.
218 [140618619819776] INFO perfrun.launcher <> - plugin [] was disabled because it doesn't support the given collection type.
218 [140618619819776] INFO perfrun.launcher <> - plugin [] was disabled because it doesn't support the given collection type.
218 [140618619819776] INFO perfrun.mrte <> - system-wide mode is 0
218 [140618619819776] INFO perfrun.mrte <> - Getting  mrte profiling environment ...
409 [140618619819776] INFO perfrun.mrte <> - INTEL_MRTE_DATA_DIR=/home/u183985/Compu_paralela_III/CPAR_GPUs/advi_results/e000/hs000/data.0
409 [140618619819776] INFO perfrun.mrte <> - INTEL_MRTE_HOST_NAME=s019-n021
409 [140618619819776] INFO perfrun.mrte <> - JAVA_TOOL_OPTIONS=-agentlib:advixe_tpssmrte_javaprof_1.0 -Dsun.boot.library.path=/glob/development-tools/versions/oneapi/2023.0.1/oneapi/advisor/2023.0.0/lib32/runtime:/glob/development-tools/versions/oneapi/2023.0.1/oneapi/advisor/2023.0.0/lib64/runtime
409 [140618619819776] INFO perfrun.mrte <> - LD_LIBRARY_PATH=/glob/development-tools/versions/oneapi/2023.0.1/oneapi/advisor/2023.0.0/lib32/runtime:/glob/development-tools/versions/oneapi/2023.0.1/oneapi/advisor/2023.0.0/lib64/runtime:/glob/development-tools/versions/oneapi/2023.0.1/oneapi/vpl/2023.0.0/lib:/glob/development-tools/versions/oneapi/2023.0.1/oneapi/tbb/2021.8.0/env/../lib/intel64/gcc4.8:/glob/development-tools/versions/oneapi/2023.0.1/oneapi/rkcommon/1.10.0/lib:/glob/development-tools/versions/oneapi/2023.0.1/oneapi/ospray_studio/0.11.1/lib:/glob/development-tools/versions/oneapi/2023.0.1/oneapi/ospray/2.10.0/lib:/glob/development-tools/versions/oneapi/2023.0.1/oneapi/openvkl/1.3.1/lib:/glob/development-tools/versions/oneapi/2023.0.1/oneapi/oidn/1.4.3/lib:/glob/development-tools/versions/oneapi/2023.0.1/oneapi/mpi/2021.8.0//libfabric/lib:/glob/development-tools/versions/oneapi/2023.0.1/oneapi/mpi/2021.8.0//lib/release:/glob/development-tools/versions/oneapi/2023.0.1/oneapi/mpi/2021.8.0//lib:/glob/development-tools/versions/oneapi/2023.0.1/oneapi/mkl/2023.0.0/lib/intel64:/glob/development-tools/versions/oneapi/2023.0.1/oneapi/itac/2021.8.0/slib:/glob/development-tools/versions/oneapi/2023.0.1/oneapi/ispc/1.18.1/lib/lib64:/glob/development-tools/versions/oneapi/2023.0.1/oneapi/ipp/2021.7.0/lib/intel64:/glob/development-tools/versions/oneapi/2023.0.1/oneapi/ippcp/2021.6.3/lib/intel64:/glob/development-tools/versions/oneapi/2023.0.1/oneapi/ipp/2021.7.0/lib/intel64:/glob/development-tools/versions/oneapi/2023.0.1/oneapi/embree/3.13.5/lib:/glob/development-tools/versions/oneapi/2023.0.1/oneapi/dnnl/2023.0.0/cpu_dpcpp_gpu_dpcpp/lib:/glob/development-tools/versions/oneapi/2023.0.1/oneapi/debugger/2023.0.0/gdb/intel64/lib:/glob/development-tools/versions/oneapi/2023.0.1/oneapi/debugger/2023.0.0/libipt/intel64/lib:/glob/development-tools/versions/oneapi/2023.0.1/oneapi/debugger/2023.0.0/dep/lib:/glob/development-tools/versions/oneapi/2023.0.1/oneapi/dal/2023.0.0/lib/intel64:/glob/development-tools/versions/oneapi/2023.0.1/oneapi/compiler/2023.0.0/linux/lib:/glob/development-tools/versions/oneapi/2023.0.1/oneapi/compiler/2023.0.0/linux/lib/x64:/glob/development-tools/versions/oneapi/2023.0.1/oneapi/compiler/2023.0.0/linux/lib/oclfpga/host/linux64/lib:/glob/development-tools/versions/oneapi/2023.0.1/oneapi/compiler/2023.0.0/linux/compiler/lib/intel64_lin:/glob/development-tools/versions/oneapi/2023.0.1/oneapi/ccl/2021.8.0/lib/cpu_gpu_dpcpp
409 [140618619819776] INFO perfrun.mrte <> - Data directory: /home/u183985/Compu_paralela_III/CPAR_GPUs/advi_results/e000/hs000/data.0
409 [140618619819776] INFO perfrun.mrte <> - Mrte plugin is initialized
409 [140618619819776] INFO perfrun.launcher <> - plugin [] was disabled because it doesn't support the given collection type.
409 [140618619819776] INFO perfrun.launcher <> - plugin [] was disabled because it doesn't support the given collection type.
409 [140618619819776] INFO perfrun.launcher <> - plugin [] was disabled because it doesn't support the given collection type.
409 [140618619819776] INFO perfrun.launcher <> - plugin [] was disabled because it doesn't support the given collection type.
409 [140618619819776] INFO perfrun.launcher <> - plugin [] was disabled because it doesn't support the given collection type.
409 [140618619819776] INFO perfrun.launcher <> - plugin [] was disabled because it doesn't support the given collection type.
409 [140618619819776] INFO perfrun.launcher <> - plugin [] was disabled because it doesn't support the given collection type.
409 [140618619819776] INFO perfrun.tpss <> - initialize tpss controller
409 [140618619819776] INFO perfrun.tpss <> - configure collection mode: value = cpu:stack
409 [140618619819776] INFO perfrun.tpss <> - default obj-size-min=1024
409 [140618619819776] INFO perfrun.tpss <> - default hash-table-size=0
409 [140618619819776] INFO perfrun.launcher <> - plugin [] was disabled because it doesn't support the given collection type.
409 [140618619819776] INFO perfrun.launcher <> - plugin [] was disabled because it doesn't support the given collection type.
409 [140618619819776] INFO perfrun.launcher <> - plugin [] was disabled because it doesn't support the given collection type.
409 [140618619819776] INFO perfrun.launcher <> - plugin [] was disabled because it doesn't support the given collection type.
409 [140618619819776] INFO perfrun.launcher <> - plugin [] was disabled because it doesn't support the given collection type.
409 [140618619819776] INFO perfrun.launcher <> - plugin [] was disabled because it doesn't support the given collection type.
409 [140618619819776] INFO perfrun.launcher <> - plugin [] was disabled because it doesn't support the given collection type.
409 [140618619819776] INFO perfrun.launcher <> - plugin [] was disabled because it doesn't support the given collection type.
409 [140618619819776] INFO perfrun.launcher <> - plugin [] was disabled because it doesn't support the given collection type.
410 [140618633167808] INFO perfrun.launcher <> - set environment variable: LD_LIBRARY_PATH = /glob/development-tools/versions/oneapi/2023.0.1/oneapi/advisor/2023.0.0/lib32/runtime:/glob/development-tools/versions/oneapi/2023.0.1/oneapi/advisor/2023.0.0/lib64/runtime:/glob/development-tools/versions/oneapi/2023.0.1/oneapi/vpl/2023.0.0/lib:/glob/development-tools/versions/oneapi/2023.0.1/oneapi/tbb/2021.8.0/env/../lib/intel64/gcc4.8:/glob/development-tools/versions/oneapi/2023.0.1/oneapi/rkcommon/1.10.0/lib:/glob/development-tools/versions/oneapi/2023.0.1/oneapi/ospray_studio/0.11.1/lib:/glob/development-tools/versions/oneapi/2023.0.1/oneapi/ospray/2.10.0/lib:/glob/development-tools/versions/oneapi/2023.0.1/oneapi/openvkl/1.3.1/lib:/glob/development-tools/versions/oneapi/2023.0.1/oneapi/oidn/1.4.3/lib:/glob/development-tools/versions/oneapi/2023.0.1/oneapi/mpi/2021.8.0//libfabric/lib:/glob/development-tools/versions/oneapi/2023.0.1/oneapi/mpi/2021.8.0//lib/release:/glob/development-tools/versions/oneapi/2023.0.1/oneapi/mpi/2021.8.0//lib:/glob/development-tools/versions/oneapi/2023.0.1/oneapi/mkl/2023.0.0/lib/intel64:/glob/development-tools/versions/oneapi/2023.0.1/oneapi/itac/2021.8.0/slib:/glob/development-tools/versions/oneapi/2023.0.1/oneapi/ispc/1.18.1/lib/lib64:/glob/development-tools/versions/oneapi/2023.0.1/oneapi/ipp/2021.7.0/lib/intel64:/glob/development-tools/versions/oneapi/2023.0.1/oneapi/ippcp/2021.6.3/lib/intel64:/glob/development-tools/versions/oneapi/2023.0.1/oneapi/ipp/2021.7.0/lib/intel64:/glob/development-tools/versions/oneapi/2023.0.1/oneapi/embree/3.13.5/lib:/glob/development-tools/versions/oneapi/2023.0.1/oneapi/dnnl/2023.0.0/cpu_dpcpp_gpu_dpcpp/lib:/glob/development-tools/versions/oneapi/2023.0.1/oneapi/debugger/2023.0.0/gdb/intel64/lib:/glob/development-tools/versions/oneapi/2023.0.1/oneapi/debugger/2023.0.0/libipt/intel64/lib:/glob/development-tools/versions/oneapi/2023.0.1/oneapi/debugger/2023.0.0/dep/lib:/glob/development-tools/versions/oneapi/2023.0.1/oneapi/dal/2023.0.0/lib/intel64:/glob/development-tools/versions/oneapi/2023.0.1/oneapi/compiler/2023.0.0/linux/lib:/glob/development-tools/versions/oneapi/2023.0.1/oneapi/compiler/2023.0.0/linux/lib/x64:/glob/development-tools/versions/oneapi/2023.0.1/oneapi/compiler/2023.0.0/linux/lib/oclfpga/host/linux64/lib:/glob/development-tools/versions/oneapi/2023.0.1/oneapi/compiler/2023.0.0/linux/compiler/lib/intel64_lin:/glob/development-tools/versions/oneapi/2023.0.1/oneapi/ccl/2021.8.0/lib/cpu_gpu_dpcpp
410 [140618633167808] INFO perfrun.launcher <> - set environment variable: INTEL_LIBITTNOTIFY32 = /glob/development-tools/versions/oneapi/2023.0.1/oneapi/advisor/2023.0.0/lib32/runtime/libittnotify_collector.so
410 [140618633167808] INFO perfrun.launcher <> - set environment variable: INTEL_LIBITTNOTIFY64 = /glob/development-tools/versions/oneapi/2023.0.1/oneapi/advisor/2023.0.0/lib64/runtime/libittnotify_collector.so
410 [140618633167808] INFO perfrun.launcher <> - set environment variable: INTEL_ITTNOTIFY_GROUPS = 
410 [140618633167808] INFO perfrun.launcher <> - set environment variable: INTEL_JIT_PROFILER32 = /glob/development-tools/versions/oneapi/2023.0.1/oneapi/advisor/2023.0.0/lib32/runtime/libittnotify_collector.so
410 [140618633167808] INFO perfrun.launcher <> - set environment variable: INTEL_JIT_PROFILER64 = /glob/development-tools/versions/oneapi/2023.0.1/oneapi/advisor/2023.0.0/lib64/runtime/libittnotify_collector.so
410 [140618633167808] INFO perfrun.launcher <> - set environment variable: OMP_TOOL_LIBRARIES = /glob/development-tools/versions/oneapi/2023.0.1/oneapi/advisor/2023.0.0/lib32/runtime/libittnotify_collector.so:/glob/development-tools/versions/oneapi/2023.0.1/oneapi/advisor/2023.0.0/lib64/runtime/libittnotify_collector.so
410 [140618633167808] INFO perfrun.launcher <> - set environment variable: ENABLE_JITPROFILING = 1
410 [140618633167808] INFO perfrun.launcher <> - set environment variable: CL_CONFIG_USE_VTUNE = True
410 [140618633167808] INFO perfrun.launcher <> - set environment variable: KMP_FORKJOIN_FRAMES = 0
410 [140618633167808] INFO perfrun.launcher <> - set environment variable: KMP_FORKJOIN_FRAMES_MODE = 0
410 [140618633167808] INFO perfrun.launcher <> - set environment variable: OMP_TOOL = disabled
410 [140618633167808] INFO perfrun.launcher <> - set environment variable: INTEL_MRTE_DATA_DIR = /home/u183985/Compu_paralela_III/CPAR_GPUs/advi_results/e000/hs000/data.0
410 [140618633167808] INFO perfrun.launcher <> - set environment variable: INTEL_MRTE_HOST_NAME = s019-n021
410 [140618633167808] INFO perfrun.launcher <> - set environment variable: JAVA_TOOL_OPTIONS = -agentlib:advixe_tpssmrte_javaprof_1.0 -Dsun.boot.library.path=/glob/development-tools/versions/oneapi/2023.0.1/oneapi/advisor/2023.0.0/lib32/runtime:/glob/development-tools/versions/oneapi/2023.0.1/oneapi/advisor/2023.0.0/lib64/runtime
410 [140618633167808] INFO perfrun.launcher <> - set environment variable: LD_LIBRARY_PATH = /glob/development-tools/versions/oneapi/2023.0.1/oneapi/advisor/2023.0.0/lib32/runtime:/glob/development-tools/versions/oneapi/2023.0.1/oneapi/advisor/2023.0.0/lib64/runtime:/glob/development-tools/versions/oneapi/2023.0.1/oneapi/vpl/2023.0.0/lib:/glob/development-tools/versions/oneapi/2023.0.1/oneapi/tbb/2021.8.0/env/../lib/intel64/gcc4.8:/glob/development-tools/versions/oneapi/2023.0.1/oneapi/rkcommon/1.10.0/lib:/glob/development-tools/versions/oneapi/2023.0.1/oneapi/ospray_studio/0.11.1/lib:/glob/development-tools/versions/oneapi/2023.0.1/oneapi/ospray/2.10.0/lib:/glob/development-tools/versions/oneapi/2023.0.1/oneapi/openvkl/1.3.1/lib:/glob/development-tools/versions/oneapi/2023.0.1/oneapi/oidn/1.4.3/lib:/glob/development-tools/versions/oneapi/2023.0.1/oneapi/mpi/2021.8.0//libfabric/lib:/glob/development-tools/versions/oneapi/2023.0.1/oneapi/mpi/2021.8.0//lib/release:/glob/development-tools/versions/oneapi/2023.0.1/oneapi/mpi/2021.8.0//lib:/glob/development-tools/versions/oneapi/2023.0.1/oneapi/mkl/2023.0.0/lib/intel64:/glob/development-tools/versions/oneapi/2023.0.1/oneapi/itac/2021.8.0/slib:/glob/development-tools/versions/oneapi/2023.0.1/oneapi/ispc/1.18.1/lib/lib64:/glob/development-tools/versions/oneapi/2023.0.1/oneapi/ipp/2021.7.0/lib/intel64:/glob/development-tools/versions/oneapi/2023.0.1/oneapi/ippcp/2021.6.3/lib/intel64:/glob/development-tools/versions/oneapi/2023.0.1/oneapi/ipp/2021.7.0/lib/intel64:/glob/development-tools/versions/oneapi/2023.0.1/oneapi/embree/3.13.5/lib:/glob/development-tools/versions/oneapi/2023.0.1/oneapi/dnnl/2023.0.0/cpu_dpcpp_gpu_dpcpp/lib:/glob/development-tools/versions/oneapi/2023.0.1/oneapi/debugger/2023.0.0/gdb/intel64/lib:/glob/development-tools/versions/oneapi/2023.0.1/oneapi/debugger/2023.0.0/libipt/intel64/lib:/glob/development-tools/versions/oneapi/2023.0.1/oneapi/debugger/2023.0.0/dep/lib:/glob/development-tools/versions/oneapi/2023.0.1/oneapi/dal/2023.0.0/lib/intel64:/glob/development-tools/versions/oneapi/2023.0.1/oneapi/compiler/2023.0.0/linux/lib:/glob/development-tools/versions/oneapi/2023.0.1/oneapi/compiler/2023.0.0/linux/lib/x64:/glob/development-tools/versions/oneapi/2023.0.1/oneapi/compiler/2023.0.0/linux/lib/oclfpga/host/linux64/lib:/glob/development-tools/versions/oneapi/2023.0.1/oneapi/compiler/2023.0.0/linux/compiler/lib/intel64_lin:/glob/development-tools/versions/oneapi/2023.0.1/oneapi/ccl/2021.8.0/lib/cpu_gpu_dpcpp
410 [140618633167808] INFO perfrun.launcher <> - RpcServer: run RPC server to handle requests
413 [140618633167808] INFO perfrun.launcher <> - Launcher: command line to start before modification = /home/u183985/Compu_paralela_III/CPAR_GPUs/oneAPI-samples/DirectProgramming/C++SYCL/CombinationalLogic/mandelbrot/build/src/mandelbrot
416 [140618633167808] INFO perfrun.launcher <> - Launcher: command line to start after modification = /glob/development-tools/versions/oneapi/2023.0.1/oneapi/advisor/2023.0.0/bin64/pin -error_file /home/u183985/Compu_paralela_III/CPAR_GPUs/advi_results/e000/hs000/data.0/pinerr.tpsslog -detach_reattach -follow_execv -tool_load_option deepbind -t64 /glob/development-tools/versions/oneapi/2023.0.1/oneapi/advisor/2023.0.0/lib64/libtpsstool.so -t /glob/development-tools/versions/oneapi/2023.0.1/oneapi/advisor/2023.0.0/lib32/libtpsstool.so -server_name tpss_ipc.225192 -prd_dir /glob/development-tools/versions/oneapi/2023.0.1/oneapi/advisor/2023.0.0 -- /home/u183985/Compu_paralela_III/CPAR_GPUs/oneAPI-samples/DirectProgramming/C++SYCL/CombinationalLogic/mandelbrot/build/src/mandelbrot
416 [140618633167808] INFO perfrun.launcher <> - ProcessCreator object was created
417 [140618633167808] INFO perfrun.launcher <> - Launcher: the process was started in suspend mode
437 [140618619819776] WARN perfrun.system <> - Could not do anything with /sys/kernel/debug/kvm: boost::filesystem::status: Permission denied: "/sys/kernel/debug/kvm", at file: vcs/perfrun1/plugins/system/src/trace_writer.cpp:787
437 [140618619819776] WARN perfrun.system <> - Folder "/var/run/libvirt/qemu/"doesn't exist, at file: vcs/perfrun1/plugins/system/src/trace_writer.cpp:800
439 [140618619819776] WARN perfrun.sdk <> - Failed to find xl binary on any of the system paths: /bin, /sbin, /usr/bin, /usr/sbin., at file: vcs/perfrun1/sdk/src/utils.cpp:204
461 [140618619819776] INFO perfrun.vdso <> - Helper runtool '/glob/development-tools/versions/oneapi/2023.0.1/oneapi/advisor/2023.0.0/bin32/advixe-runss -dump-vdso -r /home/u183985/Compu_paralela_III/CPAR_GPUs/advi_results/e000/hs000 --tmp-dir /home/u183985/tmp/advixe-tmp-u183985' returned 1
797 [140618619819776] INFO perfrun.vdso <> - Helper runtool '/glob/development-tools/versions/oneapi/2023.0.1/oneapi/advisor/2023.0.0/bin64/advixe-runss -dump-vdso -r /home/u183985/Compu_paralela_III/CPAR_GPUs/advi_results/e000/hs000 --tmp-dir /home/u183985/tmp/advixe-tmp-u183985' returned 0
797 [140618619819776] INFO perfrun.itt <> - start itt controller for pid #225197
797 [140618619819776] INFO perfrun.tpss <> - start tpss controller for pid #225197
850 [140618633167808] INFO perfrun.launcher <> - Launcher: all plugins were started
850 [140618633167808] INFO perfrun.launcher <> - DirectoryMonitor object was created
850 [140618633167808] INFO perfrun.launcher <> - DirectoryMonitor: a callback was added
850 [140618633167808] INFO perfrun.launcher <> - DirectoryMonitor was started with pingTime = 1000
850 [140618633167808] INFO perfrun.launcher <> - DeadlineTimer is going to be constructed
850 [140618633167808] INFO perfrun.launcher <> - DeadlineTimer: a callback was added
861 [140618633167808] INFO perfrun.launcher <> - Launcher: resume the profiled application and  wait its termination or stop command
2454 [140618633167808] INFO perfrun.launcher <> - Launcher: the profiled application was terminated  with exit code = 0
2476 [140618619819776] INFO perfrun.itt <> - detach itt controller
2476 [140618619819776] INFO perfrun.itt <> - detach itt controller done
2476 [140618619819776] INFO perfrun.tpss <> - stop tpss controller
2481 [140618619819776] INFO perfrun.sdk <> - De-allocating TMU: /home/u183985/Compu_paralela_III/CPAR_GPUs/advi_results/e000/hs000/data.0/systemcollector-225192-s019-n021.sc
2481 [140618619819776] INFO perfrun.system <> - closed the system trace file: /home/u183985/Compu_paralela_III/CPAR_GPUs/advi_results/e000/hs000/data.0/systemcollector-225192-s019-n021.sc
2481 [140618633167808] INFO perfrun.launcher <> - Launcher: all plugins were stopped.
2481 [140618633167808] INFO perfrun.launcher <> - DeadlineTimer is going to be destroyed
2481 [140618633167808] INFO perfrun.launcher <> - DeadlineTimer was destroyed
2481 [140618633167808] INFO perfrun.launcher <> - DirectoryMonitor object was destroyed
2481 [140618633167808] WARN perfrun.launcher <> - Stop command is ignored because it is received when collection is already stopped, at file: vcs/perfrun1/launcher/src/command_handler.cpp:226
2489 [140618633167808] INFO perfrun.launcher <> - Application exit code: 0
2489 [140618633167808] INFO perfrun.launcher <> - Exit code: 0
