<?xml version="1.0" encoding="UTF-8"?>
<feedback>
 <message severity="verbose">The database has been cleared, elapsed time is 0.391 seconds.</message>
 <nop/>
 <message severity="error">Cannot load data file `/home/u183985/Compu_paralela_III/CPAR_GPUs/advi_results_1/e000/pp000/data.0/240188.cpid' ().</message>
 <nop/>
 <message severity="verbose">Raw data has been loaded to the database, elapsed time is 0.016 seconds.</message>
 <nop/>
 <message severity="verbose">Data transformations have been finished, elapsed time is 0.020 seconds.</message>
 <nop/>
 <message severity="verbose">Symbol resolution has been finished, elapsed time is 0.046 seconds.</message>
 <nop/>
 <message severity="verbose">Deferred data transformations have been finished, elapsed time is 0.055 seconds.</message>
 <nop/>
 <message severity="verbose">Data model parameters have been set, elapsed time is 0.071 seconds.</message>
 <nop/>
 <message severity="warning">Cannot find data to precompute. Skipping the precomputation step.</message>
 <nop/>
 <message severity="verbose">Precomputing frequently used data has been finished, elapsed time is 0.011 seconds.</message>
 <nop/>
 <message severity="verbose">Redundant overtime data has been discarded, elapsed time is 0.014 seconds.</message>
 <nop/>
 <message severity="verbose">Raw collector data has been discarded, elapsed time is 0.000 seconds.</message>
 <nop/>
 <message severity="verbose">Finalizing the result took 0.677 seconds.</message>
 <nop/>
</feedback>
