10 [140008363202432] INFO perfrun.launcher <> - Launcher main begin
19 [140008363202432] INFO perfrun.launcher <> - MessageCatalogInit finished
19 [140008363202432] INFO perfrun.launcher <> - Launcher instance created
19 [140008363202432] INFO perfrun.launcher <> - argc = 6; cmdline = /glob/development-tools/versions/oneapi/2023.0.1/oneapi/vtune/2023.0.0/bin64/amplxe-runss -dump-vdso -r /home/u183985/Compu_paralela_III/CPAR_GPUs/r008gh --tmp-dir /home/u183985/tmp/amplxe-tmp-u183985 
198 [140008363202432] INFO perfrun.launcher <> - create msngr2::ICliToolContext
198 [140008363202432] INFO perfrun.launcher <> - create file finder object
199 [140008349865728] INFO perfrun.launcher <> - plugin [remoteplug] was disabled because it doesn't support the given collection type.
199 [140008349865728] INFO perfrun.launcher <> - plugin [system] was disabled because it doesn't support the given collection type.
199 [140008349865728] INFO perfrun.vdso <> - dumping [vdso] pseudomodule
209 [140008349865728] INFO perfrun.launcher <> - plugin [itt] was disabled because it doesn't support the given collection type.
209 [140008349865728] INFO perfrun.launcher <> - plugin [ptracecollector] was disabled because it doesn't support the given collection type.
209 [140008349865728] INFO perfrun.launcher <> - plugin [gpu] was disabled because it doesn't support the given collection type.
209 [140008349865728] INFO perfrun.launcher <> - plugin [] was disabled because it doesn't support the given collection type.
209 [140008349865728] INFO perfrun.launcher <> - plugin [] was disabled because it doesn't support the given collection type.
209 [140008349865728] INFO perfrun.launcher <> - plugin [] was disabled because it doesn't support the given collection type.
209 [140008349865728] INFO perfrun.launcher <> - plugin [mrte] was disabled because it doesn't support the given collection type.
210 [140008349865728] INFO perfrun.launcher <> - plugin [emon] was disabled because it doesn't support the given collection type.
210 [140008349865728] INFO perfrun.launcher <> - plugin [cuscol] was disabled because it doesn't support the given collection type.
210 [140008349865728] INFO perfrun.launcher <> - plugin [stdsrc] was disabled because it doesn't support the given collection type.
210 [140008349865728] INFO perfrun.launcher <> - plugin [sep] was disabled because it doesn't support the given collection type.
210 [140008349865728] INFO perfrun.launcher <> - plugin [vtsspp] was disabled because it doesn't support the given collection type.
210 [140008349865728] INFO perfrun.launcher <> - plugin [perf] was disabled because it doesn't support the given collection type.
210 [140008349865728] INFO perfrun.launcher <> - plugin [aoclprofile] was disabled because it doesn't support the given collection type.
210 [140008349865728] INFO perfrun.launcher <> - plugin [tpss] was disabled because it doesn't support the given collection type.
210 [140008349865728] INFO perfrun.launcher <> - plugin [media] was disabled because it doesn't support the given collection type.
210 [140008349865728] INFO perfrun.launcher <> - plugin [] was disabled because it doesn't support the given collection type.
210 [140008349865728] INFO perfrun.launcher <> - plugin [] was disabled because it doesn't support the given collection type.
210 [140008349865728] INFO perfrun.launcher <> - plugin [parallelfs] was disabled because it doesn't support the given collection type.
210 [140008349865728] INFO perfrun.launcher <> - plugin [power] was disabled because it doesn't support the given collection type.
210 [140008349865728] INFO perfrun.launcher <> - plugin [hwloc] was disabled because it doesn't support the given collection type.
210 [140008349865728] INFO perfrun.launcher <> - plugin [ipmwatch] was disabled because it doesn't support the given collection type.
210 [140008349865728] INFO perfrun.launcher <> - plugin [os_counters] was disabled because it doesn't support the given collection type.
210 [140008349865728] INFO perfrun.launcher <> - plugin [l0_metrics] was disabled because it doesn't support the given collection type.
210 [140008363202432] INFO perfrun.launcher <> - Application exit code: 0
210 [140008363202432] INFO perfrun.launcher <> - Exit code: 0
