10 [140555375875968] INFO perfrun.launcher <> - Launcher main begin
19 [140555375875968] INFO perfrun.launcher <> - MessageCatalogInit finished
19 [140555375875968] INFO perfrun.launcher <> - Launcher instance created
19 [140555375875968] INFO perfrun.launcher <> - argc = 7; cmdline = /glob/development-tools/versions/oneapi/2023.0.1/oneapi/vtune/2023.0.0/bin64/amplxe-runss --ui-output-format xml --ui-output-fd 5 --option-file /home/u183985/Compu_paralela_III/CPAR_GPUs/r008gh/config/runsa.options 
66 [140555375875968] INFO perfrun.launcher <> - create msngr2::ICliToolContext
66 [140555375875968] INFO perfrun.launcher <> - create file finder object
66 [140555375875968] INFO perfrun.launcher <> - create a result directory: pattern = /home/u183985/Compu_paralela_III/CPAR_GPUs/r008gh pid = 4294967295
89 [140555375875968] INFO perfrun.sdk <> - checked that the directory /home/u183985/Compu_paralela_III/CPAR_GPUs/r008gh is a local directory
89 [140555375875968] INFO perfrun.sdk <> - the directory /home/u183985/Compu_paralela_III/CPAR_GPUs/r008gh is located on a share or its FS ID is unknown 26985
89 [140555375875968] INFO perfrun.sdk <> - checked that the directory /home/u183985/tmp/amplxe-tmp-u183985 is a local directory
90 [140555375875968] INFO perfrun.sdk <> - the directory /home/u183985/tmp/amplxe-tmp-u183985 is located on a share or its FS ID is unknown 26985
92 [140555375875968] INFO perfrun.launcher <> - create data directory = /home/u183985/Compu_paralela_III/CPAR_GPUs/r008gh/data.0
96 [140555375875968] INFO perfrun.launcher <> - Creating the master collection flag
101 [140555375875968] INFO perfrun.launcher <> - Done creating the master collection flag
122 [140555362539264] INFO perfrun.launcher <> - plugin [remoteplug] was disabled because it doesn't support the given collection type.
122 [140555362539264] INFO perfrun.sdk <> - Allocating TMU :/home/u183985/Compu_paralela_III/CPAR_GPUs/r008gh/data.0/systemcollector-2866155-s019-n011.sc
128 [140555362539264] INFO perfrun.system <> - Tpss based collection
128 [140555362539264] INFO perfrun.launcher <> - plugin [ptracecollector] was disabled because it doesn't support the given collection type.
128 [140555362539264] INFO perfrun.gpu <> - Event consumer configurations: 
128 [140555362539264] INFO perfrun.sdk <> - Reading value (0) from file: /proc/sys/dev/i915/perf_stream_paranoid
128 [140555362539264] WARN perfrun.sdk <> - Metrics Discovery library was not found, lib name: 'libigdmd.so.1', lib path: '', at file: _sdks/release_posix-x86_64_icl_19.1.2_gnutools_6.3_binutils_2.28/perfrun_1.29.1/include/perfrun1/pluginsdk/metrics_discovery_lib.hpp:828
128 [140555362539264] WARN perfrun.sdk <> - Metrics Discovery library was not found, lib name: 'libmd.so', lib path: '', at file: _sdks/release_posix-x86_64_icl_19.1.2_gnutools_6.3_binutils_2.28/perfrun_1.29.1/include/perfrun1/pluginsdk/metrics_discovery_lib.hpp:828
128 [140555362539264] WARN perfrun.sdk <> - Metrics Discovery library was not found, lib name: 'libmd.so.1', lib path: '', at file: _sdks/release_posix-x86_64_icl_19.1.2_gnutools_6.3_binutils_2.28/perfrun_1.29.1/include/perfrun1/pluginsdk/metrics_discovery_lib.hpp:828
128 [140555362539264] WARN perfrun.sdk <> - Metrics Discovery library was not found, lib name: 'libigdmd.so.1', lib path: '/usr/local/lib', at file: _sdks/release_posix-x86_64_icl_19.1.2_gnutools_6.3_binutils_2.28/perfrun_1.29.1/include/perfrun1/pluginsdk/metrics_discovery_lib.hpp:828
128 [140555362539264] WARN perfrun.sdk <> - Metrics Discovery library was not found, lib name: 'libmd.so', lib path: '/usr/local/lib', at file: _sdks/release_posix-x86_64_icl_19.1.2_gnutools_6.3_binutils_2.28/perfrun_1.29.1/include/perfrun1/pluginsdk/metrics_discovery_lib.hpp:828
128 [140555362539264] WARN perfrun.sdk <> - Metrics Discovery library was not found, lib name: 'libmd.so.1', lib path: '/usr/local/lib', at file: _sdks/release_posix-x86_64_icl_19.1.2_gnutools_6.3_binutils_2.28/perfrun_1.29.1/include/perfrun1/pluginsdk/metrics_discovery_lib.hpp:828
128 [140555362539264] WARN perfrun.sdk <> - Metrics Discovery library was not found, lib name: 'libigdmd.so.1', lib path: '/opt/intel/opencl', at file: _sdks/release_posix-x86_64_icl_19.1.2_gnutools_6.3_binutils_2.28/perfrun_1.29.1/include/perfrun1/pluginsdk/metrics_discovery_lib.hpp:828
128 [140555362539264] WARN perfrun.sdk <> - Metrics Discovery library was not found, lib name: 'libmd.so', lib path: '/opt/intel/opencl', at file: _sdks/release_posix-x86_64_icl_19.1.2_gnutools_6.3_binutils_2.28/perfrun_1.29.1/include/perfrun1/pluginsdk/metrics_discovery_lib.hpp:828
128 [140555362539264] WARN perfrun.sdk <> - Metrics Discovery library was not found, lib name: 'libmd.so.1', lib path: '/opt/intel/opencl', at file: _sdks/release_posix-x86_64_icl_19.1.2_gnutools_6.3_binutils_2.28/perfrun_1.29.1/include/perfrun1/pluginsdk/metrics_discovery_lib.hpp:828
137 [140555362539264] INFO perfrun.gpu <> - DeviceInfo: address 0:0:2.0 subdevice index 0 preset 1 sampling interval 1000us
137 [140555362539264] INFO perfrun.launcher <> - plugin [] was disabled because it doesn't support the given collection type.
137 [140555362539264] INFO perfrun.launcher <> - plugin [] was disabled because it doesn't support the given collection type.
137 [140555362539264] INFO perfrun.launcher <> - plugin [] was disabled because it doesn't support the given collection type.
137 [140555362539264] INFO perfrun.mrte <> - system-wide mode is 0
138 [140555362539264] INFO perfrun.mrte <> - Getting  mrte profiling environment ...
207 [140555362539264] INFO perfrun.mrte <> - INTEL_MRTE_DATA_DIR=/home/u183985/Compu_paralela_III/CPAR_GPUs/r008gh/data.0
207 [140555362539264] INFO perfrun.mrte <> - INTEL_MRTE_HOST_NAME=s019-n011
207 [140555362539264] INFO perfrun.mrte <> - JAVA_TOOL_OPTIONS=-agentlib:amplxe_tpssmrte_javaprof_1.0 -Dsun.boot.library.path=/glob/development-tools/versions/oneapi/2023.0.1/oneapi/vtune/2023.0.0/lib32/runtime:/glob/development-tools/versions/oneapi/2023.0.1/oneapi/vtune/2023.0.0/lib64/runtime
207 [140555362539264] INFO perfrun.mrte <> - LD_LIBRARY_PATH=/glob/development-tools/versions/oneapi/2023.0.1/oneapi/vtune/2023.0.0/lib32/runtime:/glob/development-tools/versions/oneapi/2023.0.1/oneapi/vtune/2023.0.0/lib64/runtime:/glob/development-tools/versions/oneapi/2023.0.1/oneapi/vpl/2023.0.0/lib:/glob/development-tools/versions/oneapi/2023.0.1/oneapi/tbb/2021.8.0/env/../lib/intel64/gcc4.8:/glob/development-tools/versions/oneapi/2023.0.1/oneapi/rkcommon/1.10.0/lib:/glob/development-tools/versions/oneapi/2023.0.1/oneapi/ospray_studio/0.11.1/lib:/glob/development-tools/versions/oneapi/2023.0.1/oneapi/ospray/2.10.0/lib:/glob/development-tools/versions/oneapi/2023.0.1/oneapi/openvkl/1.3.1/lib:/glob/development-tools/versions/oneapi/2023.0.1/oneapi/oidn/1.4.3/lib:/glob/development-tools/versions/oneapi/2023.0.1/oneapi/mpi/2021.8.0//libfabric/lib:/glob/development-tools/versions/oneapi/2023.0.1/oneapi/mpi/2021.8.0//lib/release:/glob/development-tools/versions/oneapi/2023.0.1/oneapi/mpi/2021.8.0//lib:/glob/development-tools/versions/oneapi/2023.0.1/oneapi/mkl/2023.0.0/lib/intel64:/glob/development-tools/versions/oneapi/2023.0.1/oneapi/itac/2021.8.0/slib:/glob/development-tools/versions/oneapi/2023.0.1/oneapi/ispc/1.18.1/lib/lib64:/glob/development-tools/versions/oneapi/2023.0.1/oneapi/ipp/2021.7.0/lib/intel64:/glob/development-tools/versions/oneapi/2023.0.1/oneapi/ippcp/2021.6.3/lib/intel64:/glob/development-tools/versions/oneapi/2023.0.1/oneapi/ipp/2021.7.0/lib/intel64:/glob/development-tools/versions/oneapi/2023.0.1/oneapi/embree/3.13.5/lib:/glob/development-tools/versions/oneapi/2023.0.1/oneapi/dnnl/2023.0.0/cpu_dpcpp_gpu_dpcpp/lib:/glob/development-tools/versions/oneapi/2023.0.1/oneapi/debugger/2023.0.0/gdb/intel64/lib:/glob/development-tools/versions/oneapi/2023.0.1/oneapi/debugger/2023.0.0/libipt/intel64/lib:/glob/development-tools/versions/oneapi/2023.0.1/oneapi/debugger/2023.0.0/dep/lib:/glob/development-tools/versions/oneapi/2023.0.1/oneapi/dal/2023.0.0/lib/intel64:/glob/development-tools/versions/oneapi/2023.0.1/oneapi/compiler/2023.0.0/linux/lib:/glob/development-tools/versions/oneapi/2023.0.1/oneapi/compiler/2023.0.0/linux/lib/x64:/glob/development-tools/versions/oneapi/2023.0.1/oneapi/compiler/2023.0.0/linux/lib/oclfpga/host/linux64/lib:/glob/development-tools/versions/oneapi/2023.0.1/oneapi/compiler/2023.0.0/linux/compiler/lib/intel64_lin:/glob/development-tools/versions/oneapi/2023.0.1/oneapi/ccl/2021.8.0/lib/cpu_gpu_dpcpp
207 [140555362539264] INFO perfrun.mrte <> - CORECLR_ENABLE_PROFILING=1
207 [140555362539264] INFO perfrun.mrte <> - CORECLR_PROFILER={AA5E4821-E3B1-479c-B7FF-5AD047D22CED}
207 [140555362539264] INFO perfrun.mrte <> - CORECLR_PROFILER_PATH=/glob/development-tools/versions/oneapi/2023.0.1/oneapi/vtune/2023.0.0/lib64/libamplxe_samplingmrte_clrprof_1.0.so
207 [140555362539264] INFO perfrun.mrte <> - INTEL_MRTE_PROFILER_MODE=mixed
207 [140555362539264] INFO perfrun.mrte <> - Data directory: /home/u183985/Compu_paralela_III/CPAR_GPUs/r008gh/data.0
207 [140555362539264] INFO perfrun.mrte <> - Mrte plugin is initialized
207 [140555362539264] INFO perfrun.launcher <> - plugin [emon] was disabled because it doesn't support the given collection type.
207 [140555362539264] INFO perfrun.launcher <> - plugin [cuscol] was disabled because it doesn't support the given collection type.
207 [140555362539264] INFO perfrun.launcher <> - plugin [stdsrc] was disabled because it doesn't support the given collection type.
208 [140555362539264] INFO perfrun.sdk <> - runCmd: /glob/development-tools/versions/oneapi/2023.0.1/oneapi/vtune/2023.0.0/bin64/sep -dry-run -ec CPU_CLK_UNHALTED.THREAD:sa=3300000,CPU_CLK_UNHALTED.REF_TSC:sample:sa=3300000,INST_RETIRED.ANY:sample:sa=3300000,CPU_CLK_UNHALTED.DISTRIBUTED:sa=3300000 -experimental
208 [140555362539264] INFO perfrun.sdk <> - runCmd started PID 2866159
326 [140555362539264] INFO perfrun.launcher <> - plugin [vtsspp] was disabled because it doesn't support the given collection type.
326 [140555362539264] INFO perfrun.launcher <> - plugin [perf] was disabled because it doesn't support the given collection type.
326 [140555362539264] INFO perfrun.launcher <> - plugin [aoclprofile] was disabled because it doesn't support the given collection type.
326 [140555362539264] INFO perfrun.tpss <> - initialize tpss controller
326 [140555362539264] INFO perfrun.tpss <> - configure collection mode: value = opencl_ex:nostack|0:0:2.0
326 [140555362539264] INFO perfrun.tpss <> - configure collection mode: value = opencl:nostack|0:0:2.0
326 [140555362539264] INFO perfrun.tpss <> - configure collection mode: value = mediasdk:nostack|0:0:2.0
326 [140555362539264] INFO perfrun.tpss <> - configure collection mode: value = level_zero:nostack|0:0:2.0
326 [140555362539264] INFO perfrun.tpss <> - default obj-size-min=1024
326 [140555362539264] INFO perfrun.tpss <> - default hash-table-size=0
326 [140555362539264] INFO perfrun.launcher <> - plugin [] was disabled because it doesn't support the given collection type.
326 [140555362539264] INFO perfrun.launcher <> - plugin [] was disabled because it doesn't support the given collection type.
326 [140555362539264] INFO perfrun.launcher <> - plugin [parallelfs] was disabled because it doesn't support the given collection type.
326 [140555362539264] INFO perfrun.launcher <> - plugin [power] was disabled because it doesn't support the given collection type.
326 [140555362539264] INFO perfrun.launcher <> - plugin [hwloc] was disabled because it doesn't support the given collection type.
326 [140555362539264] INFO perfrun.launcher <> - plugin [ipmwatch] was disabled because it doesn't support the given collection type.
326 [140555362539264] INFO perfrun.launcher <> - plugin [os_counters] was disabled because it doesn't support the given collection type.
326 [140555362539264] INFO perfrun.launcher <> - plugin [l0_metrics] was disabled because it doesn't support the given collection type.
326 [140555375875968] INFO perfrun.launcher <> - set environment variable: LD_LIBRARY_PATH = /glob/development-tools/versions/oneapi/2023.0.1/oneapi/vtune/2023.0.0/lib32/runtime:/glob/development-tools/versions/oneapi/2023.0.1/oneapi/vtune/2023.0.0/lib64/runtime:/glob/development-tools/versions/oneapi/2023.0.1/oneapi/vpl/2023.0.0/lib:/glob/development-tools/versions/oneapi/2023.0.1/oneapi/tbb/2021.8.0/env/../lib/intel64/gcc4.8:/glob/development-tools/versions/oneapi/2023.0.1/oneapi/rkcommon/1.10.0/lib:/glob/development-tools/versions/oneapi/2023.0.1/oneapi/ospray_studio/0.11.1/lib:/glob/development-tools/versions/oneapi/2023.0.1/oneapi/ospray/2.10.0/lib:/glob/development-tools/versions/oneapi/2023.0.1/oneapi/openvkl/1.3.1/lib:/glob/development-tools/versions/oneapi/2023.0.1/oneapi/oidn/1.4.3/lib:/glob/development-tools/versions/oneapi/2023.0.1/oneapi/mpi/2021.8.0//libfabric/lib:/glob/development-tools/versions/oneapi/2023.0.1/oneapi/mpi/2021.8.0//lib/release:/glob/development-tools/versions/oneapi/2023.0.1/oneapi/mpi/2021.8.0//lib:/glob/development-tools/versions/oneapi/2023.0.1/oneapi/mkl/2023.0.0/lib/intel64:/glob/development-tools/versions/oneapi/2023.0.1/oneapi/itac/2021.8.0/slib:/glob/development-tools/versions/oneapi/2023.0.1/oneapi/ispc/1.18.1/lib/lib64:/glob/development-tools/versions/oneapi/2023.0.1/oneapi/ipp/2021.7.0/lib/intel64:/glob/development-tools/versions/oneapi/2023.0.1/oneapi/ippcp/2021.6.3/lib/intel64:/glob/development-tools/versions/oneapi/2023.0.1/oneapi/ipp/2021.7.0/lib/intel64:/glob/development-tools/versions/oneapi/2023.0.1/oneapi/embree/3.13.5/lib:/glob/development-tools/versions/oneapi/2023.0.1/oneapi/dnnl/2023.0.0/cpu_dpcpp_gpu_dpcpp/lib:/glob/development-tools/versions/oneapi/2023.0.1/oneapi/debugger/2023.0.0/gdb/intel64/lib:/glob/development-tools/versions/oneapi/2023.0.1/oneapi/debugger/2023.0.0/libipt/intel64/lib:/glob/development-tools/versions/oneapi/2023.0.1/oneapi/debugger/2023.0.0/dep/lib:/glob/development-tools/versions/oneapi/2023.0.1/oneapi/dal/2023.0.0/lib/intel64:/glob/development-tools/versions/oneapi/2023.0.1/oneapi/compiler/2023.0.0/linux/lib:/glob/development-tools/versions/oneapi/2023.0.1/oneapi/compiler/2023.0.0/linux/lib/x64:/glob/development-tools/versions/oneapi/2023.0.1/oneapi/compiler/2023.0.0/linux/lib/oclfpga/host/linux64/lib:/glob/development-tools/versions/oneapi/2023.0.1/oneapi/compiler/2023.0.0/linux/compiler/lib/intel64_lin:/glob/development-tools/versions/oneapi/2023.0.1/oneapi/ccl/2021.8.0/lib/cpu_gpu_dpcpp
326 [140555375875968] INFO perfrun.launcher <> - set environment variable: INTEL_LIBITTNOTIFY32 = /glob/development-tools/versions/oneapi/2023.0.1/oneapi/vtune/2023.0.0/lib32/runtime/libittnotify_collector.so
326 [140555375875968] INFO perfrun.launcher <> - set environment variable: INTEL_LIBITTNOTIFY64 = /glob/development-tools/versions/oneapi/2023.0.1/oneapi/vtune/2023.0.0/lib64/runtime/libittnotify_collector.so
326 [140555375875968] INFO perfrun.launcher <> - set environment variable: INTEL_ITTNOTIFY_GROUPS = 
326 [140555375875968] INFO perfrun.launcher <> - set environment variable: INTEL_JIT_PROFILER32 = /glob/development-tools/versions/oneapi/2023.0.1/oneapi/vtune/2023.0.0/lib32/runtime/libittnotify_collector.so
326 [140555375875968] INFO perfrun.launcher <> - set environment variable: INTEL_JIT_PROFILER64 = /glob/development-tools/versions/oneapi/2023.0.1/oneapi/vtune/2023.0.0/lib64/runtime/libittnotify_collector.so
326 [140555375875968] INFO perfrun.launcher <> - set environment variable: OMP_TOOL_LIBRARIES = /glob/development-tools/versions/oneapi/2023.0.1/oneapi/vtune/2023.0.0/lib32/runtime/libittnotify_collector.so:/glob/development-tools/versions/oneapi/2023.0.1/oneapi/vtune/2023.0.0/lib64/runtime/libittnotify_collector.so
326 [140555375875968] INFO perfrun.launcher <> - set environment variable: ENABLE_JITPROFILING = 1
326 [140555375875968] INFO perfrun.launcher <> - set environment variable: CL_CONFIG_USE_VTUNE = True
326 [140555375875968] INFO perfrun.launcher <> - set environment variable: KMP_FORKJOIN_FRAMES = 0
326 [140555375875968] INFO perfrun.launcher <> - set environment variable: KMP_FORKJOIN_FRAMES_MODE = 0
326 [140555375875968] INFO perfrun.launcher <> - set environment variable: OMP_TOOL = disabled
326 [140555375875968] INFO perfrun.launcher <> - set environment variable: INTEL_MRTE_DATA_DIR = /home/u183985/Compu_paralela_III/CPAR_GPUs/r008gh/data.0
326 [140555375875968] INFO perfrun.launcher <> - set environment variable: INTEL_MRTE_HOST_NAME = s019-n011
326 [140555375875968] INFO perfrun.launcher <> - set environment variable: JAVA_TOOL_OPTIONS = -agentlib:amplxe_tpssmrte_javaprof_1.0 -Dsun.boot.library.path=/glob/development-tools/versions/oneapi/2023.0.1/oneapi/vtune/2023.0.0/lib32/runtime:/glob/development-tools/versions/oneapi/2023.0.1/oneapi/vtune/2023.0.0/lib64/runtime
326 [140555375875968] INFO perfrun.launcher <> - set environment variable: LD_LIBRARY_PATH = /glob/development-tools/versions/oneapi/2023.0.1/oneapi/vtune/2023.0.0/lib32/runtime:/glob/development-tools/versions/oneapi/2023.0.1/oneapi/vtune/2023.0.0/lib64/runtime:/glob/development-tools/versions/oneapi/2023.0.1/oneapi/vpl/2023.0.0/lib:/glob/development-tools/versions/oneapi/2023.0.1/oneapi/tbb/2021.8.0/env/../lib/intel64/gcc4.8:/glob/development-tools/versions/oneapi/2023.0.1/oneapi/rkcommon/1.10.0/lib:/glob/development-tools/versions/oneapi/2023.0.1/oneapi/ospray_studio/0.11.1/lib:/glob/development-tools/versions/oneapi/2023.0.1/oneapi/ospray/2.10.0/lib:/glob/development-tools/versions/oneapi/2023.0.1/oneapi/openvkl/1.3.1/lib:/glob/development-tools/versions/oneapi/2023.0.1/oneapi/oidn/1.4.3/lib:/glob/development-tools/versions/oneapi/2023.0.1/oneapi/mpi/2021.8.0//libfabric/lib:/glob/development-tools/versions/oneapi/2023.0.1/oneapi/mpi/2021.8.0//lib/release:/glob/development-tools/versions/oneapi/2023.0.1/oneapi/mpi/2021.8.0//lib:/glob/development-tools/versions/oneapi/2023.0.1/oneapi/mkl/2023.0.0/lib/intel64:/glob/development-tools/versions/oneapi/2023.0.1/oneapi/itac/2021.8.0/slib:/glob/development-tools/versions/oneapi/2023.0.1/oneapi/ispc/1.18.1/lib/lib64:/glob/development-tools/versions/oneapi/2023.0.1/oneapi/ipp/2021.7.0/lib/intel64:/glob/development-tools/versions/oneapi/2023.0.1/oneapi/ippcp/2021.6.3/lib/intel64:/glob/development-tools/versions/oneapi/2023.0.1/oneapi/ipp/2021.7.0/lib/intel64:/glob/development-tools/versions/oneapi/2023.0.1/oneapi/embree/3.13.5/lib:/glob/development-tools/versions/oneapi/2023.0.1/oneapi/dnnl/2023.0.0/cpu_dpcpp_gpu_dpcpp/lib:/glob/development-tools/versions/oneapi/2023.0.1/oneapi/debugger/2023.0.0/gdb/intel64/lib:/glob/development-tools/versions/oneapi/2023.0.1/oneapi/debugger/2023.0.0/libipt/intel64/lib:/glob/development-tools/versions/oneapi/2023.0.1/oneapi/debugger/2023.0.0/dep/lib:/glob/development-tools/versions/oneapi/2023.0.1/oneapi/dal/2023.0.0/lib/intel64:/glob/development-tools/versions/oneapi/2023.0.1/oneapi/compiler/2023.0.0/linux/lib:/glob/development-tools/versions/oneapi/2023.0.1/oneapi/compiler/2023.0.0/linux/lib/x64:/glob/development-tools/versions/oneapi/2023.0.1/oneapi/compiler/2023.0.0/linux/lib/oclfpga/host/linux64/lib:/glob/development-tools/versions/oneapi/2023.0.1/oneapi/compiler/2023.0.0/linux/compiler/lib/intel64_lin:/glob/development-tools/versions/oneapi/2023.0.1/oneapi/ccl/2021.8.0/lib/cpu_gpu_dpcpp
326 [140555375875968] INFO perfrun.launcher <> - set environment variable: CORECLR_ENABLE_PROFILING = 1
326 [140555375875968] INFO perfrun.launcher <> - set environment variable: CORECLR_PROFILER = {AA5E4821-E3B1-479c-B7FF-5AD047D22CED}
326 [140555375875968] INFO perfrun.launcher <> - set environment variable: CORECLR_PROFILER_PATH = /glob/development-tools/versions/oneapi/2023.0.1/oneapi/vtune/2023.0.0/lib64/libamplxe_samplingmrte_clrprof_1.0.so
326 [140555375875968] INFO perfrun.launcher <> - set environment variable: INTEL_MRTE_PROFILER_MODE = mixed
326 [140555375875968] INFO perfrun.launcher <> - RpcServer: run RPC server to handle requests
330 [140555375875968] INFO perfrun.launcher <> - Launcher: command line to start before modification = /home/u183985/Compu_paralela_III/CPAR_GPUs/simple
331 [140555375875968] INFO perfrun.launcher <> - Launcher: command line to start after modification = /glob/development-tools/versions/oneapi/2023.0.1/oneapi/vtune/2023.0.0/bin64/pin -error_file /home/u183985/Compu_paralela_III/CPAR_GPUs/r008gh/data.0/pinerr.tpsslog -detach_reattach -follow_execv -tool_load_option deepbind -t64 /glob/development-tools/versions/oneapi/2023.0.1/oneapi/vtune/2023.0.0/lib64/libtpsstool.so -t /glob/development-tools/versions/oneapi/2023.0.1/oneapi/vtune/2023.0.0/lib32/libtpsstool.so -server_name tpss_ipc.2866155 -prd_dir /glob/development-tools/versions/oneapi/2023.0.1/oneapi/vtune/2023.0.0 -- /home/u183985/Compu_paralela_III/CPAR_GPUs/simple
331 [140555375875968] INFO perfrun.launcher <> - ProcessCreator object was created
331 [140555375875968] INFO perfrun.launcher <> - Launcher: the process was started in suspend mode
332 [140555362539264] INFO perfrun.sdk <> - Reading value (0) from file: /proc/sys/dev/i915/perf_stream_paranoid
332 [140555362539264] WARN perfrun.sdk <> - Metrics Discovery library was not found, lib name: 'libigdmd.so.1', lib path: '', at file: _sdks/release_posix-x86_64_icl_19.1.2_gnutools_6.3_binutils_2.28/perfrun_1.29.1/include/perfrun1/pluginsdk/metrics_discovery_lib.hpp:828
332 [140555362539264] WARN perfrun.sdk <> - Metrics Discovery library was not found, lib name: 'libmd.so', lib path: '', at file: _sdks/release_posix-x86_64_icl_19.1.2_gnutools_6.3_binutils_2.28/perfrun_1.29.1/include/perfrun1/pluginsdk/metrics_discovery_lib.hpp:828
332 [140555362539264] WARN perfrun.sdk <> - Metrics Discovery library was not found, lib name: 'libmd.so.1', lib path: '', at file: _sdks/release_posix-x86_64_icl_19.1.2_gnutools_6.3_binutils_2.28/perfrun_1.29.1/include/perfrun1/pluginsdk/metrics_discovery_lib.hpp:828
332 [140555362539264] WARN perfrun.sdk <> - Metrics Discovery library was not found, lib name: 'libigdmd.so.1', lib path: '/usr/local/lib', at file: _sdks/release_posix-x86_64_icl_19.1.2_gnutools_6.3_binutils_2.28/perfrun_1.29.1/include/perfrun1/pluginsdk/metrics_discovery_lib.hpp:828
332 [140555362539264] WARN perfrun.sdk <> - Metrics Discovery library was not found, lib name: 'libmd.so', lib path: '/usr/local/lib', at file: _sdks/release_posix-x86_64_icl_19.1.2_gnutools_6.3_binutils_2.28/perfrun_1.29.1/include/perfrun1/pluginsdk/metrics_discovery_lib.hpp:828
332 [140555362539264] WARN perfrun.sdk <> - Metrics Discovery library was not found, lib name: 'libmd.so.1', lib path: '/usr/local/lib', at file: _sdks/release_posix-x86_64_icl_19.1.2_gnutools_6.3_binutils_2.28/perfrun_1.29.1/include/perfrun1/pluginsdk/metrics_discovery_lib.hpp:828
332 [140555362539264] WARN perfrun.sdk <> - Metrics Discovery library was not found, lib name: 'libigdmd.so.1', lib path: '/opt/intel/opencl', at file: _sdks/release_posix-x86_64_icl_19.1.2_gnutools_6.3_binutils_2.28/perfrun_1.29.1/include/perfrun1/pluginsdk/metrics_discovery_lib.hpp:828
332 [140555362539264] WARN perfrun.sdk <> - Metrics Discovery library was not found, lib name: 'libmd.so', lib path: '/opt/intel/opencl', at file: _sdks/release_posix-x86_64_icl_19.1.2_gnutools_6.3_binutils_2.28/perfrun_1.29.1/include/perfrun1/pluginsdk/metrics_discovery_lib.hpp:828
332 [140555362539264] WARN perfrun.sdk <> - Metrics Discovery library was not found, lib name: 'libmd.so.1', lib path: '/opt/intel/opencl', at file: _sdks/release_posix-x86_64_icl_19.1.2_gnutools_6.3_binutils_2.28/perfrun_1.29.1/include/perfrun1/pluginsdk/metrics_discovery_lib.hpp:828
334 [140555362539264] WARN perfrun.system <> - Could not do anything with /sys/kernel/debug/kvm: boost::filesystem::status: Permission denied: "/sys/kernel/debug/kvm", at file: vcs/perfrun1/plugins/system/src/trace_writer.cpp:787
334 [140555362539264] WARN perfrun.system <> - Folder "/var/run/libvirt/qemu/"doesn't exist, at file: vcs/perfrun1/plugins/system/src/trace_writer.cpp:800
334 [140555362539264] WARN perfrun.sdk <> - Failed to find xl binary on any of the system paths: /bin, /sbin, /usr/bin, /usr/sbin., at file: vcs/perfrun1/sdk/src/utils.cpp:204
334 [140555362539264] WARN perfrun.system <> - Could not start ContainerMapping collector, at file: vcs/perfrun1/plugins/system/src/controller.cpp:448
342 [140555362539264] INFO perfrun.vdso <> - Helper runtool '/glob/development-tools/versions/oneapi/2023.0.1/oneapi/vtune/2023.0.0/bin32/amplxe-runss -dump-vdso -r /home/u183985/Compu_paralela_III/CPAR_GPUs/r008gh --tmp-dir /home/u183985/tmp/amplxe-tmp-u183985' returned 1
572 [140555362539264] INFO perfrun.vdso <> - Helper runtool '/glob/development-tools/versions/oneapi/2023.0.1/oneapi/vtune/2023.0.0/bin64/amplxe-runss -dump-vdso -r /home/u183985/Compu_paralela_III/CPAR_GPUs/r008gh --tmp-dir /home/u183985/tmp/amplxe-tmp-u183985' returned 0
572 [140555362539264] INFO perfrun.itt <> - start itt controller for pid #2866161
573 [140555362539264] INFO perfrun.sdk <> - Allocating TMU :/home/u183985/Compu_paralela_III/CPAR_GPUs/r008gh/data.0/gen_metrics0_0_2_0_0.0.cfg
579 [140555362539264] INFO perfrun.sdk <> - De-allocating TMU: /home/u183985/Compu_paralela_III/CPAR_GPUs/r008gh/data.0/gen_metrics0_0_2_0_0.0.cfg
580 [140555362539264] INFO perfrun.gpu <> - Creating main data processing loop
580 [140555310331648] INFO perfrun.sdk <> - Allocating TMU :/home/u183985/Compu_paralela_III/CPAR_GPUs/r008gh/data.0/gen_metrics0_0_2_0_0.0.vtss
580 [140555362539264] INFO perfrun.sdk <> - Reading value (1) from file: /proc/sys/kernel/nmi_watchdog
580 [140555362539264] WARN perfrun.launcher <> - Messenger::say: To enable hardware event-based sampling, VTune Profiler has disabled the NMI watchdog timer. The watchdog timer will be re-enabled after collection completes.
580 [140555362539264] INFO perfrun.sdk <> - runCmd: /glob/development-tools/versions/oneapi/2023.0.1/oneapi/vtune/2023.0.0/bin64/sep -start -experimental -uem timer=10 -em factor=5 -p-state trigger=CPU_CLK_UNHALTED.REF_TSC -out /home/u183985/Compu_paralela_III/CPAR_GPUs/r008gh/data.0/sep7fd598749700.20230228T090815.494421 -ec INST_RETIRED.ANY:sample:sa=3300000,CPU_CLK_UNHALTED.THREAD:sa=3300000,CPU_CLK_UNHALTED.REF_TSC:sample:sa=3300000,CPU_CLK_UNHALTED.DISTRIBUTED:sa=3300000, -d 0 -uem factor=10
580 [140555362539264] INFO perfrun.sdk <> - runCmd started PID 2866168
582 [140555310331648] INFO perfrun.gpu <> - IO stream opening, timer period: 1000000, buffer size: 0 subDevice 0 tile 0
587 [140555310331648] INFO perfrun.gpu <> - IO stream opened, timer period: 851968, buffer size: 16777216
1087 [140555362539264] INFO perfrun.tpss <> - start tpss controller for pid #2866161
1144 [140555375875968] INFO perfrun.launcher <> - Launcher: all plugins were started
1144 [140555375875968] INFO perfrun.launcher <> - DirectoryMonitor object was created
1147 [140555375875968] INFO perfrun.launcher <> - DirectoryMonitor: a callback was added
1147 [140555375875968] INFO perfrun.launcher <> - DirectoryMonitor was started with pingTime = 1000
1147 [140555375875968] INFO perfrun.launcher <> - DeadlineTimer is going to be constructed
1147 [140555375875968] INFO perfrun.launcher <> - DeadlineTimer: a callback was added
1154 [140555375875968] INFO perfrun.launcher <> - Launcher: resume the profiled application and  wait its termination or stop command
2099 [140555375875968] INFO perfrun.launcher <> - Launcher: the profiled application was terminated  with exit code = 0
2163 [140555362539264] INFO perfrun.itt <> - detach itt controller
2163 [140555362539264] INFO perfrun.itt <> - detach itt controller done
2163 [140555362539264] INFO perfrun.gpu <> - Waiting for data collection thread to finish
2172 [140555310331648] INFO perfrun.sdk <> - De-allocating TMU: /home/u183985/Compu_paralela_III/CPAR_GPUs/r008gh/data.0/gen_metrics0_0_2_0_0.0.vtss
2172 [140555310331648] INFO perfrun.gpu <> - Data collection routine finished
2172 [140555362539264] INFO perfrun.gpu <> - Data collection thread finished, shutting down the session
2173 [140555362539264] INFO perfrun.sdk <> - runCmd: /glob/development-tools/versions/oneapi/2023.0.1/oneapi/vtune/2023.0.0/bin64/sep -stop
2173 [140555362539264] INFO perfrun.sdk <> - runCmd started PID 2866202
8952 [140555362539264] INFO perfrun.sepdk <> - Sampling successfully stopped.

8952 [140555362539264] INFO perfrun.sepdk <> - Waiting for main SEP process (2866168) to finish...
8952 [140555362539264] INFO perfrun.sepdk <> - Main SEP process finished
8954 [140555362539264] INFO perfrun.tpss <> - stop tpss controller
8957 [140555362539264] INFO perfrun.sdk <> - Reading value (0) from file: /proc/sys/dev/i915/perf_stream_paranoid
8962 [140555362539264] INFO perfrun.sdk <> - De-allocating TMU: /home/u183985/Compu_paralela_III/CPAR_GPUs/r008gh/data.0/systemcollector-2866155-s019-n011.sc
8962 [140555362539264] INFO perfrun.system <> - closed the system trace file: /home/u183985/Compu_paralela_III/CPAR_GPUs/r008gh/data.0/systemcollector-2866155-s019-n011.sc
8962 [140555375875968] INFO perfrun.launcher <> - Launcher: all plugins were stopped.
8962 [140555375875968] INFO perfrun.launcher <> - DeadlineTimer is going to be destroyed
8963 [140555375875968] INFO perfrun.launcher <> - DeadlineTimer was destroyed
8963 [140555375875968] INFO perfrun.launcher <> - DirectoryMonitor object was destroyed
8963 [140555375875968] WARN perfrun.launcher <> - Stop command is ignored because it is received when collection is already stopped, at file: vcs/perfrun1/launcher/src/command_handler.cpp:226
8972 [140555375875968] INFO perfrun.launcher <> - Application exit code: 0
8972 [140555375875968] INFO perfrun.launcher <> - Exit code: 0
