
2866198 : 0x35986db9c7db4d : 1 : spill_jit_data :  Jit agent is not initialized
2866161 : 0x35986dba312105 : 2 : ittapi_config_mask_get :  --itt-config mask to be applied: 5
2866161 : 0x35986dba31493f : 2 : ittapi_config_apply_per_lib :  ITTAPI function instrumented: __itt_domain_create
2866161 : 0x35986dba31554b : 2 : ittapi_config_apply_per_lib :  ITTAPI function instrumented: __itt_string_handle_create
2866161 : 0x35986dba31619b : 2 : ittapi_config_apply_per_lib :  ITTAPI function instrumented: __itt_pause
2866161 : 0x35986dba316ccf : 2 : ittapi_config_apply_per_lib :  ITTAPI function instrumented: __itt_resume
2866161 : 0x35986dba317603 : 2 : ittapi_config_apply_per_lib :  ITTAPI function instrumented: __itt_thread_set_name
2866161 : 0x35986dba3180bd : 2 : ittapi_config_apply_per_lib :  ITTAPI function instrumented: __itt_thread_ignore
2866161 : 0x35986dba318c13 : 2 : ittapi_config_apply_per_lib :  ITTAPI function instrumented: __itt_thr_name_set
2866161 : 0x35986dba319595 : 2 : ittapi_config_apply_per_lib :  ITTAPI function instrumented: __itt_thr_ignore
2866161 : 0x35986dbaa8ea6d : 2 : ittapi_config_apply_per_lib :  ITTAPI function NOT instrumented (not matched by --itt-config option): __itt_sync_create

2866161 : 0x35986dbaa905d7 : 2 : ittapi_config_apply_per_lib :  ITTAPI function NOT instrumented (not matched by --itt-config option): __itt_sync_rename

2866161 : 0x35986dbaa90c87 : 2 : ittapi_config_apply_per_lib :  ITTAPI function NOT instrumented (not matched by --itt-config option): __itt_sync_destroy

2866161 : 0x35986dbaa912db : 2 : ittapi_config_apply_per_lib :  ITTAPI function NOT instrumented (not matched by --itt-config option): __itt_sync_prepare

2866161 : 0x35986dbaa918e7 : 2 : ittapi_config_apply_per_lib :  ITTAPI function NOT instrumented (not matched by --itt-config option): __itt_sync_cancel

2866161 : 0x35986dbaa91dbd : 2 : ittapi_config_apply_per_lib :  ITTAPI function NOT instrumented (not matched by --itt-config option): __itt_sync_acquired

2866161 : 0x35986dbaa923c3 : 2 : ittapi_config_apply_per_lib :  ITTAPI function NOT instrumented (not matched by --itt-config option): __itt_sync_releasing

2866161 : 0x35986dbaa94427 : 2 : ittapi_config_apply_per_lib :  ITTAPI function not implemented: __itt_suppress_push
2866161 : 0x35986dbaa95611 : 2 : ittapi_config_apply_per_lib :  ITTAPI function not implemented: __itt_suppress_pop
2866161 : 0x35986dbaa95fe5 : 2 : ittapi_config_apply_per_lib :  ITTAPI function not implemented: __itt_suppress_mark_range
2866161 : 0x35986dbb1292ab : 2 : ittapi_config_apply_per_lib :  ITTAPI function not implemented: __itt_suppress_clear_range
2866161 : 0x35986dbb1328c3 : 2 : ittapi_config_apply_per_lib :  ITTAPI function NOT instrumented (not matched by --itt-config option): __itt_sync_prepare

2866161 : 0x35986dbb1371cb : 2 : ittapi_config_apply_per_lib :  ITTAPI function NOT instrumented (not matched by --itt-config option): __itt_sync_cancel

2866161 : 0x35986dbb138e23 : 2 : ittapi_config_apply_per_lib :  ITTAPI function NOT instrumented (not matched by --itt-config option): __itt_sync_acquired

2866161 : 0x35986dbb13aacf : 2 : ittapi_config_apply_per_lib :  ITTAPI function NOT instrumented (not matched by --itt-config option): __itt_sync_releasing

2866161 : 0x35986dbb13d181 : 2 : ittapi_config_apply_per_lib :  ITTAPI function NOT instrumented (not matched by --itt-config option): __itt_model_site_begin

2866161 : 0x35986dbb13f8d9 : 2 : ittapi_config_apply_per_lib :  ITTAPI function NOT instrumented (not matched by --itt-config option): __itt_model_site_end

2866161 : 0x35986dbb140c95 : 2 : ittapi_config_apply_per_lib :  ITTAPI function NOT instrumented (not matched by --itt-config option): __itt_model_task_begin

2866161 : 0x35986dbb141539 : 2 : ittapi_config_apply_per_lib :  ITTAPI function NOT instrumented (not matched by --itt-config option): __itt_model_task_end

2866161 : 0x35986dbb141a31 : 2 : ittapi_config_apply_per_lib :  ITTAPI function NOT instrumented (not matched by --itt-config option): __itt_model_lock_acquire

2866161 : 0x35986dbb7e46bd : 2 : ittapi_config_apply_per_lib :  ITTAPI function NOT instrumented (not matched by --itt-config option): __itt_model_lock_release

2866161 : 0x35986dbb7e848d : 2 : ittapi_config_apply_per_lib :  ITTAPI function NOT instrumented (not matched by --itt-config option): __itt_model_record_allocation

2866161 : 0x35986dbb7eacbb : 2 : ittapi_config_apply_per_lib :  ITTAPI function NOT instrumented (not matched by --itt-config option): __itt_model_record_deallocation

2866161 : 0x35986dbb7ecb4d : 2 : ittapi_config_apply_per_lib :  ITTAPI function NOT instrumented (not matched by --itt-config option): __itt_model_induction_uses

2866161 : 0x35986dbb7eee4f : 2 : ittapi_config_apply_per_lib :  ITTAPI function NOT instrumented (not matched by --itt-config option): __itt_model_reduction_uses

2866161 : 0x35986dbb7f115f : 2 : ittapi_config_apply_per_lib :  ITTAPI function NOT instrumented (not matched by --itt-config option): __itt_model_observe_uses

2866161 : 0x35986dbb7f2e45 : 2 : ittapi_config_apply_per_lib :  ITTAPI function NOT instrumented (not matched by --itt-config option): __itt_model_clear_uses

2866161 : 0x35986dbb7f4f49 : 2 : ittapi_config_apply_per_lib :  ITTAPI function NOT instrumented (not matched by --itt-config option): __itt_model_site_beginA

2866161 : 0x35986dbb7f708f : 2 : ittapi_config_apply_per_lib :  ITTAPI function NOT instrumented (not matched by --itt-config option): __itt_model_site_beginAL

2866161 : 0x35986dbb7f76dd : 2 : ittapi_config_apply_per_lib :  ITTAPI function NOT instrumented (not matched by --itt-config option): __itt_model_task_beginA

2866161 : 0x35986dbbff0247 : 2 : ittapi_config_apply_per_lib :  ITTAPI function NOT instrumented (not matched by --itt-config option): __itt_model_task_beginAL

2866161 : 0x35986dbbff501d : 2 : ittapi_config_apply_per_lib :  ITTAPI function NOT instrumented (not matched by --itt-config option): __itt_model_iteration_taskA

2866161 : 0x35986dbbff81a7 : 2 : ittapi_config_apply_per_lib :  ITTAPI function NOT instrumented (not matched by --itt-config option): __itt_model_iteration_taskAL

2866161 : 0x35986dbbffafe3 : 2 : ittapi_config_apply_per_lib :  ITTAPI function NOT instrumented (not matched by --itt-config option): __itt_model_site_end_2

2866161 : 0x35986dbbffd95f : 2 : ittapi_config_apply_per_lib :  ITTAPI function NOT instrumented (not matched by --itt-config option): __itt_model_task_end_2

2866161 : 0x35986dbbffe1b9 : 2 : ittapi_config_apply_per_lib :  ITTAPI function NOT instrumented (not matched by --itt-config option): __itt_model_lock_acquire_2

2866161 : 0x35986dbbffe901 : 2 : ittapi_config_apply_per_lib :  ITTAPI function NOT instrumented (not matched by --itt-config option): __itt_model_lock_release_2

2866161 : 0x35986dbbfff1ef : 2 : ittapi_config_apply_per_lib :  ITTAPI function NOT instrumented (not matched by --itt-config option): __itt_model_aggregate_task

2866161 : 0x35986dbbfff97b : 2 : ittapi_config_apply_per_lib :  ITTAPI function NOT instrumented (not matched by --itt-config option): __itt_model_disable_push

2866161 : 0x35986dbc00013d : 2 : ittapi_config_apply_per_lib :  ITTAPI function NOT instrumented (not matched by --itt-config option): __itt_model_disable_pop

2866161 : 0x35986dbc670e53 : 2 : ittapi_config_apply_per_lib :  ITTAPI function instrumented: __itt_heap_function_create
2866161 : 0x35986dbc675f71 : 2 : ittapi_config_apply_per_lib :  ITTAPI function instrumented: __itt_heap_allocate_begin
2866161 : 0x35986dbc678d35 : 2 : ittapi_config_apply_per_lib :  ITTAPI function instrumented: __itt_heap_allocate_end
2866161 : 0x35986dbc67b811 : 2 : ittapi_config_apply_per_lib :  ITTAPI function instrumented: __itt_heap_free_begin
2866161 : 0x35986dbc67d479 : 2 : ittapi_config_apply_per_lib :  ITTAPI function instrumented: __itt_heap_free_end
2866161 : 0x35986dbc67dc07 : 2 : ittapi_config_apply_per_lib :  ITTAPI function instrumented: __itt_heap_reallocate_begin
2866161 : 0x35986dbc67e2ad : 2 : ittapi_config_apply_per_lib :  ITTAPI function instrumented: __itt_heap_reallocate_end
2866161 : 0x35986dbc67ef51 : 2 : ittapi_config_apply_per_lib :  ITTAPI function not implemented: __itt_heap_internal_access_begin
2866161 : 0x35986dbc680195 : 2 : ittapi_config_apply_per_lib :  ITTAPI function not implemented: __itt_heap_internal_access_end
2866161 : 0x35986dbc680aa7 : 2 : ittapi_config_apply_per_lib :  ITTAPI function not implemented: __itt_heap_record_memory_growth_begin
2866161 : 0x35986dbcdb1877 : 2 : ittapi_config_apply_per_lib :  ITTAPI function not implemented: __itt_heap_record_memory_growth_end
2866161 : 0x35986dbcdb7227 : 2 : ittapi_config_apply_per_lib :  ITTAPI function not implemented: __itt_id_create
2866161 : 0x35986dbcdba687 : 2 : ittapi_config_apply_per_lib :  ITTAPI function not implemented: __itt_id_destroy
2866161 : 0x35986dbcdbdaa9 : 2 : ittapi_config_apply_per_lib :  ITTAPI function not implemented: __itt_region_begin
2866161 : 0x35986dbcdc0b05 : 2 : ittapi_config_apply_per_lib :  ITTAPI function not implemented: __itt_region_end
2866161 : 0x35986dbcdc490f : 2 : ittapi_config_apply_per_lib :  ITTAPI function instrumented: __itt_frame_begin_v3
2866161 : 0x35986dbcdc51fb : 2 : ittapi_config_apply_per_lib :  ITTAPI function instrumented: __itt_frame_end_v3
2866161 : 0x35986dbcdc5b59 : 2 : ittapi_config_apply_per_lib :  ITTAPI function not implemented: __itt_task_group
2866161 : 0x35986dbcdc6375 : 2 : ittapi_config_apply_per_lib :  ITTAPI function instrumented: __itt_task_begin
2866161 : 0x35986dbcdc6b4d : 2 : ittapi_config_apply_per_lib :  ITTAPI function instrumented: __itt_task_begin_fn
2866161 : 0x35986dbd4c65cb : 2 : ittapi_config_apply_per_lib :  ITTAPI function instrumented: __itt_task_end
2866161 : 0x35986dbd4c70c5 : 2 : ittapi_config_apply_per_lib :  ITTAPI function NOT instrumented (not matched by --itt-config option): __itt_counter_inc_v3

2866161 : 0x35986dbd4c7a53 : 2 : ittapi_config_apply_per_lib :  ITTAPI function NOT instrumented (not matched by --itt-config option): __itt_counter_inc_delta_v3

2866161 : 0x35986dbd4c88cd : 2 : ittapi_config_apply_per_lib :  ITTAPI function not implemented: __itt_marker
2866161 : 0x35986dbd4c941b : 2 : ittapi_config_apply_per_lib :  ITTAPI function instrumented: __itt_metadata_add
2866161 : 0x35986dbd4ca171 : 2 : ittapi_config_apply_per_lib :  ITTAPI function not implemented: __itt_metadata_str_add
2866161 : 0x35986dbd4cad3d : 2 : ittapi_config_apply_per_lib :  ITTAPI function not implemented: __itt_relation_add_to_current
2866161 : 0x35986dbd4cb827 : 2 : ittapi_config_apply_per_lib :  ITTAPI function not implemented: __itt_relation_add
2866161 : 0x35986dbd4cc26b : 2 : ittapi_config_apply_per_lib :  ITTAPI function instrumented: __itt_event_create
2866161 : 0x35986dbd4cc99b : 2 : ittapi_config_apply_per_lib :  ITTAPI function NOT instrumented (not matched by --itt-config option): __itt_event_start

2866161 : 0x35986dbdbb8093 : 2 : ittapi_config_apply_per_lib :  ITTAPI function NOT instrumented (not matched by --itt-config option): __itt_event_end

2866161 : 0x35986dbdbbc805 : 2 : ittapi_config_apply_per_lib :  ITTAPI function NOT instrumented (not matched by --itt-config option): __itt_sync_set_name

2866161 : 0x35986dbdbc003b : 2 : ittapi_config_apply_per_lib :  ITTAPI function NOT instrumented (not matched by --itt-config option): __itt_notify_sync_name

2866161 : 0x35986dbdbc2be7 : 2 : ittapi_config_apply_per_lib :  ITTAPI function NOT instrumented (not matched by --itt-config option): __itt_notify_sync_prepare

2866161 : 0x35986dbdbc5537 : 2 : ittapi_config_apply_per_lib :  ITTAPI function NOT instrumented (not matched by --itt-config option): __itt_notify_sync_cancel

2866161 : 0x35986dbdbc7fad : 2 : ittapi_config_apply_per_lib :  ITTAPI function NOT instrumented (not matched by --itt-config option): __itt_notify_sync_acquired

2866161 : 0x35986dbdbcab9f : 2 : ittapi_config_apply_per_lib :  ITTAPI function NOT instrumented (not matched by --itt-config option): __itt_notify_sync_releasing

2866161 : 0x35986dbdbcefc3 : 2 : ittapi_config_apply_per_lib :  ITTAPI function not implemented: __itt_memory_read
2866161 : 0x35986dbdbcfb5d : 2 : ittapi_config_apply_per_lib :  ITTAPI function not implemented: __itt_memory_write
2866161 : 0x35986dbdbd05a7 : 2 : ittapi_config_apply_per_lib :  ITTAPI function not implemented: __itt_memory_update
2866161 : 0x35986dbe2bea1f : 2 : ittapi_config_apply_per_lib :  ITTAPI function not implemented: __itt_state_get
2866161 : 0x35986dbe2c3fbf : 2 : ittapi_config_apply_per_lib :  ITTAPI function not implemented: __itt_state_set
2866161 : 0x35986dbe2c6f27 : 2 : ittapi_config_apply_per_lib :  ITTAPI function not implemented: __itt_obj_mode_set
2866161 : 0x35986dbe2ca911 : 2 : ittapi_config_apply_per_lib :  ITTAPI function not implemented: __itt_thr_mode_set
2866161 : 0x35986dbe2cb271 : 2 : ittapi_config_apply_per_lib :  ITTAPI function instrumented: __itt_frame_create
2866161 : 0x35986dbe2cba45 : 2 : ittapi_config_apply_per_lib :  ITTAPI function instrumented: __itt_frame_begin
2866161 : 0x35986dbe2cc1ab : 2 : ittapi_config_apply_per_lib :  ITTAPI function instrumented: __itt_frame_end
2866161 : 0x35986dbe2cc8a7 : 2 : ittapi_config_apply_per_lib :  ITTAPI function instrumented: __itt_counter_create
2866161 : 0x35986dbe2ccf41 : 2 : ittapi_config_apply_per_lib :  ITTAPI function NOT instrumented (not matched by --itt-config option): __itt_counter_destroy

2866161 : 0x35986dbe2cd4a3 : 2 : ittapi_config_apply_per_lib :  ITTAPI function NOT instrumented (not matched by --itt-config option): __itt_counter_inc

2866161 : 0x35986dbea0b475 : 2 : ittapi_config_apply_per_lib :  ITTAPI function NOT instrumented (not matched by --itt-config option): __itt_counter_inc_delta

2866161 : 0x35986dbea1178f : 2 : ittapi_config_apply_per_lib :  ITTAPI function not implemented: __itt_mark_create
2866161 : 0x35986dbea15135 : 2 : ittapi_config_apply_per_lib :  ITTAPI function not implemented: __itt_mark
2866161 : 0x35986dbea17d1d : 2 : ittapi_config_apply_per_lib :  ITTAPI function not implemented: __itt_mark_off
2866161 : 0x35986dbea18499 : 2 : ittapi_config_apply_per_lib :  ITTAPI function not implemented: __itt_mark_global
2866161 : 0x35986dbea18d0d : 2 : ittapi_config_apply_per_lib :  ITTAPI function not implemented: __itt_mark_global_off
2866161 : 0x35986dbea19331 : 2 : ittapi_config_apply_per_lib :  ITTAPI function NOT instrumented (not matched by --itt-config option): __itt_stack_caller_create

2866161 : 0x35986dbea198fb : 2 : ittapi_config_apply_per_lib :  ITTAPI function NOT instrumented (not matched by --itt-config option): __itt_stack_caller_destroy

2866161 : 0x35986dbea19e93 : 2 : ittapi_config_apply_per_lib :  ITTAPI function NOT instrumented (not matched by --itt-config option): __itt_stack_callee_enter

2866161 : 0x35986dbea1a399 : 2 : ittapi_config_apply_per_lib :  ITTAPI function NOT instrumented (not matched by --itt-config option): __itt_stack_callee_leave

2866161 : 0x35986dbf08cc07 : 2 : ittapi_config_apply_per_lib :  ITTAPI function not implemented: __itt_clock_domain_create
2866161 : 0x35986dbf09281b : 2 : ittapi_config_apply_per_lib :  ITTAPI function not implemented: __itt_clock_domain_reset
2866161 : 0x35986dbf096925 : 2 : ittapi_config_apply_per_lib :  ITTAPI function not implemented: __itt_id_create_ex
2866161 : 0x35986dbf099b69 : 2 : ittapi_config_apply_per_lib :  ITTAPI function not implemented: __itt_id_destroy_ex
2866161 : 0x35986dbf09ab65 : 2 : ittapi_config_apply_per_lib :  ITTAPI function not implemented: __itt_task_begin_ex
2866161 : 0x35986dbf09b605 : 2 : ittapi_config_apply_per_lib :  ITTAPI function not implemented: __itt_task_begin_fn_ex
2866161 : 0x35986dbf09c08f : 2 : ittapi_config_apply_per_lib :  ITTAPI function not implemented: __itt_task_end_ex
2866161 : 0x35986dbf09cbcf : 2 : ittapi_config_apply_per_lib :  ITTAPI function instrumented: __itt_task_begin_overlapped
2866161 : 0x35986dbf09d67b : 2 : ittapi_config_apply_per_lib :  ITTAPI function not implemented: __itt_task_begin_overlapped_ex
2866161 : 0x35986dbf09e07d : 2 : ittapi_config_apply_per_lib :  ITTAPI function instrumented: __itt_task_end_overlapped
2866161 : 0x35986dbf7b3e3f : 2 : ittapi_config_apply_per_lib :  ITTAPI function not implemented: __itt_task_end_overlapped_ex
2866161 : 0x35986dbf7b9b7f : 2 : ittapi_config_apply_per_lib :  ITTAPI function not implemented: __itt_marker_ex
2866161 : 0x35986dbf7bd98b : 2 : ittapi_config_apply_per_lib :  ITTAPI function not implemented: __itt_metadata_add_with_scope
2866161 : 0x35986dbf7c1863 : 2 : ittapi_config_apply_per_lib :  ITTAPI function not implemented: __itt_metadata_str_add_with_scope
2866161 : 0x35986dbf7c5637 : 2 : ittapi_config_apply_per_lib :  ITTAPI function not implemented: __itt_relation_add_to_current_ex
2866161 : 0x35986dbf7c9315 : 2 : ittapi_config_apply_per_lib :  ITTAPI function not implemented: __itt_relation_add_ex
2866161 : 0x35986dbf7cb805 : 2 : ittapi_config_apply_per_lib :  ITTAPI function not implemented: __itt_track_group_create
2866161 : 0x35986dbf7cc0c1 : 2 : ittapi_config_apply_per_lib :  ITTAPI function not implemented: __itt_track_create
2866161 : 0x35986dbf7ccb1b : 2 : ittapi_config_apply_per_lib :  ITTAPI function not implemented: __itt_set_track
2866161 : 0x35986dbf7cd515 : 2 : ittapi_config_apply_per_lib :  ITTAPI function instrumented: __itt_api_version
2866161 : 0x35986dc005d44d : 2 : ittapi_config_apply_per_lib :  ITTAPI function not implemented: __itt_av_save
2866161 : 0x35986dd44ff775 : 2 : ittapi_config_mask_get :  --itt-config mask to be applied: 5
2866161 : 0x35986dd45037a3 : 2 : ittapi_config_apply_per_lib :  ITTAPI function instrumented: __itt_domain_create
2866161 : 0x35986dd450481f : 2 : ittapi_config_apply_per_lib :  ITTAPI function instrumented: __itt_string_handle_create
2866161 : 0x35986dd45051c3 : 2 : ittapi_config_apply_per_lib :  ITTAPI function instrumented: __itt_pause
2866161 : 0x35986dd4505c25 : 2 : ittapi_config_apply_per_lib :  ITTAPI function instrumented: __itt_resume
2866161 : 0x35986dd450640f : 2 : ittapi_config_apply_per_lib :  ITTAPI function instrumented: __itt_thread_set_name
2866161 : 0x35986dd4506bb9 : 2 : ittapi_config_apply_per_lib :  ITTAPI function instrumented: __itt_thread_ignore
2866161 : 0x35986dd4507563 : 2 : ittapi_config_apply_per_lib :  ITTAPI function instrumented: __itt_thr_name_set
2866161 : 0x35986dd4507cf7 : 2 : ittapi_config_apply_per_lib :  ITTAPI function instrumented: __itt_thr_ignore
2866161 : 0x35986dd4f5842b : 2 : ittapi_config_apply_per_lib :  ITTAPI function NOT instrumented (not matched by --itt-config option): __itt_sync_create

2866161 : 0x35986dd4f59a63 : 2 : ittapi_config_apply_per_lib :  ITTAPI function NOT instrumented (not matched by --itt-config option): __itt_sync_rename

2866161 : 0x35986dd4f5a20b : 2 : ittapi_config_apply_per_lib :  ITTAPI function NOT instrumented (not matched by --itt-config option): __itt_sync_destroy

2866161 : 0x35986dd4f5aa5d : 2 : ittapi_config_apply_per_lib :  ITTAPI function NOT instrumented (not matched by --itt-config option): __itt_sync_prepare

2866161 : 0x35986dd4f5b28f : 2 : ittapi_config_apply_per_lib :  ITTAPI function NOT instrumented (not matched by --itt-config option): __itt_sync_cancel

2866161 : 0x35986dd4f5b95f : 2 : ittapi_config_apply_per_lib :  ITTAPI function NOT instrumented (not matched by --itt-config option): __itt_sync_acquired

2866161 : 0x35986dd4f5c147 : 2 : ittapi_config_apply_per_lib :  ITTAPI function NOT instrumented (not matched by --itt-config option): __itt_sync_releasing

2866161 : 0x35986dd4f5d90b : 2 : ittapi_config_apply_per_lib :  ITTAPI function not implemented: __itt_suppress_push
2866161 : 0x35986dd4f5f0fd : 2 : ittapi_config_apply_per_lib :  ITTAPI function not implemented: __itt_suppress_pop
2866161 : 0x35986dd4f5fddb : 2 : ittapi_config_apply_per_lib :  ITTAPI function not implemented: __itt_suppress_mark_range
2866161 : 0x35986dd58584db : 2 : ittapi_config_apply_per_lib :  ITTAPI function not implemented: __itt_suppress_clear_range
2866161 : 0x35986dd585c4d9 : 2 : ittapi_config_apply_per_lib :  ITTAPI function NOT instrumented (not matched by --itt-config option): __itt_sync_prepare

2866161 : 0x35986dd585ea89 : 2 : ittapi_config_apply_per_lib :  ITTAPI function NOT instrumented (not matched by --itt-config option): __itt_sync_cancel

2866161 : 0x35986dd586073b : 2 : ittapi_config_apply_per_lib :  ITTAPI function NOT instrumented (not matched by --itt-config option): __itt_sync_acquired

2866161 : 0x35986dd586286f : 2 : ittapi_config_apply_per_lib :  ITTAPI function NOT instrumented (not matched by --itt-config option): __itt_sync_releasing

2866161 : 0x35986dd586313f : 2 : ittapi_config_apply_per_lib :  ITTAPI function NOT instrumented (not matched by --itt-config option): __itt_model_site_begin

2866161 : 0x35986dd58637ad : 2 : ittapi_config_apply_per_lib :  ITTAPI function NOT instrumented (not matched by --itt-config option): __itt_model_site_end

2866161 : 0x35986dd5863d87 : 2 : ittapi_config_apply_per_lib :  ITTAPI function NOT instrumented (not matched by --itt-config option): __itt_model_task_begin

2866161 : 0x35986dd58645b3 : 2 : ittapi_config_apply_per_lib :  ITTAPI function NOT instrumented (not matched by --itt-config option): __itt_model_task_end

2866161 : 0x35986dd5864acb : 2 : ittapi_config_apply_per_lib :  ITTAPI function NOT instrumented (not matched by --itt-config option): __itt_model_lock_acquire

2866161 : 0x35986dd616f95f : 2 : ittapi_config_apply_per_lib :  ITTAPI function NOT instrumented (not matched by --itt-config option): __itt_model_lock_release

2866161 : 0x35986dd61704e3 : 2 : ittapi_config_apply_per_lib :  ITTAPI function NOT instrumented (not matched by --itt-config option): __itt_model_record_allocation

2866161 : 0x35986dd6170bd3 : 2 : ittapi_config_apply_per_lib :  ITTAPI function NOT instrumented (not matched by --itt-config option): __itt_model_record_deallocation

2866161 : 0x35986dd61713d3 : 2 : ittapi_config_apply_per_lib :  ITTAPI function NOT instrumented (not matched by --itt-config option): __itt_model_induction_uses

2866161 : 0x35986dd6171e21 : 2 : ittapi_config_apply_per_lib :  ITTAPI function NOT instrumented (not matched by --itt-config option): __itt_model_reduction_uses

2866161 : 0x35986dd61726d3 : 2 : ittapi_config_apply_per_lib :  ITTAPI function NOT instrumented (not matched by --itt-config option): __itt_model_observe_uses

2866161 : 0x35986dd6172dcd : 2 : ittapi_config_apply_per_lib :  ITTAPI function NOT instrumented (not matched by --itt-config option): __itt_model_clear_uses

2866161 : 0x35986dd617355d : 2 : ittapi_config_apply_per_lib :  ITTAPI function NOT instrumented (not matched by --itt-config option): __itt_model_site_beginA

2866161 : 0x35986dd6173e0b : 2 : ittapi_config_apply_per_lib :  ITTAPI function NOT instrumented (not matched by --itt-config option): __itt_model_site_beginAL

2866161 : 0x35986dd6174615 : 2 : ittapi_config_apply_per_lib :  ITTAPI function NOT instrumented (not matched by --itt-config option): __itt_model_task_beginA

2866161 : 0x35986dd69e64a1 : 2 : ittapi_config_apply_per_lib :  ITTAPI function NOT instrumented (not matched by --itt-config option): __itt_model_task_beginAL

2866161 : 0x35986dd69e70ff : 2 : ittapi_config_apply_per_lib :  ITTAPI function NOT instrumented (not matched by --itt-config option): __itt_model_iteration_taskA

2866161 : 0x35986dd69e7927 : 2 : ittapi_config_apply_per_lib :  ITTAPI function NOT instrumented (not matched by --itt-config option): __itt_model_iteration_taskAL

2866161 : 0x35986dd69e8183 : 2 : ittapi_config_apply_per_lib :  ITTAPI function NOT instrumented (not matched by --itt-config option): __itt_model_site_end_2

2866161 : 0x35986dd69e895b : 2 : ittapi_config_apply_per_lib :  ITTAPI function NOT instrumented (not matched by --itt-config option): __itt_model_task_end_2

2866161 : 0x35986dd69e9115 : 2 : ittapi_config_apply_per_lib :  ITTAPI function NOT instrumented (not matched by --itt-config option): __itt_model_lock_acquire_2

2866161 : 0x35986dd69e9835 : 2 : ittapi_config_apply_per_lib :  ITTAPI function NOT instrumented (not matched by --itt-config option): __itt_model_lock_release_2

2866161 : 0x35986dd69ea0c1 : 2 : ittapi_config_apply_per_lib :  ITTAPI function NOT instrumented (not matched by --itt-config option): __itt_model_aggregate_task

2866161 : 0x35986dd69ea7c1 : 2 : ittapi_config_apply_per_lib :  ITTAPI function NOT instrumented (not matched by --itt-config option): __itt_model_disable_push

2866161 : 0x35986dd69eaf7f : 2 : ittapi_config_apply_per_lib :  ITTAPI function NOT instrumented (not matched by --itt-config option): __itt_model_disable_pop

2866161 : 0x35986dd71f20b9 : 2 : ittapi_config_apply_per_lib :  ITTAPI function instrumented: __itt_heap_function_create
2866161 : 0x35986dd71f7765 : 2 : ittapi_config_apply_per_lib :  ITTAPI function instrumented: __itt_heap_allocate_begin
2866161 : 0x35986dd71fb69d : 2 : ittapi_config_apply_per_lib :  ITTAPI function instrumented: __itt_heap_allocate_end
2866161 : 0x35986dd71ff02f : 2 : ittapi_config_apply_per_lib :  ITTAPI function instrumented: __itt_heap_free_begin
2866161 : 0x35986dd7202839 : 2 : ittapi_config_apply_per_lib :  ITTAPI function instrumented: __itt_heap_free_end
2866161 : 0x35986dd7204473 : 2 : ittapi_config_apply_per_lib :  ITTAPI function instrumented: __itt_heap_reallocate_begin
2866161 : 0x35986dd7204df3 : 2 : ittapi_config_apply_per_lib :  ITTAPI function instrumented: __itt_heap_reallocate_end
2866161 : 0x35986dd7205d09 : 2 : ittapi_config_apply_per_lib :  ITTAPI function not implemented: __itt_heap_internal_access_begin
2866161 : 0x35986dd72068f3 : 2 : ittapi_config_apply_per_lib :  ITTAPI function not implemented: __itt_heap_internal_access_end
2866161 : 0x35986dd72071f7 : 2 : ittapi_config_apply_per_lib :  ITTAPI function not implemented: __itt_heap_record_memory_growth_begin
2866161 : 0x35986dd78c719b : 2 : ittapi_config_apply_per_lib :  ITTAPI function not implemented: __itt_heap_record_memory_growth_end
2866161 : 0x35986dd78c8177 : 2 : ittapi_config_apply_per_lib :  ITTAPI function not implemented: __itt_id_create
2866161 : 0x35986dd78c8dd5 : 2 : ittapi_config_apply_per_lib :  ITTAPI function not implemented: __itt_id_destroy
2866161 : 0x35986dd78c9975 : 2 : ittapi_config_apply_per_lib :  ITTAPI function not implemented: __itt_region_begin
2866161 : 0x35986dd78ca509 : 2 : ittapi_config_apply_per_lib :  ITTAPI function not implemented: __itt_region_end
2866161 : 0x35986dd78cb11b : 2 : ittapi_config_apply_per_lib :  ITTAPI function instrumented: __itt_frame_begin_v3
2866161 : 0x35986dd78cbbef : 2 : ittapi_config_apply_per_lib :  ITTAPI function instrumented: __itt_frame_end_v3
2866161 : 0x35986dd78cc72f : 2 : ittapi_config_apply_per_lib :  ITTAPI function not implemented: __itt_task_group
2866161 : 0x35986dd78cd155 : 2 : ittapi_config_apply_per_lib :  ITTAPI function instrumented: __itt_task_begin
2866161 : 0x35986dd78cdb05 : 2 : ittapi_config_apply_per_lib :  ITTAPI function instrumented: __itt_task_begin_fn
2866161 : 0x35986dd807ae51 : 2 : ittapi_config_apply_per_lib :  ITTAPI function instrumented: __itt_task_end
2866161 : 0x35986dd807f29b : 2 : ittapi_config_apply_per_lib :  ITTAPI function NOT instrumented (not matched by --itt-config option): __itt_counter_inc_v3

2866161 : 0x35986dd8082091 : 2 : ittapi_config_apply_per_lib :  ITTAPI function NOT instrumented (not matched by --itt-config option): __itt_counter_inc_delta_v3

2866161 : 0x35986dd80875e1 : 2 : ittapi_config_apply_per_lib :  ITTAPI function not implemented: __itt_marker
2866161 : 0x35986dd8088481 : 2 : ittapi_config_apply_per_lib :  ITTAPI function instrumented: __itt_metadata_add
2866161 : 0x35986dd8089183 : 2 : ittapi_config_apply_per_lib :  ITTAPI function not implemented: __itt_metadata_str_add
2866161 : 0x35986dd808a457 : 2 : ittapi_config_apply_per_lib :  ITTAPI function not implemented: __itt_relation_add_to_current
2866161 : 0x35986dd808afab : 2 : ittapi_config_apply_per_lib :  ITTAPI function not implemented: __itt_relation_add
2866161 : 0x35986dd808b943 : 2 : ittapi_config_apply_per_lib :  ITTAPI function instrumented: __itt_event_create
2866161 : 0x35986dd808c073 : 2 : ittapi_config_apply_per_lib :  ITTAPI function NOT instrumented (not matched by --itt-config option): __itt_event_start

2866161 : 0x35986dd888d90b : 2 : ittapi_config_apply_per_lib :  ITTAPI function NOT instrumented (not matched by --itt-config option): __itt_event_end

2866161 : 0x35986dd888e54f : 2 : ittapi_config_apply_per_lib :  ITTAPI function NOT instrumented (not matched by --itt-config option): __itt_sync_set_name

2866161 : 0x35986dd888ed31 : 2 : ittapi_config_apply_per_lib :  ITTAPI function NOT instrumented (not matched by --itt-config option): __itt_notify_sync_name

2866161 : 0x35986dd888f47f : 2 : ittapi_config_apply_per_lib :  ITTAPI function NOT instrumented (not matched by --itt-config option): __itt_notify_sync_prepare

2866161 : 0x35986dd888fb93 : 2 : ittapi_config_apply_per_lib :  ITTAPI function NOT instrumented (not matched by --itt-config option): __itt_notify_sync_cancel

2866161 : 0x35986dd889037f : 2 : ittapi_config_apply_per_lib :  ITTAPI function NOT instrumented (not matched by --itt-config option): __itt_notify_sync_acquired

2866161 : 0x35986dd8890a6d : 2 : ittapi_config_apply_per_lib :  ITTAPI function NOT instrumented (not matched by --itt-config option): __itt_notify_sync_releasing

2866161 : 0x35986dd8891813 : 2 : ittapi_config_apply_per_lib :  ITTAPI function not implemented: __itt_memory_read
2866161 : 0x35986dd8892345 : 2 : ittapi_config_apply_per_lib :  ITTAPI function not implemented: __itt_memory_write
2866161 : 0x35986dd8892edb : 2 : ittapi_config_apply_per_lib :  ITTAPI function not implemented: __itt_memory_update
2866161 : 0x35986dd90ca3ad : 2 : ittapi_config_apply_per_lib :  ITTAPI function not implemented: __itt_state_get
2866161 : 0x35986dd90d01fb : 2 : ittapi_config_apply_per_lib :  ITTAPI function not implemented: __itt_state_set
2866161 : 0x35986dd90d4579 : 2 : ittapi_config_apply_per_lib :  ITTAPI function not implemented: __itt_obj_mode_set
2866161 : 0x35986dd90d83b9 : 2 : ittapi_config_apply_per_lib :  ITTAPI function not implemented: __itt_thr_mode_set
2866161 : 0x35986dd90d8d3f : 2 : ittapi_config_apply_per_lib :  ITTAPI function instrumented: __itt_frame_create
2866161 : 0x35986dd90d9885 : 2 : ittapi_config_apply_per_lib :  ITTAPI function instrumented: __itt_frame_begin
2866161 : 0x35986dd90da2a7 : 2 : ittapi_config_apply_per_lib :  ITTAPI function instrumented: __itt_frame_end
2866161 : 0x35986dd90dad2d : 2 : ittapi_config_apply_per_lib :  ITTAPI function instrumented: __itt_counter_create
2866161 : 0x35986dd90db513 : 2 : ittapi_config_apply_per_lib :  ITTAPI function NOT instrumented (not matched by --itt-config option): __itt_counter_destroy

2866161 : 0x35986dd90dbd75 : 2 : ittapi_config_apply_per_lib :  ITTAPI function NOT instrumented (not matched by --itt-config option): __itt_counter_inc

2866161 : 0x35986dd98103bd : 2 : ittapi_config_apply_per_lib :  ITTAPI function NOT instrumented (not matched by --itt-config option): __itt_counter_inc_delta

2866161 : 0x35986dd9816699 : 2 : ittapi_config_apply_per_lib :  ITTAPI function not implemented: __itt_mark_create
2866161 : 0x35986dd981b471 : 2 : ittapi_config_apply_per_lib :  ITTAPI function not implemented: __itt_mark
2866161 : 0x35986dd981fbb1 : 2 : ittapi_config_apply_per_lib :  ITTAPI function not implemented: __itt_mark_off
2866161 : 0x35986dd98241bf : 2 : ittapi_config_apply_per_lib :  ITTAPI function not implemented: __itt_mark_global
2866161 : 0x35986dd9824d0b : 2 : ittapi_config_apply_per_lib :  ITTAPI function not implemented: __itt_mark_global_off
2866161 : 0x35986dd9825521 : 2 : ittapi_config_apply_per_lib :  ITTAPI function NOT instrumented (not matched by --itt-config option): __itt_stack_caller_create

2866161 : 0x35986dd9825c8d : 2 : ittapi_config_apply_per_lib :  ITTAPI function NOT instrumented (not matched by --itt-config option): __itt_stack_caller_destroy

2866161 : 0x35986dd98263b9 : 2 : ittapi_config_apply_per_lib :  ITTAPI function NOT instrumented (not matched by --itt-config option): __itt_stack_callee_enter

2866161 : 0x35986dd9826a39 : 2 : ittapi_config_apply_per_lib :  ITTAPI function NOT instrumented (not matched by --itt-config option): __itt_stack_callee_leave

2866161 : 0x35986dd9f84d7f : 2 : ittapi_config_apply_per_lib :  ITTAPI function not implemented: __itt_clock_domain_create
2866161 : 0x35986dd9f8a955 : 2 : ittapi_config_apply_per_lib :  ITTAPI function not implemented: __itt_clock_domain_reset
2866161 : 0x35986dd9f8da1f : 2 : ittapi_config_apply_per_lib :  ITTAPI function not implemented: __itt_id_create_ex
2866161 : 0x35986dd9f8e5cf : 2 : ittapi_config_apply_per_lib :  ITTAPI function not implemented: __itt_id_destroy_ex
2866161 : 0x35986dd9f8f169 : 2 : ittapi_config_apply_per_lib :  ITTAPI function not implemented: __itt_task_begin_ex
2866161 : 0x35986dd9f8fca5 : 2 : ittapi_config_apply_per_lib :  ITTAPI function not implemented: __itt_task_begin_fn_ex
2866161 : 0x35986dd9f9084f : 2 : ittapi_config_apply_per_lib :  ITTAPI function not implemented: __itt_task_end_ex
2866161 : 0x35986dd9f91367 : 2 : ittapi_config_apply_per_lib :  ITTAPI function instrumented: __itt_task_begin_overlapped
2866161 : 0x35986dd9f91daf : 2 : ittapi_config_apply_per_lib :  ITTAPI function not implemented: __itt_task_begin_overlapped_ex
2866161 : 0x35986dd9f92779 : 2 : ittapi_config_apply_per_lib :  ITTAPI function instrumented: __itt_task_end_overlapped
2866161 : 0x35986dda764751 : 2 : ittapi_config_apply_per_lib :  ITTAPI function not implemented: __itt_task_end_overlapped_ex
2866161 : 0x35986dda7657ad : 2 : ittapi_config_apply_per_lib :  ITTAPI function not implemented: __itt_marker_ex
2866161 : 0x35986dda7663b9 : 2 : ittapi_config_apply_per_lib :  ITTAPI function not implemented: __itt_metadata_add_with_scope
2866161 : 0x35986dda766eb7 : 2 : ittapi_config_apply_per_lib :  ITTAPI function not implemented: __itt_metadata_str_add_with_scope
2866161 : 0x35986dda7679d5 : 2 : ittapi_config_apply_per_lib :  ITTAPI function not implemented: __itt_relation_add_to_current_ex
2866161 : 0x35986dda7684b9 : 2 : ittapi_config_apply_per_lib :  ITTAPI function not implemented: __itt_relation_add_ex
2866161 : 0x35986dda768f11 : 2 : ittapi_config_apply_per_lib :  ITTAPI function not implemented: __itt_track_group_create
2866161 : 0x35986dda7697fb : 2 : ittapi_config_apply_per_lib :  ITTAPI function not implemented: __itt_track_create
2866161 : 0x35986dda76a291 : 2 : ittapi_config_apply_per_lib :  ITTAPI function not implemented: __itt_set_track
2866161 : 0x35986dda76ace3 : 2 : ittapi_config_apply_per_lib :  ITTAPI function instrumented: __itt_api_version
2866161 : 0x35986ddb0735a5 : 2 : ittapi_config_apply_per_lib :  ITTAPI function not implemented: __itt_av_save