callchain: type DWARF
callchain: stack dump size 1024
Using CPUID GenuineIntel-6-8D-1
DEBUGINFOD_URLS=
Compression enabled, disabling build id collection at the end of the session.
nr_cblocks: 0
affinity: SYS
mmap flush: 1
comp level: 1
WARNING: The use of --call-graph=dwarf may require all the user registers, specifying a subset with --user-regs may render DWARF unwinding unreliable, so the minimal registers set (IP, SP) is explicitly forced.
WARNING: The use of --call-graph=dwarf may require all the user registers, specifying a subset with --user-regs may render DWARF unwinding unreliable, so the minimal registers set (IP, SP) is explicitly forced.
WARNING: The use of --call-graph=dwarf may require all the user registers, specifying a subset with --user-regs may render DWARF unwinding unreliable, so the minimal registers set (IP, SP) is explicitly forced.
WARNING: The use of --call-graph=dwarf may require all the user registers, specifying a subset with --user-regs may render DWARF unwinding unreliable, so the minimal registers set (IP, SP) is explicitly forced.
WARNING: The use of --call-graph=dwarf may require all the user registers, specifying a subset with --user-regs may render DWARF unwinding unreliable, so the minimal registers set (IP, SP) is explicitly forced.
mmap size 528384B
Control descriptor is not initialized

553254:perf-sync:ready:TSC=14680418968424587
[ perf record: Woken up 1 times to write data ]
failed to write feature HYBRID_TOPOLOGY
failed to write feature HYBRID_CPU_PMU_CAPS
[ perf record: Captured and wrote 0.140 MB /home/u183985/Compu_paralela_III/CPAR_GPUs/r005go/data.0/temp.dryrun.perf, compressed (original 0.138 MB, ratio is 17.395) ]
