
553297 : 0x3427c5c4c2afa5 : 1 : spill_jit_data :  Jit agent is not initialized
553259 : 0x3427c5c52c34a3 : 2 : ittapi_config_mask_get :  --itt-config mask to be applied: 5
553259 : 0x3427c5c52c65bd : 2 : ittapi_config_apply_per_lib :  ITTAPI function instrumented: __itt_domain_create
553259 : 0x3427c5c52c74f7 : 2 : ittapi_config_apply_per_lib :  ITTAPI function instrumented: __itt_string_handle_create
553259 : 0x3427c5c52c81a5 : 2 : ittapi_config_apply_per_lib :  ITTAPI function instrumented: __itt_pause
553259 : 0x3427c5c52c8da5 : 2 : ittapi_config_apply_per_lib :  ITTAPI function instrumented: __itt_resume
553259 : 0x3427c5c52c9769 : 2 : ittapi_config_apply_per_lib :  ITTAPI function instrumented: __itt_thread_set_name
553259 : 0x3427c5c52ca1f7 : 2 : ittapi_config_apply_per_lib :  ITTAPI function instrumented: __itt_thread_ignore
553259 : 0x3427c5c52cacb3 : 2 : ittapi_config_apply_per_lib :  ITTAPI function instrumented: __itt_thr_name_set
553259 : 0x3427c5c52cb753 : 2 : ittapi_config_apply_per_lib :  ITTAPI function instrumented: __itt_thr_ignore
553259 : 0x3427c5c5a3ce8d : 2 : ittapi_config_apply_per_lib :  ITTAPI function NOT instrumented (not matched by --itt-config option): __itt_sync_create

553259 : 0x3427c5c5a3f31b : 2 : ittapi_config_apply_per_lib :  ITTAPI function NOT instrumented (not matched by --itt-config option): __itt_sync_rename

553259 : 0x3427c5c5a3fbdd : 2 : ittapi_config_apply_per_lib :  ITTAPI function NOT instrumented (not matched by --itt-config option): __itt_sync_destroy

553259 : 0x3427c5c5a4023d : 2 : ittapi_config_apply_per_lib :  ITTAPI function NOT instrumented (not matched by --itt-config option): __itt_sync_prepare

553259 : 0x3427c5c5a4084f : 2 : ittapi_config_apply_per_lib :  ITTAPI function NOT instrumented (not matched by --itt-config option): __itt_sync_cancel

553259 : 0x3427c5c5a40f1d : 2 : ittapi_config_apply_per_lib :  ITTAPI function NOT instrumented (not matched by --itt-config option): __itt_sync_acquired

553259 : 0x3427c5c5a41519 : 2 : ittapi_config_apply_per_lib :  ITTAPI function NOT instrumented (not matched by --itt-config option): __itt_sync_releasing

553259 : 0x3427c5c5a434b3 : 2 : ittapi_config_apply_per_lib :  ITTAPI function not implemented: __itt_suppress_push
553259 : 0x3427c5c5a444d9 : 2 : ittapi_config_apply_per_lib :  ITTAPI function not implemented: __itt_suppress_pop
553259 : 0x3427c5c5a44feb : 2 : ittapi_config_apply_per_lib :  ITTAPI function not implemented: __itt_suppress_mark_range
553259 : 0x3427c5c603bafb : 2 : ittapi_config_apply_per_lib :  ITTAPI function not implemented: __itt_suppress_clear_range
553259 : 0x3427c5c603cc39 : 2 : ittapi_config_apply_per_lib :  ITTAPI function NOT instrumented (not matched by --itt-config option): __itt_sync_prepare

553259 : 0x3427c5c603d367 : 2 : ittapi_config_apply_per_lib :  ITTAPI function NOT instrumented (not matched by --itt-config option): __itt_sync_cancel

553259 : 0x3427c5c603d917 : 2 : ittapi_config_apply_per_lib :  ITTAPI function NOT instrumented (not matched by --itt-config option): __itt_sync_acquired

553259 : 0x3427c5c603ddd5 : 2 : ittapi_config_apply_per_lib :  ITTAPI function NOT instrumented (not matched by --itt-config option): __itt_sync_releasing

553259 : 0x3427c5c603e44b : 2 : ittapi_config_apply_per_lib :  ITTAPI function NOT instrumented (not matched by --itt-config option): __itt_model_site_begin

553259 : 0x3427c5c603ee1b : 2 : ittapi_config_apply_per_lib :  ITTAPI function NOT instrumented (not matched by --itt-config option): __itt_model_site_end

553259 : 0x3427c5c603f451 : 2 : ittapi_config_apply_per_lib :  ITTAPI function NOT instrumented (not matched by --itt-config option): __itt_model_task_begin

553259 : 0x3427c5c603fbbf : 2 : ittapi_config_apply_per_lib :  ITTAPI function NOT instrumented (not matched by --itt-config option): __itt_model_task_end

553259 : 0x3427c5c6040137 : 2 : ittapi_config_apply_per_lib :  ITTAPI function NOT instrumented (not matched by --itt-config option): __itt_model_lock_acquire

553259 : 0x3427c5c67bf6ef : 2 : ittapi_config_apply_per_lib :  ITTAPI function NOT instrumented (not matched by --itt-config option): __itt_model_lock_release

553259 : 0x3427c5c67c1353 : 2 : ittapi_config_apply_per_lib :  ITTAPI function NOT instrumented (not matched by --itt-config option): __itt_model_record_allocation

553259 : 0x3427c5c67c1a27 : 2 : ittapi_config_apply_per_lib :  ITTAPI function NOT instrumented (not matched by --itt-config option): __itt_model_record_deallocation

553259 : 0x3427c5c67c208b : 2 : ittapi_config_apply_per_lib :  ITTAPI function NOT instrumented (not matched by --itt-config option): __itt_model_induction_uses

553259 : 0x3427c5c67c2751 : 2 : ittapi_config_apply_per_lib :  ITTAPI function NOT instrumented (not matched by --itt-config option): __itt_model_reduction_uses

553259 : 0x3427c5c67c2ced : 2 : ittapi_config_apply_per_lib :  ITTAPI function NOT instrumented (not matched by --itt-config option): __itt_model_observe_uses

553259 : 0x3427c5c67c3205 : 2 : ittapi_config_apply_per_lib :  ITTAPI function NOT instrumented (not matched by --itt-config option): __itt_model_clear_uses

553259 : 0x3427c5c67c3737 : 2 : ittapi_config_apply_per_lib :  ITTAPI function NOT instrumented (not matched by --itt-config option): __itt_model_site_beginA

553259 : 0x3427c5c67c3c45 : 2 : ittapi_config_apply_per_lib :  ITTAPI function NOT instrumented (not matched by --itt-config option): __itt_model_site_beginAL

553259 : 0x3427c5c67c428b : 2 : ittapi_config_apply_per_lib :  ITTAPI function NOT instrumented (not matched by --itt-config option): __itt_model_task_beginA

553259 : 0x3427c5c6e67efb : 2 : ittapi_config_apply_per_lib :  ITTAPI function NOT instrumented (not matched by --itt-config option): __itt_model_task_beginAL

553259 : 0x3427c5c6e6ad7d : 2 : ittapi_config_apply_per_lib :  ITTAPI function NOT instrumented (not matched by --itt-config option): __itt_model_iteration_taskA

553259 : 0x3427c5c6e6b3bd : 2 : ittapi_config_apply_per_lib :  ITTAPI function NOT instrumented (not matched by --itt-config option): __itt_model_iteration_taskAL

553259 : 0x3427c5c6e6ba47 : 2 : ittapi_config_apply_per_lib :  ITTAPI function NOT instrumented (not matched by --itt-config option): __itt_model_site_end_2

553259 : 0x3427c5c6e6c133 : 2 : ittapi_config_apply_per_lib :  ITTAPI function NOT instrumented (not matched by --itt-config option): __itt_model_task_end_2

553259 : 0x3427c5c6e6c685 : 2 : ittapi_config_apply_per_lib :  ITTAPI function NOT instrumented (not matched by --itt-config option): __itt_model_lock_acquire_2

553259 : 0x3427c5c6e6cc37 : 2 : ittapi_config_apply_per_lib :  ITTAPI function NOT instrumented (not matched by --itt-config option): __itt_model_lock_release_2

553259 : 0x3427c5c6e6da51 : 2 : ittapi_config_apply_per_lib :  ITTAPI function NOT instrumented (not matched by --itt-config option): __itt_model_aggregate_task

553259 : 0x3427c5c6e6e017 : 2 : ittapi_config_apply_per_lib :  ITTAPI function NOT instrumented (not matched by --itt-config option): __itt_model_disable_push

553259 : 0x3427c5c6e6e501 : 2 : ittapi_config_apply_per_lib :  ITTAPI function NOT instrumented (not matched by --itt-config option): __itt_model_disable_pop

553259 : 0x3427c5c7444a4b : 2 : ittapi_config_apply_per_lib :  ITTAPI function instrumented: __itt_heap_function_create
553259 : 0x3427c5c7445bd9 : 2 : ittapi_config_apply_per_lib :  ITTAPI function instrumented: __itt_heap_allocate_begin
553259 : 0x3427c5c74463a1 : 2 : ittapi_config_apply_per_lib :  ITTAPI function instrumented: __itt_heap_allocate_end
553259 : 0x3427c5c7446beb : 2 : ittapi_config_apply_per_lib :  ITTAPI function instrumented: __itt_heap_free_begin
553259 : 0x3427c5c74473f1 : 2 : ittapi_config_apply_per_lib :  ITTAPI function instrumented: __itt_heap_free_end
553259 : 0x3427c5c7447b9f : 2 : ittapi_config_apply_per_lib :  ITTAPI function instrumented: __itt_heap_reallocate_begin
553259 : 0x3427c5c744824f : 2 : ittapi_config_apply_per_lib :  ITTAPI function instrumented: __itt_heap_reallocate_end
553259 : 0x3427c5c7449039 : 2 : ittapi_config_apply_per_lib :  ITTAPI function not implemented: __itt_heap_internal_access_begin
553259 : 0x3427c5c7449a39 : 2 : ittapi_config_apply_per_lib :  ITTAPI function not implemented: __itt_heap_internal_access_end
553259 : 0x3427c5c744a34d : 2 : ittapi_config_apply_per_lib :  ITTAPI function not implemented: __itt_heap_record_memory_growth_begin
553259 : 0x3427c5c7af5b9d : 2 : ittapi_config_apply_per_lib :  ITTAPI function not implemented: __itt_heap_record_memory_growth_end
553259 : 0x3427c5c7af6bff : 2 : ittapi_config_apply_per_lib :  ITTAPI function not implemented: __itt_id_create
553259 : 0x3427c5c7af7561 : 2 : ittapi_config_apply_per_lib :  ITTAPI function not implemented: __itt_id_destroy
553259 : 0x3427c5c7af7e8d : 2 : ittapi_config_apply_per_lib :  ITTAPI function not implemented: __itt_region_begin
553259 : 0x3427c5c7af874d : 2 : ittapi_config_apply_per_lib :  ITTAPI function not implemented: __itt_region_end
553259 : 0x3427c5c7af9171 : 2 : ittapi_config_apply_per_lib :  ITTAPI function instrumented: __itt_frame_begin_v3
553259 : 0x3427c5c7af9b45 : 2 : ittapi_config_apply_per_lib :  ITTAPI function instrumented: __itt_frame_end_v3
553259 : 0x3427c5c7afa5a7 : 2 : ittapi_config_apply_per_lib :  ITTAPI function not implemented: __itt_task_group
553259 : 0x3427c5c7afadfb : 2 : ittapi_config_apply_per_lib :  ITTAPI function instrumented: __itt_task_begin
553259 : 0x3427c5c7afb757 : 2 : ittapi_config_apply_per_lib :  ITTAPI function instrumented: __itt_task_begin_fn
553259 : 0x3427c5c8128e57 : 2 : ittapi_config_apply_per_lib :  ITTAPI function instrumented: __itt_task_end
553259 : 0x3427c5c8129aed : 2 : ittapi_config_apply_per_lib :  ITTAPI function NOT instrumented (not matched by --itt-config option): __itt_counter_inc_v3

553259 : 0x3427c5c812a137 : 2 : ittapi_config_apply_per_lib :  ITTAPI function NOT instrumented (not matched by --itt-config option): __itt_counter_inc_delta_v3

553259 : 0x3427c5c812ab29 : 2 : ittapi_config_apply_per_lib :  ITTAPI function not implemented: __itt_marker
553259 : 0x3427c5c812b30f : 2 : ittapi_config_apply_per_lib :  ITTAPI function instrumented: __itt_metadata_add
553259 : 0x3427c5c812bc95 : 2 : ittapi_config_apply_per_lib :  ITTAPI function not implemented: __itt_metadata_str_add
553259 : 0x3427c5c812c70f : 2 : ittapi_config_apply_per_lib :  ITTAPI function not implemented: __itt_relation_add_to_current
553259 : 0x3427c5c812d075 : 2 : ittapi_config_apply_per_lib :  ITTAPI function not implemented: __itt_relation_add
553259 : 0x3427c5c812d90b : 2 : ittapi_config_apply_per_lib :  ITTAPI function instrumented: __itt_event_create
553259 : 0x3427c5c812de33 : 2 : ittapi_config_apply_per_lib :  ITTAPI function NOT instrumented (not matched by --itt-config option): __itt_event_start

553259 : 0x3427c5c877e7ad : 2 : ittapi_config_apply_per_lib :  ITTAPI function NOT instrumented (not matched by --itt-config option): __itt_event_end

553259 : 0x3427c5c8782b19 : 2 : ittapi_config_apply_per_lib :  ITTAPI function NOT instrumented (not matched by --itt-config option): __itt_sync_set_name

553259 : 0x3427c5c8784f3b : 2 : ittapi_config_apply_per_lib :  ITTAPI function NOT instrumented (not matched by --itt-config option): __itt_notify_sync_name

553259 : 0x3427c5c878728d : 2 : ittapi_config_apply_per_lib :  ITTAPI function NOT instrumented (not matched by --itt-config option): __itt_notify_sync_prepare

553259 : 0x3427c5c87890bf : 2 : ittapi_config_apply_per_lib :  ITTAPI function NOT instrumented (not matched by --itt-config option): __itt_notify_sync_cancel

553259 : 0x3427c5c878b043 : 2 : ittapi_config_apply_per_lib :  ITTAPI function NOT instrumented (not matched by --itt-config option): __itt_notify_sync_acquired

553259 : 0x3427c5c878cbdd : 2 : ittapi_config_apply_per_lib :  ITTAPI function NOT instrumented (not matched by --itt-config option): __itt_notify_sync_releasing

553259 : 0x3427c5c8790c7b : 2 : ittapi_config_apply_per_lib :  ITTAPI function not implemented: __itt_memory_read
553259 : 0x3427c5c87946ff : 2 : ittapi_config_apply_per_lib :  ITTAPI function not implemented: __itt_memory_write
553259 : 0x3427c5c8796b39 : 2 : ittapi_config_apply_per_lib :  ITTAPI function not implemented: __itt_memory_update
553259 : 0x3427c5c8eb77c9 : 2 : ittapi_config_apply_per_lib :  ITTAPI function not implemented: __itt_state_get
553259 : 0x3427c5c8eb85dd : 2 : ittapi_config_apply_per_lib :  ITTAPI function not implemented: __itt_state_set
553259 : 0x3427c5c8eb900f : 2 : ittapi_config_apply_per_lib :  ITTAPI function not implemented: __itt_obj_mode_set
553259 : 0x3427c5c8eb9c5b : 2 : ittapi_config_apply_per_lib :  ITTAPI function not implemented: __itt_thr_mode_set
553259 : 0x3427c5c8eba561 : 2 : ittapi_config_apply_per_lib :  ITTAPI function instrumented: __itt_frame_create
553259 : 0x3427c5c8ebb0d9 : 2 : ittapi_config_apply_per_lib :  ITTAPI function instrumented: __itt_frame_begin
553259 : 0x3427c5c8ebba5f : 2 : ittapi_config_apply_per_lib :  ITTAPI function instrumented: __itt_frame_end
553259 : 0x3427c5c8ebc3d9 : 2 : ittapi_config_apply_per_lib :  ITTAPI function instrumented: __itt_counter_create
553259 : 0x3427c5c8ebcc73 : 2 : ittapi_config_apply_per_lib :  ITTAPI function NOT instrumented (not matched by --itt-config option): __itt_counter_destroy

553259 : 0x3427c5c8ebd3b9 : 2 : ittapi_config_apply_per_lib :  ITTAPI function NOT instrumented (not matched by --itt-config option): __itt_counter_inc

553259 : 0x3427c5c94d22fb : 2 : ittapi_config_apply_per_lib :  ITTAPI function NOT instrumented (not matched by --itt-config option): __itt_counter_inc_delta

553259 : 0x3427c5c94d32a9 : 2 : ittapi_config_apply_per_lib :  ITTAPI function not implemented: __itt_mark_create
553259 : 0x3427c5c94d3c2d : 2 : ittapi_config_apply_per_lib :  ITTAPI function not implemented: __itt_mark
553259 : 0x3427c5c94d453f : 2 : ittapi_config_apply_per_lib :  ITTAPI function not implemented: __itt_mark_off
553259 : 0x3427c5c94d4cd7 : 2 : ittapi_config_apply_per_lib :  ITTAPI function not implemented: __itt_mark_global
553259 : 0x3427c5c94d5529 : 2 : ittapi_config_apply_per_lib :  ITTAPI function not implemented: __itt_mark_global_off
553259 : 0x3427c5c94d5c1f : 2 : ittapi_config_apply_per_lib :  ITTAPI function NOT instrumented (not matched by --itt-config option): __itt_stack_caller_create

553259 : 0x3427c5c94d61bb : 2 : ittapi_config_apply_per_lib :  ITTAPI function NOT instrumented (not matched by --itt-config option): __itt_stack_caller_destroy

553259 : 0x3427c5c94d673b : 2 : ittapi_config_apply_per_lib :  ITTAPI function NOT instrumented (not matched by --itt-config option): __itt_stack_callee_enter

553259 : 0x3427c5c94d6c3b : 2 : ittapi_config_apply_per_lib :  ITTAPI function NOT instrumented (not matched by --itt-config option): __itt_stack_callee_leave

553259 : 0x3427c5c9babf07 : 2 : ittapi_config_apply_per_lib :  ITTAPI function not implemented: __itt_clock_domain_create
553259 : 0x3427c5c9bacd39 : 2 : ittapi_config_apply_per_lib :  ITTAPI function not implemented: __itt_clock_domain_reset
553259 : 0x3427c5c9bad765 : 2 : ittapi_config_apply_per_lib :  ITTAPI function not implemented: __itt_id_create_ex
553259 : 0x3427c5c9bae317 : 2 : ittapi_config_apply_per_lib :  ITTAPI function not implemented: __itt_id_destroy_ex
553259 : 0x3427c5c9baf631 : 2 : ittapi_config_apply_per_lib :  ITTAPI function not implemented: __itt_task_begin_ex
553259 : 0x3427c5c9bb0143 : 2 : ittapi_config_apply_per_lib :  ITTAPI function not implemented: __itt_task_begin_fn_ex
553259 : 0x3427c5c9bb0b89 : 2 : ittapi_config_apply_per_lib :  ITTAPI function not implemented: __itt_task_end_ex
553259 : 0x3427c5c9bb1777 : 2 : ittapi_config_apply_per_lib :  ITTAPI function instrumented: __itt_task_begin_overlapped
553259 : 0x3427c5c9bb2205 : 2 : ittapi_config_apply_per_lib :  ITTAPI function not implemented: __itt_task_begin_overlapped_ex
553259 : 0x3427c5c9bb2b6b : 2 : ittapi_config_apply_per_lib :  ITTAPI function instrumented: __itt_task_end_overlapped
553259 : 0x3427c5ca355adf : 2 : ittapi_config_apply_per_lib :  ITTAPI function not implemented: __itt_task_end_overlapped_ex
553259 : 0x3427c5ca35bda1 : 2 : ittapi_config_apply_per_lib :  ITTAPI function not implemented: __itt_marker_ex
553259 : 0x3427c5ca3602c5 : 2 : ittapi_config_apply_per_lib :  ITTAPI function not implemented: __itt_metadata_add_with_scope
553259 : 0x3427c5ca36475f : 2 : ittapi_config_apply_per_lib :  ITTAPI function not implemented: __itt_metadata_str_add_with_scope
553259 : 0x3427c5ca36844d : 2 : ittapi_config_apply_per_lib :  ITTAPI function not implemented: __itt_relation_add_to_current_ex
553259 : 0x3427c5ca36cbe9 : 2 : ittapi_config_apply_per_lib :  ITTAPI function not implemented: __itt_relation_add_ex
553259 : 0x3427c5ca36d527 : 2 : ittapi_config_apply_per_lib :  ITTAPI function not implemented: __itt_track_group_create
553259 : 0x3427c5ca36ddf1 : 2 : ittapi_config_apply_per_lib :  ITTAPI function not implemented: __itt_track_create
553259 : 0x3427c5ca36e6c1 : 2 : ittapi_config_apply_per_lib :  ITTAPI function not implemented: __itt_set_track
553259 : 0x3427c5ca36ef3b : 2 : ittapi_config_apply_per_lib :  ITTAPI function instrumented: __itt_api_version
553259 : 0x3427c5cac3cc01 : 2 : ittapi_config_apply_per_lib :  ITTAPI function not implemented: __itt_av_save
553259 : 0x3427c62e15816f : 2 : ittapi_config_mask_get :  --itt-config mask to be applied: 5
553259 : 0x3427c62e15fe23 : 2 : ittapi_config_apply_per_lib :  ITTAPI function instrumented: __itt_domain_create
553259 : 0x3427c62e16245d : 2 : ittapi_config_apply_per_lib :  ITTAPI function instrumented: __itt_string_handle_create
553259 : 0x3427c62e16449d : 2 : ittapi_config_apply_per_lib :  ITTAPI function instrumented: __itt_pause
553259 : 0x3427c62e16611d : 2 : ittapi_config_apply_per_lib :  ITTAPI function instrumented: __itt_resume
553259 : 0x3427c62e167a31 : 2 : ittapi_config_apply_per_lib :  ITTAPI function instrumented: __itt_thread_set_name
553259 : 0x3427c62e169237 : 2 : ittapi_config_apply_per_lib :  ITTAPI function instrumented: __itt_thread_ignore
553259 : 0x3427c62e16abdd : 2 : ittapi_config_apply_per_lib :  ITTAPI function instrumented: __itt_thr_name_set
553259 : 0x3427c62e16c3e3 : 2 : ittapi_config_apply_per_lib :  ITTAPI function instrumented: __itt_thr_ignore
553259 : 0x3427c62f0780cb : 2 : ittapi_config_apply_per_lib :  ITTAPI function NOT instrumented (not matched by --itt-config option): __itt_sync_create

553259 : 0x3427c62f07f40b : 2 : ittapi_config_apply_per_lib :  ITTAPI function NOT instrumented (not matched by --itt-config option): __itt_sync_rename

553259 : 0x3427c62f0811ad : 2 : ittapi_config_apply_per_lib :  ITTAPI function NOT instrumented (not matched by --itt-config option): __itt_sync_destroy

553259 : 0x3427c62f082b73 : 2 : ittapi_config_apply_per_lib :  ITTAPI function NOT instrumented (not matched by --itt-config option): __itt_sync_prepare

553259 : 0x3427c62f084393 : 2 : ittapi_config_apply_per_lib :  ITTAPI function NOT instrumented (not matched by --itt-config option): __itt_sync_cancel

553259 : 0x3427c62f085ae9 : 2 : ittapi_config_apply_per_lib :  ITTAPI function NOT instrumented (not matched by --itt-config option): __itt_sync_acquired

553259 : 0x3427c62f086c75 : 2 : ittapi_config_apply_per_lib :  ITTAPI function NOT instrumented (not matched by --itt-config option): __itt_sync_releasing

553259 : 0x3427c62f08bfcd : 2 : ittapi_config_apply_per_lib :  ITTAPI function not implemented: __itt_suppress_push
553259 : 0x3427c62f08f0c7 : 2 : ittapi_config_apply_per_lib :  ITTAPI function not implemented: __itt_suppress_pop
553259 : 0x3427c62f0913cd : 2 : ittapi_config_apply_per_lib :  ITTAPI function not implemented: __itt_suppress_mark_range
553259 : 0x3427c62fa45207 : 2 : ittapi_config_apply_per_lib :  ITTAPI function not implemented: __itt_suppress_clear_range
553259 : 0x3427c62fa47355 : 2 : ittapi_config_apply_per_lib :  ITTAPI function NOT instrumented (not matched by --itt-config option): __itt_sync_prepare

553259 : 0x3427c62fa47bdb : 2 : ittapi_config_apply_per_lib :  ITTAPI function NOT instrumented (not matched by --itt-config option): __itt_sync_cancel

553259 : 0x3427c62fa48137 : 2 : ittapi_config_apply_per_lib :  ITTAPI function NOT instrumented (not matched by --itt-config option): __itt_sync_acquired

553259 : 0x3427c62fa4865b : 2 : ittapi_config_apply_per_lib :  ITTAPI function NOT instrumented (not matched by --itt-config option): __itt_sync_releasing

553259 : 0x3427c62fa48bdd : 2 : ittapi_config_apply_per_lib :  ITTAPI function NOT instrumented (not matched by --itt-config option): __itt_model_site_begin

553259 : 0x3427c62fa4922f : 2 : ittapi_config_apply_per_lib :  ITTAPI function NOT instrumented (not matched by --itt-config option): __itt_model_site_end

553259 : 0x3427c62fa49841 : 2 : ittapi_config_apply_per_lib :  ITTAPI function NOT instrumented (not matched by --itt-config option): __itt_model_task_begin

553259 : 0x3427c62fa49f6b : 2 : ittapi_config_apply_per_lib :  ITTAPI function NOT instrumented (not matched by --itt-config option): __itt_model_task_end

553259 : 0x3427c62fa4a4ad : 2 : ittapi_config_apply_per_lib :  ITTAPI function NOT instrumented (not matched by --itt-config option): __itt_model_lock_acquire

553259 : 0x3427c63039432f : 2 : ittapi_config_apply_per_lib :  ITTAPI function NOT instrumented (not matched by --itt-config option): __itt_model_lock_release

553259 : 0x3427c63039d561 : 2 : ittapi_config_apply_per_lib :  ITTAPI function NOT instrumented (not matched by --itt-config option): __itt_model_record_allocation

553259 : 0x3427c6303a08af : 2 : ittapi_config_apply_per_lib :  ITTAPI function NOT instrumented (not matched by --itt-config option): __itt_model_record_deallocation

553259 : 0x3427c6303a3a81 : 2 : ittapi_config_apply_per_lib :  ITTAPI function NOT instrumented (not matched by --itt-config option): __itt_model_induction_uses

553259 : 0x3427c6303a6c17 : 2 : ittapi_config_apply_per_lib :  ITTAPI function NOT instrumented (not matched by --itt-config option): __itt_model_reduction_uses

553259 : 0x3427c6303a8c57 : 2 : ittapi_config_apply_per_lib :  ITTAPI function NOT instrumented (not matched by --itt-config option): __itt_model_observe_uses

553259 : 0x3427c6303a9337 : 2 : ittapi_config_apply_per_lib :  ITTAPI function NOT instrumented (not matched by --itt-config option): __itt_model_clear_uses

553259 : 0x3427c6303a9ab3 : 2 : ittapi_config_apply_per_lib :  ITTAPI function NOT instrumented (not matched by --itt-config option): __itt_model_site_beginA

553259 : 0x3427c6303aa255 : 2 : ittapi_config_apply_per_lib :  ITTAPI function NOT instrumented (not matched by --itt-config option): __itt_model_site_beginAL

553259 : 0x3427c6303aaab5 : 2 : ittapi_config_apply_per_lib :  ITTAPI function NOT instrumented (not matched by --itt-config option): __itt_model_task_beginA

553259 : 0x3427c630c40c4f : 2 : ittapi_config_apply_per_lib :  ITTAPI function NOT instrumented (not matched by --itt-config option): __itt_model_task_beginAL

553259 : 0x3427c630c42a91 : 2 : ittapi_config_apply_per_lib :  ITTAPI function NOT instrumented (not matched by --itt-config option): __itt_model_iteration_taskA

553259 : 0x3427c630c4339d : 2 : ittapi_config_apply_per_lib :  ITTAPI function NOT instrumented (not matched by --itt-config option): __itt_model_iteration_taskAL

553259 : 0x3427c630c43cbf : 2 : ittapi_config_apply_per_lib :  ITTAPI function NOT instrumented (not matched by --itt-config option): __itt_model_site_end_2

553259 : 0x3427c630c44515 : 2 : ittapi_config_apply_per_lib :  ITTAPI function NOT instrumented (not matched by --itt-config option): __itt_model_task_end_2

553259 : 0x3427c630c44c5f : 2 : ittapi_config_apply_per_lib :  ITTAPI function NOT instrumented (not matched by --itt-config option): __itt_model_lock_acquire_2

553259 : 0x3427c630c4541f : 2 : ittapi_config_apply_per_lib :  ITTAPI function NOT instrumented (not matched by --itt-config option): __itt_model_lock_release_2

553259 : 0x3427c630c45c4f : 2 : ittapi_config_apply_per_lib :  ITTAPI function NOT instrumented (not matched by --itt-config option): __itt_model_aggregate_task

553259 : 0x3427c630c46387 : 2 : ittapi_config_apply_per_lib :  ITTAPI function NOT instrumented (not matched by --itt-config option): __itt_model_disable_push

553259 : 0x3427c630c46adf : 2 : ittapi_config_apply_per_lib :  ITTAPI function NOT instrumented (not matched by --itt-config option): __itt_model_disable_pop

553259 : 0x3427c6313bf27b : 2 : ittapi_config_apply_per_lib :  ITTAPI function instrumented: __itt_heap_function_create
553259 : 0x3427c6313c6a83 : 2 : ittapi_config_apply_per_lib :  ITTAPI function instrumented: __itt_heap_allocate_begin
553259 : 0x3427c6313c7715 : 2 : ittapi_config_apply_per_lib :  ITTAPI function instrumented: __itt_heap_allocate_end
553259 : 0x3427c6313c8143 : 2 : ittapi_config_apply_per_lib :  ITTAPI function instrumented: __itt_heap_free_begin
553259 : 0x3427c6313c8aad : 2 : ittapi_config_apply_per_lib :  ITTAPI function instrumented: __itt_heap_free_end
553259 : 0x3427c6313c95ad : 2 : ittapi_config_apply_per_lib :  ITTAPI function instrumented: __itt_heap_reallocate_begin
553259 : 0x3427c6313c9f39 : 2 : ittapi_config_apply_per_lib :  ITTAPI function instrumented: __itt_heap_reallocate_end
553259 : 0x3427c6313cafbb : 2 : ittapi_config_apply_per_lib :  ITTAPI function not implemented: __itt_heap_internal_access_begin
553259 : 0x3427c6313cbc43 : 2 : ittapi_config_apply_per_lib :  ITTAPI function not implemented: __itt_heap_internal_access_end
553259 : 0x3427c6313cc717 : 2 : ittapi_config_apply_per_lib :  ITTAPI function not implemented: __itt_heap_record_memory_growth_begin
553259 : 0x3427c631bc95a5 : 2 : ittapi_config_apply_per_lib :  ITTAPI function not implemented: __itt_heap_record_memory_growth_end
553259 : 0x3427c631bcf5a3 : 2 : ittapi_config_apply_per_lib :  ITTAPI function not implemented: __itt_id_create
553259 : 0x3427c631bd3965 : 2 : ittapi_config_apply_per_lib :  ITTAPI function not implemented: __itt_id_destroy
553259 : 0x3427c631bd4613 : 2 : ittapi_config_apply_per_lib :  ITTAPI function not implemented: __itt_region_begin
553259 : 0x3427c631bd512d : 2 : ittapi_config_apply_per_lib :  ITTAPI function not implemented: __itt_region_end
553259 : 0x3427c631bd5c55 : 2 : ittapi_config_apply_per_lib :  ITTAPI function instrumented: __itt_frame_begin_v3
553259 : 0x3427c631bd6717 : 2 : ittapi_config_apply_per_lib :  ITTAPI function instrumented: __itt_frame_end_v3
553259 : 0x3427c631bd71ff : 2 : ittapi_config_apply_per_lib :  ITTAPI function not implemented: __itt_task_group
553259 : 0x3427c631bd7cab : 2 : ittapi_config_apply_per_lib :  ITTAPI function instrumented: __itt_task_begin
553259 : 0x3427c631bd8567 : 2 : ittapi_config_apply_per_lib :  ITTAPI function instrumented: __itt_task_begin_fn
553259 : 0x3427c63236ba49 : 2 : ittapi_config_apply_per_lib :  ITTAPI function instrumented: __itt_task_end
553259 : 0x3427c6323705c5 : 2 : ittapi_config_apply_per_lib :  ITTAPI function NOT instrumented (not matched by --itt-config option): __itt_counter_inc_v3

553259 : 0x3427c6323738df : 2 : ittapi_config_apply_per_lib :  ITTAPI function NOT instrumented (not matched by --itt-config option): __itt_counter_inc_delta_v3

553259 : 0x3427c6323753e5 : 2 : ittapi_config_apply_per_lib :  ITTAPI function not implemented: __itt_marker
553259 : 0x3427c632375f27 : 2 : ittapi_config_apply_per_lib :  ITTAPI function instrumented: __itt_metadata_add
553259 : 0x3427c632376ac9 : 2 : ittapi_config_apply_per_lib :  ITTAPI function not implemented: __itt_metadata_str_add
553259 : 0x3427c63237762d : 2 : ittapi_config_apply_per_lib :  ITTAPI function not implemented: __itt_relation_add_to_current
553259 : 0x3427c6323780b3 : 2 : ittapi_config_apply_per_lib :  ITTAPI function not implemented: __itt_relation_add
553259 : 0x3427c6323791af : 2 : ittapi_config_apply_per_lib :  ITTAPI function instrumented: __itt_event_create
553259 : 0x3427c632379a63 : 2 : ittapi_config_apply_per_lib :  ITTAPI function NOT instrumented (not matched by --itt-config option): __itt_event_start

553259 : 0x3427c632ac0fe1 : 2 : ittapi_config_apply_per_lib :  ITTAPI function NOT instrumented (not matched by --itt-config option): __itt_event_end

553259 : 0x3427c632ac1dbb : 2 : ittapi_config_apply_per_lib :  ITTAPI function NOT instrumented (not matched by --itt-config option): __itt_sync_set_name

553259 : 0x3427c632ac2685 : 2 : ittapi_config_apply_per_lib :  ITTAPI function NOT instrumented (not matched by --itt-config option): __itt_notify_sync_name

553259 : 0x3427c632ac2e9b : 2 : ittapi_config_apply_per_lib :  ITTAPI function NOT instrumented (not matched by --itt-config option): __itt_notify_sync_prepare

553259 : 0x3427c632ac3739 : 2 : ittapi_config_apply_per_lib :  ITTAPI function NOT instrumented (not matched by --itt-config option): __itt_notify_sync_cancel

553259 : 0x3427c632ac3f09 : 2 : ittapi_config_apply_per_lib :  ITTAPI function NOT instrumented (not matched by --itt-config option): __itt_notify_sync_acquired

553259 : 0x3427c632ac45bf : 2 : ittapi_config_apply_per_lib :  ITTAPI function NOT instrumented (not matched by --itt-config option): __itt_notify_sync_releasing

553259 : 0x3427c632ac5271 : 2 : ittapi_config_apply_per_lib :  ITTAPI function not implemented: __itt_memory_read
553259 : 0x3427c632ac5e85 : 2 : ittapi_config_apply_per_lib :  ITTAPI function not implemented: __itt_memory_write
553259 : 0x3427c632ac68f9 : 2 : ittapi_config_apply_per_lib :  ITTAPI function not implemented: __itt_memory_update
553259 : 0x3427c633286b19 : 2 : ittapi_config_apply_per_lib :  ITTAPI function not implemented: __itt_state_get
553259 : 0x3427c633287a07 : 2 : ittapi_config_apply_per_lib :  ITTAPI function not implemented: __itt_state_set
553259 : 0x3427c63328851d : 2 : ittapi_config_apply_per_lib :  ITTAPI function not implemented: __itt_obj_mode_set
553259 : 0x3427c633289179 : 2 : ittapi_config_apply_per_lib :  ITTAPI function not implemented: __itt_thr_mode_set
553259 : 0x3427c633289ba9 : 2 : ittapi_config_apply_per_lib :  ITTAPI function instrumented: __itt_frame_create
553259 : 0x3427c63328ad97 : 2 : ittapi_config_apply_per_lib :  ITTAPI function instrumented: __itt_frame_begin
553259 : 0x3427c63328b723 : 2 : ittapi_config_apply_per_lib :  ITTAPI function instrumented: __itt_frame_end
553259 : 0x3427c63328c119 : 2 : ittapi_config_apply_per_lib :  ITTAPI function instrumented: __itt_counter_create
553259 : 0x3427c63328c92d : 2 : ittapi_config_apply_per_lib :  ITTAPI function NOT instrumented (not matched by --itt-config option): __itt_counter_destroy

553259 : 0x3427c63328d0b5 : 2 : ittapi_config_apply_per_lib :  ITTAPI function NOT instrumented (not matched by --itt-config option): __itt_counter_inc

553259 : 0x3427c633a2ae4d : 2 : ittapi_config_apply_per_lib :  ITTAPI function NOT instrumented (not matched by --itt-config option): __itt_counter_inc_delta

553259 : 0x3427c633a30e7f : 2 : ittapi_config_apply_per_lib :  ITTAPI function not implemented: __itt_mark_create
553259 : 0x3427c633a3560d : 2 : ittapi_config_apply_per_lib :  ITTAPI function not implemented: __itt_mark
553259 : 0x3427c633a3a2fb : 2 : ittapi_config_apply_per_lib :  ITTAPI function not implemented: __itt_mark_off
553259 : 0x3427c633a3da7b : 2 : ittapi_config_apply_per_lib :  ITTAPI function not implemented: __itt_mark_global
553259 : 0x3427c633a3e641 : 2 : ittapi_config_apply_per_lib :  ITTAPI function not implemented: __itt_mark_global_off
553259 : 0x3427c633a3ee29 : 2 : ittapi_config_apply_per_lib :  ITTAPI function NOT instrumented (not matched by --itt-config option): __itt_stack_caller_create

553259 : 0x3427c633a3f605 : 2 : ittapi_config_apply_per_lib :  ITTAPI function NOT instrumented (not matched by --itt-config option): __itt_stack_caller_destroy

553259 : 0x3427c633a3fc97 : 2 : ittapi_config_apply_per_lib :  ITTAPI function NOT instrumented (not matched by --itt-config option): __itt_stack_callee_enter

553259 : 0x3427c633a404b3 : 2 : ittapi_config_apply_per_lib :  ITTAPI function NOT instrumented (not matched by --itt-config option): __itt_stack_callee_leave

553259 : 0x3427c634171e47 : 2 : ittapi_config_apply_per_lib :  ITTAPI function not implemented: __itt_clock_domain_create
553259 : 0x3427c6341776ab : 2 : ittapi_config_apply_per_lib :  ITTAPI function not implemented: __itt_clock_domain_reset
553259 : 0x3427c63417b255 : 2 : ittapi_config_apply_per_lib :  ITTAPI function not implemented: __itt_id_create_ex
553259 : 0x3427c63417f7f7 : 2 : ittapi_config_apply_per_lib :  ITTAPI function not implemented: __itt_id_destroy_ex
553259 : 0x3427c634183a7b : 2 : ittapi_config_apply_per_lib :  ITTAPI function not implemented: __itt_task_begin_ex
553259 : 0x3427c63418694b : 2 : ittapi_config_apply_per_lib :  ITTAPI function not implemented: __itt_task_begin_fn_ex
553259 : 0x3427c6341873e3 : 2 : ittapi_config_apply_per_lib :  ITTAPI function not implemented: __itt_task_end_ex
553259 : 0x3427c634187f65 : 2 : ittapi_config_apply_per_lib :  ITTAPI function instrumented: __itt_task_begin_overlapped
553259 : 0x3427c6341889a3 : 2 : ittapi_config_apply_per_lib :  ITTAPI function not implemented: __itt_task_begin_overlapped_ex
553259 : 0x3427c634189a31 : 2 : ittapi_config_apply_per_lib :  ITTAPI function instrumented: __itt_task_end_overlapped
553259 : 0x3427c63875016f : 2 : ittapi_config_apply_per_lib :  ITTAPI function not implemented: __itt_task_end_overlapped_ex
553259 : 0x3427c638756afd : 2 : ittapi_config_apply_per_lib :  ITTAPI function not implemented: __itt_marker_ex
553259 : 0x3427c63875d653 : 2 : ittapi_config_apply_per_lib :  ITTAPI function not implemented: __itt_metadata_add_with_scope
553259 : 0x3427c63875fb43 : 2 : ittapi_config_apply_per_lib :  ITTAPI function not implemented: __itt_metadata_str_add_with_scope
553259 : 0x3427c638761b87 : 2 : ittapi_config_apply_per_lib :  ITTAPI function not implemented: __itt_relation_add_to_current_ex
553259 : 0x3427c638765e4b : 2 : ittapi_config_apply_per_lib :  ITTAPI function not implemented: __itt_relation_add_ex
553259 : 0x3427c6387678bf : 2 : ittapi_config_apply_per_lib :  ITTAPI function not implemented: __itt_track_group_create
553259 : 0x3427c638768e11 : 2 : ittapi_config_apply_per_lib :  ITTAPI function not implemented: __itt_track_create
553259 : 0x3427c63876aad5 : 2 : ittapi_config_apply_per_lib :  ITTAPI function not implemented: __itt_set_track
553259 : 0x3427c63876c967 : 2 : ittapi_config_apply_per_lib :  ITTAPI function instrumented: __itt_api_version
553259 : 0x3427c639075c77 : 2 : ittapi_config_apply_per_lib :  ITTAPI function not implemented: __itt_av_save