
44880 : 0x1e72cbb0e658 : 1 : spill_jit_data :  Jit agent is not initialized
44865 : 0x1e72cc290a06 : 2 : ittapi_config_mask_get :  --itt-config mask to be applied: 183
44865 : 0x1e72cc295488 : 2 : ittapi_config_apply_per_lib :  ITTAPI function instrumented: __itt_domain_create
44865 : 0x1e72cc296a6a : 2 : ittapi_config_apply_per_lib :  ITTAPI function instrumented: __itt_string_handle_create
44865 : 0x1e72cc297cb2 : 2 : ittapi_config_apply_per_lib :  ITTAPI function instrumented: __itt_pause
44865 : 0x1e72cc298f0a : 2 : ittapi_config_apply_per_lib :  ITTAPI function instrumented: __itt_resume
44865 : 0x1e72cc299e0c : 2 : ittapi_config_apply_per_lib :  ITTAPI function instrumented: __itt_thread_set_name
44865 : 0x1e72cc2a6a76 : 2 : ittapi_config_apply_per_lib :  ITTAPI function instrumented: __itt_thread_ignore
44865 : 0x1e72cc2a7b36 : 2 : ittapi_config_apply_per_lib :  ITTAPI function instrumented: __itt_thr_name_set
44865 : 0x1e72cc2a8b94 : 2 : ittapi_config_apply_per_lib :  ITTAPI function instrumented: __itt_thr_ignore
44865 : 0x1e72ccbae234 : 2 : ittapi_config_apply_per_lib :  ITTAPI function NOT instrumented (not matched by --itt-config option): __itt_sync_create

44865 : 0x1e72ccbb09de : 2 : ittapi_config_apply_per_lib :  ITTAPI function NOT instrumented (not matched by --itt-config option): __itt_sync_rename

44865 : 0x1e72ccbb1816 : 2 : ittapi_config_apply_per_lib :  ITTAPI function NOT instrumented (not matched by --itt-config option): __itt_sync_destroy

44865 : 0x1e72ccbb25e2 : 2 : ittapi_config_apply_per_lib :  ITTAPI function NOT instrumented (not matched by --itt-config option): __itt_sync_prepare

44865 : 0x1e72ccbb32ec : 2 : ittapi_config_apply_per_lib :  ITTAPI function NOT instrumented (not matched by --itt-config option): __itt_sync_cancel

44865 : 0x1e72ccbb3ef2 : 2 : ittapi_config_apply_per_lib :  ITTAPI function NOT instrumented (not matched by --itt-config option): __itt_sync_acquired

44865 : 0x1e72ccbb4b92 : 2 : ittapi_config_apply_per_lib :  ITTAPI function NOT instrumented (not matched by --itt-config option): __itt_sync_releasing

44865 : 0x1e72ccbb71f8 : 2 : ittapi_config_apply_per_lib :  ITTAPI function not implemented: __itt_suppress_push
44865 : 0x1e72ccbb8cf2 : 2 : ittapi_config_apply_per_lib :  ITTAPI function not implemented: __itt_suppress_pop
44865 : 0x1e72ccbba102 : 2 : ittapi_config_apply_per_lib :  ITTAPI function not implemented: __itt_suppress_mark_range
44865 : 0x1e72cd50bd2e : 2 : ittapi_config_apply_per_lib :  ITTAPI function not implemented: __itt_suppress_clear_range
44865 : 0x1e72cd50e3d4 : 2 : ittapi_config_apply_per_lib :  ITTAPI function NOT instrumented (not matched by --itt-config option): __itt_sync_prepare

44865 : 0x1e72cd50f3bc : 2 : ittapi_config_apply_per_lib :  ITTAPI function NOT instrumented (not matched by --itt-config option): __itt_sync_cancel

44865 : 0x1e72cd5100c2 : 2 : ittapi_config_apply_per_lib :  ITTAPI function NOT instrumented (not matched by --itt-config option): __itt_sync_acquired

44865 : 0x1e72cd510d0c : 2 : ittapi_config_apply_per_lib :  ITTAPI function NOT instrumented (not matched by --itt-config option): __itt_sync_releasing

44865 : 0x1e72cd512058 : 2 : ittapi_config_apply_per_lib :  ITTAPI function instrumented: __itt_model_site_begin
44865 : 0x1e72cd513396 : 2 : ittapi_config_apply_per_lib :  ITTAPI function instrumented: __itt_model_site_end
44865 : 0x1e72cd514438 : 2 : ittapi_config_apply_per_lib :  ITTAPI function instrumented: __itt_model_task_begin
44865 : 0x1e72cd5159e0 : 2 : ittapi_config_apply_per_lib :  ITTAPI function instrumented: __itt_model_task_end
44865 : 0x1e72cd5169a2 : 2 : ittapi_config_apply_per_lib :  ITTAPI function instrumented: __itt_model_lock_acquire
44865 : 0x1e72cdd43d5e : 2 : ittapi_config_apply_per_lib :  ITTAPI function instrumented: __itt_model_lock_release
44865 : 0x1e72cdd46dc8 : 2 : ittapi_config_apply_per_lib :  ITTAPI function not implemented: __itt_model_record_allocation
44865 : 0x1e72cdd48410 : 2 : ittapi_config_apply_per_lib :  ITTAPI function not implemented: __itt_model_record_deallocation
44865 : 0x1e72cdd495b6 : 2 : ittapi_config_apply_per_lib :  ITTAPI function not implemented: __itt_model_induction_uses
44865 : 0x1e72cdd4a8ca : 2 : ittapi_config_apply_per_lib :  ITTAPI function not implemented: __itt_model_reduction_uses
44865 : 0x1e72cdd4b96a : 2 : ittapi_config_apply_per_lib :  ITTAPI function not implemented: __itt_model_observe_uses
44865 : 0x1e72cdd4c9a4 : 2 : ittapi_config_apply_per_lib :  ITTAPI function not implemented: __itt_model_clear_uses
44865 : 0x1e72cdd4d91c : 2 : ittapi_config_apply_per_lib :  ITTAPI function instrumented: __itt_model_site_beginA
44865 : 0x1e72cdd4e7cc : 2 : ittapi_config_apply_per_lib :  ITTAPI function instrumented: __itt_model_site_beginAL
44865 : 0x1e72cdd4f8a2 : 2 : ittapi_config_apply_per_lib :  ITTAPI function instrumented: __itt_model_task_beginA
44865 : 0x1e72ce67cc8a : 2 : ittapi_config_apply_per_lib :  ITTAPI function instrumented: __itt_model_task_beginAL
44865 : 0x1e72ce67f8f0 : 2 : ittapi_config_apply_per_lib :  ITTAPI function instrumented: __itt_model_iteration_taskA
44865 : 0x1e72ce680a88 : 2 : ittapi_config_apply_per_lib :  ITTAPI function instrumented: __itt_model_iteration_taskAL
44865 : 0x1e72ce681a96 : 2 : ittapi_config_apply_per_lib :  ITTAPI function instrumented: __itt_model_site_end_2
44865 : 0x1e72ce682bd2 : 2 : ittapi_config_apply_per_lib :  ITTAPI function instrumented: __itt_model_task_end_2
44865 : 0x1e72ce683b14 : 2 : ittapi_config_apply_per_lib :  ITTAPI function instrumented: __itt_model_lock_acquire_2
44865 : 0x1e72ce684ade : 2 : ittapi_config_apply_per_lib :  ITTAPI function instrumented: __itt_model_lock_release_2
44865 : 0x1e72ce685b1a : 2 : ittapi_config_apply_per_lib :  ITTAPI function instrumented: __itt_model_aggregate_task
44865 : 0x1e72ce686aa8 : 2 : ittapi_config_apply_per_lib :  ITTAPI function instrumented: __itt_model_disable_push
44865 : 0x1e72ce6878e8 : 2 : ittapi_config_apply_per_lib :  ITTAPI function instrumented: __itt_model_disable_pop
44865 : 0x1e72cee56f2e : 2 : ittapi_config_apply_per_lib :  ITTAPI function instrumented: __itt_heap_function_create
44865 : 0x1e72cee664d8 : 2 : ittapi_config_apply_per_lib :  ITTAPI function instrumented: __itt_heap_allocate_begin
44865 : 0x1e72cee674e4 : 2 : ittapi_config_apply_per_lib :  ITTAPI function instrumented: __itt_heap_allocate_end
44865 : 0x1e72cee683c8 : 2 : ittapi_config_apply_per_lib :  ITTAPI function instrumented: __itt_heap_free_begin
44865 : 0x1e72cee69330 : 2 : ittapi_config_apply_per_lib :  ITTAPI function instrumented: __itt_heap_free_end
44865 : 0x1e72cee6a1f4 : 2 : ittapi_config_apply_per_lib :  ITTAPI function instrumented: __itt_heap_reallocate_begin
44865 : 0x1e72cee6b0d6 : 2 : ittapi_config_apply_per_lib :  ITTAPI function instrumented: __itt_heap_reallocate_end
44865 : 0x1e72cee6c9f0 : 2 : ittapi_config_apply_per_lib :  ITTAPI function not implemented: __itt_heap_internal_access_begin
44865 : 0x1e72cee6df36 : 2 : ittapi_config_apply_per_lib :  ITTAPI function not implemented: __itt_heap_internal_access_end
44865 : 0x1e72cee6f1a4 : 2 : ittapi_config_apply_per_lib :  ITTAPI function not implemented: __itt_heap_record_memory_growth_begin
44865 : 0x1e72cf6bb0f6 : 2 : ittapi_config_apply_per_lib :  ITTAPI function not implemented: __itt_heap_record_memory_growth_end
44865 : 0x1e72cf6bdd14 : 2 : ittapi_config_apply_per_lib :  ITTAPI function not implemented: __itt_id_create
44865 : 0x1e72cf6bf036 : 2 : ittapi_config_apply_per_lib :  ITTAPI function not implemented: __itt_id_destroy
44865 : 0x1e72cf6c0202 : 2 : ittapi_config_apply_per_lib :  ITTAPI function not implemented: __itt_region_begin
44865 : 0x1e72cf6c117c : 2 : ittapi_config_apply_per_lib :  ITTAPI function not implemented: __itt_region_end
44865 : 0x1e72cf6c24ba : 2 : ittapi_config_apply_per_lib :  ITTAPI function instrumented: __itt_frame_begin_v3
44865 : 0x1e72cf6c36a6 : 2 : ittapi_config_apply_per_lib :  ITTAPI function instrumented: __itt_frame_end_v3
44865 : 0x1e72cf6c493c : 2 : ittapi_config_apply_per_lib :  ITTAPI function not implemented: __itt_task_group
44865 : 0x1e72cf6c58c0 : 2 : ittapi_config_apply_per_lib :  ITTAPI function instrumented: __itt_task_begin
44865 : 0x1e72cf6c6834 : 2 : ittapi_config_apply_per_lib :  ITTAPI function instrumented: __itt_task_begin_fn
44865 : 0x1e72cff4950e : 2 : ittapi_config_apply_per_lib :  ITTAPI function instrumented: __itt_task_end
44865 : 0x1e72cff4cae0 : 2 : ittapi_config_apply_per_lib :  ITTAPI function not implemented: __itt_counter_inc_v3
44865 : 0x1e72cff4e27a : 2 : ittapi_config_apply_per_lib :  ITTAPI function not implemented: __itt_counter_inc_delta_v3
44865 : 0x1e72cff4f52a : 2 : ittapi_config_apply_per_lib :  ITTAPI function not implemented: __itt_marker
44865 : 0x1e72cff504ba : 2 : ittapi_config_apply_per_lib :  ITTAPI function instrumented: __itt_metadata_add
44865 : 0x1e72cff517c4 : 2 : ittapi_config_apply_per_lib :  ITTAPI function not implemented: __itt_metadata_str_add
44865 : 0x1e72cff52a62 : 2 : ittapi_config_apply_per_lib :  ITTAPI function not implemented: __itt_relation_add_to_current
44865 : 0x1e72cff53b3a : 2 : ittapi_config_apply_per_lib :  ITTAPI function not implemented: __itt_relation_add
44865 : 0x1e72cff54bc2 : 2 : ittapi_config_apply_per_lib :  ITTAPI function instrumented: __itt_event_create
44865 : 0x1e72cff55c7a : 2 : ittapi_config_apply_per_lib :  ITTAPI function instrumented: __itt_event_start
44865 : 0x1e72d085515e : 2 : ittapi_config_apply_per_lib :  ITTAPI function instrumented: __itt_event_end
44865 : 0x1e72d0857642 : 2 : ittapi_config_apply_per_lib :  ITTAPI function NOT instrumented (not matched by --itt-config option): __itt_sync_set_name

44865 : 0x1e72d08586ec : 2 : ittapi_config_apply_per_lib :  ITTAPI function NOT instrumented (not matched by --itt-config option): __itt_notify_sync_name

44865 : 0x1e72d0859430 : 2 : ittapi_config_apply_per_lib :  ITTAPI function NOT instrumented (not matched by --itt-config option): __itt_notify_sync_prepare

44865 : 0x1e72d085a120 : 2 : ittapi_config_apply_per_lib :  ITTAPI function NOT instrumented (not matched by --itt-config option): __itt_notify_sync_cancel

44865 : 0x1e72d085ad7e : 2 : ittapi_config_apply_per_lib :  ITTAPI function NOT instrumented (not matched by --itt-config option): __itt_notify_sync_acquired

44865 : 0x1e72d085bad4 : 2 : ittapi_config_apply_per_lib :  ITTAPI function NOT instrumented (not matched by --itt-config option): __itt_notify_sync_releasing

44865 : 0x1e72d085d1fc : 2 : ittapi_config_apply_per_lib :  ITTAPI function not implemented: __itt_memory_read
44865 : 0x1e72d085e75e : 2 : ittapi_config_apply_per_lib :  ITTAPI function not implemented: __itt_memory_write
44865 : 0x1e72d085f81c : 2 : ittapi_config_apply_per_lib :  ITTAPI function not implemented: __itt_memory_update
44865 : 0x1e72d10c8a10 : 2 : ittapi_config_apply_per_lib :  ITTAPI function not implemented: __itt_state_get
44865 : 0x1e72d10cb4be : 2 : ittapi_config_apply_per_lib :  ITTAPI function not implemented: __itt_state_set
44865 : 0x1e72d10cc762 : 2 : ittapi_config_apply_per_lib :  ITTAPI function not implemented: __itt_obj_mode_set
44865 : 0x1e72d10cd8c0 : 2 : ittapi_config_apply_per_lib :  ITTAPI function not implemented: __itt_thr_mode_set
44865 : 0x1e72d10ce9b8 : 2 : ittapi_config_apply_per_lib :  ITTAPI function instrumented: __itt_frame_create
44865 : 0x1e72d10cfa36 : 2 : ittapi_config_apply_per_lib :  ITTAPI function instrumented: __itt_frame_begin
44865 : 0x1e72d10d0ab2 : 2 : ittapi_config_apply_per_lib :  ITTAPI function instrumented: __itt_frame_end
44865 : 0x1e72d10d1a98 : 2 : ittapi_config_apply_per_lib :  ITTAPI function instrumented: __itt_counter_create
44865 : 0x1e72d10d2f6c : 2 : ittapi_config_apply_per_lib :  ITTAPI function not implemented: __itt_counter_destroy
44865 : 0x1e72d10d3ff8 : 2 : ittapi_config_apply_per_lib :  ITTAPI function instrumented: __itt_counter_inc
44865 : 0x1e72d1a0c72c : 2 : ittapi_config_apply_per_lib :  ITTAPI function instrumented: __itt_counter_inc_delta
44865 : 0x1e72d1a0f714 : 2 : ittapi_config_apply_per_lib :  ITTAPI function not implemented: __itt_mark_create
44865 : 0x1e72d1a10e9c : 2 : ittapi_config_apply_per_lib :  ITTAPI function not implemented: __itt_mark
44865 : 0x1e72d1a1216a : 2 : ittapi_config_apply_per_lib :  ITTAPI function not implemented: __itt_mark_off
44865 : 0x1e72d1a1320c : 2 : ittapi_config_apply_per_lib :  ITTAPI function not implemented: __itt_mark_global
44865 : 0x1e72d1a142e2 : 2 : ittapi_config_apply_per_lib :  ITTAPI function not implemented: __itt_mark_global_off
44865 : 0x1e72d1a153d8 : 2 : ittapi_config_apply_per_lib :  ITTAPI function instrumented: __itt_stack_caller_create
44865 : 0x1e72d1a1646e : 2 : ittapi_config_apply_per_lib :  ITTAPI function instrumented: __itt_stack_caller_destroy
44865 : 0x1e72d1a17484 : 2 : ittapi_config_apply_per_lib :  ITTAPI function instrumented: __itt_stack_callee_enter
44865 : 0x1e72d1a182e4 : 2 : ittapi_config_apply_per_lib :  ITTAPI function instrumented: __itt_stack_callee_leave
44865 : 0x1e72d22cc0d4 : 2 : ittapi_config_apply_per_lib :  ITTAPI function not implemented: __itt_clock_domain_create
44865 : 0x1e72d22ceffa : 2 : ittapi_config_apply_per_lib :  ITTAPI function not implemented: __itt_clock_domain_reset
44865 : 0x1e72d22d0318 : 2 : ittapi_config_apply_per_lib :  ITTAPI function not implemented: __itt_id_create_ex
44865 : 0x1e72d22d1408 : 2 : ittapi_config_apply_per_lib :  ITTAPI function not implemented: __itt_id_destroy_ex
44865 : 0x1e72d22d2576 : 2 : ittapi_config_apply_per_lib :  ITTAPI function not implemented: __itt_task_begin_ex
44865 : 0x1e72d22d3518 : 2 : ittapi_config_apply_per_lib :  ITTAPI function not implemented: __itt_task_begin_fn_ex
44865 : 0x1e72d22d440e : 2 : ittapi_config_apply_per_lib :  ITTAPI function not implemented: __itt_task_end_ex
44865 : 0x1e72d22d56c2 : 2 : ittapi_config_apply_per_lib :  ITTAPI function instrumented: __itt_task_begin_overlapped
44865 : 0x1e72d22d6910 : 2 : ittapi_config_apply_per_lib :  ITTAPI function not implemented: __itt_task_begin_overlapped_ex
44865 : 0x1e72d22d7a12 : 2 : ittapi_config_apply_per_lib :  ITTAPI function instrumented: __itt_task_end_overlapped
44865 : 0x1e72d2b1a8b4 : 2 : ittapi_config_apply_per_lib :  ITTAPI function not implemented: __itt_task_end_overlapped_ex
44865 : 0x1e72d2b1d6ea : 2 : ittapi_config_apply_per_lib :  ITTAPI function not implemented: __itt_marker_ex
44865 : 0x1e72d2b1ede0 : 2 : ittapi_config_apply_per_lib :  ITTAPI function not implemented: __itt_metadata_add_with_scope
44865 : 0x1e72d2b200b4 : 2 : ittapi_config_apply_per_lib :  ITTAPI function not implemented: __itt_metadata_str_add_with_scope
44865 : 0x1e72d2b210be : 2 : ittapi_config_apply_per_lib :  ITTAPI function not implemented: __itt_relation_add_to_current_ex
44865 : 0x1e72d2b2214e : 2 : ittapi_config_apply_per_lib :  ITTAPI function not implemented: __itt_relation_add_ex
44865 : 0x1e72d2b2320e : 2 : ittapi_config_apply_per_lib :  ITTAPI function not implemented: __itt_track_group_create
44865 : 0x1e72d2b24058 : 2 : ittapi_config_apply_per_lib :  ITTAPI function not implemented: __itt_track_create
44865 : 0x1e72d2b25178 : 2 : ittapi_config_apply_per_lib :  ITTAPI function not implemented: __itt_set_track
44865 : 0x1e72d2b26368 : 2 : ittapi_config_apply_per_lib :  ITTAPI function instrumented: __itt_api_version
44865 : 0x1e72d33fb374 : 2 : ittapi_config_apply_per_lib :  ITTAPI function not implemented: __itt_av_save
44865 : 0x1e735b392a16 : 2 : ittapi_config_mask_get :  --itt-config mask to be applied: 183
44865 : 0x1e735b399416 : 2 : ittapi_config_apply_per_lib :  ITTAPI function instrumented: __itt_domain_create
44865 : 0x1e735b39b23e : 2 : ittapi_config_apply_per_lib :  ITTAPI function instrumented: __itt_string_handle_create
44865 : 0x1e735b39ccd8 : 2 : ittapi_config_apply_per_lib :  ITTAPI function instrumented: __itt_pause
44865 : 0x1e735b39e664 : 2 : ittapi_config_apply_per_lib :  ITTAPI function instrumented: __itt_resume
44865 : 0x1e735b39fc9c : 2 : ittapi_config_apply_per_lib :  ITTAPI function instrumented: __itt_thread_set_name
44865 : 0x1e735b3a12f2 : 2 : ittapi_config_apply_per_lib :  ITTAPI function instrumented: __itt_thread_ignore
44865 : 0x1e735b3a2a60 : 2 : ittapi_config_apply_per_lib :  ITTAPI function instrumented: __itt_thr_name_set
44865 : 0x1e735b3a4096 : 2 : ittapi_config_apply_per_lib :  ITTAPI function instrumented: __itt_thr_ignore
44865 : 0x1e7361c93f36 : 2 : ittapi_config_apply_per_lib :  ITTAPI function NOT instrumented (not matched by --itt-config option): __itt_sync_create

44865 : 0x1e7361c9a788 : 2 : ittapi_config_apply_per_lib :  ITTAPI function NOT instrumented (not matched by --itt-config option): __itt_sync_rename

44865 : 0x1e7361c9b95a : 2 : ittapi_config_apply_per_lib :  ITTAPI function NOT instrumented (not matched by --itt-config option): __itt_sync_destroy

44865 : 0x1e7361c9c9f8 : 2 : ittapi_config_apply_per_lib :  ITTAPI function NOT instrumented (not matched by --itt-config option): __itt_sync_prepare

44865 : 0x1e7361c9d9ea : 2 : ittapi_config_apply_per_lib :  ITTAPI function NOT instrumented (not matched by --itt-config option): __itt_sync_cancel

44865 : 0x1e7361c9e972 : 2 : ittapi_config_apply_per_lib :  ITTAPI function NOT instrumented (not matched by --itt-config option): __itt_sync_acquired

44865 : 0x1e7361c9f9be : 2 : ittapi_config_apply_per_lib :  ITTAPI function NOT instrumented (not matched by --itt-config option): __itt_sync_releasing

44865 : 0x1e7361ca4730 : 2 : ittapi_config_apply_per_lib :  ITTAPI function not implemented: __itt_suppress_push
44865 : 0x1e7361ca6df8 : 2 : ittapi_config_apply_per_lib :  ITTAPI function not implemented: __itt_suppress_pop
44865 : 0x1e7361ca8b30 : 2 : ittapi_config_apply_per_lib :  ITTAPI function not implemented: __itt_suppress_mark_range
44865 : 0x1e73629e15f0 : 2 : ittapi_config_apply_per_lib :  ITTAPI function not implemented: __itt_suppress_clear_range
44865 : 0x1e73629e5174 : 2 : ittapi_config_apply_per_lib :  ITTAPI function NOT instrumented (not matched by --itt-config option): __itt_sync_prepare

44865 : 0x1e73629e65ce : 2 : ittapi_config_apply_per_lib :  ITTAPI function NOT instrumented (not matched by --itt-config option): __itt_sync_cancel

44865 : 0x1e73629e7552 : 2 : ittapi_config_apply_per_lib :  ITTAPI function NOT instrumented (not matched by --itt-config option): __itt_sync_acquired

44865 : 0x1e73629e8448 : 2 : ittapi_config_apply_per_lib :  ITTAPI function NOT instrumented (not matched by --itt-config option): __itt_sync_releasing

44865 : 0x1e73629ea1a0 : 2 : ittapi_config_apply_per_lib :  ITTAPI function instrumented: __itt_model_site_begin
44865 : 0x1e73629ebb08 : 2 : ittapi_config_apply_per_lib :  ITTAPI function instrumented: __itt_model_site_end
44865 : 0x1e73629ecfd2 : 2 : ittapi_config_apply_per_lib :  ITTAPI function instrumented: __itt_model_task_begin
44865 : 0x1e73629ee68e : 2 : ittapi_config_apply_per_lib :  ITTAPI function instrumented: __itt_model_task_end
44865 : 0x1e73629ef9fc : 2 : ittapi_config_apply_per_lib :  ITTAPI function instrumented: __itt_model_lock_acquire
44865 : 0x1e73637611f0 : 2 : ittapi_config_apply_per_lib :  ITTAPI function instrumented: __itt_model_lock_release
44865 : 0x1e7363766902 : 2 : ittapi_config_apply_per_lib :  ITTAPI function not implemented: __itt_model_record_allocation
44865 : 0x1e7363768fa0 : 2 : ittapi_config_apply_per_lib :  ITTAPI function not implemented: __itt_model_record_deallocation
44865 : 0x1e736376a946 : 2 : ittapi_config_apply_per_lib :  ITTAPI function not implemented: __itt_model_induction_uses
44865 : 0x1e736376c35e : 2 : ittapi_config_apply_per_lib :  ITTAPI function not implemented: __itt_model_reduction_uses
44865 : 0x1e736376df3c : 2 : ittapi_config_apply_per_lib :  ITTAPI function not implemented: __itt_model_observe_uses
44865 : 0x1e736376f710 : 2 : ittapi_config_apply_per_lib :  ITTAPI function not implemented: __itt_model_clear_uses
44865 : 0x1e7363770e08 : 2 : ittapi_config_apply_per_lib :  ITTAPI function instrumented: __itt_model_site_beginA
44865 : 0x1e7363772242 : 2 : ittapi_config_apply_per_lib :  ITTAPI function instrumented: __itt_model_site_beginAL
44865 : 0x1e7363773b18 : 2 : ittapi_config_apply_per_lib :  ITTAPI function instrumented: __itt_model_task_beginA
44865 : 0x1e736452389c : 2 : ittapi_config_apply_per_lib :  ITTAPI function instrumented: __itt_model_task_beginAL
44865 : 0x1e73645283e4 : 2 : ittapi_config_apply_per_lib :  ITTAPI function instrumented: __itt_model_iteration_taskA
44865 : 0x1e7364529c94 : 2 : ittapi_config_apply_per_lib :  ITTAPI function instrumented: __itt_model_iteration_taskAL
44865 : 0x1e736452b380 : 2 : ittapi_config_apply_per_lib :  ITTAPI function instrumented: __itt_model_site_end_2
44865 : 0x1e736452cbe8 : 2 : ittapi_config_apply_per_lib :  ITTAPI function instrumented: __itt_model_task_end_2
44865 : 0x1e736452e150 : 2 : ittapi_config_apply_per_lib :  ITTAPI function instrumented: __itt_model_lock_acquire_2
44865 : 0x1e736452f692 : 2 : ittapi_config_apply_per_lib :  ITTAPI function instrumented: __itt_model_lock_release_2
44865 : 0x1e7364530e8e : 2 : ittapi_config_apply_per_lib :  ITTAPI function instrumented: __itt_model_aggregate_task
44865 : 0x1e7364532374 : 2 : ittapi_config_apply_per_lib :  ITTAPI function instrumented: __itt_model_disable_push
44865 : 0x1e7364533764 : 2 : ittapi_config_apply_per_lib :  ITTAPI function instrumented: __itt_model_disable_pop
44865 : 0x1e73651c18f8 : 2 : ittapi_config_apply_per_lib :  ITTAPI function instrumented: __itt_heap_function_create
44865 : 0x1e73651c619e : 2 : ittapi_config_apply_per_lib :  ITTAPI function instrumented: __itt_heap_allocate_begin
44865 : 0x1e73651c7c7c : 2 : ittapi_config_apply_per_lib :  ITTAPI function instrumented: __itt_heap_allocate_end
44865 : 0x1e73651c9426 : 2 : ittapi_config_apply_per_lib :  ITTAPI function instrumented: __itt_heap_free_begin
44865 : 0x1e73651cac4a : 2 : ittapi_config_apply_per_lib :  ITTAPI function instrumented: __itt_heap_free_end
44865 : 0x1e73651cc408 : 2 : ittapi_config_apply_per_lib :  ITTAPI function instrumented: __itt_heap_reallocate_begin
44865 : 0x1e73651cdb46 : 2 : ittapi_config_apply_per_lib :  ITTAPI function instrumented: __itt_heap_reallocate_end
44865 : 0x1e73651d08c0 : 2 : ittapi_config_apply_per_lib :  ITTAPI function not implemented: __itt_heap_internal_access_begin
44865 : 0x1e73651d2a8a : 2 : ittapi_config_apply_per_lib :  ITTAPI function not implemented: __itt_heap_internal_access_end
44865 : 0x1e73651d46ec : 2 : ittapi_config_apply_per_lib :  ITTAPI function not implemented: __itt_heap_record_memory_growth_begin
44865 : 0x1e7365d01a9e : 2 : ittapi_config_apply_per_lib :  ITTAPI function not implemented: __itt_heap_record_memory_growth_end
44865 : 0x1e7365d0645e : 2 : ittapi_config_apply_per_lib :  ITTAPI function not implemented: __itt_id_create
44865 : 0x1e7365d0879e : 2 : ittapi_config_apply_per_lib :  ITTAPI function not implemented: __itt_id_destroy
44865 : 0x1e7365d0a4dc : 2 : ittapi_config_apply_per_lib :  ITTAPI function not implemented: __itt_region_begin
44865 : 0x1e7365d0bf14 : 2 : ittapi_config_apply_per_lib :  ITTAPI function not implemented: __itt_region_end
44865 : 0x1e7365d0ded4 : 2 : ittapi_config_apply_per_lib :  ITTAPI function instrumented: __itt_frame_begin_v3
44865 : 0x1e7365d0fcee : 2 : ittapi_config_apply_per_lib :  ITTAPI function instrumented: __itt_frame_end_v3
44865 : 0x1e7365d11b5e : 2 : ittapi_config_apply_per_lib :  ITTAPI function not implemented: __itt_task_group
44865 : 0x1e7365d135ee : 2 : ittapi_config_apply_per_lib :  ITTAPI function instrumented: __itt_task_begin
44865 : 0x1e7365d14ffe : 2 : ittapi_config_apply_per_lib :  ITTAPI function instrumented: __itt_task_begin_fn
44865 : 0x1e736e4a9b32 : 2 : ittapi_config_apply_per_lib :  ITTAPI function instrumented: __itt_task_end
44865 : 0x1e736e4bc95e : 2 : ittapi_config_apply_per_lib :  ITTAPI function not implemented: __itt_counter_inc_v3
44865 : 0x1e736e4c36f8 : 2 : ittapi_config_apply_per_lib :  ITTAPI function not implemented: __itt_counter_inc_delta_v3
44865 : 0x1e736e4c90d6 : 2 : ittapi_config_apply_per_lib :  ITTAPI function not implemented: __itt_marker
44865 : 0x1e736e4cd644 : 2 : ittapi_config_apply_per_lib :  ITTAPI function instrumented: __itt_metadata_add
44865 : 0x1e736e4d2c70 : 2 : ittapi_config_apply_per_lib :  ITTAPI function not implemented: __itt_metadata_str_add
44865 : 0x1e736e4d7c9a : 2 : ittapi_config_apply_per_lib :  ITTAPI function not implemented: __itt_relation_add_to_current
44865 : 0x1e736e4dcba8 : 2 : ittapi_config_apply_per_lib :  ITTAPI function not implemented: __itt_relation_add
44865 : 0x1e736e4e1352 : 2 : ittapi_config_apply_per_lib :  ITTAPI function instrumented: __itt_event_create
44865 : 0x1e736e4e661e : 2 : ittapi_config_apply_per_lib :  ITTAPI function instrumented: __itt_event_start
44865 : 0x1e736fa005e4 : 2 : ittapi_config_apply_per_lib :  ITTAPI function instrumented: __itt_event_end
44865 : 0x1e736fa11020 : 2 : ittapi_config_apply_per_lib :  ITTAPI function NOT instrumented (not matched by --itt-config option): __itt_sync_set_name

44865 : 0x1e736fa15fd2 : 2 : ittapi_config_apply_per_lib :  ITTAPI function NOT instrumented (not matched by --itt-config option): __itt_notify_sync_name

44865 : 0x1e736fa19e7e : 2 : ittapi_config_apply_per_lib :  ITTAPI function NOT instrumented (not matched by --itt-config option): __itt_notify_sync_prepare

44865 : 0x1e736fa1db8a : 2 : ittapi_config_apply_per_lib :  ITTAPI function NOT instrumented (not matched by --itt-config option): __itt_notify_sync_cancel

44865 : 0x1e736fa2147e : 2 : ittapi_config_apply_per_lib :  ITTAPI function NOT instrumented (not matched by --itt-config option): __itt_notify_sync_acquired

44865 : 0x1e736fa24f22 : 2 : ittapi_config_apply_per_lib :  ITTAPI function NOT instrumented (not matched by --itt-config option): __itt_notify_sync_releasing

44865 : 0x1e736fa2d2d8 : 2 : ittapi_config_apply_per_lib :  ITTAPI function not implemented: __itt_memory_read
44865 : 0x1e736fa33478 : 2 : ittapi_config_apply_per_lib :  ITTAPI function not implemented: __itt_memory_write
44865 : 0x1e736fa3818c : 2 : ittapi_config_apply_per_lib :  ITTAPI function not implemented: __itt_memory_update
44865 : 0x1e73745ddd1c : 2 : ittapi_config_apply_per_lib :  ITTAPI function not implemented: __itt_state_get
44865 : 0x1e73745ef1e0 : 2 : ittapi_config_apply_per_lib :  ITTAPI function not implemented: __itt_state_set
44865 : 0x1e73745f4d84 : 2 : ittapi_config_apply_per_lib :  ITTAPI function not implemented: __itt_obj_mode_set
44865 : 0x1e73745fa15c : 2 : ittapi_config_apply_per_lib :  ITTAPI function not implemented: __itt_thr_mode_set
44865 : 0x1e737460002e : 2 : ittapi_config_apply_per_lib :  ITTAPI function instrumented: __itt_frame_create
44865 : 0x1e7374605192 : 2 : ittapi_config_apply_per_lib :  ITTAPI function instrumented: __itt_frame_begin
44865 : 0x1e7374609d38 : 2 : ittapi_config_apply_per_lib :  ITTAPI function instrumented: __itt_frame_end
44865 : 0x1e737460e0fe : 2 : ittapi_config_apply_per_lib :  ITTAPI function instrumented: __itt_counter_create
44865 : 0x1e7374613a68 : 2 : ittapi_config_apply_per_lib :  ITTAPI function not implemented: __itt_counter_destroy
44865 : 0x1e737461892e : 2 : ittapi_config_apply_per_lib :  ITTAPI function instrumented: __itt_counter_inc
44865 : 0x1e7375ab87ea : 2 : ittapi_config_apply_per_lib :  ITTAPI function instrumented: __itt_counter_inc_delta
44865 : 0x1e7375ac665a : 2 : ittapi_config_apply_per_lib :  ITTAPI function not implemented: __itt_mark_create
44865 : 0x1e7375acd148 : 2 : ittapi_config_apply_per_lib :  ITTAPI function not implemented: __itt_mark
44865 : 0x1e7375ad29f0 : 2 : ittapi_config_apply_per_lib :  ITTAPI function not implemented: __itt_mark_off
44865 : 0x1e7375ad7800 : 2 : ittapi_config_apply_per_lib :  ITTAPI function not implemented: __itt_mark_global
44865 : 0x1e7375adc736 : 2 : ittapi_config_apply_per_lib :  ITTAPI function not implemented: __itt_mark_global_off
44865 : 0x1e7375ae11c6 : 2 : ittapi_config_apply_per_lib :  ITTAPI function instrumented: __itt_stack_caller_create
44865 : 0x1e7375ae61c8 : 2 : ittapi_config_apply_per_lib :  ITTAPI function instrumented: __itt_stack_caller_destroy
44865 : 0x1e7375aeaee0 : 2 : ittapi_config_apply_per_lib :  ITTAPI function instrumented: __itt_stack_callee_enter
44865 : 0x1e7375aef12e : 2 : ittapi_config_apply_per_lib :  ITTAPI function instrumented: __itt_stack_callee_leave
44865 : 0x1e737a9297a6 : 2 : ittapi_config_apply_per_lib :  ITTAPI function not implemented: __itt_clock_domain_create
44865 : 0x1e737a93b3ee : 2 : ittapi_config_apply_per_lib :  ITTAPI function not implemented: __itt_clock_domain_reset
44865 : 0x1e737a94048a : 2 : ittapi_config_apply_per_lib :  ITTAPI function not implemented: __itt_id_create_ex
44865 : 0x1e737a9454c6 : 2 : ittapi_config_apply_per_lib :  ITTAPI function not implemented: __itt_id_destroy_ex
44865 : 0x1e737a94a124 : 2 : ittapi_config_apply_per_lib :  ITTAPI function not implemented: __itt_task_begin_ex
44865 : 0x1e737a94ea06 : 2 : ittapi_config_apply_per_lib :  ITTAPI function not implemented: __itt_task_begin_fn_ex
44865 : 0x1e737a9530b0 : 2 : ittapi_config_apply_per_lib :  ITTAPI function not implemented: __itt_task_end_ex
44865 : 0x1e737a958c7a : 2 : ittapi_config_apply_per_lib :  ITTAPI function instrumented: __itt_task_begin_overlapped
44865 : 0x1e737a95df4a : 2 : ittapi_config_apply_per_lib :  ITTAPI function not implemented: __itt_task_begin_overlapped_ex
44865 : 0x1e737a962804 : 2 : ittapi_config_apply_per_lib :  ITTAPI function instrumented: __itt_task_end_overlapped
44865 : 0x1e737c0999aa : 2 : ittapi_config_apply_per_lib :  ITTAPI function not implemented: __itt_task_end_overlapped_ex
44865 : 0x1e737c0acaf4 : 2 : ittapi_config_apply_per_lib :  ITTAPI function not implemented: __itt_marker_ex
44865 : 0x1e737c0b3370 : 2 : ittapi_config_apply_per_lib :  ITTAPI function not implemented: __itt_metadata_add_with_scope
44865 : 0x1e737c0b8ac2 : 2 : ittapi_config_apply_per_lib :  ITTAPI function not implemented: __itt_metadata_str_add_with_scope
44865 : 0x1e737c0bd6ec : 2 : ittapi_config_apply_per_lib :  ITTAPI function not implemented: __itt_relation_add_to_current_ex
44865 : 0x1e737c0c2736 : 2 : ittapi_config_apply_per_lib :  ITTAPI function not implemented: __itt_relation_add_ex
44865 : 0x1e737c0c7932 : 2 : ittapi_config_apply_per_lib :  ITTAPI function not implemented: __itt_track_group_create
44865 : 0x1e737c0cbb0e : 2 : ittapi_config_apply_per_lib :  ITTAPI function not implemented: __itt_track_create
44865 : 0x1e737c0d0c4c : 2 : ittapi_config_apply_per_lib :  ITTAPI function not implemented: __itt_set_track
44865 : 0x1e737c0d68b6 : 2 : ittapi_config_apply_per_lib :  ITTAPI function instrumented: __itt_api_version
44865 : 0x1e737d73492a : 2 : ittapi_config_apply_per_lib :  ITTAPI function not implemented: __itt_av_save