9 [140462842565568] INFO perfrun.launcher <> - Launcher main begin
35 [140462842565568] INFO perfrun.launcher <> - MessageCatalogInit finished
35 [140462842565568] INFO perfrun.launcher <> - Launcher instance created
35 [140462842565568] INFO perfrun.launcher <> - argc = 6; cmdline = /glob/development-tools/versions/oneapi/2023.0.1/oneapi/advisor/2023.0.0/bin64/advixe-runss -dump-vdso -r /home/u183985/Compu_paralela_III/CPAR_GPUs/advi_results_2/e000/hs000 --tmp-dir /home/u183985/tmp/advixe-tmp-u183985 
121 [140462842565568] INFO perfrun.launcher <> - create msngr2::ICliToolContext
121 [140462842565568] INFO perfrun.launcher <> - create file finder object
139 [140462829217536] INFO perfrun.launcher <> - plugin [remoteplug] was disabled because it doesn't support the given collection type.
139 [140462829217536] INFO perfrun.launcher <> - plugin [system] was disabled because it doesn't support the given collection type.
139 [140462829217536] INFO perfrun.vdso <> - dumping [vdso] pseudomodule
233 [140462829217536] INFO perfrun.launcher <> - plugin [itt] was disabled because it doesn't support the given collection type.
233 [140462829217536] INFO perfrun.launcher <> - plugin [] was disabled because it doesn't support the given collection type.
233 [140462829217536] INFO perfrun.launcher <> - plugin [gpu] was disabled because it doesn't support the given collection type.
233 [140462829217536] INFO perfrun.launcher <> - plugin [] was disabled because it doesn't support the given collection type.
233 [140462829217536] INFO perfrun.launcher <> - plugin [] was disabled because it doesn't support the given collection type.
233 [140462829217536] INFO perfrun.launcher <> - plugin [] was disabled because it doesn't support the given collection type.
233 [140462829217536] INFO perfrun.launcher <> - plugin [mrte] was disabled because it doesn't support the given collection type.
234 [140462829217536] INFO perfrun.launcher <> - plugin [] was disabled because it doesn't support the given collection type.
234 [140462829217536] INFO perfrun.launcher <> - plugin [] was disabled because it doesn't support the given collection type.
234 [140462829217536] INFO perfrun.launcher <> - plugin [] was disabled because it doesn't support the given collection type.
234 [140462829217536] INFO perfrun.launcher <> - plugin [] was disabled because it doesn't support the given collection type.
234 [140462829217536] INFO perfrun.launcher <> - plugin [] was disabled because it doesn't support the given collection type.
234 [140462829217536] INFO perfrun.launcher <> - plugin [] was disabled because it doesn't support the given collection type.
234 [140462829217536] INFO perfrun.launcher <> - plugin [] was disabled because it doesn't support the given collection type.
234 [140462829217536] INFO perfrun.launcher <> - plugin [tpss] was disabled because it doesn't support the given collection type.
234 [140462829217536] INFO perfrun.launcher <> - plugin [] was disabled because it doesn't support the given collection type.
234 [140462829217536] INFO perfrun.launcher <> - plugin [] was disabled because it doesn't support the given collection type.
234 [140462829217536] INFO perfrun.launcher <> - plugin [] was disabled because it doesn't support the given collection type.
234 [140462829217536] INFO perfrun.launcher <> - plugin [] was disabled because it doesn't support the given collection type.
234 [140462829217536] INFO perfrun.launcher <> - plugin [] was disabled because it doesn't support the given collection type.
234 [140462829217536] INFO perfrun.launcher <> - plugin [] was disabled because it doesn't support the given collection type.
234 [140462829217536] INFO perfrun.launcher <> - plugin [] was disabled because it doesn't support the given collection type.
234 [140462829217536] INFO perfrun.launcher <> - plugin [] was disabled because it doesn't support the given collection type.
234 [140462829217536] INFO perfrun.launcher <> - plugin [] was disabled because it doesn't support the given collection type.
234 [140462842565568] INFO perfrun.launcher <> - Application exit code: 0
234 [140462842565568] INFO perfrun.launcher <> - Exit code: 0
