<?xml version="1.0" encoding="utf-8" ?>
<!-- DO NOT EDIT THIS FILE -->

<log version='2.0' source='trc'>
	<msg id='1' display='false' source='trc'>
		<type>PROCESS_START</type>
		<severity>INFO</severity>
		<timestamp>Wed Mar  8 12:20:20 2023</timestamp>
		<arg name='process'>/home/u183985/Compu_paralela_III/CPAR_GPUs/oneAPI-samples/DirectProgramming/C++SYCL/CombinationalLogic/mandelbrot/build/src/mandelbrot</arg>
		<arg name='pid'>225428</arg>
	</msg>
	<!-- Instrumentation filter's state:
    Patterns applicability:
        Generic loop pattern.....................: disabled
        Generic loop pattern (with dynamic jumps): disabled
        Known trip value loop pattern............: disabled
        Runtime final value loop pattern.........: disabled
        No initial IV loop pattern...............: disabled
        IV step only loop pattern................: disabled
        No entry loop pattern....................: disabled
    Clustered memory model (CMM) applicability:
        Generic loop pattern.....................: enabled
        Generic loop pattern (with dynamic jumps): enabled
        Known trip value loop pattern............: enabled
        Runtime final value loop pattern.........: enabled
        No initial IV loop pattern...............: enabled
        IV step only loop pattern................: enabled
        No entry loop pattern....................: disabled
 -->
	<!-- Callstack mode:
    filter modules.........: true
    filter routines........: true
    count loops............: false
    count flops............: false
    trace..................: false
    extended trace.........: false
    omp trace..............: false
    jit trace..............: false
    failures trace.........: false
    dump raw...............: false
    dump final.............: false
    dump all...............: false
    stack stitching........: true
    stl profiling..........: true
    aggressive frame switch: true
    unwind frame exit......: true
    analyze child loops....: true
 -->
	<!-- Managed application profiling: -->
	<!-- 	State...................: enabled -->
	<!-- Gpu Profiling: -->
	<!-- 	State: disabled -->
	<msg id='2' display='false' source='trc'>
		<type>PROCESS_ANALYSIS_MODE</type>
		<severity>INFO</severity>
		<timestamp>Wed Mar  8 12:20:20 2023</timestamp>
		<arg name='mode'>full</arg>
	</msg>
	<!-- Update image info for [1:0x400000:YN] /home/u183985/Compu_paralela_III/CPAR_GPUs/oneAPI-samples/DirectProgramming/C++SYCL/CombinationalLogic/mandelbrot/build/src/mandelbrot -->
	<msg id='3' display='false' source='trc'>
		<type>LOAD_MODULE</type>
		<severity>INFO</severity>
		<timestamp>Wed Mar  8 12:20:20 2023</timestamp>
		<arg name='module'>/home/u183985/Compu_paralela_III/CPAR_GPUs/oneAPI-samples/DirectProgramming/C++SYCL/CombinationalLogic/mandelbrot/build/src/mandelbrot</arg>
		<arg name='basement'>0x400000</arg>
		<arg name='ceiling'>0x52252f</arg>
		<arg name='symtab'>yes</arg>
	</msg>
	<!-- Instrumenting image: id = 1, name = /home/u183985/Compu_paralela_III/CPAR_GPUs/oneAPI-samples/DirectProgramming/C++SYCL/CombinationalLogic/mandelbrot/build/src/mandelbrot -->
	<!-- skipping routine "stbiw__encode_png_line", reason cannot build control-flow graph (HasDynamicJumps) -->
	<!-- Update image info for [2:0x7FBA091A2000:NN] /lib64/ld-linux-x86-64.so.2 -->
	<msg id='4' display='false' source='trc'>
		<type>LOAD_MODULE</type>
		<severity>INFO</severity>
		<timestamp>Wed Mar  8 12:20:20 2023</timestamp>
		<arg name='module'>/lib64/ld-linux-x86-64.so.2</arg>
		<arg name='basement'>0x7fba091a2000</arg>
		<arg name='ceiling'>0x7fba091d118f</arg>
		<arg name='symtab'>no</arg>
	</msg>
	<!-- Instrumentation of /lib64/ld-linux-x86-64.so.2 image skipped because of filter conditions. -->
	<!-- Update image info for [3:0x7FFFDF997000:NN] [vdso] -->
	<msg id='5' display='false' source='trc'>
		<type>LOAD_MODULE</type>
		<severity>INFO</severity>
		<timestamp>Wed Mar  8 12:20:20 2023</timestamp>
		<arg name='module'>[vdso]</arg>
		<arg name='basement'>0x7fffdf997000</arg>
		<arg name='ceiling'>0x7fffdf9980eb</arg>
		<arg name='symtab'>no</arg>
	</msg>
	<!-- Instrumentation of [vdso] image skipped because of filter conditions [cs-mode]. -->
	<!-- Found 'clEnqueueNDRangeKernel' at 0x7fb9f2bb64e0 -->
	<!-- Found 'clEnqueueTask' at 0x7fb9f2bb6790 -->
	<!-- Found 'clGetCommandQueueInfo' at 0x7fb9f2bb5b40 -->
	<!-- Found 'clGetDeviceInfo' at 0x7fb9f2bb5910 -->
	<!-- Found 'clGetExtensionFunctionAddressForPlatform' at 0x7fb9f2bb55c0 -->
	<!-- Found 'clGetKernelInfo' at 0x7fb9f2bb5fb0 -->
	<!-- Instrumenting 'clEnqueueNDRangeKernel' -->
	<!-- Instrumenting 'clEnqueueTask' -->
	<!-- Update image info for [4:0x7FB9F2BAD000:YN] /glob/development-tools/versions/oneapi/2023.0.1/oneapi/compiler/2023.0.0/linux/lib/libOpenCL.so.1 -->
	<msg id='6' display='false' source='trc'>
		<type>LOAD_MODULE</type>
		<severity>INFO</severity>
		<timestamp>Wed Mar  8 12:20:20 2023</timestamp>
		<arg name='module'>/glob/development-tools/versions/oneapi/2023.0.1/oneapi/compiler/2023.0.0/linux/lib/libOpenCL.so.1</arg>
		<arg name='basement'>0x7fb9f2bad000</arg>
		<arg name='ceiling'>0x7fb9f2bbb87b</arg>
		<arg name='symtab'>yes</arg>
	</msg>
	<!-- Instrumentation of /glob/development-tools/versions/oneapi/2023.0.1/oneapi/compiler/2023.0.0/linux/lib/libOpenCL.so.1 image skipped because of filter conditions. -->
	<!-- Update image info for [5:0x7FB9F284D000:YN] /glob/development-tools/versions/oneapi/2023.0.1/oneapi/compiler/2023.0.0/linux/lib/libsycl.so.6 -->
	<msg id='7' display='false' source='trc'>
		<type>LOAD_MODULE</type>
		<severity>INFO</severity>
		<timestamp>Wed Mar  8 12:20:20 2023</timestamp>
		<arg name='module'>/glob/development-tools/versions/oneapi/2023.0.1/oneapi/compiler/2023.0.0/linux/lib/libsycl.so.6</arg>
		<arg name='basement'>0x7fb9f284d000</arg>
		<arg name='ceiling'>0x7fb9f2b31a8f</arg>
		<arg name='symtab'>yes</arg>
	</msg>
	<!-- Instrumentation of /glob/development-tools/versions/oneapi/2023.0.1/oneapi/compiler/2023.0.0/linux/lib/libsycl.so.6 image skipped because of filter conditions. -->
	<!-- Update image info for [6:0x7FB9F2533000:NN] /lib/x86_64-linux-gnu/libstdc++.so.6 -->
	<msg id='8' display='false' source='trc'>
		<type>LOAD_MODULE</type>
		<severity>INFO</severity>
		<timestamp>Wed Mar  8 12:20:20 2023</timestamp>
		<arg name='module'>/lib/x86_64-linux-gnu/libstdc++.so.6</arg>
		<arg name='basement'>0x7fb9f2533000</arg>
		<arg name='ceiling'>0x7fb9f27147ff</arg>
		<arg name='symtab'>no</arg>
	</msg>
	<!-- Instrumentation of /lib/x86_64-linux-gnu/libstdc++.so.6 image skipped because of filter conditions. -->
	<!-- Update image info for [7:0x7FB9F23B6000:NN] /lib/x86_64-linux-gnu/libm.so.6 -->
	<msg id='9' display='false' source='trc'>
		<type>LOAD_MODULE</type>
		<severity>INFO</severity>
		<timestamp>Wed Mar  8 12:20:20 2023</timestamp>
		<arg name='module'>/lib/x86_64-linux-gnu/libm.so.6</arg>
		<arg name='basement'>0x7fb9f23b6000</arg>
		<arg name='ceiling'>0x7fb9f250410f</arg>
		<arg name='symtab'>no</arg>
	</msg>
	<!-- Instrumentation of /lib/x86_64-linux-gnu/libm.so.6 image skipped because of filter conditions [cs-mode]. -->
	<!-- Update image info for [8:0x7FB9F239B000:NN] /lib/x86_64-linux-gnu/libgcc_s.so.1 -->
	<msg id='10' display='false' source='trc'>
		<type>LOAD_MODULE</type>
		<severity>INFO</severity>
		<timestamp>Wed Mar  8 12:20:20 2023</timestamp>
		<arg name='module'>/lib/x86_64-linux-gnu/libgcc_s.so.1</arg>
		<arg name='basement'>0x7fb9f239b000</arg>
		<arg name='ceiling'>0x7fb9f23b5447</arg>
		<arg name='symtab'>no</arg>
	</msg>
	<!-- Instrumentation of /lib/x86_64-linux-gnu/libgcc_s.so.1 image skipped because of filter conditions [cs-mode]. -->
	<!-- Update image info for [9:0x7FB9F2391000:NN] /lib/x86_64-linux-gnu/libdl.so.2 -->
	<msg id='11' display='false' source='trc'>
		<type>LOAD_MODULE</type>
		<severity>INFO</severity>
		<timestamp>Wed Mar  8 12:20:20 2023</timestamp>
		<arg name='module'>/lib/x86_64-linux-gnu/libdl.so.2</arg>
		<arg name='basement'>0x7fb9f2391000</arg>
		<arg name='ceiling'>0x7fb9f239610f</arg>
		<arg name='symtab'>no</arg>
	</msg>
	<!-- Instrumentation of /lib/x86_64-linux-gnu/libdl.so.2 image skipped because of filter conditions [cs-mode]. -->
	<!-- Update image info for [10:0x7FB9F2164000:NN] /lib/x86_64-linux-gnu/libc.so.6 -->
	<msg id='12' display='false' source='trc'>
		<type>LOAD_MODULE</type>
		<severity>INFO</severity>
		<timestamp>Wed Mar  8 12:20:20 2023</timestamp>
		<arg name='module'>/lib/x86_64-linux-gnu/libc.so.6</arg>
		<arg name='basement'>0x7fb9f2164000</arg>
		<arg name='ceiling'>0x7fb9f235565f</arg>
		<arg name='symtab'>no</arg>
	</msg>
	<!-- Instrumentation of /lib/x86_64-linux-gnu/libc.so.6 image skipped because of filter conditions. -->
	<!-- Update image info for [11:0x7FB9F0B58000:YN] /glob/development-tools/versions/oneapi/2023.0.1/oneapi/compiler/2023.0.0/linux/compiler/lib/intel64_lin/libsvml.so -->
	<msg id='13' display='false' source='trc'>
		<type>LOAD_MODULE</type>
		<severity>INFO</severity>
		<timestamp>Wed Mar  8 12:20:20 2023</timestamp>
		<arg name='module'>/glob/development-tools/versions/oneapi/2023.0.1/oneapi/compiler/2023.0.0/linux/compiler/lib/intel64_lin/libsvml.so</arg>
		<arg name='basement'>0x7fb9f0b58000</arg>
		<arg name='ceiling'>0x7fb9f2163d87</arg>
		<arg name='symtab'>yes</arg>
	</msg>
	<!-- Instrumentation of /glob/development-tools/versions/oneapi/2023.0.1/oneapi/compiler/2023.0.0/linux/compiler/lib/intel64_lin/libsvml.so image skipped because of filter conditions [cs-mode]. -->
	<!-- Update image info for [12:0x7FB9F07EE000:YN] /glob/development-tools/versions/oneapi/2023.0.1/oneapi/compiler/2023.0.0/linux/compiler/lib/intel64_lin/libirng.so -->
	<msg id='14' display='false' source='trc'>
		<type>LOAD_MODULE</type>
		<severity>INFO</severity>
		<timestamp>Wed Mar  8 12:20:20 2023</timestamp>
		<arg name='module'>/glob/development-tools/versions/oneapi/2023.0.1/oneapi/compiler/2023.0.0/linux/compiler/lib/intel64_lin/libirng.so</arg>
		<arg name='basement'>0x7fb9f07ee000</arg>
		<arg name='ceiling'>0x7fb9f0b57d17</arg>
		<arg name='symtab'>yes</arg>
	</msg>
	<!-- Instrumentation of /glob/development-tools/versions/oneapi/2023.0.1/oneapi/compiler/2023.0.0/linux/compiler/lib/intel64_lin/libirng.so image skipped because of filter conditions [cs-mode]. -->
	<!-- Update image info for [13:0x7FB9F0409000:YN] /glob/development-tools/versions/oneapi/2023.0.1/oneapi/compiler/2023.0.0/linux/compiler/lib/intel64_lin/libimf.so -->
	<msg id='15' display='false' source='trc'>
		<type>LOAD_MODULE</type>
		<severity>INFO</severity>
		<timestamp>Wed Mar  8 12:20:20 2023</timestamp>
		<arg name='module'>/glob/development-tools/versions/oneapi/2023.0.1/oneapi/compiler/2023.0.0/linux/compiler/lib/intel64_lin/libimf.so</arg>
		<arg name='basement'>0x7fb9f0409000</arg>
		<arg name='ceiling'>0x7fb9f07ed5df</arg>
		<arg name='symtab'>yes</arg>
	</msg>
	<!-- Instrumentation of /glob/development-tools/versions/oneapi/2023.0.1/oneapi/compiler/2023.0.0/linux/compiler/lib/intel64_lin/libimf.so image skipped because of filter conditions [cs-mode]. -->
	<!-- Update image info for [14:0x7FB9F0396000:YN] /glob/development-tools/versions/oneapi/2023.0.1/oneapi/compiler/2023.0.0/linux/compiler/lib/intel64_lin/libintlc.so.5 -->
	<msg id='16' display='false' source='trc'>
		<type>LOAD_MODULE</type>
		<severity>INFO</severity>
		<timestamp>Wed Mar  8 12:20:20 2023</timestamp>
		<arg name='module'>/glob/development-tools/versions/oneapi/2023.0.1/oneapi/compiler/2023.0.0/linux/compiler/lib/intel64_lin/libintlc.so.5</arg>
		<arg name='basement'>0x7fb9f0396000</arg>
		<arg name='ceiling'>0x7fb9f0408e37</arg>
		<arg name='symtab'>yes</arg>
	</msg>
	<!-- Instrumentation of /glob/development-tools/versions/oneapi/2023.0.1/oneapi/compiler/2023.0.0/linux/compiler/lib/intel64_lin/libintlc.so.5 image skipped because of filter conditions [cs-mode]. -->
	<!-- Update image info for [15:0x7FB9F036C000:YN] /lib/x86_64-linux-gnu/libpthread.so.0 -->
	<msg id='17' display='false' source='trc'>
		<type>LOAD_MODULE</type>
		<severity>INFO</severity>
		<timestamp>Wed Mar  8 12:20:20 2023</timestamp>
		<arg name='module'>/lib/x86_64-linux-gnu/libpthread.so.0</arg>
		<arg name='basement'>0x7fb9f036c000</arg>
		<arg name='ceiling'>0x7fb9f038e477</arg>
		<arg name='symtab'>yes</arg>
	</msg>
	<!-- Instrumentation of /lib/x86_64-linux-gnu/libpthread.so.0 image skipped because of filter conditions. -->
	<!-- Update image info for [16:0x7FB9EA324000:YN] /glob/development-tools/versions/oneapi/2023.0.1/oneapi/compiler/2023.0.0/linux/lib/libpi_opencl.so -->
	<msg id='18' display='false' source='trc'>
		<type>LOAD_MODULE</type>
		<severity>INFO</severity>
		<timestamp>Wed Mar  8 12:20:21 2023</timestamp>
		<arg name='module'>/glob/development-tools/versions/oneapi/2023.0.1/oneapi/compiler/2023.0.0/linux/lib/libpi_opencl.so</arg>
		<arg name='basement'>0x7fb9ea324000</arg>
		<arg name='ceiling'>0x7fb9ea36e30f</arg>
		<arg name='symtab'>yes</arg>
	</msg>
	<!-- Instrumentation of /glob/development-tools/versions/oneapi/2023.0.1/oneapi/compiler/2023.0.0/linux/lib/libpi_opencl.so image skipped because of filter conditions [cs-mode]. -->
	<!-- Update image info for [17:0x7FB9E9F11000:YN] /glob/development-tools/versions/oneapi/2023.0.1/oneapi/compiler/2023.0.0/linux/lib/libpi_level_zero.so -->
	<msg id='19' display='false' source='trc'>
		<type>LOAD_MODULE</type>
		<severity>INFO</severity>
		<timestamp>Wed Mar  8 12:20:21 2023</timestamp>
		<arg name='module'>/glob/development-tools/versions/oneapi/2023.0.1/oneapi/compiler/2023.0.0/linux/lib/libpi_level_zero.so</arg>
		<arg name='basement'>0x7fb9e9f11000</arg>
		<arg name='ceiling'>0x7fb9ea0364cf</arg>
		<arg name='symtab'>yes</arg>
	</msg>
	<!-- Instrumenting image: id = 17, name = /glob/development-tools/versions/oneapi/2023.0.1/oneapi/compiler/2023.0.0/linux/lib/libpi_level_zero.so -->
	<!-- Update image info for [18:0x7FB9E9D74000:NN] /lib/x86_64-linux-gnu/libze_loader.so.1 -->
	<msg id='20' display='false' source='trc'>
		<type>LOAD_MODULE</type>
		<severity>INFO</severity>
		<timestamp>Wed Mar  8 12:20:21 2023</timestamp>
		<arg name='module'>/lib/x86_64-linux-gnu/libze_loader.so.1</arg>
		<arg name='basement'>0x7fb9e9d74000</arg>
		<arg name='ceiling'>0x7fb9e9db9307</arg>
		<arg name='symtab'>no</arg>
	</msg>
	<!-- Instrumentation of /lib/x86_64-linux-gnu/libze_loader.so.1 image skipped because of no symbols and stripped binaries profiling is disabled. -->
	<!-- Update image info for [19:0x7FB9E8B0B000:YN] /glob/development-tools/versions/oneapi/2023.0.1/oneapi/compiler/2023.0.0/linux/lib/x64/libintelocl_emu.so -->
	<msg id='21' display='false' source='trc'>
		<type>LOAD_MODULE</type>
		<severity>INFO</severity>
		<timestamp>Wed Mar  8 12:20:21 2023</timestamp>
		<arg name='module'>/glob/development-tools/versions/oneapi/2023.0.1/oneapi/compiler/2023.0.0/linux/lib/x64/libintelocl_emu.so</arg>
		<arg name='basement'>0x7fb9e8b0b000</arg>
		<arg name='ceiling'>0x7fb9e9160c19</arg>
		<arg name='symtab'>yes</arg>
	</msg>
	<!-- Instrumenting image: id = 19, name = /glob/development-tools/versions/oneapi/2023.0.1/oneapi/compiler/2023.0.0/linux/lib/x64/libintelocl_emu.so -->
	<!-- skipping routine "__itt_sync_acquired_init_3_0", reason cannot build control-flow graph (HasDynamicJumps) -->
	<!-- skipping routine "Intel::OpenCL::Framework::PlatformModule::InitDevices", reason cannot build control-flow graph (HasDynamicJumps) -->
	<!-- skipping routine "Intel::OpenCL::Framework::PlatformModule::Initialize", reason cannot build control-flow graph (HasDynamicJumps) -->
	<!-- Update image info for [20:0x7FB9E89BC000:YN] /glob/development-tools/versions/oneapi/2023.0.1/oneapi/compiler/2023.0.0/linux/lib/x64/libtask_executor_emu.so.2022.15.12.0 -->
	<msg id='22' display='false' source='trc'>
		<type>LOAD_MODULE</type>
		<severity>INFO</severity>
		<timestamp>Wed Mar  8 12:20:21 2023</timestamp>
		<arg name='module'>/glob/development-tools/versions/oneapi/2023.0.1/oneapi/compiler/2023.0.0/linux/lib/x64/libtask_executor_emu.so.2022.15.12.0</arg>
		<arg name='basement'>0x7fb9e89bc000</arg>
		<arg name='ceiling'>0x7fb9e8b0aa2f</arg>
		<arg name='symtab'>yes</arg>
	</msg>
	<!-- Instrumentation of /glob/development-tools/versions/oneapi/2023.0.1/oneapi/compiler/2023.0.0/linux/lib/x64/libtask_executor_emu.so.2022.15.12.0 image skipped because of filter conditions [cs-mode]. -->
	<!-- Update image info for [21:0x7FB9E8890000:YN] /glob/development-tools/versions/oneapi/2023.0.1/oneapi/compiler/2023.0.0/linux/lib/x64/libcl_logger_emu.so.2022.15.12.0 -->
	<msg id='23' display='false' source='trc'>
		<type>LOAD_MODULE</type>
		<severity>INFO</severity>
		<timestamp>Wed Mar  8 12:20:21 2023</timestamp>
		<arg name='module'>/glob/development-tools/versions/oneapi/2023.0.1/oneapi/compiler/2023.0.0/linux/lib/x64/libcl_logger_emu.so.2022.15.12.0</arg>
		<arg name='basement'>0x7fb9e8890000</arg>
		<arg name='ceiling'>0x7fb9e89bb29f</arg>
		<arg name='symtab'>yes</arg>
	</msg>
	<!-- Instrumentation of /glob/development-tools/versions/oneapi/2023.0.1/oneapi/compiler/2023.0.0/linux/lib/x64/libcl_logger_emu.so.2022.15.12.0 image skipped because of filter conditions [cs-mode]. -->
	<!-- Update image info for [22:0x7FB9E87B8000:NN] /lib/x86_64-linux-gnu/libz.so.1 -->
	<msg id='24' display='false' source='trc'>
		<type>LOAD_MODULE</type>
		<severity>INFO</severity>
		<timestamp>Wed Mar  8 12:20:21 2023</timestamp>
		<arg name='module'>/lib/x86_64-linux-gnu/libz.so.1</arg>
		<arg name='basement'>0x7fb9e87b8000</arg>
		<arg name='ceiling'>0x7fb9e87d30b7</arg>
		<arg name='symtab'>no</arg>
	</msg>
	<!-- Instrumentation of /lib/x86_64-linux-gnu/libz.so.1 image skipped because of filter conditions [cs-mode]. -->
	<!-- Update image info for [23:0x7FB9E8775000:NN] /lib/x86_64-linux-gnu/librt.so.1 -->
	<msg id='25' display='false' source='trc'>
		<type>LOAD_MODULE</type>
		<severity>INFO</severity>
		<timestamp>Wed Mar  8 12:20:21 2023</timestamp>
		<arg name='module'>/lib/x86_64-linux-gnu/librt.so.1</arg>
		<arg name='basement'>0x7fb9e8775000</arg>
		<arg name='ceiling'>0x7fb9e877ebdf</arg>
		<arg name='symtab'>no</arg>
	</msg>
	<!-- Instrumentation of /lib/x86_64-linux-gnu/librt.so.1 image skipped because of filter conditions [cs-mode]. -->
	<!-- Update image info for [24:0x7FB9E84DC000:YN] /glob/development-tools/versions/oneapi/2023.0.1/oneapi/tbb/2021.8.0/env/../lib/intel64/gcc4.8/libtbb.so.12 -->
	<msg id='26' display='false' source='trc'>
		<type>LOAD_MODULE</type>
		<severity>INFO</severity>
		<timestamp>Wed Mar  8 12:20:21 2023</timestamp>
		<arg name='module'>/glob/development-tools/versions/oneapi/2023.0.1/oneapi/tbb/2021.8.0/env/../lib/intel64/gcc4.8/libtbb.so.12</arg>
		<arg name='basement'>0x7fb9e84dc000</arg>
		<arg name='ceiling'>0x7fb9e87533bf</arg>
		<arg name='symtab'>yes</arg>
	</msg>
	<!-- Instrumentation of /glob/development-tools/versions/oneapi/2023.0.1/oneapi/tbb/2021.8.0/env/../lib/intel64/gcc4.8/libtbb.so.12 image skipped because of filter conditions [cs-mode]. -->
	<!-- Update image info for [25:0x7FB9E8280000:YN] /glob/development-tools/versions/oneapi/2023.0.1/oneapi/tbb/2021.8.0/env/../lib/intel64/gcc4.8/libtbbmalloc.so.2 -->
	<msg id='27' display='false' source='trc'>
		<type>LOAD_MODULE</type>
		<severity>INFO</severity>
		<timestamp>Wed Mar  8 12:20:21 2023</timestamp>
		<arg name='module'>/glob/development-tools/versions/oneapi/2023.0.1/oneapi/tbb/2021.8.0/env/../lib/intel64/gcc4.8/libtbbmalloc.so.2</arg>
		<arg name='basement'>0x7fb9e8280000</arg>
		<arg name='ceiling'>0x7fb9e84db17f</arg>
		<arg name='symtab'>yes</arg>
	</msg>
	<!-- Instrumentation of /glob/development-tools/versions/oneapi/2023.0.1/oneapi/tbb/2021.8.0/env/../lib/intel64/gcc4.8/libtbbmalloc.so.2 image skipped because of filter conditions [cs-mode]. -->
	<!-- Update image info for [26:0x7FB9E4A47000:NN] /glob/development-tools/versions/oneapi/2023.0.1/oneapi/advisor/2023.0.0/lib64/runtime/libittnotify.so -->
	<msg id='28' display='false' source='trc'>
		<type>LOAD_MODULE</type>
		<severity>INFO</severity>
		<timestamp>Wed Mar  8 12:20:21 2023</timestamp>
		<arg name='module'>/glob/development-tools/versions/oneapi/2023.0.1/oneapi/advisor/2023.0.0/lib64/runtime/libittnotify.so</arg>
		<arg name='basement'>0x7fb9e4a47000</arg>
		<arg name='ceiling'>0x7fb9e4c5365f</arg>
		<arg name='symtab'>no</arg>
	</msg>
	<!-- __itt_pause was instrumented -->
	<!-- __itt_resume was instrumented -->
	<!-- __itt_metadata_add was instrumented -->
	<!-- Instrumentation of /glob/development-tools/versions/oneapi/2023.0.1/oneapi/advisor/2023.0.0/lib64/runtime/libittnotify.so image skipped because of filter conditions [cs-mode]. -->
	<!-- Update image info for [27:0x7FB9E44FB000:YN] /glob/development-tools/versions/oneapi/2023.0.1/oneapi/compiler/2023.0.0/linux/lib/x64/libcpu_device_emu.so.2022.15.12.0 -->
	<msg id='29' display='false' source='trc'>
		<type>LOAD_MODULE</type>
		<severity>INFO</severity>
		<timestamp>Wed Mar  8 12:20:21 2023</timestamp>
		<arg name='module'>/glob/development-tools/versions/oneapi/2023.0.1/oneapi/compiler/2023.0.0/linux/lib/x64/libcpu_device_emu.so.2022.15.12.0</arg>
		<arg name='basement'>0x7fb9e44fb000</arg>
		<arg name='ceiling'>0x7fb9e466cc4f</arg>
		<arg name='symtab'>yes</arg>
	</msg>
	<!-- Instrumentation of /glob/development-tools/versions/oneapi/2023.0.1/oneapi/compiler/2023.0.0/linux/lib/x64/libcpu_device_emu.so.2022.15.12.0 image skipped because of filter conditions [cs-mode]. -->
	<!-- Update image info for [28:0x7FB9DF4F6000:YN] /glob/development-tools/versions/oneapi/2023.0.1/oneapi/compiler/2023.0.0/linux/lib/oclfpga/host/linux64/lib/libalteracl.so -->
	<msg id='30' display='false' source='trc'>
		<type>LOAD_MODULE</type>
		<severity>INFO</severity>
		<timestamp>Wed Mar  8 12:20:21 2023</timestamp>
		<arg name='module'>/glob/development-tools/versions/oneapi/2023.0.1/oneapi/compiler/2023.0.0/linux/lib/oclfpga/host/linux64/lib/libalteracl.so</arg>
		<arg name='basement'>0x7fb9df4f6000</arg>
		<arg name='ceiling'>0x7fb9e3a5c06f</arg>
		<arg name='symtab'>yes</arg>
	</msg>
	<!-- Instrumentation of /glob/development-tools/versions/oneapi/2023.0.1/oneapi/compiler/2023.0.0/linux/lib/oclfpga/host/linux64/lib/libalteracl.so image skipped because of filter conditions [cs-mode]. -->
	<!-- Update image info for [29:0x7FB9DF2E0000:YN] /glob/development-tools/versions/oneapi/2023.0.1/oneapi/compiler/2023.0.0/linux/lib/oclfpga/host/linux64/lib/libelf.so.0 -->
	<msg id='31' display='false' source='trc'>
		<type>LOAD_MODULE</type>
		<severity>INFO</severity>
		<timestamp>Wed Mar  8 12:20:21 2023</timestamp>
		<arg name='module'>/glob/development-tools/versions/oneapi/2023.0.1/oneapi/compiler/2023.0.0/linux/lib/oclfpga/host/linux64/lib/libelf.so.0</arg>
		<arg name='basement'>0x7fb9df2e0000</arg>
		<arg name='ceiling'>0x7fb9df4f5b0f</arg>
		<arg name='symtab'>yes</arg>
	</msg>
	<!-- Instrumentation of /glob/development-tools/versions/oneapi/2023.0.1/oneapi/compiler/2023.0.0/linux/lib/oclfpga/host/linux64/lib/libelf.so.0 image skipped because of filter conditions [cs-mode]. -->
	<msg id='32' display='false' source='trc'>
		<type>UNLOAD_MODULE</type>
		<severity>INFO</severity>
		<timestamp>Wed Mar  8 12:20:21 2023</timestamp>
		<arg name='module'>/glob/development-tools/versions/oneapi/2023.0.1/oneapi/compiler/2023.0.0/linux/lib/oclfpga/host/linux64/lib/libalteracl.so</arg>
	</msg>
	<msg id='33' display='false' source='trc'>
		<type>UNLOAD_MODULE</type>
		<severity>INFO</severity>
		<timestamp>Wed Mar  8 12:20:21 2023</timestamp>
		<arg name='module'>/glob/development-tools/versions/oneapi/2023.0.1/oneapi/compiler/2023.0.0/linux/lib/oclfpga/host/linux64/lib/libelf.so.0</arg>
	</msg>
	<!-- Update image info for [30:0x7FB9E3399000:YN] /glob/development-tools/versions/oneapi/2023.0.1/oneapi/compiler/2023.0.0/linux/lib/x64/libintelocl.so -->
	<msg id='34' display='false' source='trc'>
		<type>LOAD_MODULE</type>
		<severity>INFO</severity>
		<timestamp>Wed Mar  8 12:20:22 2023</timestamp>
		<arg name='module'>/glob/development-tools/versions/oneapi/2023.0.1/oneapi/compiler/2023.0.0/linux/lib/x64/libintelocl.so</arg>
		<arg name='basement'>0x7fb9e3399000</arg>
		<arg name='ceiling'>0x7fb9e39eec09</arg>
		<arg name='symtab'>yes</arg>
	</msg>
	<!-- Instrumentation of /glob/development-tools/versions/oneapi/2023.0.1/oneapi/compiler/2023.0.0/linux/lib/x64/libintelocl.so image skipped because of filter conditions. -->
	<!-- Update image info for [31:0x7FB9E324A000:YN] /glob/development-tools/versions/oneapi/2023.0.1/oneapi/compiler/2023.0.0/linux/lib/x64/libtask_executor.so.2022.15.12.0 -->
	<msg id='35' display='false' source='trc'>
		<type>LOAD_MODULE</type>
		<severity>INFO</severity>
		<timestamp>Wed Mar  8 12:20:22 2023</timestamp>
		<arg name='module'>/glob/development-tools/versions/oneapi/2023.0.1/oneapi/compiler/2023.0.0/linux/lib/x64/libtask_executor.so.2022.15.12.0</arg>
		<arg name='basement'>0x7fb9e324a000</arg>
		<arg name='ceiling'>0x7fb9e3398a1f</arg>
		<arg name='symtab'>yes</arg>
	</msg>
	<!-- Instrumentation of /glob/development-tools/versions/oneapi/2023.0.1/oneapi/compiler/2023.0.0/linux/lib/x64/libtask_executor.so.2022.15.12.0 image skipped because of filter conditions [cs-mode]. -->
	<!-- Update image info for [32:0x7FB9E311E000:YN] /glob/development-tools/versions/oneapi/2023.0.1/oneapi/compiler/2023.0.0/linux/lib/x64/libcl_logger.so.2022.15.12.0 -->
	<msg id='36' display='false' source='trc'>
		<type>LOAD_MODULE</type>
		<severity>INFO</severity>
		<timestamp>Wed Mar  8 12:20:22 2023</timestamp>
		<arg name='module'>/glob/development-tools/versions/oneapi/2023.0.1/oneapi/compiler/2023.0.0/linux/lib/x64/libcl_logger.so.2022.15.12.0</arg>
		<arg name='basement'>0x7fb9e311e000</arg>
		<arg name='ceiling'>0x7fb9e324929f</arg>
		<arg name='symtab'>yes</arg>
	</msg>
	<!-- Instrumentation of /glob/development-tools/versions/oneapi/2023.0.1/oneapi/compiler/2023.0.0/linux/lib/x64/libcl_logger.so.2022.15.12.0 image skipped because of filter conditions [cs-mode]. -->
	<!-- Update image info for [33:0x7FB9E19B1000:YN] /glob/development-tools/versions/oneapi/2023.0.1/oneapi/compiler/2023.0.0/linux/lib/x64/libcpu_device.so.2022.15.12.0 -->
	<msg id='37' display='false' source='trc'>
		<type>LOAD_MODULE</type>
		<severity>INFO</severity>
		<timestamp>Wed Mar  8 12:20:22 2023</timestamp>
		<arg name='module'>/glob/development-tools/versions/oneapi/2023.0.1/oneapi/compiler/2023.0.0/linux/lib/x64/libcpu_device.so.2022.15.12.0</arg>
		<arg name='basement'>0x7fb9e19b1000</arg>
		<arg name='ceiling'>0x7fb9e1b22c3f</arg>
		<arg name='symtab'>yes</arg>
	</msg>
	<!-- Instrumentation of /glob/development-tools/versions/oneapi/2023.0.1/oneapi/compiler/2023.0.0/linux/lib/x64/libcpu_device.so.2022.15.12.0 image skipped because of filter conditions [cs-mode]. -->
	<!-- Update image info for [34:0x7FB9E0673000:NN] /usr/lib/x86_64-linux-gnu/intel-opencl/libigdrcl.so -->
	<msg id='38' display='false' source='trc'>
		<type>LOAD_MODULE</type>
		<severity>INFO</severity>
		<timestamp>Wed Mar  8 12:20:22 2023</timestamp>
		<arg name='module'>/usr/lib/x86_64-linux-gnu/intel-opencl/libigdrcl.so</arg>
		<arg name='basement'>0x7fb9e0673000</arg>
		<arg name='ceiling'>0x7fb9e1111337</arg>
		<arg name='symtab'>no</arg>
	</msg>
	<!-- Instrumentation of /usr/lib/x86_64-linux-gnu/intel-opencl/libigdrcl.so image skipped because of filter conditions. -->
	<!-- Update image info for [35:0x7FB9E05D2000:NN] /lib/x86_64-linux-gnu/libigdgmm.so.12 -->
	<msg id='39' display='false' source='trc'>
		<type>LOAD_MODULE</type>
		<severity>INFO</severity>
		<timestamp>Wed Mar  8 12:20:22 2023</timestamp>
		<arg name='module'>/lib/x86_64-linux-gnu/libigdgmm.so.12</arg>
		<arg name='basement'>0x7fb9e05d2000</arg>
		<arg name='ceiling'>0x7fb9e0663ce7</arg>
		<arg name='symtab'>no</arg>
	</msg>
	<!-- Instrumentation of /lib/x86_64-linux-gnu/libigdgmm.so.12 image skipped because of filter conditions [cs-mode]. -->
	<!-- Update image info for [36:0x7FB9DCA27000:NN] /lib/x86_64-linux-gnu/libigdfcl.so.1 -->
	<msg id='40' display='false' source='trc'>
		<type>LOAD_MODULE</type>
		<severity>INFO</severity>
		<timestamp>Wed Mar  8 12:20:22 2023</timestamp>
		<arg name='module'>/lib/x86_64-linux-gnu/libigdfcl.so.1</arg>
		<arg name='basement'>0x7fb9dca27000</arg>
		<arg name='ceiling'>0x7fb9dcbcad9f</arg>
		<arg name='symtab'>no</arg>
	</msg>
	<!-- Instrumentation of /lib/x86_64-linux-gnu/libigdfcl.so.1 image skipped because of filter conditions [cs-mode]. -->
	<!-- Update image info for [37:0x7FB9D0A05000:NN] /lib/x86_64-linux-gnu/libopencl-clang.so.11 -->
	<msg id='41' display='false' source='trc'>
		<type>LOAD_MODULE</type>
		<severity>INFO</severity>
		<timestamp>Wed Mar  8 12:20:22 2023</timestamp>
		<arg name='module'>/lib/x86_64-linux-gnu/libopencl-clang.so.11</arg>
		<arg name='basement'>0x7fb9d0a05000</arg>
		<arg name='ceiling'>0x7fb9d5126967</arg>
		<arg name='symtab'>no</arg>
	</msg>
	<!-- Instrumentation of /lib/x86_64-linux-gnu/libopencl-clang.so.11 image skipped because of filter conditions [cs-mode]. -->
	<!-- Update image info for [38:0x7FB9C30AE000:NN] /lib/x86_64-linux-gnu/libigc.so.1 -->
	<msg id='42' display='false' source='trc'>
		<type>LOAD_MODULE</type>
		<severity>INFO</severity>
		<timestamp>Wed Mar  8 12:20:23 2023</timestamp>
		<arg name='module'>/lib/x86_64-linux-gnu/libigc.so.1</arg>
		<arg name='basement'>0x7fb9c30ae000</arg>
		<arg name='ceiling'>0x7fb9c7c1c2e7</arg>
		<arg name='symtab'>no</arg>
	</msg>
	<!-- Instrumentation of /lib/x86_64-linux-gnu/libigc.so.1 image skipped because of filter conditions. -->
	<!-- Update image info for [39:0x7FB9D0551000:NN] /lib/x86_64-linux-gnu/libva.so.2 -->
	<msg id='43' display='false' source='trc'>
		<type>LOAD_MODULE</type>
		<severity>INFO</severity>
		<timestamp>Wed Mar  8 12:20:23 2023</timestamp>
		<arg name='module'>/lib/x86_64-linux-gnu/libva.so.2</arg>
		<arg name='basement'>0x7fb9d0551000</arg>
		<arg name='ceiling'>0x7fb9d057d9bf</arg>
		<arg name='symtab'>no</arg>
	</msg>
	<!-- Instrumentation of /lib/x86_64-linux-gnu/libva.so.2 image skipped because of filter conditions [cs-mode]. -->
	<msg id='44' display='false' source='trc'>
		<type>UNLOAD_MODULE</type>
		<severity>INFO</severity>
		<timestamp>Wed Mar  8 12:20:24 2023</timestamp>
		<arg name='module'>/lib/x86_64-linux-gnu/libva.so.2</arg>
	</msg>
	<!-- Update image info for [40:0x7FB9CEAE1000:NN] /lib/x86_64-linux-gnu/libze_intel_gpu.so.1 -->
	<msg id='45' display='false' source='trc'>
		<type>LOAD_MODULE</type>
		<severity>INFO</severity>
		<timestamp>Wed Mar  8 12:20:24 2023</timestamp>
		<arg name='module'>/lib/x86_64-linux-gnu/libze_intel_gpu.so.1</arg>
		<arg name='basement'>0x7fb9ceae1000</arg>
		<arg name='ceiling'>0x7fb9cf4dfbb7</arg>
		<arg name='symtab'>no</arg>
	</msg>
	<!-- Instrumentation of /lib/x86_64-linux-gnu/libze_intel_gpu.so.1 image skipped because of no symbols and stripped binaries profiling is disabled. -->
	<msg id='46' display='false' source='trc'>
		<type>UNLOAD_MODULE</type>
		<severity>INFO</severity>
		<timestamp>Wed Mar  8 12:20:33 2023</timestamp>
		<arg name='module'>/home/u183985/Compu_paralela_III/CPAR_GPUs/oneAPI-samples/DirectProgramming/C++SYCL/CombinationalLogic/mandelbrot/build/src/mandelbrot</arg>
	</msg>
	<msg id='47' display='false' source='trc'>
		<type>UNLOAD_MODULE</type>
		<severity>INFO</severity>
		<timestamp>Wed Mar  8 12:20:33 2023</timestamp>
		<arg name='module'>/lib64/ld-linux-x86-64.so.2</arg>
	</msg>
	<msg id='48' display='false' source='trc'>
		<type>UNLOAD_MODULE</type>
		<severity>INFO</severity>
		<timestamp>Wed Mar  8 12:20:33 2023</timestamp>
		<arg name='module'>[vdso]</arg>
	</msg>
	<msg id='49' display='false' source='trc'>
		<type>UNLOAD_MODULE</type>
		<severity>INFO</severity>
		<timestamp>Wed Mar  8 12:20:33 2023</timestamp>
		<arg name='module'>/glob/development-tools/versions/oneapi/2023.0.1/oneapi/compiler/2023.0.0/linux/lib/libOpenCL.so.1</arg>
	</msg>
	<msg id='50' display='false' source='trc'>
		<type>UNLOAD_MODULE</type>
		<severity>INFO</severity>
		<timestamp>Wed Mar  8 12:20:33 2023</timestamp>
		<arg name='module'>/glob/development-tools/versions/oneapi/2023.0.1/oneapi/compiler/2023.0.0/linux/lib/libsycl.so.6</arg>
	</msg>
	<msg id='51' display='false' source='trc'>
		<type>UNLOAD_MODULE</type>
		<severity>INFO</severity>
		<timestamp>Wed Mar  8 12:20:33 2023</timestamp>
		<arg name='module'>/lib/x86_64-linux-gnu/libstdc++.so.6</arg>
	</msg>
	<msg id='52' display='false' source='trc'>
		<type>UNLOAD_MODULE</type>
		<severity>INFO</severity>
		<timestamp>Wed Mar  8 12:20:33 2023</timestamp>
		<arg name='module'>/lib/x86_64-linux-gnu/libm.so.6</arg>
	</msg>
	<msg id='53' display='false' source='trc'>
		<type>UNLOAD_MODULE</type>
		<severity>INFO</severity>
		<timestamp>Wed Mar  8 12:20:33 2023</timestamp>
		<arg name='module'>/lib/x86_64-linux-gnu/libgcc_s.so.1</arg>
	</msg>
	<msg id='54' display='false' source='trc'>
		<type>UNLOAD_MODULE</type>
		<severity>INFO</severity>
		<timestamp>Wed Mar  8 12:20:33 2023</timestamp>
		<arg name='module'>/lib/x86_64-linux-gnu/libdl.so.2</arg>
	</msg>
	<msg id='55' display='false' source='trc'>
		<type>UNLOAD_MODULE</type>
		<severity>INFO</severity>
		<timestamp>Wed Mar  8 12:20:33 2023</timestamp>
		<arg name='module'>/lib/x86_64-linux-gnu/libc.so.6</arg>
	</msg>
	<msg id='56' display='false' source='trc'>
		<type>UNLOAD_MODULE</type>
		<severity>INFO</severity>
		<timestamp>Wed Mar  8 12:20:33 2023</timestamp>
		<arg name='module'>/glob/development-tools/versions/oneapi/2023.0.1/oneapi/compiler/2023.0.0/linux/compiler/lib/intel64_lin/libsvml.so</arg>
	</msg>
	<msg id='57' display='false' source='trc'>
		<type>UNLOAD_MODULE</type>
		<severity>INFO</severity>
		<timestamp>Wed Mar  8 12:20:33 2023</timestamp>
		<arg name='module'>/glob/development-tools/versions/oneapi/2023.0.1/oneapi/compiler/2023.0.0/linux/compiler/lib/intel64_lin/libirng.so</arg>
	</msg>
	<msg id='58' display='false' source='trc'>
		<type>UNLOAD_MODULE</type>
		<severity>INFO</severity>
		<timestamp>Wed Mar  8 12:20:33 2023</timestamp>
		<arg name='module'>/glob/development-tools/versions/oneapi/2023.0.1/oneapi/compiler/2023.0.0/linux/compiler/lib/intel64_lin/libimf.so</arg>
	</msg>
	<msg id='59' display='false' source='trc'>
		<type>UNLOAD_MODULE</type>
		<severity>INFO</severity>
		<timestamp>Wed Mar  8 12:20:33 2023</timestamp>
		<arg name='module'>/glob/development-tools/versions/oneapi/2023.0.1/oneapi/compiler/2023.0.0/linux/compiler/lib/intel64_lin/libintlc.so.5</arg>
	</msg>
	<msg id='60' display='false' source='trc'>
		<type>UNLOAD_MODULE</type>
		<severity>INFO</severity>
		<timestamp>Wed Mar  8 12:20:33 2023</timestamp>
		<arg name='module'>/lib/x86_64-linux-gnu/libpthread.so.0</arg>
	</msg>
	<msg id='61' display='false' source='trc'>
		<type>UNLOAD_MODULE</type>
		<severity>INFO</severity>
		<timestamp>Wed Mar  8 12:20:33 2023</timestamp>
		<arg name='module'>/glob/development-tools/versions/oneapi/2023.0.1/oneapi/compiler/2023.0.0/linux/lib/libpi_opencl.so</arg>
	</msg>
	<msg id='62' display='false' source='trc'>
		<type>UNLOAD_MODULE</type>
		<severity>INFO</severity>
		<timestamp>Wed Mar  8 12:20:33 2023</timestamp>
		<arg name='module'>/glob/development-tools/versions/oneapi/2023.0.1/oneapi/compiler/2023.0.0/linux/lib/libpi_level_zero.so</arg>
	</msg>
	<msg id='63' display='false' source='trc'>
		<type>UNLOAD_MODULE</type>
		<severity>INFO</severity>
		<timestamp>Wed Mar  8 12:20:33 2023</timestamp>
		<arg name='module'>/lib/x86_64-linux-gnu/libze_loader.so.1</arg>
	</msg>
	<msg id='64' display='false' source='trc'>
		<type>UNLOAD_MODULE</type>
		<severity>INFO</severity>
		<timestamp>Wed Mar  8 12:20:33 2023</timestamp>
		<arg name='module'>/glob/development-tools/versions/oneapi/2023.0.1/oneapi/compiler/2023.0.0/linux/lib/x64/libintelocl_emu.so</arg>
	</msg>
	<msg id='65' display='false' source='trc'>
		<type>UNLOAD_MODULE</type>
		<severity>INFO</severity>
		<timestamp>Wed Mar  8 12:20:33 2023</timestamp>
		<arg name='module'>/glob/development-tools/versions/oneapi/2023.0.1/oneapi/compiler/2023.0.0/linux/lib/x64/libtask_executor_emu.so.2022.15.12.0</arg>
	</msg>
	<msg id='66' display='false' source='trc'>
		<type>UNLOAD_MODULE</type>
		<severity>INFO</severity>
		<timestamp>Wed Mar  8 12:20:33 2023</timestamp>
		<arg name='module'>/glob/development-tools/versions/oneapi/2023.0.1/oneapi/compiler/2023.0.0/linux/lib/x64/libcl_logger_emu.so.2022.15.12.0</arg>
	</msg>
	<msg id='67' display='false' source='trc'>
		<type>UNLOAD_MODULE</type>
		<severity>INFO</severity>
		<timestamp>Wed Mar  8 12:20:33 2023</timestamp>
		<arg name='module'>/lib/x86_64-linux-gnu/libz.so.1</arg>
	</msg>
	<msg id='68' display='false' source='trc'>
		<type>UNLOAD_MODULE</type>
		<severity>INFO</severity>
		<timestamp>Wed Mar  8 12:20:33 2023</timestamp>
		<arg name='module'>/lib/x86_64-linux-gnu/librt.so.1</arg>
	</msg>
	<msg id='69' display='false' source='trc'>
		<type>UNLOAD_MODULE</type>
		<severity>INFO</severity>
		<timestamp>Wed Mar  8 12:20:33 2023</timestamp>
		<arg name='module'>/glob/development-tools/versions/oneapi/2023.0.1/oneapi/tbb/2021.8.0/env/../lib/intel64/gcc4.8/libtbb.so.12</arg>
	</msg>
	<msg id='70' display='false' source='trc'>
		<type>UNLOAD_MODULE</type>
		<severity>INFO</severity>
		<timestamp>Wed Mar  8 12:20:33 2023</timestamp>
		<arg name='module'>/glob/development-tools/versions/oneapi/2023.0.1/oneapi/tbb/2021.8.0/env/../lib/intel64/gcc4.8/libtbbmalloc.so.2</arg>
	</msg>
	<msg id='71' display='false' source='trc'>
		<type>UNLOAD_MODULE</type>
		<severity>INFO</severity>
		<timestamp>Wed Mar  8 12:20:33 2023</timestamp>
		<arg name='module'>/glob/development-tools/versions/oneapi/2023.0.1/oneapi/advisor/2023.0.0/lib64/runtime/libittnotify.so</arg>
	</msg>
	<msg id='72' display='false' source='trc'>
		<type>UNLOAD_MODULE</type>
		<severity>INFO</severity>
		<timestamp>Wed Mar  8 12:20:33 2023</timestamp>
		<arg name='module'>/glob/development-tools/versions/oneapi/2023.0.1/oneapi/compiler/2023.0.0/linux/lib/x64/libcpu_device_emu.so.2022.15.12.0</arg>
	</msg>
	<msg id='73' display='false' source='trc'>
		<type>UNLOAD_MODULE</type>
		<severity>INFO</severity>
		<timestamp>Wed Mar  8 12:20:33 2023</timestamp>
		<arg name='module'>/glob/development-tools/versions/oneapi/2023.0.1/oneapi/compiler/2023.0.0/linux/lib/x64/libintelocl.so</arg>
	</msg>
	<msg id='74' display='false' source='trc'>
		<type>UNLOAD_MODULE</type>
		<severity>INFO</severity>
		<timestamp>Wed Mar  8 12:20:33 2023</timestamp>
		<arg name='module'>/glob/development-tools/versions/oneapi/2023.0.1/oneapi/compiler/2023.0.0/linux/lib/x64/libtask_executor.so.2022.15.12.0</arg>
	</msg>
	<msg id='75' display='false' source='trc'>
		<type>UNLOAD_MODULE</type>
		<severity>INFO</severity>
		<timestamp>Wed Mar  8 12:20:33 2023</timestamp>
		<arg name='module'>/glob/development-tools/versions/oneapi/2023.0.1/oneapi/compiler/2023.0.0/linux/lib/x64/libcl_logger.so.2022.15.12.0</arg>
	</msg>
	<msg id='76' display='false' source='trc'>
		<type>UNLOAD_MODULE</type>
		<severity>INFO</severity>
		<timestamp>Wed Mar  8 12:20:33 2023</timestamp>
		<arg name='module'>/glob/development-tools/versions/oneapi/2023.0.1/oneapi/compiler/2023.0.0/linux/lib/x64/libcpu_device.so.2022.15.12.0</arg>
	</msg>
	<msg id='77' display='false' source='trc'>
		<type>UNLOAD_MODULE</type>
		<severity>INFO</severity>
		<timestamp>Wed Mar  8 12:20:33 2023</timestamp>
		<arg name='module'>/usr/lib/x86_64-linux-gnu/intel-opencl/libigdrcl.so</arg>
	</msg>
	<msg id='78' display='false' source='trc'>
		<type>UNLOAD_MODULE</type>
		<severity>INFO</severity>
		<timestamp>Wed Mar  8 12:20:33 2023</timestamp>
		<arg name='module'>/lib/x86_64-linux-gnu/libigdgmm.so.12</arg>
	</msg>
	<msg id='79' display='false' source='trc'>
		<type>UNLOAD_MODULE</type>
		<severity>INFO</severity>
		<timestamp>Wed Mar  8 12:20:33 2023</timestamp>
		<arg name='module'>/lib/x86_64-linux-gnu/libigdfcl.so.1</arg>
	</msg>
	<msg id='80' display='false' source='trc'>
		<type>UNLOAD_MODULE</type>
		<severity>INFO</severity>
		<timestamp>Wed Mar  8 12:20:33 2023</timestamp>
		<arg name='module'>/lib/x86_64-linux-gnu/libopencl-clang.so.11</arg>
	</msg>
	<msg id='81' display='false' source='trc'>
		<type>UNLOAD_MODULE</type>
		<severity>INFO</severity>
		<timestamp>Wed Mar  8 12:20:33 2023</timestamp>
		<arg name='module'>/lib/x86_64-linux-gnu/libigc.so.1</arg>
	</msg>
	<msg id='82' display='false' source='trc'>
		<type>UNLOAD_MODULE</type>
		<severity>INFO</severity>
		<timestamp>Wed Mar  8 12:20:33 2023</timestamp>
		<arg name='module'>/lib/x86_64-linux-gnu/libze_intel_gpu.so.1</arg>
	</msg>
	<msg id='83' display='false' source='trc'>
		<type>PROCESS_FINISH</type>
		<severity>INFO</severity>
		<timestamp>Wed Mar  8 12:20:33 2023</timestamp>
		<arg name='process'>/home/u183985/Compu_paralela_III/CPAR_GPUs/oneAPI-samples/DirectProgramming/C++SYCL/CombinationalLogic/mandelbrot/build/src/mandelbrot</arg>
		<arg name='pid'>225428</arg>
		<arg name='exitcode'>0x0</arg>
	</msg>
	<!-- Application exited with code 0 -->
</log>