11 [140544154081152] INFO perfrun.launcher <> - Launcher main begin
19 [140544154081152] INFO perfrun.launcher <> - MessageCatalogInit finished
19 [140544154081152] INFO perfrun.launcher <> - Launcher instance created
19 [140544154081152] INFO perfrun.launcher <> - argc = 7; cmdline = /glob/development-tools/versions/oneapi/2023.0.1/oneapi/vtune/2023.0.0/bin64/amplxe-runss --ui-output-format xml --ui-output-fd 5 --option-file /home/u183985/Compu_paralela_III/CPAR_GPUs/r009ps/config/runsa.options 
88 [140544154081152] INFO perfrun.launcher <> - create msngr2::ICliToolContext
89 [140544154081152] INFO perfrun.launcher <> - create file finder object
89 [140544154081152] INFO perfrun.launcher <> - create a result directory: pattern = /home/u183985/Compu_paralela_III/CPAR_GPUs/r009ps pid = 4294967295
110 [140544154081152] INFO perfrun.sdk <> - checked that the directory /home/u183985/Compu_paralela_III/CPAR_GPUs/r009ps is a local directory
110 [140544154081152] INFO perfrun.sdk <> - the directory /home/u183985/Compu_paralela_III/CPAR_GPUs/r009ps is located on a share or its FS ID is unknown 26985
110 [140544154081152] INFO perfrun.sdk <> - checked that the directory /home/u183985/tmp/amplxe-tmp-u183985 is a local directory
111 [140544154081152] INFO perfrun.sdk <> - the directory /home/u183985/tmp/amplxe-tmp-u183985 is located on a share or its FS ID is unknown 26985
147 [140544154081152] INFO perfrun.launcher <> - create data directory = /home/u183985/Compu_paralela_III/CPAR_GPUs/r009ps/data.0
153 [140544154081152] INFO perfrun.launcher <> - Creating the master collection flag
161 [140544154081152] INFO perfrun.launcher <> - Done creating the master collection flag
178 [140544140744448] INFO perfrun.launcher <> - plugin [remoteplug] was disabled because it doesn't support the given collection type.
178 [140544140744448] INFO perfrun.system <> - online nodes : 0
178 [140544140744448] INFO perfrun.system <> - nodes with cpus : 0
178 [140544140744448] INFO perfrun.system <> - nodes with memory : 0
179 [140544140744448] INFO perfrun.sdk <> - Allocating TMU :/home/u183985/Compu_paralela_III/CPAR_GPUs/r009ps/data.0/systemcollector-1715847-s019-n014.sc
183 [140544140744448] INFO perfrun.launcher <> - plugin [itt] was disabled because it doesn't support the given collection type.
183 [140544140744448] INFO perfrun.launcher <> - plugin [ptracecollector] was disabled because it doesn't support the given collection type.
183 [140544140744448] INFO perfrun.gpu <> - Event consumer configurations: 
183 [140544140744448] INFO perfrun.sdk <> - Reading value (0) from file: /proc/sys/dev/i915/perf_stream_paranoid
183 [140544140744448] WARN perfrun.sdk <> - Metrics Discovery library was not found, lib name: 'libigdmd.so.1', lib path: '', at file: _sdks/release_posix-x86_64_icl_19.1.2_gnutools_6.3_binutils_2.28/perfrun_1.29.1/include/perfrun1/pluginsdk/metrics_discovery_lib.hpp:828
184 [140544140744448] WARN perfrun.sdk <> - Metrics Discovery library was not found, lib name: 'libmd.so', lib path: '', at file: _sdks/release_posix-x86_64_icl_19.1.2_gnutools_6.3_binutils_2.28/perfrun_1.29.1/include/perfrun1/pluginsdk/metrics_discovery_lib.hpp:828
184 [140544140744448] WARN perfrun.sdk <> - Metrics Discovery library was not found, lib name: 'libmd.so.1', lib path: '', at file: _sdks/release_posix-x86_64_icl_19.1.2_gnutools_6.3_binutils_2.28/perfrun_1.29.1/include/perfrun1/pluginsdk/metrics_discovery_lib.hpp:828
184 [140544140744448] WARN perfrun.sdk <> - Metrics Discovery library was not found, lib name: 'libigdmd.so.1', lib path: '/usr/local/lib', at file: _sdks/release_posix-x86_64_icl_19.1.2_gnutools_6.3_binutils_2.28/perfrun_1.29.1/include/perfrun1/pluginsdk/metrics_discovery_lib.hpp:828
184 [140544140744448] WARN perfrun.sdk <> - Metrics Discovery library was not found, lib name: 'libmd.so', lib path: '/usr/local/lib', at file: _sdks/release_posix-x86_64_icl_19.1.2_gnutools_6.3_binutils_2.28/perfrun_1.29.1/include/perfrun1/pluginsdk/metrics_discovery_lib.hpp:828
184 [140544140744448] WARN perfrun.sdk <> - Metrics Discovery library was not found, lib name: 'libmd.so.1', lib path: '/usr/local/lib', at file: _sdks/release_posix-x86_64_icl_19.1.2_gnutools_6.3_binutils_2.28/perfrun_1.29.1/include/perfrun1/pluginsdk/metrics_discovery_lib.hpp:828
184 [140544140744448] WARN perfrun.sdk <> - Metrics Discovery library was not found, lib name: 'libigdmd.so.1', lib path: '/opt/intel/opencl', at file: _sdks/release_posix-x86_64_icl_19.1.2_gnutools_6.3_binutils_2.28/perfrun_1.29.1/include/perfrun1/pluginsdk/metrics_discovery_lib.hpp:828
184 [140544140744448] WARN perfrun.sdk <> - Metrics Discovery library was not found, lib name: 'libmd.so', lib path: '/opt/intel/opencl', at file: _sdks/release_posix-x86_64_icl_19.1.2_gnutools_6.3_binutils_2.28/perfrun_1.29.1/include/perfrun1/pluginsdk/metrics_discovery_lib.hpp:828
184 [140544140744448] WARN perfrun.sdk <> - Metrics Discovery library was not found, lib name: 'libmd.so.1', lib path: '/opt/intel/opencl', at file: _sdks/release_posix-x86_64_icl_19.1.2_gnutools_6.3_binutils_2.28/perfrun_1.29.1/include/perfrun1/pluginsdk/metrics_discovery_lib.hpp:828
193 [140544140744448] INFO perfrun.gpu <> - DeviceInfo: address 0:0:2.0 subdevice index 0 preset 2 sampling interval 1000us
193 [140544140744448] INFO perfrun.gpu <> -  counting mode enabled
193 [140544140744448] INFO perfrun.launcher <> - plugin [] was disabled because it doesn't support the given collection type.
193 [140544140744448] INFO perfrun.launcher <> - plugin [] was disabled because it doesn't support the given collection type.
193 [140544140744448] INFO perfrun.launcher <> - plugin [] was disabled because it doesn't support the given collection type.
193 [140544140744448] INFO perfrun.mrte <> - system-wide mode is 0
194 [140544140744448] INFO perfrun.mrte <> - Getting  mrte profiling environment ...
373 [140544140744448] INFO perfrun.mrte <> - INTEL_MRTE_DATA_DIR=/home/u183985/Compu_paralela_III/CPAR_GPUs/r009ps/data.0
373 [140544140744448] INFO perfrun.mrte <> - INTEL_MRTE_HOST_NAME=s019-n014
373 [140544140744448] INFO perfrun.mrte <> - JAVA_TOOL_OPTIONS=-agentlib:amplxe_samplingmrte_javaprof_1.0 -Dsun.boot.library.path=/glob/development-tools/versions/oneapi/2023.0.1/oneapi/vtune/2023.0.0/lib32/runtime:/glob/development-tools/versions/oneapi/2023.0.1/oneapi/vtune/2023.0.0/lib64/runtime
373 [140544140744448] INFO perfrun.mrte <> - LD_LIBRARY_PATH=/glob/development-tools/versions/oneapi/2023.0.1/oneapi/vtune/2023.0.0/lib32/runtime:/glob/development-tools/versions/oneapi/2023.0.1/oneapi/vtune/2023.0.0/lib64/runtime:/glob/development-tools/versions/oneapi/2023.0.1/oneapi/vpl/2023.0.0/lib:/glob/development-tools/versions/oneapi/2023.0.1/oneapi/tbb/2021.8.0/env/../lib/intel64/gcc4.8:/glob/development-tools/versions/oneapi/2023.0.1/oneapi/rkcommon/1.10.0/lib:/glob/development-tools/versions/oneapi/2023.0.1/oneapi/ospray_studio/0.11.1/lib:/glob/development-tools/versions/oneapi/2023.0.1/oneapi/ospray/2.10.0/lib:/glob/development-tools/versions/oneapi/2023.0.1/oneapi/openvkl/1.3.1/lib:/glob/development-tools/versions/oneapi/2023.0.1/oneapi/oidn/1.4.3/lib:/glob/development-tools/versions/oneapi/2023.0.1/oneapi/mpi/2021.8.0//libfabric/lib:/glob/development-tools/versions/oneapi/2023.0.1/oneapi/mpi/2021.8.0//lib/release:/glob/development-tools/versions/oneapi/2023.0.1/oneapi/mpi/2021.8.0//lib:/glob/development-tools/versions/oneapi/2023.0.1/oneapi/mkl/2023.0.0/lib/intel64:/glob/development-tools/versions/oneapi/2023.0.1/oneapi/itac/2021.8.0/slib:/glob/development-tools/versions/oneapi/2023.0.1/oneapi/ispc/1.18.1/lib/lib64:/glob/development-tools/versions/oneapi/2023.0.1/oneapi/ipp/2021.7.0/lib/intel64:/glob/development-tools/versions/oneapi/2023.0.1/oneapi/ippcp/2021.6.3/lib/intel64:/glob/development-tools/versions/oneapi/2023.0.1/oneapi/ipp/2021.7.0/lib/intel64:/glob/development-tools/versions/oneapi/2023.0.1/oneapi/embree/3.13.5/lib:/glob/development-tools/versions/oneapi/2023.0.1/oneapi/dnnl/2023.0.0/cpu_dpcpp_gpu_dpcpp/lib:/glob/development-tools/versions/oneapi/2023.0.1/oneapi/debugger/2023.0.0/gdb/intel64/lib:/glob/development-tools/versions/oneapi/2023.0.1/oneapi/debugger/2023.0.0/libipt/intel64/lib:/glob/development-tools/versions/oneapi/2023.0.1/oneapi/debugger/2023.0.0/dep/lib:/glob/development-tools/versions/oneapi/2023.0.1/oneapi/dal/2023.0.0/lib/intel64:/glob/development-tools/versions/oneapi/2023.0.1/oneapi/compiler/2023.0.0/linux/lib:/glob/development-tools/versions/oneapi/2023.0.1/oneapi/compiler/2023.0.0/linux/lib/x64:/glob/development-tools/versions/oneapi/2023.0.1/oneapi/compiler/2023.0.0/linux/lib/oclfpga/host/linux64/lib:/glob/development-tools/versions/oneapi/2023.0.1/oneapi/compiler/2023.0.0/linux/compiler/lib/intel64_lin:/glob/development-tools/versions/oneapi/2023.0.1/oneapi/ccl/2021.8.0/lib/cpu_gpu_dpcpp
373 [140544140744448] INFO perfrun.mrte <> - CORECLR_ENABLE_PROFILING=1
373 [140544140744448] INFO perfrun.mrte <> - CORECLR_PROFILER={AA5E4821-E3B1-479c-B7FF-5AD047D22CED}
373 [140544140744448] INFO perfrun.mrte <> - CORECLR_PROFILER_PATH=/glob/development-tools/versions/oneapi/2023.0.1/oneapi/vtune/2023.0.0/lib64/libamplxe_samplingmrte_clrprof_1.0.so
373 [140544140744448] INFO perfrun.mrte <> - INTEL_MRTE_PROFILER_MODE=mixed
373 [140544140744448] INFO perfrun.mrte <> - Data directory: /home/u183985/Compu_paralela_III/CPAR_GPUs/r009ps/data.0
373 [140544140744448] INFO perfrun.mrte <> - Mrte plugin is initialized
373 [140544140744448] INFO perfrun.launcher <> - plugin [cuscol] was disabled because it doesn't support the given collection type.
373 [140544140744448] INFO perfrun.launcher <> - plugin [stdsrc] was disabled because it doesn't support the given collection type.
373 [140544140744448] INFO perfrun.launcher <> - plugin [sep] was disabled because it doesn't support the given collection type.
373 [140544140744448] INFO perfrun.launcher <> - plugin [vtsspp] was disabled because it doesn't support the given collection type.
373 [140544140744448] INFO perfrun.launcher <> - plugin [perf] was disabled because it doesn't support the given collection type.
373 [140544140744448] INFO perfrun.launcher <> - plugin [aoclprofile] was disabled because it doesn't support the given collection type.
373 [140544140744448] INFO perfrun.tpss <> - initialize tpss controller
373 [140544140744448] INFO perfrun.launcher <> - plugin [tpss] was disabled because it doesn't support the given collection type.
373 [140544140744448] INFO perfrun.launcher <> - plugin [media] was disabled because it doesn't support the given collection type.
373 [140544140744448] INFO perfrun.launcher <> - plugin [] was disabled because it doesn't support the given collection type.
374 [140544140744448] INFO perfrun.launcher <> - plugin [] was disabled because it doesn't support the given collection type.
374 [140544140744448] INFO perfrun.launcher <> - plugin [parallelfs] was disabled because it doesn't support the given collection type.
374 [140544140744448] INFO perfrun.launcher <> - plugin [power] was disabled because it doesn't support the given collection type.
374 [140544140744448] INFO perfrun.launcher <> - plugin [hwloc] was disabled because it doesn't support the given collection type.
374 [140544140744448] INFO perfrun.launcher <> - plugin [ipmwatch] was disabled because it doesn't support the given collection type.
374 [140544140744448] INFO perfrun.launcher <> - plugin [os_counters] was disabled because it doesn't support the given collection type.
374 [140544140744448] INFO perfrun.launcher <> - plugin [l0_metrics] was disabled because it doesn't support the given collection type.
374 [140544154081152] INFO perfrun.launcher <> - set environment variable: INTEL_MRTE_DATA_DIR = /home/u183985/Compu_paralela_III/CPAR_GPUs/r009ps/data.0
374 [140544154081152] INFO perfrun.launcher <> - set environment variable: INTEL_MRTE_HOST_NAME = s019-n014
374 [140544154081152] INFO perfrun.launcher <> - set environment variable: JAVA_TOOL_OPTIONS = -agentlib:amplxe_samplingmrte_javaprof_1.0 -Dsun.boot.library.path=/glob/development-tools/versions/oneapi/2023.0.1/oneapi/vtune/2023.0.0/lib32/runtime:/glob/development-tools/versions/oneapi/2023.0.1/oneapi/vtune/2023.0.0/lib64/runtime
374 [140544154081152] INFO perfrun.launcher <> - set environment variable: LD_LIBRARY_PATH = /glob/development-tools/versions/oneapi/2023.0.1/oneapi/vtune/2023.0.0/lib32/runtime:/glob/development-tools/versions/oneapi/2023.0.1/oneapi/vtune/2023.0.0/lib64/runtime:/glob/development-tools/versions/oneapi/2023.0.1/oneapi/vpl/2023.0.0/lib:/glob/development-tools/versions/oneapi/2023.0.1/oneapi/tbb/2021.8.0/env/../lib/intel64/gcc4.8:/glob/development-tools/versions/oneapi/2023.0.1/oneapi/rkcommon/1.10.0/lib:/glob/development-tools/versions/oneapi/2023.0.1/oneapi/ospray_studio/0.11.1/lib:/glob/development-tools/versions/oneapi/2023.0.1/oneapi/ospray/2.10.0/lib:/glob/development-tools/versions/oneapi/2023.0.1/oneapi/openvkl/1.3.1/lib:/glob/development-tools/versions/oneapi/2023.0.1/oneapi/oidn/1.4.3/lib:/glob/development-tools/versions/oneapi/2023.0.1/oneapi/mpi/2021.8.0//libfabric/lib:/glob/development-tools/versions/oneapi/2023.0.1/oneapi/mpi/2021.8.0//lib/release:/glob/development-tools/versions/oneapi/2023.0.1/oneapi/mpi/2021.8.0//lib:/glob/development-tools/versions/oneapi/2023.0.1/oneapi/mkl/2023.0.0/lib/intel64:/glob/development-tools/versions/oneapi/2023.0.1/oneapi/itac/2021.8.0/slib:/glob/development-tools/versions/oneapi/2023.0.1/oneapi/ispc/1.18.1/lib/lib64:/glob/development-tools/versions/oneapi/2023.0.1/oneapi/ipp/2021.7.0/lib/intel64:/glob/development-tools/versions/oneapi/2023.0.1/oneapi/ippcp/2021.6.3/lib/intel64:/glob/development-tools/versions/oneapi/2023.0.1/oneapi/ipp/2021.7.0/lib/intel64:/glob/development-tools/versions/oneapi/2023.0.1/oneapi/embree/3.13.5/lib:/glob/development-tools/versions/oneapi/2023.0.1/oneapi/dnnl/2023.0.0/cpu_dpcpp_gpu_dpcpp/lib:/glob/development-tools/versions/oneapi/2023.0.1/oneapi/debugger/2023.0.0/gdb/intel64/lib:/glob/development-tools/versions/oneapi/2023.0.1/oneapi/debugger/2023.0.0/libipt/intel64/lib:/glob/development-tools/versions/oneapi/2023.0.1/oneapi/debugger/2023.0.0/dep/lib:/glob/development-tools/versions/oneapi/2023.0.1/oneapi/dal/2023.0.0/lib/intel64:/glob/development-tools/versions/oneapi/2023.0.1/oneapi/compiler/2023.0.0/linux/lib:/glob/development-tools/versions/oneapi/2023.0.1/oneapi/compiler/2023.0.0/linux/lib/x64:/glob/development-tools/versions/oneapi/2023.0.1/oneapi/compiler/2023.0.0/linux/lib/oclfpga/host/linux64/lib:/glob/development-tools/versions/oneapi/2023.0.1/oneapi/compiler/2023.0.0/linux/compiler/lib/intel64_lin:/glob/development-tools/versions/oneapi/2023.0.1/oneapi/ccl/2021.8.0/lib/cpu_gpu_dpcpp
374 [140544154081152] INFO perfrun.launcher <> - set environment variable: CORECLR_ENABLE_PROFILING = 1
374 [140544154081152] INFO perfrun.launcher <> - set environment variable: CORECLR_PROFILER = {AA5E4821-E3B1-479c-B7FF-5AD047D22CED}
374 [140544154081152] INFO perfrun.launcher <> - set environment variable: CORECLR_PROFILER_PATH = /glob/development-tools/versions/oneapi/2023.0.1/oneapi/vtune/2023.0.0/lib64/libamplxe_samplingmrte_clrprof_1.0.so
374 [140544154081152] INFO perfrun.launcher <> - set environment variable: INTEL_MRTE_PROFILER_MODE = mixed
374 [140544154081152] INFO perfrun.launcher <> - RpcServer: run RPC server to handle requests
377 [140544154081152] INFO perfrun.launcher <> - Launcher: command line to start before modification = /home/u183985/Compu_paralela_III/CPAR_GPUs/simple
377 [140544154081152] INFO perfrun.launcher <> - Launcher: command line to start after modification = /home/u183985/Compu_paralela_III/CPAR_GPUs/simple
377 [140544154081152] INFO perfrun.launcher <> - ProcessCreator object was created
378 [140544154081152] INFO perfrun.launcher <> - Launcher: the process was started in suspend mode
378 [140544140744448] INFO perfrun.sdk <> - Reading value (0) from file: /proc/sys/dev/i915/perf_stream_paranoid
378 [140544140744448] WARN perfrun.sdk <> - Metrics Discovery library was not found, lib name: 'libigdmd.so.1', lib path: '', at file: _sdks/release_posix-x86_64_icl_19.1.2_gnutools_6.3_binutils_2.28/perfrun_1.29.1/include/perfrun1/pluginsdk/metrics_discovery_lib.hpp:828
378 [140544140744448] WARN perfrun.sdk <> - Metrics Discovery library was not found, lib name: 'libmd.so', lib path: '', at file: _sdks/release_posix-x86_64_icl_19.1.2_gnutools_6.3_binutils_2.28/perfrun_1.29.1/include/perfrun1/pluginsdk/metrics_discovery_lib.hpp:828
378 [140544140744448] WARN perfrun.sdk <> - Metrics Discovery library was not found, lib name: 'libmd.so.1', lib path: '', at file: _sdks/release_posix-x86_64_icl_19.1.2_gnutools_6.3_binutils_2.28/perfrun_1.29.1/include/perfrun1/pluginsdk/metrics_discovery_lib.hpp:828
378 [140544140744448] WARN perfrun.sdk <> - Metrics Discovery library was not found, lib name: 'libigdmd.so.1', lib path: '/usr/local/lib', at file: _sdks/release_posix-x86_64_icl_19.1.2_gnutools_6.3_binutils_2.28/perfrun_1.29.1/include/perfrun1/pluginsdk/metrics_discovery_lib.hpp:828
378 [140544140744448] WARN perfrun.sdk <> - Metrics Discovery library was not found, lib name: 'libmd.so', lib path: '/usr/local/lib', at file: _sdks/release_posix-x86_64_icl_19.1.2_gnutools_6.3_binutils_2.28/perfrun_1.29.1/include/perfrun1/pluginsdk/metrics_discovery_lib.hpp:828
378 [140544140744448] WARN perfrun.sdk <> - Metrics Discovery library was not found, lib name: 'libmd.so.1', lib path: '/usr/local/lib', at file: _sdks/release_posix-x86_64_icl_19.1.2_gnutools_6.3_binutils_2.28/perfrun_1.29.1/include/perfrun1/pluginsdk/metrics_discovery_lib.hpp:828
378 [140544140744448] WARN perfrun.sdk <> - Metrics Discovery library was not found, lib name: 'libigdmd.so.1', lib path: '/opt/intel/opencl', at file: _sdks/release_posix-x86_64_icl_19.1.2_gnutools_6.3_binutils_2.28/perfrun_1.29.1/include/perfrun1/pluginsdk/metrics_discovery_lib.hpp:828
378 [140544140744448] WARN perfrun.sdk <> - Metrics Discovery library was not found, lib name: 'libmd.so', lib path: '/opt/intel/opencl', at file: _sdks/release_posix-x86_64_icl_19.1.2_gnutools_6.3_binutils_2.28/perfrun_1.29.1/include/perfrun1/pluginsdk/metrics_discovery_lib.hpp:828
378 [140544140744448] WARN perfrun.sdk <> - Metrics Discovery library was not found, lib name: 'libmd.so.1', lib path: '/opt/intel/opencl', at file: _sdks/release_posix-x86_64_icl_19.1.2_gnutools_6.3_binutils_2.28/perfrun_1.29.1/include/perfrun1/pluginsdk/metrics_discovery_lib.hpp:828
385 [140544140744448] INFO perfrun.launcher <> - Messenger::say: Peak bandwidth measurement started.
4044 [140544140744448] INFO perfrun.launcher <> - Messenger::say: Peak bandwidth measurement finished.
4062 [140544140744448] WARN perfrun.system <> - Could not do anything with /sys/kernel/debug/kvm: boost::filesystem::status: Permission denied: "/sys/kernel/debug/kvm", at file: vcs/perfrun1/plugins/system/src/trace_writer.cpp:787
4062 [140544140744448] WARN perfrun.system <> - Folder "/var/run/libvirt/qemu/"doesn't exist, at file: vcs/perfrun1/plugins/system/src/trace_writer.cpp:800
4063 [140544140744448] INFO perfrun.sdk <> - Allocating TMU :/home/u183985/Compu_paralela_III/CPAR_GPUs/r009ps/data.0/gen_metrics0_0_2_0_0.0.cfg
4072 [140544140744448] INFO perfrun.sdk <> - De-allocating TMU: /home/u183985/Compu_paralela_III/CPAR_GPUs/r009ps/data.0/gen_metrics0_0_2_0_0.0.cfg
4072 [140544140744448] INFO perfrun.gpu <> - GPU counting mode: initialization successful
4072 [140544140744448] INFO perfrun.gpu <> - Creating main data processing loop
4072 [140542155384576] INFO perfrun.sdk <> - Allocating TMU :/home/u183985/Compu_paralela_III/CPAR_GPUs/r009ps/data.0/gen_metrics0_0_2_0_0.0.vtss
4076 [140542155384576] INFO perfrun.gpu <> - IO stream opening, timer period: 1000000, buffer size: 0 subDevice 0 tile 0
4076 [140544140744448] INFO perfrun.sdk <> - runCmd: /glob/development-tools/versions/oneapi/2023.0.1/oneapi/vtune/2023.0.0/bin64/emon -M
4076 [140544140744448] INFO perfrun.sdk <> - runCmd started PID 1715885
4079 [140542155384576] INFO perfrun.gpu <> - IO stream opened, timer period: 851968, buffer size: 16777216
4361 [140544140744448] INFO perfrun.sdk <> - runCmd: /glob/development-tools/versions/oneapi/2023.0.1/oneapi/vtune/2023.0.0/bin64/emon -v
4362 [140544140744448] INFO perfrun.sdk <> - runCmd started PID 1715886
4519 [140544140744448] INFO perfrun.sdk <> - runCmd: /glob/development-tools/versions/oneapi/2023.0.1/oneapi/vtune/2023.0.0/bin64/sep -dry-run -ec CPU_CLK_UNHALTED.THREAD:sa=3300000,CPU_CLK_UNHALTED.REF_TSC:sample:sa=3300000,INST_RETIRED.ANY:sample:sa=3300000,CPU_CLK_UNHALTED.DISTRIBUTED:sa=3300000,TOPDOWN.SLOTS:sample:sa=2000003,UOPS_RETIRED.SLOTS:sample:sa=2000003,FP_ARITH_INST_RETIRED.SCALAR_SINGLE:sa=2000003,FP_ARITH_INST_RETIRED.128B_PACKED_SINGLE:sa=2000003,FP_ARITH_INST_RETIRED.256B_PACKED_SINGLE:sa=2000003,FP_ARITH_INST_RETIRED.SCALAR_DOUBLE:sa=2000003,FP_ARITH_INST_RETIRED.128B_PACKED_DOUBLE:sa=2000003,FP_ARITH_INST_RETIRED.256B_PACKED_DOUBLE:sa=2000003,UOPS_EXECUTED.X87:sa=2000003,UOPS_EXECUTED.THREAD:sa=2000003,FP_ARITH_INST_RETIRED.512B_PACKED_DOUBLE:sa=2000003,FP_ARITH_INST_RETIRED.512B_PACKED_SINGLE:sa=2000003,CPU_CLK_UNHALTED.THREAD_P,CYCLE_ACTIVITY.STALLS_L1D_MISS,CYCLE_ACTIVITY.STALLS_L2_MISS,CYCLE_ACTIVITY.STALLS_L3_MISS,CYCLE_ACTIVITY.STALLS_MEM_ANY,CYCLE_ACTIVITY.STALLS_TOTAL,EXE_ACTIVITY.1_PORTS_UTIL,EXE_ACTIVITY.2_PORTS_UTIL,EXE_ACTIVITY.BOUND_ON_STORES,FRONTEND_RETIRED.LATENCY_GE_4,IDQ_UOPS_NOT_DELIVERED.CORE,INT_MISC.RECOVERY_CYCLES:cmask=1:e=yes,INT_MISC.UOP_DROPPING,L1D_PEND_MISS.FB_FULL_PERIODS,MEM_LOAD_RETIRED.FB_HIT,MEM_LOAD_RETIRED.L1_HIT,MEM_LOAD_RETIRED.L1_MISS,MEM_LOAD_RETIRED.L2_HIT,MEM_LOAD_RETIRED.L3_HIT,MEM_LOAD_RETIRED.L3_MISS,OFFCORE_REQUESTS_OUTSTANDING.ALL_DATA_RD:cmask=4,OFFCORE_REQUESTS_OUTSTANDING.CYCLES_WITH_DATA_RD,TOPDOWN.BACKEND_BOUND_SLOTS,MEM_INST_RETIRED.ALL_STORES:sa=100003,MEM_INST_RETIRED.ALL_LOADS:sa=100003,UNC_MC0_RDCAS_COUNT_FREERUN,UNC_MC0_WRCAS_COUNT_FREERUN,UNC_MC1_RDCAS_COUNT_FREERUN,UNC_MC1_WRCAS_COUNT_FREERUN -experimental
4519 [140544140744448] INFO perfrun.sdk <> - runCmd started PID 1715888
4678 [140544140744448] INFO perfrun.sdk <> - runCmd: /glob/development-tools/versions/oneapi/2023.0.1/oneapi/vtune/2023.0.0/bin64/emon -u -t 0.010 -l0 -A -C CPU_CLK_UNHALTED.DISTRIBUTED,CPU_CLK_UNHALTED.REF_TSC,CPU_CLK_UNHALTED.THREAD,CPU_CLK_UNHALTED.THREAD_P,CYCLE_ACTIVITY.STALLS_L1D_MISS,CYCLE_ACTIVITY.STALLS_L2_MISS,CYCLE_ACTIVITY.STALLS_L3_MISS,CYCLE_ACTIVITY.STALLS_MEM_ANY,CYCLE_ACTIVITY.STALLS_TOTAL,EXE_ACTIVITY.1_PORTS_UTIL,EXE_ACTIVITY.2_PORTS_UTIL,EXE_ACTIVITY.BOUND_ON_STORES,FP_ARITH_INST_RETIRED.128B_PACKED_DOUBLE,FP_ARITH_INST_RETIRED.128B_PACKED_SINGLE,FP_ARITH_INST_RETIRED.256B_PACKED_DOUBLE,FP_ARITH_INST_RETIRED.256B_PACKED_SINGLE,FP_ARITH_INST_RETIRED.512B_PACKED_DOUBLE,FP_ARITH_INST_RETIRED.512B_PACKED_SINGLE,FP_ARITH_INST_RETIRED.SCALAR_DOUBLE,FP_ARITH_INST_RETIRED.SCALAR_SINGLE,FRONTEND_RETIRED.LATENCY_GE_4,IDQ_UOPS_NOT_DELIVERED.CORE,INST_RETIRED.ANY,INT_MISC.RECOVERY_CYCLES:c1:e1,INT_MISC.UOP_DROPPING,L1D_PEND_MISS.FB_FULL_PERIODS,MEM_INST_RETIRED.ALL_LOADS,MEM_INST_RETIRED.ALL_STORES,MEM_LOAD_RETIRED.FB_HIT,MEM_LOAD_RETIRED.L1_HIT,MEM_LOAD_RETIRED.L1_MISS,MEM_LOAD_RETIRED.L2_HIT,MEM_LOAD_RETIRED.L3_HIT,MEM_LOAD_RETIRED.L3_MISS,OFFCORE_REQUESTS_OUTSTANDING.ALL_DATA_RD:c4,OFFCORE_REQUESTS_OUTSTANDING.CYCLES_WITH_DATA_RD,TOPDOWN.BACKEND_BOUND_SLOTS,TOPDOWN.SLOTS,UNC_MC0_RDCAS_COUNT_FREERUN,UNC_MC0_WRCAS_COUNT_FREERUN,UNC_MC1_RDCAS_COUNT_FREERUN,UNC_MC1_WRCAS_COUNT_FREERUN,UOPS_EXECUTED.THREAD,UOPS_EXECUTED.X87,UOPS_RETIRED.SLOTS -f /home/u183985/Compu_paralela_III/CPAR_GPUs/r009ps/data.0/emon.0.emon -experimental
4679 [140544140744448] INFO perfrun.sdk <> - runCmd started PID 1715889
4679 [140544140744448] INFO perfrun.emon <> - Waiting trace file creation: /home/u183985/Compu_paralela_III/CPAR_GPUs/r009ps/data.0/emon.0.emon
4879 [140544140744448] INFO perfrun.emon <> - trace file was found
4879 [140544154081152] INFO perfrun.launcher <> - Launcher: all plugins were started
4880 [140544154081152] INFO perfrun.launcher <> - DirectoryMonitor object was created
4880 [140544154081152] INFO perfrun.launcher <> - DirectoryMonitor: a callback was added
4880 [140544154081152] INFO perfrun.launcher <> - DirectoryMonitor was started with pingTime = 1000
4880 [140544154081152] INFO perfrun.launcher <> - DeadlineTimer is going to be constructed
4880 [140544154081152] INFO perfrun.launcher <> - DeadlineTimer: a callback was added
4890 [140544154081152] INFO perfrun.launcher <> - Launcher: resume the profiled application and  wait its termination or stop command
5014 [140544154081152] INFO perfrun.launcher <> - Launcher: the profiled application was terminated  with exit code = 0
5028 [140544140744448] INFO perfrun.gpu <> - Waiting for data collection thread to finish
5029 [140542155384576] INFO perfrun.gpu <> - Writing dual vector buffer
5034 [140542155384576] INFO perfrun.sdk <> - De-allocating TMU: /home/u183985/Compu_paralela_III/CPAR_GPUs/r009ps/data.0/gen_metrics0_0_2_0_0.0.vtss
5034 [140542155384576] INFO perfrun.gpu <> - Data collection routine finished
5034 [140544140744448] INFO perfrun.gpu <> - Data collection thread finished, shutting down the session
5034 [140544140744448] INFO perfrun.sdk <> - runCmd: /glob/development-tools/versions/oneapi/2023.0.1/oneapi/vtune/2023.0.0/bin64/emon -stop
5035 [140544140744448] INFO perfrun.sdk <> - runCmd started PID 1715898
5197 [140544140744448] INFO perfrun.emon <> - EMON collector successfully stopped.

5197 [140544140744448] INFO perfrun.emon <> - Waiting for main Emon process (1715889) to finish...
5197 [140544140744448] INFO perfrun.emon <> - Main Emon process finished
5197 [140544140744448] INFO perfrun.sdk <> - Reading value (0) from file: /proc/sys/dev/i915/perf_stream_paranoid
5203 [140544140744448] INFO perfrun.sdk <> - De-allocating TMU: /home/u183985/Compu_paralela_III/CPAR_GPUs/r009ps/data.0/systemcollector-1715847-s019-n014.sc
5203 [140544140744448] INFO perfrun.system <> - closed the system trace file: /home/u183985/Compu_paralela_III/CPAR_GPUs/r009ps/data.0/systemcollector-1715847-s019-n014.sc
5204 [140544154081152] INFO perfrun.launcher <> - Launcher: all plugins were stopped.
5204 [140544154081152] INFO perfrun.launcher <> - DeadlineTimer is going to be destroyed
5204 [140544154081152] INFO perfrun.launcher <> - DeadlineTimer was destroyed
5204 [140544154081152] INFO perfrun.launcher <> - DirectoryMonitor object was destroyed
5204 [140544154081152] WARN perfrun.launcher <> - Stop command is ignored because it is received when collection is already stopped, at file: vcs/perfrun1/launcher/src/command_handler.cpp:226
5212 [140544154081152] INFO perfrun.launcher <> - Application exit code: 0
5212 [140544154081152] INFO perfrun.launcher <> - Exit code: 0
