<?xml version="1.0" encoding="utf-8"?>
<log version="1.0" tool="runtool">

<msg id="1" tool="runtool">
  <type>log-start</type>
  <arg>2023/03/08 12:52:27</arg>
</msg>
<msg id="2" tool="runtool">
  <type>bandwidth-measurement-starts</type>
</msg>
<msg id="3" tool="runtool">
  <type>bandwidth-measurement-done</type>
</msg>
<msg id="4" tool="runtool">
  <type>collector-starts</type>
</msg>
<msg id="5" tool="runtool">
  <type>marker-file</type>
  <arg>/home/u183985/Compu_paralela_III/CPAR_GPUs/advi_results_1/e000/trc000/trc000.advixe</arg>
</msg>
<msg id="6" tool="trc">
  <type>PROCESS_START</type>
  <arg>/home/u183985/Compu_paralela_III/CPAR_GPUs/oneAPI-samples/DirectProgramming/C++SYCL/CombinationalLogic/mandelbrot/build/src/mandelbrot</arg>
  <arg>240069</arg>
  <severity>INFO</severity>
  <timestamp>Wed Mar  8 12:52:39 2023</timestamp>
</msg>
<msg id="7" tool="trc">
  <type>PROCESS_ANALYSIS_MODE</type>
  <arg>full</arg>
  <severity>INFO</severity>
  <timestamp>Wed Mar  8 12:52:39 2023</timestamp>
</msg>
<msg id="8" tool="trc">
  <type>LOAD_MODULE</type>
  <arg>/home/u183985/Compu_paralela_III/CPAR_GPUs/oneAPI-samples/DirectProgramming/C++SYCL/CombinationalLogic/mandelbrot/build/src/mandelbrot</arg>
  <arg>0x400000</arg>
  <arg>0x52252f</arg>
  <arg>yes</arg>
  <severity>INFO</severity>
  <timestamp>Wed Mar  8 12:52:39 2023</timestamp>
</msg>
<msg id="9" tool="trc">
  <type>LOAD_MODULE</type>
  <arg>/lib64/ld-linux-x86-64.so.2</arg>
  <arg>0x7feba6990000</arg>
  <arg>0x7feba69bf18f</arg>
  <arg>no</arg>
  <severity>INFO</severity>
  <timestamp>Wed Mar  8 12:52:39 2023</timestamp>
</msg>
<msg id="10" tool="trc">
  <type>LOAD_MODULE</type>
  <arg>[vdso]</arg>
  <arg>0x7ffd95179000</arg>
  <arg>0x7ffd9517a0eb</arg>
  <arg>no</arg>
  <severity>INFO</severity>
  <timestamp>Wed Mar  8 12:52:39 2023</timestamp>
</msg>
<msg id="11" tool="trc">
  <type>LOAD_MODULE</type>
  <arg>/glob/development-tools/versions/oneapi/2023.0.1/oneapi/compiler/2023.0.0/linux/lib/libOpenCL.so.1</arg>
  <arg>0x7feb9031d000</arg>
  <arg>0x7feb9032b87b</arg>
  <arg>yes</arg>
  <severity>INFO</severity>
  <timestamp>Wed Mar  8 12:52:39 2023</timestamp>
</msg>
<msg id="12" tool="trc">
  <type>LOAD_MODULE</type>
  <arg>/glob/development-tools/versions/oneapi/2023.0.1/oneapi/compiler/2023.0.0/linux/lib/libsycl.so.6</arg>
  <arg>0x7feb8ffbd000</arg>
  <arg>0x7feb902a1a8f</arg>
  <arg>yes</arg>
  <severity>INFO</severity>
  <timestamp>Wed Mar  8 12:52:39 2023</timestamp>
</msg>
<msg id="13" tool="trc">
  <type>LOAD_MODULE</type>
  <arg>/lib/x86_64-linux-gnu/libstdc++.so.6</arg>
  <arg>0x7feb8fca4000</arg>
  <arg>0x7feb8fe857ff</arg>
  <arg>no</arg>
  <severity>INFO</severity>
  <timestamp>Wed Mar  8 12:52:39 2023</timestamp>
</msg>
<msg id="14" tool="trc">
  <type>LOAD_MODULE</type>
  <arg>/lib/x86_64-linux-gnu/libm.so.6</arg>
  <arg>0x7feb8fb23000</arg>
  <arg>0x7feb8fc7110f</arg>
  <arg>no</arg>
  <severity>INFO</severity>
  <timestamp>Wed Mar  8 12:52:39 2023</timestamp>
</msg>
<msg id="15" tool="trc">
  <type>LOAD_MODULE</type>
  <arg>/lib/x86_64-linux-gnu/libgcc_s.so.1</arg>
  <arg>0x7feb8fb08000</arg>
  <arg>0x7feb8fb22447</arg>
  <arg>no</arg>
  <severity>INFO</severity>
  <timestamp>Wed Mar  8 12:52:39 2023</timestamp>
</msg>
<msg id="16" tool="trc">
  <type>LOAD_MODULE</type>
  <arg>/lib/x86_64-linux-gnu/libdl.so.2</arg>
  <arg>0x7feb8fc94000</arg>
  <arg>0x7feb8fc9910f</arg>
  <arg>no</arg>
  <severity>INFO</severity>
  <timestamp>Wed Mar  8 12:52:39 2023</timestamp>
</msg>
<msg id="17" tool="trc">
  <type>LOAD_MODULE</type>
  <arg>/lib/x86_64-linux-gnu/libc.so.6</arg>
  <arg>0x7feb8f8d4000</arg>
  <arg>0x7feb8fac565f</arg>
  <arg>no</arg>
  <severity>INFO</severity>
  <timestamp>Wed Mar  8 12:52:39 2023</timestamp>
</msg>
<msg id="18" tool="trc">
  <type>LOAD_MODULE</type>
  <arg>/glob/development-tools/versions/oneapi/2023.0.1/oneapi/compiler/2023.0.0/linux/compiler/lib/intel64_lin/libsvml.so</arg>
  <arg>0x7feb8e2c8000</arg>
  <arg>0x7feb8f8d3d87</arg>
  <arg>yes</arg>
  <severity>INFO</severity>
  <timestamp>Wed Mar  8 12:52:39 2023</timestamp>
</msg>
<msg id="19" tool="trc">
  <type>LOAD_MODULE</type>
  <arg>/glob/development-tools/versions/oneapi/2023.0.1/oneapi/compiler/2023.0.0/linux/compiler/lib/intel64_lin/libirng.so</arg>
  <arg>0x7feb8df5e000</arg>
  <arg>0x7feb8e2c7d17</arg>
  <arg>yes</arg>
  <severity>INFO</severity>
  <timestamp>Wed Mar  8 12:52:39 2023</timestamp>
</msg>
<msg id="20" tool="trc">
  <type>LOAD_MODULE</type>
  <arg>/glob/development-tools/versions/oneapi/2023.0.1/oneapi/compiler/2023.0.0/linux/compiler/lib/intel64_lin/libimf.so</arg>
  <arg>0x7feb8db79000</arg>
  <arg>0x7feb8df5d5df</arg>
  <arg>yes</arg>
  <severity>INFO</severity>
  <timestamp>Wed Mar  8 12:52:39 2023</timestamp>
</msg>
<msg id="21" tool="trc">
  <type>LOAD_MODULE</type>
  <arg>/glob/development-tools/versions/oneapi/2023.0.1/oneapi/compiler/2023.0.0/linux/compiler/lib/intel64_lin/libintlc.so.5</arg>
  <arg>0x7feb8db06000</arg>
  <arg>0x7feb8db78e37</arg>
  <arg>yes</arg>
  <severity>INFO</severity>
  <timestamp>Wed Mar  8 12:52:39 2023</timestamp>
</msg>
<msg id="22" tool="trc">
  <type>LOAD_MODULE</type>
  <arg>/lib/x86_64-linux-gnu/libpthread.so.0</arg>
  <arg>0x7feb8dadc000</arg>
  <arg>0x7feb8dafe477</arg>
  <arg>yes</arg>
  <severity>INFO</severity>
  <timestamp>Wed Mar  8 12:52:39 2023</timestamp>
</msg>
<msg id="23" tool="trc">
  <type>LOAD_MODULE</type>
  <arg>/glob/development-tools/versions/oneapi/2023.0.1/oneapi/compiler/2023.0.0/linux/lib/libpi_opencl.so</arg>
  <arg>0x7feb87a52000</arg>
  <arg>0x7feb87a9c30f</arg>
  <arg>yes</arg>
  <severity>INFO</severity>
  <timestamp>Wed Mar  8 12:52:39 2023</timestamp>
</msg>
<msg id="24" tool="trc">
  <type>LOAD_MODULE</type>
  <arg>/glob/development-tools/versions/oneapi/2023.0.1/oneapi/compiler/2023.0.0/linux/lib/libpi_level_zero.so</arg>
  <arg>0x7feb8763f000</arg>
  <arg>0x7feb877644cf</arg>
  <arg>yes</arg>
  <severity>INFO</severity>
  <timestamp>Wed Mar  8 12:52:39 2023</timestamp>
</msg>
<msg id="25" tool="trc">
  <type>LOAD_MODULE</type>
  <arg>/lib/x86_64-linux-gnu/libze_loader.so.1</arg>
  <arg>0x7feb874a3000</arg>
  <arg>0x7feb874e8307</arg>
  <arg>no</arg>
  <severity>INFO</severity>
  <timestamp>Wed Mar  8 12:52:39 2023</timestamp>
</msg>
<msg id="26" tool="trc">
  <type>LOAD_MODULE</type>
  <arg>/glob/development-tools/versions/oneapi/2023.0.1/oneapi/compiler/2023.0.0/linux/lib/x64/libintelocl_emu.so</arg>
  <arg>0x7feb85f9a000</arg>
  <arg>0x7feb865efc19</arg>
  <arg>yes</arg>
  <severity>INFO</severity>
  <timestamp>Wed Mar  8 12:52:39 2023</timestamp>
</msg>
<msg id="27" tool="trc">
  <type>LOAD_MODULE</type>
  <arg>/glob/development-tools/versions/oneapi/2023.0.1/oneapi/compiler/2023.0.0/linux/lib/x64/libtask_executor_emu.so.2022.15.12.0</arg>
  <arg>0x7feb85e44000</arg>
  <arg>0x7feb85f92a2f</arg>
  <arg>yes</arg>
  <severity>INFO</severity>
  <timestamp>Wed Mar  8 12:52:39 2023</timestamp>
</msg>
<msg id="28" tool="trc">
  <type>LOAD_MODULE</type>
  <arg>/glob/development-tools/versions/oneapi/2023.0.1/oneapi/compiler/2023.0.0/linux/lib/x64/libcl_logger_emu.so.2022.15.12.0</arg>
  <arg>0x7feb85d18000</arg>
  <arg>0x7feb85e4329f</arg>
  <arg>yes</arg>
  <severity>INFO</severity>
  <timestamp>Wed Mar  8 12:52:39 2023</timestamp>
</msg>
<msg id="29" tool="trc">
  <type>LOAD_MODULE</type>
  <arg>/lib/x86_64-linux-gnu/libz.so.1</arg>
  <arg>0x7feb85c42000</arg>
  <arg>0x7feb85c5d0b7</arg>
  <arg>no</arg>
  <severity>INFO</severity>
  <timestamp>Wed Mar  8 12:52:39 2023</timestamp>
</msg>
<msg id="30" tool="trc">
  <type>LOAD_MODULE</type>
  <arg>/lib/x86_64-linux-gnu/librt.so.1</arg>
  <arg>0x7feb85c17000</arg>
  <arg>0x7feb85c20bdf</arg>
  <arg>no</arg>
  <severity>INFO</severity>
  <timestamp>Wed Mar  8 12:52:39 2023</timestamp>
</msg>
<msg id="31" tool="trc">
  <type>LOAD_MODULE</type>
  <arg>/glob/development-tools/versions/oneapi/2023.0.1/oneapi/tbb/2021.8.0/env/../lib/intel64/gcc4.8/libtbb.so.12</arg>
  <arg>0x7feb85972000</arg>
  <arg>0x7feb85be93bf</arg>
  <arg>yes</arg>
  <severity>INFO</severity>
  <timestamp>Wed Mar  8 12:52:39 2023</timestamp>
</msg>
<msg id="32" tool="trc">
  <type>LOAD_MODULE</type>
  <arg>/glob/development-tools/versions/oneapi/2023.0.1/oneapi/tbb/2021.8.0/env/../lib/intel64/gcc4.8/libtbbmalloc.so.2</arg>
  <arg>0x7feb85716000</arg>
  <arg>0x7feb8597117f</arg>
  <arg>yes</arg>
  <severity>INFO</severity>
  <timestamp>Wed Mar  8 12:52:39 2023</timestamp>
</msg>
<msg id="33" tool="trc">
  <type>LOAD_MODULE</type>
  <arg>/glob/development-tools/versions/oneapi/2023.0.1/oneapi/advisor/2023.0.0/lib64/runtime/libittnotify.so</arg>
  <arg>0x7feb81c0f000</arg>
  <arg>0x7feb81e1b65f</arg>
  <arg>no</arg>
  <severity>INFO</severity>
  <timestamp>Wed Mar  8 12:52:40 2023</timestamp>
</msg>
<msg id="34" tool="trc">
  <type>LOAD_MODULE</type>
  <arg>/glob/development-tools/versions/oneapi/2023.0.1/oneapi/compiler/2023.0.0/linux/lib/x64/libcpu_device_emu.so.2022.15.12.0</arg>
  <arg>0x7feb816c7000</arg>
  <arg>0x7feb81838c4f</arg>
  <arg>yes</arg>
  <severity>INFO</severity>
  <timestamp>Wed Mar  8 12:52:40 2023</timestamp>
</msg>
<msg id="35" tool="trc">
  <type>LOAD_MODULE</type>
  <arg>/glob/development-tools/versions/oneapi/2023.0.1/oneapi/compiler/2023.0.0/linux/lib/oclfpga/host/linux64/lib/libalteracl.so</arg>
  <arg>0x7feb7c677000</arg>
  <arg>0x7feb80bdd06f</arg>
  <arg>yes</arg>
  <severity>INFO</severity>
  <timestamp>Wed Mar  8 12:52:40 2023</timestamp>
</msg>
<msg id="36" tool="trc">
  <type>LOAD_MODULE</type>
  <arg>/glob/development-tools/versions/oneapi/2023.0.1/oneapi/compiler/2023.0.0/linux/lib/oclfpga/host/linux64/lib/libelf.so.0</arg>
  <arg>0x7feb7c461000</arg>
  <arg>0x7feb7c676b0f</arg>
  <arg>yes</arg>
  <severity>INFO</severity>
  <timestamp>Wed Mar  8 12:52:40 2023</timestamp>
</msg>
<msg id="37" tool="trc">
  <type>UNLOAD_MODULE</type>
  <arg>/glob/development-tools/versions/oneapi/2023.0.1/oneapi/compiler/2023.0.0/linux/lib/oclfpga/host/linux64/lib/libalteracl.so</arg>
  <severity>INFO</severity>
  <timestamp>Wed Mar  8 12:52:40 2023</timestamp>
</msg>
<msg id="38" tool="trc">
  <type>UNLOAD_MODULE</type>
  <arg>/glob/development-tools/versions/oneapi/2023.0.1/oneapi/compiler/2023.0.0/linux/lib/oclfpga/host/linux64/lib/libelf.so.0</arg>
  <severity>INFO</severity>
  <timestamp>Wed Mar  8 12:52:40 2023</timestamp>
</msg>
<msg id="39" tool="trc">
  <type>LOAD_MODULE</type>
  <arg>/glob/development-tools/versions/oneapi/2023.0.1/oneapi/compiler/2023.0.0/linux/lib/x64/libintelocl.so</arg>
  <arg>0x7feb8051a000</arg>
  <arg>0x7feb80b6fc09</arg>
  <arg>yes</arg>
  <severity>INFO</severity>
  <timestamp>Wed Mar  8 12:52:40 2023</timestamp>
</msg>
<msg id="40" tool="trc">
  <type>LOAD_MODULE</type>
  <arg>/glob/development-tools/versions/oneapi/2023.0.1/oneapi/compiler/2023.0.0/linux/lib/x64/libtask_executor.so.2022.15.12.0</arg>
  <arg>0x7feb803cb000</arg>
  <arg>0x7feb80519a1f</arg>
  <arg>yes</arg>
  <severity>INFO</severity>
  <timestamp>Wed Mar  8 12:52:40 2023</timestamp>
</msg>
<msg id="41" tool="trc">
  <type>LOAD_MODULE</type>
  <arg>/glob/development-tools/versions/oneapi/2023.0.1/oneapi/compiler/2023.0.0/linux/lib/x64/libcl_logger.so.2022.15.12.0</arg>
  <arg>0x7feb8029f000</arg>
  <arg>0x7feb803ca29f</arg>
  <arg>yes</arg>
  <severity>INFO</severity>
  <timestamp>Wed Mar  8 12:52:40 2023</timestamp>
</msg>
<msg id="42" tool="trc">
  <type>LOAD_MODULE</type>
  <arg>/glob/development-tools/versions/oneapi/2023.0.1/oneapi/compiler/2023.0.0/linux/lib/x64/libcpu_device.so.2022.15.12.0</arg>
  <arg>0x7feb7eb3e000</arg>
  <arg>0x7feb7ecafc3f</arg>
  <arg>yes</arg>
  <severity>INFO</severity>
  <timestamp>Wed Mar  8 12:52:40 2023</timestamp>
</msg>
<msg id="43" tool="trc">
  <type>LOAD_MODULE</type>
  <arg>/usr/lib/x86_64-linux-gnu/intel-opencl/libigdrcl.so</arg>
  <arg>0x7feb7d805000</arg>
  <arg>0x7feb7e2a3337</arg>
  <arg>no</arg>
  <severity>INFO</severity>
  <timestamp>Wed Mar  8 12:52:40 2023</timestamp>
</msg>
<msg id="44" tool="trc">
  <type>LOAD_MODULE</type>
  <arg>/lib/x86_64-linux-gnu/libigdgmm.so.12</arg>
  <arg>0x7feb7d764000</arg>
  <arg>0x7feb7d7f5ce7</arg>
  <arg>no</arg>
  <severity>INFO</severity>
  <timestamp>Wed Mar  8 12:52:40 2023</timestamp>
</msg>
<msg id="45" tool="trc">
  <type>LOAD_MODULE</type>
  <arg>/lib/x86_64-linux-gnu/libigdfcl.so.1</arg>
  <arg>0x7feb78f21000</arg>
  <arg>0x7feb790c4d9f</arg>
  <arg>no</arg>
  <severity>INFO</severity>
  <timestamp>Wed Mar  8 12:52:41 2023</timestamp>
</msg>
<msg id="46" tool="trc">
  <type>LOAD_MODULE</type>
  <arg>/lib/x86_64-linux-gnu/libopencl-clang.so.11</arg>
  <arg>0x7feb6ceb8000</arg>
  <arg>0x7feb715d9967</arg>
  <arg>no</arg>
  <severity>INFO</severity>
  <timestamp>Wed Mar  8 12:52:41 2023</timestamp>
</msg>
<msg id="47" tool="trc">
  <type>LOAD_MODULE</type>
  <arg>/lib/x86_64-linux-gnu/libigc.so.1</arg>
  <arg>0x7feb5f561000</arg>
  <arg>0x7feb640cf2e7</arg>
  <arg>no</arg>
  <severity>INFO</severity>
  <timestamp>Wed Mar  8 12:52:41 2023</timestamp>
</msg>
<msg id="48" tool="trc">
  <type>LOAD_MODULE</type>
  <arg>/lib/x86_64-linux-gnu/libva.so.2</arg>
  <arg>0x7feb6c9f6000</arg>
  <arg>0x7feb6ca229bf</arg>
  <arg>no</arg>
  <severity>INFO</severity>
  <timestamp>Wed Mar  8 12:52:42 2023</timestamp>
</msg>
<msg id="49" tool="trc">
  <type>UNLOAD_MODULE</type>
  <arg>/lib/x86_64-linux-gnu/libva.so.2</arg>
  <severity>INFO</severity>
  <timestamp>Wed Mar  8 12:52:42 2023</timestamp>
</msg>
<msg id="50" tool="trc">
  <type>LOAD_MODULE</type>
  <arg>/lib/x86_64-linux-gnu/libze_intel_gpu.so.1</arg>
  <arg>0x7feb6af79000</arg>
  <arg>0x7feb6b977bb7</arg>
  <arg>no</arg>
  <severity>INFO</severity>
  <timestamp>Wed Mar  8 12:52:42 2023</timestamp>
</msg>
<msg id="51" tool="trc">
  <type>UNLOAD_MODULE</type>
  <arg>/home/u183985/Compu_paralela_III/CPAR_GPUs/oneAPI-samples/DirectProgramming/C++SYCL/CombinationalLogic/mandelbrot/build/src/mandelbrot</arg>
  <severity>INFO</severity>
  <timestamp>Wed Mar  8 12:52:52 2023</timestamp>
</msg>
<msg id="52" tool="trc">
  <type>UNLOAD_MODULE</type>
  <arg>/lib64/ld-linux-x86-64.so.2</arg>
  <severity>INFO</severity>
  <timestamp>Wed Mar  8 12:52:52 2023</timestamp>
</msg>
<msg id="53" tool="trc">
  <type>UNLOAD_MODULE</type>
  <arg>[vdso]</arg>
  <severity>INFO</severity>
  <timestamp>Wed Mar  8 12:52:52 2023</timestamp>
</msg>
<msg id="54" tool="trc">
  <type>UNLOAD_MODULE</type>
  <arg>/glob/development-tools/versions/oneapi/2023.0.1/oneapi/compiler/2023.0.0/linux/lib/libOpenCL.so.1</arg>
  <severity>INFO</severity>
  <timestamp>Wed Mar  8 12:52:52 2023</timestamp>
</msg>
<msg id="55" tool="trc">
  <type>UNLOAD_MODULE</type>
  <arg>/glob/development-tools/versions/oneapi/2023.0.1/oneapi/compiler/2023.0.0/linux/lib/libsycl.so.6</arg>
  <severity>INFO</severity>
  <timestamp>Wed Mar  8 12:52:52 2023</timestamp>
</msg>
<msg id="56" tool="trc">
  <type>UNLOAD_MODULE</type>
  <arg>/lib/x86_64-linux-gnu/libstdc++.so.6</arg>
  <severity>INFO</severity>
  <timestamp>Wed Mar  8 12:52:52 2023</timestamp>
</msg>
<msg id="57" tool="trc">
  <type>UNLOAD_MODULE</type>
  <arg>/lib/x86_64-linux-gnu/libm.so.6</arg>
  <severity>INFO</severity>
  <timestamp>Wed Mar  8 12:52:52 2023</timestamp>
</msg>
<msg id="58" tool="trc">
  <type>UNLOAD_MODULE</type>
  <arg>/lib/x86_64-linux-gnu/libgcc_s.so.1</arg>
  <severity>INFO</severity>
  <timestamp>Wed Mar  8 12:52:52 2023</timestamp>
</msg>
<msg id="59" tool="trc">
  <type>UNLOAD_MODULE</type>
  <arg>/lib/x86_64-linux-gnu/libdl.so.2</arg>
  <severity>INFO</severity>
  <timestamp>Wed Mar  8 12:52:52 2023</timestamp>
</msg>
<msg id="60" tool="trc">
  <type>UNLOAD_MODULE</type>
  <arg>/lib/x86_64-linux-gnu/libc.so.6</arg>
  <severity>INFO</severity>
  <timestamp>Wed Mar  8 12:52:52 2023</timestamp>
</msg>
<msg id="61" tool="trc">
  <type>UNLOAD_MODULE</type>
  <arg>/glob/development-tools/versions/oneapi/2023.0.1/oneapi/compiler/2023.0.0/linux/compiler/lib/intel64_lin/libsvml.so</arg>
  <severity>INFO</severity>
  <timestamp>Wed Mar  8 12:52:52 2023</timestamp>
</msg>
<msg id="62" tool="trc">
  <type>UNLOAD_MODULE</type>
  <arg>/glob/development-tools/versions/oneapi/2023.0.1/oneapi/compiler/2023.0.0/linux/compiler/lib/intel64_lin/libirng.so</arg>
  <severity>INFO</severity>
  <timestamp>Wed Mar  8 12:52:52 2023</timestamp>
</msg>
<msg id="63" tool="trc">
  <type>UNLOAD_MODULE</type>
  <arg>/glob/development-tools/versions/oneapi/2023.0.1/oneapi/compiler/2023.0.0/linux/compiler/lib/intel64_lin/libimf.so</arg>
  <severity>INFO</severity>
  <timestamp>Wed Mar  8 12:52:52 2023</timestamp>
</msg>
<msg id="64" tool="trc">
  <type>UNLOAD_MODULE</type>
  <arg>/glob/development-tools/versions/oneapi/2023.0.1/oneapi/compiler/2023.0.0/linux/compiler/lib/intel64_lin/libintlc.so.5</arg>
  <severity>INFO</severity>
  <timestamp>Wed Mar  8 12:52:52 2023</timestamp>
</msg>
<msg id="65" tool="trc">
  <type>UNLOAD_MODULE</type>
  <arg>/lib/x86_64-linux-gnu/libpthread.so.0</arg>
  <severity>INFO</severity>
  <timestamp>Wed Mar  8 12:52:52 2023</timestamp>
</msg>
<msg id="66" tool="trc">
  <type>UNLOAD_MODULE</type>
  <arg>/glob/development-tools/versions/oneapi/2023.0.1/oneapi/compiler/2023.0.0/linux/lib/libpi_opencl.so</arg>
  <severity>INFO</severity>
  <timestamp>Wed Mar  8 12:52:52 2023</timestamp>
</msg>
<msg id="67" tool="trc">
  <type>UNLOAD_MODULE</type>
  <arg>/glob/development-tools/versions/oneapi/2023.0.1/oneapi/compiler/2023.0.0/linux/lib/libpi_level_zero.so</arg>
  <severity>INFO</severity>
  <timestamp>Wed Mar  8 12:52:52 2023</timestamp>
</msg>
<msg id="68" tool="trc">
  <type>UNLOAD_MODULE</type>
  <arg>/lib/x86_64-linux-gnu/libze_loader.so.1</arg>
  <severity>INFO</severity>
  <timestamp>Wed Mar  8 12:52:52 2023</timestamp>
</msg>
<msg id="69" tool="trc">
  <type>UNLOAD_MODULE</type>
  <arg>/glob/development-tools/versions/oneapi/2023.0.1/oneapi/compiler/2023.0.0/linux/lib/x64/libintelocl_emu.so</arg>
  <severity>INFO</severity>
  <timestamp>Wed Mar  8 12:52:52 2023</timestamp>
</msg>
<msg id="70" tool="trc">
  <type>UNLOAD_MODULE</type>
  <arg>/glob/development-tools/versions/oneapi/2023.0.1/oneapi/compiler/2023.0.0/linux/lib/x64/libtask_executor_emu.so.2022.15.12.0</arg>
  <severity>INFO</severity>
  <timestamp>Wed Mar  8 12:52:52 2023</timestamp>
</msg>
<msg id="71" tool="trc">
  <type>UNLOAD_MODULE</type>
  <arg>/glob/development-tools/versions/oneapi/2023.0.1/oneapi/compiler/2023.0.0/linux/lib/x64/libcl_logger_emu.so.2022.15.12.0</arg>
  <severity>INFO</severity>
  <timestamp>Wed Mar  8 12:52:52 2023</timestamp>
</msg>
<msg id="72" tool="trc">
  <type>UNLOAD_MODULE</type>
  <arg>/lib/x86_64-linux-gnu/libz.so.1</arg>
  <severity>INFO</severity>
  <timestamp>Wed Mar  8 12:52:52 2023</timestamp>
</msg>
<msg id="73" tool="trc">
  <type>UNLOAD_MODULE</type>
  <arg>/lib/x86_64-linux-gnu/librt.so.1</arg>
  <severity>INFO</severity>
  <timestamp>Wed Mar  8 12:52:52 2023</timestamp>
</msg>
<msg id="74" tool="trc">
  <type>UNLOAD_MODULE</type>
  <arg>/glob/development-tools/versions/oneapi/2023.0.1/oneapi/tbb/2021.8.0/env/../lib/intel64/gcc4.8/libtbb.so.12</arg>
  <severity>INFO</severity>
  <timestamp>Wed Mar  8 12:52:52 2023</timestamp>
</msg>
<msg id="75" tool="trc">
  <type>UNLOAD_MODULE</type>
  <arg>/glob/development-tools/versions/oneapi/2023.0.1/oneapi/tbb/2021.8.0/env/../lib/intel64/gcc4.8/libtbbmalloc.so.2</arg>
  <severity>INFO</severity>
  <timestamp>Wed Mar  8 12:52:52 2023</timestamp>
</msg>
<msg id="76" tool="trc">
  <type>UNLOAD_MODULE</type>
  <arg>/glob/development-tools/versions/oneapi/2023.0.1/oneapi/advisor/2023.0.0/lib64/runtime/libittnotify.so</arg>
  <severity>INFO</severity>
  <timestamp>Wed Mar  8 12:52:52 2023</timestamp>
</msg>
<msg id="77" tool="trc">
  <type>UNLOAD_MODULE</type>
  <arg>/glob/development-tools/versions/oneapi/2023.0.1/oneapi/compiler/2023.0.0/linux/lib/x64/libcpu_device_emu.so.2022.15.12.0</arg>
  <severity>INFO</severity>
  <timestamp>Wed Mar  8 12:52:52 2023</timestamp>
</msg>
<msg id="78" tool="trc">
  <type>UNLOAD_MODULE</type>
  <arg>/glob/development-tools/versions/oneapi/2023.0.1/oneapi/compiler/2023.0.0/linux/lib/x64/libintelocl.so</arg>
  <severity>INFO</severity>
  <timestamp>Wed Mar  8 12:52:52 2023</timestamp>
</msg>
<msg id="79" tool="trc">
  <type>UNLOAD_MODULE</type>
  <arg>/glob/development-tools/versions/oneapi/2023.0.1/oneapi/compiler/2023.0.0/linux/lib/x64/libtask_executor.so.2022.15.12.0</arg>
  <severity>INFO</severity>
  <timestamp>Wed Mar  8 12:52:52 2023</timestamp>
</msg>
<msg id="80" tool="trc">
  <type>UNLOAD_MODULE</type>
  <arg>/glob/development-tools/versions/oneapi/2023.0.1/oneapi/compiler/2023.0.0/linux/lib/x64/libcl_logger.so.2022.15.12.0</arg>
  <severity>INFO</severity>
  <timestamp>Wed Mar  8 12:52:52 2023</timestamp>
</msg>
<msg id="81" tool="trc">
  <type>UNLOAD_MODULE</type>
  <arg>/glob/development-tools/versions/oneapi/2023.0.1/oneapi/compiler/2023.0.0/linux/lib/x64/libcpu_device.so.2022.15.12.0</arg>
  <severity>INFO</severity>
  <timestamp>Wed Mar  8 12:52:52 2023</timestamp>
</msg>
<msg id="82" tool="trc">
  <type>UNLOAD_MODULE</type>
  <arg>/usr/lib/x86_64-linux-gnu/intel-opencl/libigdrcl.so</arg>
  <severity>INFO</severity>
  <timestamp>Wed Mar  8 12:52:52 2023</timestamp>
</msg>
<msg id="83" tool="trc">
  <type>UNLOAD_MODULE</type>
  <arg>/lib/x86_64-linux-gnu/libigdgmm.so.12</arg>
  <severity>INFO</severity>
  <timestamp>Wed Mar  8 12:52:52 2023</timestamp>
</msg>
<msg id="84" tool="trc">
  <type>UNLOAD_MODULE</type>
  <arg>/lib/x86_64-linux-gnu/libigdfcl.so.1</arg>
  <severity>INFO</severity>
  <timestamp>Wed Mar  8 12:52:52 2023</timestamp>
</msg>
<msg id="85" tool="trc">
  <type>UNLOAD_MODULE</type>
  <arg>/lib/x86_64-linux-gnu/libopencl-clang.so.11</arg>
  <severity>INFO</severity>
  <timestamp>Wed Mar  8 12:52:52 2023</timestamp>
</msg>
<msg id="86" tool="trc">
  <type>UNLOAD_MODULE</type>
  <arg>/lib/x86_64-linux-gnu/libigc.so.1</arg>
  <severity>INFO</severity>
  <timestamp>Wed Mar  8 12:52:52 2023</timestamp>
</msg>
<msg id="87" tool="trc">
  <type>UNLOAD_MODULE</type>
  <arg>/lib/x86_64-linux-gnu/libze_intel_gpu.so.1</arg>
  <severity>INFO</severity>
  <timestamp>Wed Mar  8 12:52:52 2023</timestamp>
</msg>
<msg id="88" tool="trc">
  <type>PROCESS_FINISH</type>
  <arg>/home/u183985/Compu_paralela_III/CPAR_GPUs/oneAPI-samples/DirectProgramming/C++SYCL/CombinationalLogic/mandelbrot/build/src/mandelbrot</arg>
  <arg>240069</arg>
  <arg>0x0</arg>
  <severity>INFO</severity>
  <timestamp>Wed Mar  8 12:52:52 2023</timestamp>
</msg>
<msg id="89" tool="runtool">
  <type>app-exit-code</type>
  <arg>0</arg>
</msg>
<msg id="90" tool="runtool">
  <type>marker-file</type>
  <arg>/home/u183985/Compu_paralela_III/CPAR_GPUs/advi_results_1/e000/trc000/trc000.advixe</arg>
</msg>
<msg id="91" tool="runtool">
  <type>collector-done</type>
</msg>
<msg id="92" tool="runtool">
  <type>log-end</type>
  <arg>2023/03/08 12:52:56</arg>
</msg>

</log>

