<?xml version="1.0" encoding="utf-8" ?>
<!-- DO NOT EDIT THIS FILE -->

<log version='2.0' source='trc'>
	<msg id='1' display='false' source='trc'>
		<type>PROCESS_START</type>
		<severity>INFO</severity>
		<timestamp>Wed Mar  8 12:52:39 2023</timestamp>
		<arg name='process'>/home/u183985/Compu_paralela_III/CPAR_GPUs/oneAPI-samples/DirectProgramming/C++SYCL/CombinationalLogic/mandelbrot/build/src/mandelbrot</arg>
		<arg name='pid'>240069</arg>
	</msg>
	<!-- Instrumentation filter's state:
    Patterns applicability:
        Generic loop pattern.....................: enabled
        Generic loop pattern (with dynamic jumps): enabled
        Known trip value loop pattern............: enabled
        Runtime final value loop pattern.........: enabled
        No initial IV loop pattern...............: enabled
        IV step only loop pattern................: enabled
        No entry loop pattern....................: enabled
    Clustered memory model (CMM) applicability:
        Generic loop pattern.....................: enabled
        Generic loop pattern (with dynamic jumps): enabled
        Known trip value loop pattern............: enabled
        Runtime final value loop pattern.........: enabled
        No initial IV loop pattern...............: enabled
        IV step only loop pattern................: enabled
        No entry loop pattern....................: disabled
 -->
	<!-- Callstack mode:
    filter modules.........: true
    filter routines........: true
    count loops............: false
    count flops............: false
    trace..................: false
    extended trace.........: false
    omp trace..............: false
    jit trace..............: false
    failures trace.........: false
    dump raw...............: false
    dump final.............: false
    dump all...............: false
    stack stitching........: true
    stl profiling..........: true
    aggressive frame switch: true
    unwind frame exit......: true
    analyze child loops....: true
 -->
	<!-- Managed application profiling: -->
	<!-- 	State...................: enabled -->
	<!-- Gpu Profiling: -->
	<!-- 	State: disabled -->
	<msg id='2' display='false' source='trc'>
		<type>PROCESS_ANALYSIS_MODE</type>
		<severity>INFO</severity>
		<timestamp>Wed Mar  8 12:52:39 2023</timestamp>
		<arg name='mode'>full</arg>
	</msg>
	<!-- Update image info for [1:0x400000:YN] /home/u183985/Compu_paralela_III/CPAR_GPUs/oneAPI-samples/DirectProgramming/C++SYCL/CombinationalLogic/mandelbrot/build/src/mandelbrot -->
	<msg id='3' display='false' source='trc'>
		<type>LOAD_MODULE</type>
		<severity>INFO</severity>
		<timestamp>Wed Mar  8 12:52:39 2023</timestamp>
		<arg name='module'>/home/u183985/Compu_paralela_III/CPAR_GPUs/oneAPI-samples/DirectProgramming/C++SYCL/CombinationalLogic/mandelbrot/build/src/mandelbrot</arg>
		<arg name='basement'>0x400000</arg>
		<arg name='ceiling'>0x52252f</arg>
		<arg name='symtab'>yes</arg>
	</msg>
	<!-- Instrumenting image: id = 1, name = /home/u183985/Compu_paralela_III/CPAR_GPUs/oneAPI-samples/DirectProgramming/C++SYCL/CombinationalLogic/mandelbrot/build/src/mandelbrot -->
	<!-- Instrumenting loops in routine "stbi_zlib_compress" -->
	<!-- Instrumenting loops in routine "stbi_write_png_to_mem" -->
	<!-- Instrumenting loops in routine "Execute" -->
	<!-- Instrumenting loops in routine "main" -->
	<!-- Instrumenting loops in routine "MandelParallel::Evaluate" -->
	<!-- Update image info for [2:0x7FEBA6990000:NN] /lib64/ld-linux-x86-64.so.2 -->
	<msg id='4' display='false' source='trc'>
		<type>LOAD_MODULE</type>
		<severity>INFO</severity>
		<timestamp>Wed Mar  8 12:52:39 2023</timestamp>
		<arg name='module'>/lib64/ld-linux-x86-64.so.2</arg>
		<arg name='basement'>0x7feba6990000</arg>
		<arg name='ceiling'>0x7feba69bf18f</arg>
		<arg name='symtab'>no</arg>
	</msg>
	<!-- Instrumentation of /lib64/ld-linux-x86-64.so.2 image skipped because of filter conditions. -->
	<!-- Update image info for [3:0x7FFD95179000:NN] [vdso] -->
	<msg id='5' display='false' source='trc'>
		<type>LOAD_MODULE</type>
		<severity>INFO</severity>
		<timestamp>Wed Mar  8 12:52:39 2023</timestamp>
		<arg name='module'>[vdso]</arg>
		<arg name='basement'>0x7ffd95179000</arg>
		<arg name='ceiling'>0x7ffd9517a0eb</arg>
		<arg name='symtab'>no</arg>
	</msg>
	<!-- Instrumentation of [vdso] image skipped because of filter conditions [cs-mode]. -->
	<!-- Found 'clEnqueueNDRangeKernel' at 0x7feb903264e0 -->
	<!-- Found 'clEnqueueTask' at 0x7feb90326790 -->
	<!-- Found 'clGetCommandQueueInfo' at 0x7feb90325b40 -->
	<!-- Found 'clGetDeviceInfo' at 0x7feb90325910 -->
	<!-- Found 'clGetExtensionFunctionAddressForPlatform' at 0x7feb903255c0 -->
	<!-- Found 'clGetKernelInfo' at 0x7feb90325fb0 -->
	<!-- Instrumenting 'clEnqueueNDRangeKernel' -->
	<!-- Instrumenting 'clEnqueueTask' -->
	<!-- Update image info for [4:0x7FEB9031D000:YN] /glob/development-tools/versions/oneapi/2023.0.1/oneapi/compiler/2023.0.0/linux/lib/libOpenCL.so.1 -->
	<msg id='6' display='false' source='trc'>
		<type>LOAD_MODULE</type>
		<severity>INFO</severity>
		<timestamp>Wed Mar  8 12:52:39 2023</timestamp>
		<arg name='module'>/glob/development-tools/versions/oneapi/2023.0.1/oneapi/compiler/2023.0.0/linux/lib/libOpenCL.so.1</arg>
		<arg name='basement'>0x7feb9031d000</arg>
		<arg name='ceiling'>0x7feb9032b87b</arg>
		<arg name='symtab'>yes</arg>
	</msg>
	<!-- Instrumentation of /glob/development-tools/versions/oneapi/2023.0.1/oneapi/compiler/2023.0.0/linux/lib/libOpenCL.so.1 image skipped because of filter conditions. -->
	<!-- Update image info for [5:0x7FEB8FFBD000:YN] /glob/development-tools/versions/oneapi/2023.0.1/oneapi/compiler/2023.0.0/linux/lib/libsycl.so.6 -->
	<msg id='7' display='false' source='trc'>
		<type>LOAD_MODULE</type>
		<severity>INFO</severity>
		<timestamp>Wed Mar  8 12:52:39 2023</timestamp>
		<arg name='module'>/glob/development-tools/versions/oneapi/2023.0.1/oneapi/compiler/2023.0.0/linux/lib/libsycl.so.6</arg>
		<arg name='basement'>0x7feb8ffbd000</arg>
		<arg name='ceiling'>0x7feb902a1a8f</arg>
		<arg name='symtab'>yes</arg>
	</msg>
	<!-- Instrumentation of /glob/development-tools/versions/oneapi/2023.0.1/oneapi/compiler/2023.0.0/linux/lib/libsycl.so.6 image skipped because of filter conditions. -->
	<!-- Update image info for [6:0x7FEB8FCA4000:NN] /lib/x86_64-linux-gnu/libstdc++.so.6 -->
	<msg id='8' display='false' source='trc'>
		<type>LOAD_MODULE</type>
		<severity>INFO</severity>
		<timestamp>Wed Mar  8 12:52:39 2023</timestamp>
		<arg name='module'>/lib/x86_64-linux-gnu/libstdc++.so.6</arg>
		<arg name='basement'>0x7feb8fca4000</arg>
		<arg name='ceiling'>0x7feb8fe857ff</arg>
		<arg name='symtab'>no</arg>
	</msg>
	<!-- Instrumentation of /lib/x86_64-linux-gnu/libstdc++.so.6 image skipped because of filter conditions [cs-mode]. -->
	<!-- Update image info for [7:0x7FEB8FB23000:NN] /lib/x86_64-linux-gnu/libm.so.6 -->
	<msg id='9' display='false' source='trc'>
		<type>LOAD_MODULE</type>
		<severity>INFO</severity>
		<timestamp>Wed Mar  8 12:52:39 2023</timestamp>
		<arg name='module'>/lib/x86_64-linux-gnu/libm.so.6</arg>
		<arg name='basement'>0x7feb8fb23000</arg>
		<arg name='ceiling'>0x7feb8fc7110f</arg>
		<arg name='symtab'>no</arg>
	</msg>
	<!-- Instrumentation of /lib/x86_64-linux-gnu/libm.so.6 image skipped because of filter conditions [cs-mode]. -->
	<!-- Update image info for [8:0x7FEB8FB08000:NN] /lib/x86_64-linux-gnu/libgcc_s.so.1 -->
	<msg id='10' display='false' source='trc'>
		<type>LOAD_MODULE</type>
		<severity>INFO</severity>
		<timestamp>Wed Mar  8 12:52:39 2023</timestamp>
		<arg name='module'>/lib/x86_64-linux-gnu/libgcc_s.so.1</arg>
		<arg name='basement'>0x7feb8fb08000</arg>
		<arg name='ceiling'>0x7feb8fb22447</arg>
		<arg name='symtab'>no</arg>
	</msg>
	<!-- Instrumentation of /lib/x86_64-linux-gnu/libgcc_s.so.1 image skipped because of filter conditions. -->
	<!-- Update image info for [9:0x7FEB8FC94000:NN] /lib/x86_64-linux-gnu/libdl.so.2 -->
	<msg id='11' display='false' source='trc'>
		<type>LOAD_MODULE</type>
		<severity>INFO</severity>
		<timestamp>Wed Mar  8 12:52:39 2023</timestamp>
		<arg name='module'>/lib/x86_64-linux-gnu/libdl.so.2</arg>
		<arg name='basement'>0x7feb8fc94000</arg>
		<arg name='ceiling'>0x7feb8fc9910f</arg>
		<arg name='symtab'>no</arg>
	</msg>
	<!-- Instrumentation of /lib/x86_64-linux-gnu/libdl.so.2 image skipped because of filter conditions [cs-mode]. -->
	<!-- Update image info for [10:0x7FEB8F8D4000:NN] /lib/x86_64-linux-gnu/libc.so.6 -->
	<msg id='12' display='false' source='trc'>
		<type>LOAD_MODULE</type>
		<severity>INFO</severity>
		<timestamp>Wed Mar  8 12:52:39 2023</timestamp>
		<arg name='module'>/lib/x86_64-linux-gnu/libc.so.6</arg>
		<arg name='basement'>0x7feb8f8d4000</arg>
		<arg name='ceiling'>0x7feb8fac565f</arg>
		<arg name='symtab'>no</arg>
	</msg>
	<!-- Instrumentation of /lib/x86_64-linux-gnu/libc.so.6 image skipped because of filter conditions. -->
	<!-- Update image info for [11:0x7FEB8E2C8000:YN] /glob/development-tools/versions/oneapi/2023.0.1/oneapi/compiler/2023.0.0/linux/compiler/lib/intel64_lin/libsvml.so -->
	<msg id='13' display='false' source='trc'>
		<type>LOAD_MODULE</type>
		<severity>INFO</severity>
		<timestamp>Wed Mar  8 12:52:39 2023</timestamp>
		<arg name='module'>/glob/development-tools/versions/oneapi/2023.0.1/oneapi/compiler/2023.0.0/linux/compiler/lib/intel64_lin/libsvml.so</arg>
		<arg name='basement'>0x7feb8e2c8000</arg>
		<arg name='ceiling'>0x7feb8f8d3d87</arg>
		<arg name='symtab'>yes</arg>
	</msg>
	<!-- Instrumentation of /glob/development-tools/versions/oneapi/2023.0.1/oneapi/compiler/2023.0.0/linux/compiler/lib/intel64_lin/libsvml.so image skipped because of filter conditions [cs-mode]. -->
	<!-- Update image info for [12:0x7FEB8DF5E000:YN] /glob/development-tools/versions/oneapi/2023.0.1/oneapi/compiler/2023.0.0/linux/compiler/lib/intel64_lin/libirng.so -->
	<msg id='14' display='false' source='trc'>
		<type>LOAD_MODULE</type>
		<severity>INFO</severity>
		<timestamp>Wed Mar  8 12:52:39 2023</timestamp>
		<arg name='module'>/glob/development-tools/versions/oneapi/2023.0.1/oneapi/compiler/2023.0.0/linux/compiler/lib/intel64_lin/libirng.so</arg>
		<arg name='basement'>0x7feb8df5e000</arg>
		<arg name='ceiling'>0x7feb8e2c7d17</arg>
		<arg name='symtab'>yes</arg>
	</msg>
	<!-- Instrumentation of /glob/development-tools/versions/oneapi/2023.0.1/oneapi/compiler/2023.0.0/linux/compiler/lib/intel64_lin/libirng.so image skipped because of filter conditions [cs-mode]. -->
	<!-- Update image info for [13:0x7FEB8DB79000:YN] /glob/development-tools/versions/oneapi/2023.0.1/oneapi/compiler/2023.0.0/linux/compiler/lib/intel64_lin/libimf.so -->
	<msg id='15' display='false' source='trc'>
		<type>LOAD_MODULE</type>
		<severity>INFO</severity>
		<timestamp>Wed Mar  8 12:52:39 2023</timestamp>
		<arg name='module'>/glob/development-tools/versions/oneapi/2023.0.1/oneapi/compiler/2023.0.0/linux/compiler/lib/intel64_lin/libimf.so</arg>
		<arg name='basement'>0x7feb8db79000</arg>
		<arg name='ceiling'>0x7feb8df5d5df</arg>
		<arg name='symtab'>yes</arg>
	</msg>
	<!-- Instrumentation of /glob/development-tools/versions/oneapi/2023.0.1/oneapi/compiler/2023.0.0/linux/compiler/lib/intel64_lin/libimf.so image skipped because of filter conditions [cs-mode]. -->
	<!-- Update image info for [14:0x7FEB8DB06000:YN] /glob/development-tools/versions/oneapi/2023.0.1/oneapi/compiler/2023.0.0/linux/compiler/lib/intel64_lin/libintlc.so.5 -->
	<msg id='16' display='false' source='trc'>
		<type>LOAD_MODULE</type>
		<severity>INFO</severity>
		<timestamp>Wed Mar  8 12:52:39 2023</timestamp>
		<arg name='module'>/glob/development-tools/versions/oneapi/2023.0.1/oneapi/compiler/2023.0.0/linux/compiler/lib/intel64_lin/libintlc.so.5</arg>
		<arg name='basement'>0x7feb8db06000</arg>
		<arg name='ceiling'>0x7feb8db78e37</arg>
		<arg name='symtab'>yes</arg>
	</msg>
	<!-- Instrumentation of /glob/development-tools/versions/oneapi/2023.0.1/oneapi/compiler/2023.0.0/linux/compiler/lib/intel64_lin/libintlc.so.5 image skipped because of filter conditions [cs-mode]. -->
	<!-- Update image info for [15:0x7FEB8DADC000:YN] /lib/x86_64-linux-gnu/libpthread.so.0 -->
	<msg id='17' display='false' source='trc'>
		<type>LOAD_MODULE</type>
		<severity>INFO</severity>
		<timestamp>Wed Mar  8 12:52:39 2023</timestamp>
		<arg name='module'>/lib/x86_64-linux-gnu/libpthread.so.0</arg>
		<arg name='basement'>0x7feb8dadc000</arg>
		<arg name='ceiling'>0x7feb8dafe477</arg>
		<arg name='symtab'>yes</arg>
	</msg>
	<!-- Instrumentation of /lib/x86_64-linux-gnu/libpthread.so.0 image skipped because of filter conditions. -->
	<!-- Update image info for [16:0x7FEB87A52000:YN] /glob/development-tools/versions/oneapi/2023.0.1/oneapi/compiler/2023.0.0/linux/lib/libpi_opencl.so -->
	<msg id='18' display='false' source='trc'>
		<type>LOAD_MODULE</type>
		<severity>INFO</severity>
		<timestamp>Wed Mar  8 12:52:39 2023</timestamp>
		<arg name='module'>/glob/development-tools/versions/oneapi/2023.0.1/oneapi/compiler/2023.0.0/linux/lib/libpi_opencl.so</arg>
		<arg name='basement'>0x7feb87a52000</arg>
		<arg name='ceiling'>0x7feb87a9c30f</arg>
		<arg name='symtab'>yes</arg>
	</msg>
	<!-- Instrumentation of /glob/development-tools/versions/oneapi/2023.0.1/oneapi/compiler/2023.0.0/linux/lib/libpi_opencl.so image skipped because of filter conditions [cs-mode]. -->
	<!-- Update image info for [17:0x7FEB8763F000:YN] /glob/development-tools/versions/oneapi/2023.0.1/oneapi/compiler/2023.0.0/linux/lib/libpi_level_zero.so -->
	<msg id='19' display='false' source='trc'>
		<type>LOAD_MODULE</type>
		<severity>INFO</severity>
		<timestamp>Wed Mar  8 12:52:39 2023</timestamp>
		<arg name='module'>/glob/development-tools/versions/oneapi/2023.0.1/oneapi/compiler/2023.0.0/linux/lib/libpi_level_zero.so</arg>
		<arg name='basement'>0x7feb8763f000</arg>
		<arg name='ceiling'>0x7feb877644cf</arg>
		<arg name='symtab'>yes</arg>
	</msg>
	<!-- Instrumenting image: id = 17, name = /glob/development-tools/versions/oneapi/2023.0.1/oneapi/compiler/2023.0.0/linux/lib/libpi_level_zero.so -->
	<!-- Instrumenting loops in routine "piPlatformsGet" -->
	<!-- Instrumenting loops in routine "piProgramBuild" -->
	<!-- Instrumenting loops in routine "piEventsWait" -->
	<!-- Update image info for [18:0x7FEB874A3000:NN] /lib/x86_64-linux-gnu/libze_loader.so.1 -->
	<msg id='20' display='false' source='trc'>
		<type>LOAD_MODULE</type>
		<severity>INFO</severity>
		<timestamp>Wed Mar  8 12:52:39 2023</timestamp>
		<arg name='module'>/lib/x86_64-linux-gnu/libze_loader.so.1</arg>
		<arg name='basement'>0x7feb874a3000</arg>
		<arg name='ceiling'>0x7feb874e8307</arg>
		<arg name='symtab'>no</arg>
	</msg>
	<!-- Instrumentation of /lib/x86_64-linux-gnu/libze_loader.so.1 image skipped because of no symbols and stripped binaries profiling is disabled. -->
	<!-- Update image info for [19:0x7FEB85F9A000:YN] /glob/development-tools/versions/oneapi/2023.0.1/oneapi/compiler/2023.0.0/linux/lib/x64/libintelocl_emu.so -->
	<msg id='21' display='false' source='trc'>
		<type>LOAD_MODULE</type>
		<severity>INFO</severity>
		<timestamp>Wed Mar  8 12:52:39 2023</timestamp>
		<arg name='module'>/glob/development-tools/versions/oneapi/2023.0.1/oneapi/compiler/2023.0.0/linux/lib/x64/libintelocl_emu.so</arg>
		<arg name='basement'>0x7feb85f9a000</arg>
		<arg name='ceiling'>0x7feb865efc19</arg>
		<arg name='symtab'>yes</arg>
	</msg>
	<!-- Instrumenting image: id = 19, name = /glob/development-tools/versions/oneapi/2023.0.1/oneapi/compiler/2023.0.0/linux/lib/x64/libintelocl_emu.so -->
	<!-- Instrumenting loops in routine "clGetPlatformIDs" -->
	<!-- Instrumenting loops in routine "__itt_init_ittlib" -->
	<!-- Instrumenting loops in routine "Intel::OpenCL::Framework::Device::CreateAndInitAllDevicesOfDeviceType" -->
	<!-- Instrumenting loops in routine "Intel::OpenCL::Framework::PlatformModule::InitDevices" with dynamic jumps -->
	<!-- Instrumenting loops in routine "Intel::OpenCL::Framework::OCLObjectsMap<_cl_device_id_int, _cl_platform_id_int>::AddObject" -->
	<!-- Instrumenting loops in routine "Intel::OpenCL::Framework::PlatformModule::Initialize" with dynamic jumps -->
	<!-- Update image info for [20:0x7FEB85E44000:YN] /glob/development-tools/versions/oneapi/2023.0.1/oneapi/compiler/2023.0.0/linux/lib/x64/libtask_executor_emu.so.2022.15.12.0 -->
	<msg id='22' display='false' source='trc'>
		<type>LOAD_MODULE</type>
		<severity>INFO</severity>
		<timestamp>Wed Mar  8 12:52:39 2023</timestamp>
		<arg name='module'>/glob/development-tools/versions/oneapi/2023.0.1/oneapi/compiler/2023.0.0/linux/lib/x64/libtask_executor_emu.so.2022.15.12.0</arg>
		<arg name='basement'>0x7feb85e44000</arg>
		<arg name='ceiling'>0x7feb85f92a2f</arg>
		<arg name='symtab'>yes</arg>
	</msg>
	<!-- Instrumentation of /glob/development-tools/versions/oneapi/2023.0.1/oneapi/compiler/2023.0.0/linux/lib/x64/libtask_executor_emu.so.2022.15.12.0 image skipped because of filter conditions [cs-mode]. -->
	<!-- Update image info for [21:0x7FEB85D18000:YN] /glob/development-tools/versions/oneapi/2023.0.1/oneapi/compiler/2023.0.0/linux/lib/x64/libcl_logger_emu.so.2022.15.12.0 -->
	<msg id='23' display='false' source='trc'>
		<type>LOAD_MODULE</type>
		<severity>INFO</severity>
		<timestamp>Wed Mar  8 12:52:39 2023</timestamp>
		<arg name='module'>/glob/development-tools/versions/oneapi/2023.0.1/oneapi/compiler/2023.0.0/linux/lib/x64/libcl_logger_emu.so.2022.15.12.0</arg>
		<arg name='basement'>0x7feb85d18000</arg>
		<arg name='ceiling'>0x7feb85e4329f</arg>
		<arg name='symtab'>yes</arg>
	</msg>
	<!-- Instrumentation of /glob/development-tools/versions/oneapi/2023.0.1/oneapi/compiler/2023.0.0/linux/lib/x64/libcl_logger_emu.so.2022.15.12.0 image skipped because of filter conditions [cs-mode]. -->
	<!-- Update image info for [22:0x7FEB85C42000:NN] /lib/x86_64-linux-gnu/libz.so.1 -->
	<msg id='24' display='false' source='trc'>
		<type>LOAD_MODULE</type>
		<severity>INFO</severity>
		<timestamp>Wed Mar  8 12:52:39 2023</timestamp>
		<arg name='module'>/lib/x86_64-linux-gnu/libz.so.1</arg>
		<arg name='basement'>0x7feb85c42000</arg>
		<arg name='ceiling'>0x7feb85c5d0b7</arg>
		<arg name='symtab'>no</arg>
	</msg>
	<!-- Instrumentation of /lib/x86_64-linux-gnu/libz.so.1 image skipped because of filter conditions [cs-mode]. -->
	<!-- Update image info for [23:0x7FEB85C17000:NN] /lib/x86_64-linux-gnu/librt.so.1 -->
	<msg id='25' display='false' source='trc'>
		<type>LOAD_MODULE</type>
		<severity>INFO</severity>
		<timestamp>Wed Mar  8 12:52:39 2023</timestamp>
		<arg name='module'>/lib/x86_64-linux-gnu/librt.so.1</arg>
		<arg name='basement'>0x7feb85c17000</arg>
		<arg name='ceiling'>0x7feb85c20bdf</arg>
		<arg name='symtab'>no</arg>
	</msg>
	<!-- Instrumentation of /lib/x86_64-linux-gnu/librt.so.1 image skipped because of filter conditions [cs-mode]. -->
	<!-- Update image info for [24:0x7FEB85972000:YN] /glob/development-tools/versions/oneapi/2023.0.1/oneapi/tbb/2021.8.0/env/../lib/intel64/gcc4.8/libtbb.so.12 -->
	<msg id='26' display='false' source='trc'>
		<type>LOAD_MODULE</type>
		<severity>INFO</severity>
		<timestamp>Wed Mar  8 12:52:39 2023</timestamp>
		<arg name='module'>/glob/development-tools/versions/oneapi/2023.0.1/oneapi/tbb/2021.8.0/env/../lib/intel64/gcc4.8/libtbb.so.12</arg>
		<arg name='basement'>0x7feb85972000</arg>
		<arg name='ceiling'>0x7feb85be93bf</arg>
		<arg name='symtab'>yes</arg>
	</msg>
	<!-- Instrumentation of /glob/development-tools/versions/oneapi/2023.0.1/oneapi/tbb/2021.8.0/env/../lib/intel64/gcc4.8/libtbb.so.12 image skipped because of filter conditions [cs-mode]. -->
	<!-- Update image info for [25:0x7FEB85716000:YN] /glob/development-tools/versions/oneapi/2023.0.1/oneapi/tbb/2021.8.0/env/../lib/intel64/gcc4.8/libtbbmalloc.so.2 -->
	<msg id='27' display='false' source='trc'>
		<type>LOAD_MODULE</type>
		<severity>INFO</severity>
		<timestamp>Wed Mar  8 12:52:39 2023</timestamp>
		<arg name='module'>/glob/development-tools/versions/oneapi/2023.0.1/oneapi/tbb/2021.8.0/env/../lib/intel64/gcc4.8/libtbbmalloc.so.2</arg>
		<arg name='basement'>0x7feb85716000</arg>
		<arg name='ceiling'>0x7feb8597117f</arg>
		<arg name='symtab'>yes</arg>
	</msg>
	<!-- Instrumentation of /glob/development-tools/versions/oneapi/2023.0.1/oneapi/tbb/2021.8.0/env/../lib/intel64/gcc4.8/libtbbmalloc.so.2 image skipped because of filter conditions [cs-mode]. -->
	<!-- Update image info for [26:0x7FEB81C0F000:NN] /glob/development-tools/versions/oneapi/2023.0.1/oneapi/advisor/2023.0.0/lib64/runtime/libittnotify.so -->
	<msg id='28' display='false' source='trc'>
		<type>LOAD_MODULE</type>
		<severity>INFO</severity>
		<timestamp>Wed Mar  8 12:52:40 2023</timestamp>
		<arg name='module'>/glob/development-tools/versions/oneapi/2023.0.1/oneapi/advisor/2023.0.0/lib64/runtime/libittnotify.so</arg>
		<arg name='basement'>0x7feb81c0f000</arg>
		<arg name='ceiling'>0x7feb81e1b65f</arg>
		<arg name='symtab'>no</arg>
	</msg>
	<!-- __itt_pause was instrumented -->
	<!-- __itt_resume was instrumented -->
	<!-- __itt_metadata_add was instrumented -->
	<!-- Instrumentation of /glob/development-tools/versions/oneapi/2023.0.1/oneapi/advisor/2023.0.0/lib64/runtime/libittnotify.so image skipped because of filter conditions [cs-mode]. -->
	<!-- Update image info for [27:0x7FEB816C7000:YN] /glob/development-tools/versions/oneapi/2023.0.1/oneapi/compiler/2023.0.0/linux/lib/x64/libcpu_device_emu.so.2022.15.12.0 -->
	<msg id='29' display='false' source='trc'>
		<type>LOAD_MODULE</type>
		<severity>INFO</severity>
		<timestamp>Wed Mar  8 12:52:40 2023</timestamp>
		<arg name='module'>/glob/development-tools/versions/oneapi/2023.0.1/oneapi/compiler/2023.0.0/linux/lib/x64/libcpu_device_emu.so.2022.15.12.0</arg>
		<arg name='basement'>0x7feb816c7000</arg>
		<arg name='ceiling'>0x7feb81838c4f</arg>
		<arg name='symtab'>yes</arg>
	</msg>
	<!-- Instrumentation of /glob/development-tools/versions/oneapi/2023.0.1/oneapi/compiler/2023.0.0/linux/lib/x64/libcpu_device_emu.so.2022.15.12.0 image skipped because of filter conditions [cs-mode]. -->
	<!-- Update image info for [28:0x7FEB7C677000:YN] /glob/development-tools/versions/oneapi/2023.0.1/oneapi/compiler/2023.0.0/linux/lib/oclfpga/host/linux64/lib/libalteracl.so -->
	<msg id='30' display='false' source='trc'>
		<type>LOAD_MODULE</type>
		<severity>INFO</severity>
		<timestamp>Wed Mar  8 12:52:40 2023</timestamp>
		<arg name='module'>/glob/development-tools/versions/oneapi/2023.0.1/oneapi/compiler/2023.0.0/linux/lib/oclfpga/host/linux64/lib/libalteracl.so</arg>
		<arg name='basement'>0x7feb7c677000</arg>
		<arg name='ceiling'>0x7feb80bdd06f</arg>
		<arg name='symtab'>yes</arg>
	</msg>
	<!-- Instrumenting image: id = 28, name = /glob/development-tools/versions/oneapi/2023.0.1/oneapi/compiler/2023.0.0/linux/lib/oclfpga/host/linux64/lib/libalteracl.so -->
	<!-- Update image info for [29:0x7FEB7C461000:YN] /glob/development-tools/versions/oneapi/2023.0.1/oneapi/compiler/2023.0.0/linux/lib/oclfpga/host/linux64/lib/libelf.so.0 -->
	<msg id='31' display='false' source='trc'>
		<type>LOAD_MODULE</type>
		<severity>INFO</severity>
		<timestamp>Wed Mar  8 12:52:40 2023</timestamp>
		<arg name='module'>/glob/development-tools/versions/oneapi/2023.0.1/oneapi/compiler/2023.0.0/linux/lib/oclfpga/host/linux64/lib/libelf.so.0</arg>
		<arg name='basement'>0x7feb7c461000</arg>
		<arg name='ceiling'>0x7feb7c676b0f</arg>
		<arg name='symtab'>yes</arg>
	</msg>
	<!-- Instrumentation of /glob/development-tools/versions/oneapi/2023.0.1/oneapi/compiler/2023.0.0/linux/lib/oclfpga/host/linux64/lib/libelf.so.0 image skipped because of filter conditions [cs-mode]. -->
	<msg id='32' display='false' source='trc'>
		<type>UNLOAD_MODULE</type>
		<severity>INFO</severity>
		<timestamp>Wed Mar  8 12:52:40 2023</timestamp>
		<arg name='module'>/glob/development-tools/versions/oneapi/2023.0.1/oneapi/compiler/2023.0.0/linux/lib/oclfpga/host/linux64/lib/libalteracl.so</arg>
	</msg>
	<msg id='33' display='false' source='trc'>
		<type>UNLOAD_MODULE</type>
		<severity>INFO</severity>
		<timestamp>Wed Mar  8 12:52:40 2023</timestamp>
		<arg name='module'>/glob/development-tools/versions/oneapi/2023.0.1/oneapi/compiler/2023.0.0/linux/lib/oclfpga/host/linux64/lib/libelf.so.0</arg>
	</msg>
	<!-- Update image info for [30:0x7FEB8051A000:YN] /glob/development-tools/versions/oneapi/2023.0.1/oneapi/compiler/2023.0.0/linux/lib/x64/libintelocl.so -->
	<msg id='34' display='false' source='trc'>
		<type>LOAD_MODULE</type>
		<severity>INFO</severity>
		<timestamp>Wed Mar  8 12:52:40 2023</timestamp>
		<arg name='module'>/glob/development-tools/versions/oneapi/2023.0.1/oneapi/compiler/2023.0.0/linux/lib/x64/libintelocl.so</arg>
		<arg name='basement'>0x7feb8051a000</arg>
		<arg name='ceiling'>0x7feb80b6fc09</arg>
		<arg name='symtab'>yes</arg>
	</msg>
	<!-- Instrumentation of /glob/development-tools/versions/oneapi/2023.0.1/oneapi/compiler/2023.0.0/linux/lib/x64/libintelocl.so image skipped because of filter conditions. -->
	<!-- Update image info for [31:0x7FEB803CB000:YN] /glob/development-tools/versions/oneapi/2023.0.1/oneapi/compiler/2023.0.0/linux/lib/x64/libtask_executor.so.2022.15.12.0 -->
	<msg id='35' display='false' source='trc'>
		<type>LOAD_MODULE</type>
		<severity>INFO</severity>
		<timestamp>Wed Mar  8 12:52:40 2023</timestamp>
		<arg name='module'>/glob/development-tools/versions/oneapi/2023.0.1/oneapi/compiler/2023.0.0/linux/lib/x64/libtask_executor.so.2022.15.12.0</arg>
		<arg name='basement'>0x7feb803cb000</arg>
		<arg name='ceiling'>0x7feb80519a1f</arg>
		<arg name='symtab'>yes</arg>
	</msg>
	<!-- Instrumentation of /glob/development-tools/versions/oneapi/2023.0.1/oneapi/compiler/2023.0.0/linux/lib/x64/libtask_executor.so.2022.15.12.0 image skipped because of filter conditions [cs-mode]. -->
	<!-- Update image info for [32:0x7FEB8029F000:YN] /glob/development-tools/versions/oneapi/2023.0.1/oneapi/compiler/2023.0.0/linux/lib/x64/libcl_logger.so.2022.15.12.0 -->
	<msg id='36' display='false' source='trc'>
		<type>LOAD_MODULE</type>
		<severity>INFO</severity>
		<timestamp>Wed Mar  8 12:52:40 2023</timestamp>
		<arg name='module'>/glob/development-tools/versions/oneapi/2023.0.1/oneapi/compiler/2023.0.0/linux/lib/x64/libcl_logger.so.2022.15.12.0</arg>
		<arg name='basement'>0x7feb8029f000</arg>
		<arg name='ceiling'>0x7feb803ca29f</arg>
		<arg name='symtab'>yes</arg>
	</msg>
	<!-- Instrumentation of /glob/development-tools/versions/oneapi/2023.0.1/oneapi/compiler/2023.0.0/linux/lib/x64/libcl_logger.so.2022.15.12.0 image skipped because of filter conditions [cs-mode]. -->
	<!-- Update image info for [33:0x7FEB7EB3E000:YN] /glob/development-tools/versions/oneapi/2023.0.1/oneapi/compiler/2023.0.0/linux/lib/x64/libcpu_device.so.2022.15.12.0 -->
	<msg id='37' display='false' source='trc'>
		<type>LOAD_MODULE</type>
		<severity>INFO</severity>
		<timestamp>Wed Mar  8 12:52:40 2023</timestamp>
		<arg name='module'>/glob/development-tools/versions/oneapi/2023.0.1/oneapi/compiler/2023.0.0/linux/lib/x64/libcpu_device.so.2022.15.12.0</arg>
		<arg name='basement'>0x7feb7eb3e000</arg>
		<arg name='ceiling'>0x7feb7ecafc3f</arg>
		<arg name='symtab'>yes</arg>
	</msg>
	<!-- Instrumentation of /glob/development-tools/versions/oneapi/2023.0.1/oneapi/compiler/2023.0.0/linux/lib/x64/libcpu_device.so.2022.15.12.0 image skipped because of filter conditions [cs-mode]. -->
	<!-- Update image info for [34:0x7FEB7D805000:NN] /usr/lib/x86_64-linux-gnu/intel-opencl/libigdrcl.so -->
	<msg id='38' display='false' source='trc'>
		<type>LOAD_MODULE</type>
		<severity>INFO</severity>
		<timestamp>Wed Mar  8 12:52:40 2023</timestamp>
		<arg name='module'>/usr/lib/x86_64-linux-gnu/intel-opencl/libigdrcl.so</arg>
		<arg name='basement'>0x7feb7d805000</arg>
		<arg name='ceiling'>0x7feb7e2a3337</arg>
		<arg name='symtab'>no</arg>
	</msg>
	<!-- Instrumentation of /usr/lib/x86_64-linux-gnu/intel-opencl/libigdrcl.so image skipped because of filter conditions. -->
	<!-- Update image info for [35:0x7FEB7D764000:NN] /lib/x86_64-linux-gnu/libigdgmm.so.12 -->
	<msg id='39' display='false' source='trc'>
		<type>LOAD_MODULE</type>
		<severity>INFO</severity>
		<timestamp>Wed Mar  8 12:52:40 2023</timestamp>
		<arg name='module'>/lib/x86_64-linux-gnu/libigdgmm.so.12</arg>
		<arg name='basement'>0x7feb7d764000</arg>
		<arg name='ceiling'>0x7feb7d7f5ce7</arg>
		<arg name='symtab'>no</arg>
	</msg>
	<!-- Instrumentation of /lib/x86_64-linux-gnu/libigdgmm.so.12 image skipped because of filter conditions [cs-mode]. -->
	<!-- Update image info for [36:0x7FEB78F21000:NN] /lib/x86_64-linux-gnu/libigdfcl.so.1 -->
	<msg id='40' display='false' source='trc'>
		<type>LOAD_MODULE</type>
		<severity>INFO</severity>
		<timestamp>Wed Mar  8 12:52:41 2023</timestamp>
		<arg name='module'>/lib/x86_64-linux-gnu/libigdfcl.so.1</arg>
		<arg name='basement'>0x7feb78f21000</arg>
		<arg name='ceiling'>0x7feb790c4d9f</arg>
		<arg name='symtab'>no</arg>
	</msg>
	<!-- Instrumentation of /lib/x86_64-linux-gnu/libigdfcl.so.1 image skipped because of filter conditions [cs-mode]. -->
	<!-- Update image info for [37:0x7FEB6CEB8000:NN] /lib/x86_64-linux-gnu/libopencl-clang.so.11 -->
	<msg id='41' display='false' source='trc'>
		<type>LOAD_MODULE</type>
		<severity>INFO</severity>
		<timestamp>Wed Mar  8 12:52:41 2023</timestamp>
		<arg name='module'>/lib/x86_64-linux-gnu/libopencl-clang.so.11</arg>
		<arg name='basement'>0x7feb6ceb8000</arg>
		<arg name='ceiling'>0x7feb715d9967</arg>
		<arg name='symtab'>no</arg>
	</msg>
	<!-- Instrumentation of /lib/x86_64-linux-gnu/libopencl-clang.so.11 image skipped because of filter conditions [cs-mode]. -->
	<!-- Update image info for [38:0x7FEB5F561000:NN] /lib/x86_64-linux-gnu/libigc.so.1 -->
	<msg id='42' display='false' source='trc'>
		<type>LOAD_MODULE</type>
		<severity>INFO</severity>
		<timestamp>Wed Mar  8 12:52:41 2023</timestamp>
		<arg name='module'>/lib/x86_64-linux-gnu/libigc.so.1</arg>
		<arg name='basement'>0x7feb5f561000</arg>
		<arg name='ceiling'>0x7feb640cf2e7</arg>
		<arg name='symtab'>no</arg>
	</msg>
	<!-- Instrumentation of /lib/x86_64-linux-gnu/libigc.so.1 image skipped because of filter conditions. -->
	<!-- Update image info for [39:0x7FEB6C9F6000:NN] /lib/x86_64-linux-gnu/libva.so.2 -->
	<msg id='43' display='false' source='trc'>
		<type>LOAD_MODULE</type>
		<severity>INFO</severity>
		<timestamp>Wed Mar  8 12:52:42 2023</timestamp>
		<arg name='module'>/lib/x86_64-linux-gnu/libva.so.2</arg>
		<arg name='basement'>0x7feb6c9f6000</arg>
		<arg name='ceiling'>0x7feb6ca229bf</arg>
		<arg name='symtab'>no</arg>
	</msg>
	<!-- Instrumentation of /lib/x86_64-linux-gnu/libva.so.2 image skipped because of filter conditions [cs-mode]. -->
	<msg id='44' display='false' source='trc'>
		<type>UNLOAD_MODULE</type>
		<severity>INFO</severity>
		<timestamp>Wed Mar  8 12:52:42 2023</timestamp>
		<arg name='module'>/lib/x86_64-linux-gnu/libva.so.2</arg>
	</msg>
	<!-- Update image info for [40:0x7FEB6AF79000:NN] /lib/x86_64-linux-gnu/libze_intel_gpu.so.1 -->
	<msg id='45' display='false' source='trc'>
		<type>LOAD_MODULE</type>
		<severity>INFO</severity>
		<timestamp>Wed Mar  8 12:52:42 2023</timestamp>
		<arg name='module'>/lib/x86_64-linux-gnu/libze_intel_gpu.so.1</arg>
		<arg name='basement'>0x7feb6af79000</arg>
		<arg name='ceiling'>0x7feb6b977bb7</arg>
		<arg name='symtab'>no</arg>
	</msg>
	<!-- Instrumentation of /lib/x86_64-linux-gnu/libze_intel_gpu.so.1 image skipped because of no symbols and stripped binaries profiling is disabled. -->
	<msg id='46' display='false' source='trc'>
		<type>UNLOAD_MODULE</type>
		<severity>INFO</severity>
		<timestamp>Wed Mar  8 12:52:52 2023</timestamp>
		<arg name='module'>/home/u183985/Compu_paralela_III/CPAR_GPUs/oneAPI-samples/DirectProgramming/C++SYCL/CombinationalLogic/mandelbrot/build/src/mandelbrot</arg>
	</msg>
	<msg id='47' display='false' source='trc'>
		<type>UNLOAD_MODULE</type>
		<severity>INFO</severity>
		<timestamp>Wed Mar  8 12:52:52 2023</timestamp>
		<arg name='module'>/lib64/ld-linux-x86-64.so.2</arg>
	</msg>
	<msg id='48' display='false' source='trc'>
		<type>UNLOAD_MODULE</type>
		<severity>INFO</severity>
		<timestamp>Wed Mar  8 12:52:52 2023</timestamp>
		<arg name='module'>[vdso]</arg>
	</msg>
	<msg id='49' display='false' source='trc'>
		<type>UNLOAD_MODULE</type>
		<severity>INFO</severity>
		<timestamp>Wed Mar  8 12:52:52 2023</timestamp>
		<arg name='module'>/glob/development-tools/versions/oneapi/2023.0.1/oneapi/compiler/2023.0.0/linux/lib/libOpenCL.so.1</arg>
	</msg>
	<msg id='50' display='false' source='trc'>
		<type>UNLOAD_MODULE</type>
		<severity>INFO</severity>
		<timestamp>Wed Mar  8 12:52:52 2023</timestamp>
		<arg name='module'>/glob/development-tools/versions/oneapi/2023.0.1/oneapi/compiler/2023.0.0/linux/lib/libsycl.so.6</arg>
	</msg>
	<msg id='51' display='false' source='trc'>
		<type>UNLOAD_MODULE</type>
		<severity>INFO</severity>
		<timestamp>Wed Mar  8 12:52:52 2023</timestamp>
		<arg name='module'>/lib/x86_64-linux-gnu/libstdc++.so.6</arg>
	</msg>
	<msg id='52' display='false' source='trc'>
		<type>UNLOAD_MODULE</type>
		<severity>INFO</severity>
		<timestamp>Wed Mar  8 12:52:52 2023</timestamp>
		<arg name='module'>/lib/x86_64-linux-gnu/libm.so.6</arg>
	</msg>
	<msg id='53' display='false' source='trc'>
		<type>UNLOAD_MODULE</type>
		<severity>INFO</severity>
		<timestamp>Wed Mar  8 12:52:52 2023</timestamp>
		<arg name='module'>/lib/x86_64-linux-gnu/libgcc_s.so.1</arg>
	</msg>
	<msg id='54' display='false' source='trc'>
		<type>UNLOAD_MODULE</type>
		<severity>INFO</severity>
		<timestamp>Wed Mar  8 12:52:52 2023</timestamp>
		<arg name='module'>/lib/x86_64-linux-gnu/libdl.so.2</arg>
	</msg>
	<msg id='55' display='false' source='trc'>
		<type>UNLOAD_MODULE</type>
		<severity>INFO</severity>
		<timestamp>Wed Mar  8 12:52:52 2023</timestamp>
		<arg name='module'>/lib/x86_64-linux-gnu/libc.so.6</arg>
	</msg>
	<msg id='56' display='false' source='trc'>
		<type>UNLOAD_MODULE</type>
		<severity>INFO</severity>
		<timestamp>Wed Mar  8 12:52:52 2023</timestamp>
		<arg name='module'>/glob/development-tools/versions/oneapi/2023.0.1/oneapi/compiler/2023.0.0/linux/compiler/lib/intel64_lin/libsvml.so</arg>
	</msg>
	<msg id='57' display='false' source='trc'>
		<type>UNLOAD_MODULE</type>
		<severity>INFO</severity>
		<timestamp>Wed Mar  8 12:52:52 2023</timestamp>
		<arg name='module'>/glob/development-tools/versions/oneapi/2023.0.1/oneapi/compiler/2023.0.0/linux/compiler/lib/intel64_lin/libirng.so</arg>
	</msg>
	<msg id='58' display='false' source='trc'>
		<type>UNLOAD_MODULE</type>
		<severity>INFO</severity>
		<timestamp>Wed Mar  8 12:52:52 2023</timestamp>
		<arg name='module'>/glob/development-tools/versions/oneapi/2023.0.1/oneapi/compiler/2023.0.0/linux/compiler/lib/intel64_lin/libimf.so</arg>
	</msg>
	<msg id='59' display='false' source='trc'>
		<type>UNLOAD_MODULE</type>
		<severity>INFO</severity>
		<timestamp>Wed Mar  8 12:52:52 2023</timestamp>
		<arg name='module'>/glob/development-tools/versions/oneapi/2023.0.1/oneapi/compiler/2023.0.0/linux/compiler/lib/intel64_lin/libintlc.so.5</arg>
	</msg>
	<msg id='60' display='false' source='trc'>
		<type>UNLOAD_MODULE</type>
		<severity>INFO</severity>
		<timestamp>Wed Mar  8 12:52:52 2023</timestamp>
		<arg name='module'>/lib/x86_64-linux-gnu/libpthread.so.0</arg>
	</msg>
	<msg id='61' display='false' source='trc'>
		<type>UNLOAD_MODULE</type>
		<severity>INFO</severity>
		<timestamp>Wed Mar  8 12:52:52 2023</timestamp>
		<arg name='module'>/glob/development-tools/versions/oneapi/2023.0.1/oneapi/compiler/2023.0.0/linux/lib/libpi_opencl.so</arg>
	</msg>
	<msg id='62' display='false' source='trc'>
		<type>UNLOAD_MODULE</type>
		<severity>INFO</severity>
		<timestamp>Wed Mar  8 12:52:52 2023</timestamp>
		<arg name='module'>/glob/development-tools/versions/oneapi/2023.0.1/oneapi/compiler/2023.0.0/linux/lib/libpi_level_zero.so</arg>
	</msg>
	<msg id='63' display='false' source='trc'>
		<type>UNLOAD_MODULE</type>
		<severity>INFO</severity>
		<timestamp>Wed Mar  8 12:52:52 2023</timestamp>
		<arg name='module'>/lib/x86_64-linux-gnu/libze_loader.so.1</arg>
	</msg>
	<msg id='64' display='false' source='trc'>
		<type>UNLOAD_MODULE</type>
		<severity>INFO</severity>
		<timestamp>Wed Mar  8 12:52:52 2023</timestamp>
		<arg name='module'>/glob/development-tools/versions/oneapi/2023.0.1/oneapi/compiler/2023.0.0/linux/lib/x64/libintelocl_emu.so</arg>
	</msg>
	<msg id='65' display='false' source='trc'>
		<type>UNLOAD_MODULE</type>
		<severity>INFO</severity>
		<timestamp>Wed Mar  8 12:52:52 2023</timestamp>
		<arg name='module'>/glob/development-tools/versions/oneapi/2023.0.1/oneapi/compiler/2023.0.0/linux/lib/x64/libtask_executor_emu.so.2022.15.12.0</arg>
	</msg>
	<msg id='66' display='false' source='trc'>
		<type>UNLOAD_MODULE</type>
		<severity>INFO</severity>
		<timestamp>Wed Mar  8 12:52:52 2023</timestamp>
		<arg name='module'>/glob/development-tools/versions/oneapi/2023.0.1/oneapi/compiler/2023.0.0/linux/lib/x64/libcl_logger_emu.so.2022.15.12.0</arg>
	</msg>
	<msg id='67' display='false' source='trc'>
		<type>UNLOAD_MODULE</type>
		<severity>INFO</severity>
		<timestamp>Wed Mar  8 12:52:52 2023</timestamp>
		<arg name='module'>/lib/x86_64-linux-gnu/libz.so.1</arg>
	</msg>
	<msg id='68' display='false' source='trc'>
		<type>UNLOAD_MODULE</type>
		<severity>INFO</severity>
		<timestamp>Wed Mar  8 12:52:52 2023</timestamp>
		<arg name='module'>/lib/x86_64-linux-gnu/librt.so.1</arg>
	</msg>
	<msg id='69' display='false' source='trc'>
		<type>UNLOAD_MODULE</type>
		<severity>INFO</severity>
		<timestamp>Wed Mar  8 12:52:52 2023</timestamp>
		<arg name='module'>/glob/development-tools/versions/oneapi/2023.0.1/oneapi/tbb/2021.8.0/env/../lib/intel64/gcc4.8/libtbb.so.12</arg>
	</msg>
	<msg id='70' display='false' source='trc'>
		<type>UNLOAD_MODULE</type>
		<severity>INFO</severity>
		<timestamp>Wed Mar  8 12:52:52 2023</timestamp>
		<arg name='module'>/glob/development-tools/versions/oneapi/2023.0.1/oneapi/tbb/2021.8.0/env/../lib/intel64/gcc4.8/libtbbmalloc.so.2</arg>
	</msg>
	<msg id='71' display='false' source='trc'>
		<type>UNLOAD_MODULE</type>
		<severity>INFO</severity>
		<timestamp>Wed Mar  8 12:52:52 2023</timestamp>
		<arg name='module'>/glob/development-tools/versions/oneapi/2023.0.1/oneapi/advisor/2023.0.0/lib64/runtime/libittnotify.so</arg>
	</msg>
	<msg id='72' display='false' source='trc'>
		<type>UNLOAD_MODULE</type>
		<severity>INFO</severity>
		<timestamp>Wed Mar  8 12:52:52 2023</timestamp>
		<arg name='module'>/glob/development-tools/versions/oneapi/2023.0.1/oneapi/compiler/2023.0.0/linux/lib/x64/libcpu_device_emu.so.2022.15.12.0</arg>
	</msg>
	<msg id='73' display='false' source='trc'>
		<type>UNLOAD_MODULE</type>
		<severity>INFO</severity>
		<timestamp>Wed Mar  8 12:52:52 2023</timestamp>
		<arg name='module'>/glob/development-tools/versions/oneapi/2023.0.1/oneapi/compiler/2023.0.0/linux/lib/x64/libintelocl.so</arg>
	</msg>
	<msg id='74' display='false' source='trc'>
		<type>UNLOAD_MODULE</type>
		<severity>INFO</severity>
		<timestamp>Wed Mar  8 12:52:52 2023</timestamp>
		<arg name='module'>/glob/development-tools/versions/oneapi/2023.0.1/oneapi/compiler/2023.0.0/linux/lib/x64/libtask_executor.so.2022.15.12.0</arg>
	</msg>
	<msg id='75' display='false' source='trc'>
		<type>UNLOAD_MODULE</type>
		<severity>INFO</severity>
		<timestamp>Wed Mar  8 12:52:52 2023</timestamp>
		<arg name='module'>/glob/development-tools/versions/oneapi/2023.0.1/oneapi/compiler/2023.0.0/linux/lib/x64/libcl_logger.so.2022.15.12.0</arg>
	</msg>
	<msg id='76' display='false' source='trc'>
		<type>UNLOAD_MODULE</type>
		<severity>INFO</severity>
		<timestamp>Wed Mar  8 12:52:52 2023</timestamp>
		<arg name='module'>/glob/development-tools/versions/oneapi/2023.0.1/oneapi/compiler/2023.0.0/linux/lib/x64/libcpu_device.so.2022.15.12.0</arg>
	</msg>
	<msg id='77' display='false' source='trc'>
		<type>UNLOAD_MODULE</type>
		<severity>INFO</severity>
		<timestamp>Wed Mar  8 12:52:52 2023</timestamp>
		<arg name='module'>/usr/lib/x86_64-linux-gnu/intel-opencl/libigdrcl.so</arg>
	</msg>
	<msg id='78' display='false' source='trc'>
		<type>UNLOAD_MODULE</type>
		<severity>INFO</severity>
		<timestamp>Wed Mar  8 12:52:52 2023</timestamp>
		<arg name='module'>/lib/x86_64-linux-gnu/libigdgmm.so.12</arg>
	</msg>
	<msg id='79' display='false' source='trc'>
		<type>UNLOAD_MODULE</type>
		<severity>INFO</severity>
		<timestamp>Wed Mar  8 12:52:52 2023</timestamp>
		<arg name='module'>/lib/x86_64-linux-gnu/libigdfcl.so.1</arg>
	</msg>
	<msg id='80' display='false' source='trc'>
		<type>UNLOAD_MODULE</type>
		<severity>INFO</severity>
		<timestamp>Wed Mar  8 12:52:52 2023</timestamp>
		<arg name='module'>/lib/x86_64-linux-gnu/libopencl-clang.so.11</arg>
	</msg>
	<msg id='81' display='false' source='trc'>
		<type>UNLOAD_MODULE</type>
		<severity>INFO</severity>
		<timestamp>Wed Mar  8 12:52:52 2023</timestamp>
		<arg name='module'>/lib/x86_64-linux-gnu/libigc.so.1</arg>
	</msg>
	<msg id='82' display='false' source='trc'>
		<type>UNLOAD_MODULE</type>
		<severity>INFO</severity>
		<timestamp>Wed Mar  8 12:52:52 2023</timestamp>
		<arg name='module'>/lib/x86_64-linux-gnu/libze_intel_gpu.so.1</arg>
	</msg>
	<msg id='83' display='false' source='trc'>
		<type>PROCESS_FINISH</type>
		<severity>INFO</severity>
		<timestamp>Wed Mar  8 12:52:52 2023</timestamp>
		<arg name='process'>/home/u183985/Compu_paralela_III/CPAR_GPUs/oneAPI-samples/DirectProgramming/C++SYCL/CombinationalLogic/mandelbrot/build/src/mandelbrot</arg>
		<arg name='pid'>240069</arg>
		<arg name='exitcode'>0x0</arg>
	</msg>
	<!-- Application exited with code 0 -->
</log>