10 [140482757055424] INFO perfrun.launcher <> - Launcher main begin
19 [140482757055424] INFO perfrun.launcher <> - MessageCatalogInit finished
19 [140482757055424] INFO perfrun.launcher <> - Launcher instance created
19 [140482757055424] INFO perfrun.launcher <> - argc = 6; cmdline = /glob/development-tools/versions/oneapi/2023.0.1/oneapi/advisor/2023.0.0/bin64/advixe-runss -dump-vdso -r /home/u183985/Compu_paralela_III/CPAR_GPUs/advi_results_1/e000/hs000 --tmp-dir /home/u183985/tmp/advixe-tmp-u183985 
130 [140482757055424] INFO perfrun.launcher <> - create msngr2::ICliToolContext
131 [140482757055424] INFO perfrun.launcher <> - create file finder object
152 [140482743707392] INFO perfrun.launcher <> - plugin [remoteplug] was disabled because it doesn't support the given collection type.
152 [140482743707392] INFO perfrun.launcher <> - plugin [system] was disabled because it doesn't support the given collection type.
152 [140482743707392] INFO perfrun.vdso <> - dumping [vdso] pseudomodule
176 [140482743707392] INFO perfrun.launcher <> - plugin [itt] was disabled because it doesn't support the given collection type.
176 [140482743707392] INFO perfrun.launcher <> - plugin [] was disabled because it doesn't support the given collection type.
176 [140482743707392] INFO perfrun.launcher <> - plugin [gpu] was disabled because it doesn't support the given collection type.
176 [140482743707392] INFO perfrun.launcher <> - plugin [] was disabled because it doesn't support the given collection type.
176 [140482743707392] INFO perfrun.launcher <> - plugin [] was disabled because it doesn't support the given collection type.
176 [140482743707392] INFO perfrun.launcher <> - plugin [] was disabled because it doesn't support the given collection type.
176 [140482743707392] INFO perfrun.launcher <> - plugin [mrte] was disabled because it doesn't support the given collection type.
176 [140482743707392] INFO perfrun.launcher <> - plugin [] was disabled because it doesn't support the given collection type.
176 [140482743707392] INFO perfrun.launcher <> - plugin [] was disabled because it doesn't support the given collection type.
176 [140482743707392] INFO perfrun.launcher <> - plugin [] was disabled because it doesn't support the given collection type.
176 [140482743707392] INFO perfrun.launcher <> - plugin [] was disabled because it doesn't support the given collection type.
176 [140482743707392] INFO perfrun.launcher <> - plugin [] was disabled because it doesn't support the given collection type.
176 [140482743707392] INFO perfrun.launcher <> - plugin [] was disabled because it doesn't support the given collection type.
176 [140482743707392] INFO perfrun.launcher <> - plugin [] was disabled because it doesn't support the given collection type.
176 [140482743707392] INFO perfrun.launcher <> - plugin [tpss] was disabled because it doesn't support the given collection type.
176 [140482743707392] INFO perfrun.launcher <> - plugin [] was disabled because it doesn't support the given collection type.
176 [140482743707392] INFO perfrun.launcher <> - plugin [] was disabled because it doesn't support the given collection type.
176 [140482743707392] INFO perfrun.launcher <> - plugin [] was disabled because it doesn't support the given collection type.
176 [140482743707392] INFO perfrun.launcher <> - plugin [] was disabled because it doesn't support the given collection type.
176 [140482743707392] INFO perfrun.launcher <> - plugin [] was disabled because it doesn't support the given collection type.
176 [140482743707392] INFO perfrun.launcher <> - plugin [] was disabled because it doesn't support the given collection type.
176 [140482743707392] INFO perfrun.launcher <> - plugin [] was disabled because it doesn't support the given collection type.
176 [140482743707392] INFO perfrun.launcher <> - plugin [] was disabled because it doesn't support the given collection type.
176 [140482743707392] INFO perfrun.launcher <> - plugin [] was disabled because it doesn't support the given collection type.
176 [140482757055424] INFO perfrun.launcher <> - Application exit code: 0
176 [140482757055424] INFO perfrun.launcher <> - Exit code: 0
